#
# A fatal error has been detected by the Java Runtime Environment:
#
#  Internal Error (vmThread.cpp:658), pid=15592, tid=0x00000000000043e8
#  fatal error: Nested VM operation CollectForMetadataAllocation requested by operation ChangeBreakpoints
#
# JRE version: Java(TM) SE Runtime Environment (8.0_221-b11) (build 1.8.0_221-b11)
# Java VM: Java HotSpot(TM) 64-Bit Server VM (25.221-b11 mixed mode windows-amd64 compressed oops)
# Failed to write core dump. Minidumps are not enabled by default on client versions of Windows
#
# If you would like to submit a bug report, please visit:
#   http://bugreport.java.com/bugreport/crash.jsp
#

---------------  T H R E A D  ---------------

Current thread (0x000000001806b000):  VMThread [stack: 0x0000000019d40000,0x0000000019e40000] [id=17384]

Stack: [0x0000000019d40000,0x0000000019e40000]
[error occurred during error reporting (printing stack bounds), id 0xc0000005]

Native frames: (J=compiled Java code, j=interpreted, Vv=VM code, C=native code)

VM_Operation (0x000000001a73f3c0): ChangeBreakpoints, mode: safepoint, requested by thread 0x0000000019ee8000


---------------  P R O C E S S  ---------------

Java Threads: ( => current thread )
  0x000000001c404800 JavaThread "Keep-Alive-Timer" daemon [_thread_blocked, id=16576, stack(0x000000001dff0000,0x000000001e0f0000)]
  0x000000001c33c000 JavaThread "logback-3" daemon [_thread_blocked, id=5584, stack(0x000000001d1f0000,0x000000001d2f0000)]
  0x000000001c325800 JavaThread "com.alibaba.nacos.client.Worker.fixed-192.168.1.20_32474-6c1230e4-aef6-4d65-b7e0-1fac133250cd" daemon [_thread_blocked, id=15416, stack(0x000000001def0000,0x000000001dff0000)]
  0x000000001c2c8800 JavaThread "Timer-0" daemon [_thread_blocked, id=21668, stack(0x000000001ddf0000,0x000000001def0000)]
  0x000000001c100000 JavaThread "RMI TCP Connection(3)-2.2.5.79" daemon [_thread_in_native, id=20608, stack(0x000000001d9f0000,0x000000001daf0000)]
  0x000000001bce6800 JavaThread "RMI Scheduler(0)" daemon [_thread_blocked, id=13036, stack(0x000000001d0f0000,0x000000001d1f0000)]
  0x000000001a16b000 JavaThread "RMI TCP Connection(2)-2.2.5.79" daemon [_thread_in_native, id=22984, stack(0x000000001cdf0000,0x000000001cef0000)]
  0x000000001b91a800 JavaThread "RMI TCP Accept-0" daemon [_thread_in_native, id=19032, stack(0x000000001c6f0000,0x000000001c7f0000)]
  0x0000000019fc1800 JavaThread "Service Thread" daemon [_thread_blocked, id=5600, stack(0x000000001ad40000,0x000000001ae40000)]
  0x0000000019f2b800 JavaThread "C1 CompilerThread3" daemon [_thread_blocked, id=11228, stack(0x000000001ac40000,0x000000001ad40000)]
  0x0000000019f2b000 JavaThread "C2 CompilerThread2" daemon [_thread_blocked, id=12660, stack(0x000000001ab40000,0x000000001ac40000)]
  0x0000000019f2a000 JavaThread "C2 CompilerThread1" daemon [_thread_blocked, id=1188, stack(0x000000001aa40000,0x000000001ab40000)]
  0x0000000019f10800 JavaThread "C2 CompilerThread0" daemon [_thread_blocked, id=1504, stack(0x000000001a940000,0x000000001aa40000)]
  0x0000000019efc000 JavaThread "JDWP Command Reader" daemon [_thread_in_native, id=11700, stack(0x000000001a840000,0x000000001a940000)]
  0x0000000019ef4800 JavaThread "JDWP Event Helper Thread" daemon [_thread_blocked, id=2808, stack(0x000000001a740000,0x000000001a840000)]
  0x0000000019ee8000 JavaThread "JDWP Transport Listener: dt_socket" daemon [_thread_blocked, id=15656, stack(0x000000001a640000,0x000000001a740000)]
  0x0000000019edc800 JavaThread "Attach Listener" daemon [_thread_blocked, id=4712, stack(0x000000001a540000,0x000000001a640000)]
  0x0000000019e87000 JavaThread "Signal Dispatcher" daemon [_thread_blocked, id=21000, stack(0x000000001a440000,0x000000001a540000)]
  0x0000000018078800 JavaThread "Finalizer" daemon [_thread_blocked, id=13348, stack(0x000000001a340000,0x000000001a440000)]
  0x0000000019e60800 JavaThread "Reference Handler" daemon [_thread_blocked, id=9980, stack(0x000000001a240000,0x000000001a340000)]
  0x0000000002f37000 JavaThread "main" [_thread_blocked, id=9616, stack(0x0000000002e30000,0x0000000002f30000)]

Other Threads:
=>0x000000001806b000 VMThread [stack: 0x0000000019d40000,0x0000000019e40000] [id=17384]
  0x000000001b935800 WatcherThread [stack: 0x000000001c7f0000,0x000000001c8f0000] [id=12520]

VM state:at safepoint (normal execution)

VM Mutex/Monitor currently owned by a thread:  ([mutex/lock_event])
[0x0000000002e2d480] Threads_lock - owner thread: 0x000000001806b000

heap address: 0x0000000082800000, size: 2008 MB, Compressed Oops mode: 32-bit
Narrow klass base: 0x0000000000000000, Narrow klass shift: 3
Compressed class space size: 1073741824 Address: 0x0000000100000000

Heap:
 PSYoungGen      total 216064K, used 56344K [0x00000000d6300000, 0x00000000e8c00000, 0x0000000100000000)
  eden space 204800K, 22% used [0x00000000d6300000,0x00000000d8f08160,0x00000000e2b00000)
  from space 11264K, 99% used [0x00000000e2b00000,0x00000000e35fe138,0x00000000e3600000)
  to   space 14336K, 0% used [0x00000000e7e00000,0x00000000e7e00000,0x00000000e8c00000)
 ParOldGen       total 54272K, used 13002K [0x0000000082800000, 0x0000000085d00000, 0x00000000d6300000)
  object space 54272K, 23% used [0x0000000082800000,0x00000000834b2b88,0x0000000085d00000)
 Metaspace       used 33999K, capacity 35338K, committed 35496K, reserved 1079296K
  class space    used 4464K, capacity 4745K, committed 4864K, reserved 1048576K

Card table byte_map: [0x0000000012540000,0x0000000012930000] byte_map_base: 0x000000001212c000

Marking Bits: (ParMarkBitMap*) 0x0000000070945ce0
 Begin Bits: [0x00000000133d0000, 0x0000000015330000)
 End Bits:   [0x0000000015330000, 0x0000000017290000)

Polling page: 0x00000000010e0000

CodeCache: size=245760Kb used=7585Kb max_used=7585Kb free=238174Kb
 bounds [0x0000000003180000, 0x00000000038f0000, 0x0000000012180000]
 total_blobs=4122 nmethods=3683 adapters=359
 compilation: enabled

Compilation events (10 events):
Event: 8.883 Thread 0x0000000019f2b800 3684   !   1       java.lang.Class::newInstance (155 bytes)
Event: 8.883 Thread 0x0000000019f2b800 nmethod 3684 0x00000000038e6510 code [0x00000000038e6780, 0x00000000038e6fc8]
Event: 8.884 Thread 0x0000000019f2b800 3685   !   1       com.sun.proxy.$Proxy62::annotationType (29 bytes)
Event: 8.884 Thread 0x0000000019f2b800 nmethod 3685 0x00000000038e7610 code [0x00000000038e77a0, 0x00000000038e7a18]
Event: 8.884 Thread 0x0000000019f2b800 3686   !   1       com.sun.proxy.$Proxy79::annotationType (29 bytes)
Event: 8.884 Thread 0x0000000019f2b800 nmethod 3686 0x00000000038e7b90 code [0x00000000038e7d20, 0x00000000038e7f98]
Event: 8.884 Thread 0x0000000019f2b800 3687   !   1       com.sun.proxy.$Proxy80::annotationType (29 bytes)
Event: 8.885 Thread 0x0000000019f2b800 nmethod 3687 0x00000000038e8110 code [0x00000000038e82a0, 0x00000000038e8518]
Event: 8.885 Thread 0x0000000019f2b800 3688       1       java.lang.reflect.Constructor::getAnnotationBytes (5 bytes)
Event: 8.885 Thread 0x0000000019f2b800 nmethod 3688 0x00000000038e8690 code [0x00000000038e87e0, 0x00000000038e88f0]

GC Heap History (10 events):
Event: 3.698 GC heap before
{Heap before GC invocations=6 (full 0):
 PSYoungGen      total 70656K, used 24419K [0x00000000d6300000, 0x00000000df400000, 0x0000000100000000)
  eden space 65536K, 29% used [0x00000000d6300000,0x00000000d75dd080,0x00000000da300000)
  from space 5120K, 99% used [0x00000000da300000,0x00000000da7fbd28,0x00000000da800000)
  to   space 8704K, 0% used [0x00000000deb80000,0x00000000deb80000,0x00000000df400000)
 ParOldGen       total 86016K, used 4430K [0x0000000082800000, 0x0000000087c00000, 0x00000000d6300000)
  object space 86016K, 5% used [0x0000000082800000,0x0000000082c538e0,0x0000000087c00000)
 Metaspace       used 20526K, capacity 21168K, committed 21296K, reserved 1067008K
  class space    used 2687K, capacity 2868K, committed 2944K, reserved 1048576K
Event: 3.707 GC heap after
Heap after GC invocations=6 (full 0):
 PSYoungGen      total 139776K, used 6488K [0x00000000d6300000, 0x00000000df400000, 0x0000000100000000)
  eden space 131072K, 0% used [0x00000000d6300000,0x00000000d6300000,0x00000000de300000)
  from space 8704K, 74% used [0x00000000deb80000,0x00000000df1d6380,0x00000000df400000)
  to   space 8704K, 0% used [0x00000000de300000,0x00000000de300000,0x00000000deb80000)
 ParOldGen       total 86016K, used 4438K [0x0000000082800000, 0x0000000087c00000, 0x00000000d6300000)
  object space 86016K, 5% used [0x0000000082800000,0x0000000082c558e0,0x0000000087c00000)
 Metaspace       used 20526K, capacity 21168K, committed 21296K, reserved 1067008K
  class space    used 2687K, capacity 2868K, committed 2944K, reserved 1048576K
}
Event: 3.707 GC heap before
{Heap before GC invocations=7 (full 1):
 PSYoungGen      total 139776K, used 6488K [0x00000000d6300000, 0x00000000df400000, 0x0000000100000000)
  eden space 131072K, 0% used [0x00000000d6300000,0x00000000d6300000,0x00000000de300000)
  from space 8704K, 74% used [0x00000000deb80000,0x00000000df1d6380,0x00000000df400000)
  to   space 8704K, 0% used [0x00000000de300000,0x00000000de300000,0x00000000deb80000)
 ParOldGen       total 86016K, used 4438K [0x0000000082800000, 0x0000000087c00000, 0x00000000d6300000)
  object space 86016K, 5% used [0x0000000082800000,0x0000000082c558e0,0x0000000087c00000)
 Metaspace       used 20526K, capacity 21168K, committed 21296K, reserved 1067008K
  class space    used 2687K, capacity 2868K, committed 2944K, reserved 1048576K
Event: 3.750 GC heap after
Heap after GC invocations=7 (full 1):
 PSYoungGen      total 139776K, used 0K [0x00000000d6300000, 0x00000000df400000, 0x0000000100000000)
  eden space 131072K, 0% used [0x00000000d6300000,0x00000000d6300000,0x00000000de300000)
  from space 8704K, 0% used [0x00000000deb80000,0x00000000deb80000,0x00000000df400000)
  to   space 8704K, 0% used [0x00000000de300000,0x00000000de300000,0x00000000deb80000)
 ParOldGen       total 54272K, used 6715K [0x0000000082800000, 0x0000000085d00000, 0x00000000d6300000)
  object space 54272K, 12% used [0x0000000082800000,0x0000000082e8ee10,0x0000000085d00000)
 Metaspace       used 20525K, capacity 21162K, committed 21296K, reserved 1067008K
  class space    used 2686K, capacity 2867K, committed 2944K, reserved 1048576K
}
Event: 7.491 GC heap before
{Heap before GC invocations=8 (full 1):
 PSYoungGen      total 139776K, used 131072K [0x00000000d6300000, 0x00000000df400000, 0x0000000100000000)
  eden space 131072K, 100% used [0x00000000d6300000,0x00000000de300000,0x00000000de300000)
  from space 8704K, 0% used [0x00000000deb80000,0x00000000deb80000,0x00000000df400000)
  to   space 8704K, 0% used [0x00000000de300000,0x00000000de300000,0x00000000deb80000)
 ParOldGen       total 54272K, used 6715K [0x0000000082800000, 0x0000000085d00000, 0x00000000d6300000)
  object space 54272K, 12% used [0x0000000082800000,0x0000000082e8ee10,0x0000000085d00000)
 Metaspace       used 25242K, capacity 26210K, committed 26496K, reserved 1073152K
  class space    used 3376K, capacity 3599K, committed 3712K, reserved 1048576K
Event: 7.497 GC heap after
Heap after GC invocations=8 (full 1):
 PSYoungGen      total 139776K, used 7406K [0x00000000d6300000, 0x00000000e3f00000, 0x0000000100000000)
  eden space 131072K, 0% used [0x00000000d6300000,0x00000000d6300000,0x00000000de300000)
  from space 8704K, 85% used [0x00000000de300000,0x00000000dea3bbe8,0x00000000deb80000)
  to   space 9216K, 0% used [0x00000000e3600000,0x00000000e3600000,0x00000000e3f00000)
 ParOldGen       total 54272K, used 6723K [0x0000000082800000, 0x0000000085d00000, 0x00000000d6300000)
  object space 54272K, 12% used [0x0000000082800000,0x0000000082e90e10,0x0000000085d00000)
 Metaspace       used 25242K, capacity 26210K, committed 26496K, reserved 1073152K
  class space    used 3376K, capacity 3599K, committed 3712K, reserved 1048576K
}
Event: 7.969 GC heap before
{Heap before GC invocations=9 (full 1):
 PSYoungGen      total 139776K, used 138478K [0x00000000d6300000, 0x00000000e3f00000, 0x0000000100000000)
  eden space 131072K, 100% used [0x00000000d6300000,0x00000000de300000,0x00000000de300000)
  from space 8704K, 85% used [0x00000000de300000,0x00000000dea3bbe8,0x00000000deb80000)
  to   space 9216K, 0% used [0x00000000e3600000,0x00000000e3600000,0x00000000e3f00000)
 ParOldGen       total 54272K, used 6723K [0x0000000082800000, 0x0000000085d00000, 0x00000000d6300000)
  object space 54272K, 12% used [0x0000000082800000,0x0000000082e90e10,0x0000000085d00000)
 Metaspace       used 27683K, capacity 28746K, committed 29056K, reserved 1075200K
  class space    used 3647K, capacity 3875K, committed 3968K, reserved 1048576K
Event: 7.977 GC heap after
Heap after GC invocations=9 (full 1):
 PSYoungGen      total 214016K, used 9196K [0x00000000d6300000, 0x00000000e4300000, 0x0000000100000000)
  eden space 204800K, 0% used [0x00000000d6300000,0x00000000d6300000,0x00000000e2b00000)
  from space 9216K, 99% used [0x00000000e3600000,0x00000000e3efb1f0,0x00000000e3f00000)
  to   space 11264K, 0% used [0x00000000e2b00000,0x00000000e2b00000,0x00000000e3600000)
 ParOldGen       total 54272K, used 8464K [0x0000000082800000, 0x0000000085d00000, 0x00000000d6300000)
  object space 54272K, 15% used [0x0000000082800000,0x00000000830440e0,0x0000000085d00000)
 Metaspace       used 27683K, capacity 28746K, committed 29056K, reserved 1075200K
  class space    used 3647K, capacity 3875K, committed 3968K, reserved 1048576K
}
Event: 8.656 GC heap before
{Heap before GC invocations=10 (full 1):
 PSYoungGen      total 214016K, used 213996K [0x00000000d6300000, 0x00000000e4300000, 0x0000000100000000)
  eden space 204800K, 100% used [0x00000000d6300000,0x00000000e2b00000,0x00000000e2b00000)
  from space 9216K, 99% used [0x00000000e3600000,0x00000000e3efb1f0,0x00000000e3f00000)
  to   space 11264K, 0% used [0x00000000e2b00000,0x00000000e2b00000,0x00000000e3600000)
 ParOldGen       total 54272K, used 8464K [0x0000000082800000, 0x0000000085d00000, 0x00000000d6300000)
  object space 54272K, 15% used [0x0000000082800000,0x00000000830440e0,0x0000000085d00000)
 Metaspace       used 32540K, capacity 33868K, committed 34048K, reserved 1079296K
  class space    used 4282K, capacity 4562K, committed 4608K, reserved 1048576K
Event: 8.666 GC heap after
Heap after GC invocations=10 (full 1):
 PSYoungGen      total 216064K, used 11256K [0x00000000d6300000, 0x00000000e8c00000, 0x0000000100000000)
  eden space 204800K, 0% used [0x00000000d6300000,0x00000000d6300000,0x00000000e2b00000)
  from space 11264K, 99% used [0x00000000e2b00000,0x00000000e35fe138,0x00000000e3600000)
  to   space 14336K, 0% used [0x00000000e7e00000,0x00000000e7e00000,0x00000000e8c00000)
 ParOldGen       total 54272K, used 13002K [0x0000000082800000, 0x0000000085d00000, 0x00000000d6300000)
  object space 54272K, 23% used [0x0000000082800000,0x00000000834b2b88,0x0000000085d00000)
 Metaspace       used 32540K, capacity 33868K, committed 34048K, reserved 1079296K
  class space    used 4282K, capacity 4562K, committed 4608K, reserved 1048576K
}

Deoptimization events (0 events):
No events

Classes redefined (0 events):
No events

Internal exceptions (10 events):
Event: 8.732 Thread 0x0000000002f37000 Exception <a 'java/lang/ClassNotFoundException': org/springframework/beans/factory/config/BeanFactoryPostProcessorCustomizer> (0x00000000d738fe10) thrown at [C:\re\workspace\8-2-build-windows-amd64-cygwin\jdk8u221\13320\hotspot\src\share\vm\classfile\syst
Event: 8.734 Thread 0x0000000002f37000 Exception <a 'java/lang/ClassNotFoundException': org/springframework/beans/factory/InitializingBeanCustomizer> (0x00000000d73c9048) thrown at [C:\re\workspace\8-2-build-windows-amd64-cygwin\jdk8u221\13320\hotspot\src\share\vm\classfile\systemDictionary.cp
Event: 8.734 Thread 0x0000000002f37000 Exception <a 'java/lang/ClassNotFoundException': org/springframework/context/ApplicationContextAwareCustomizer> (0x00000000d74029d8) thrown at [C:\re\workspace\8-2-build-windows-amd64-cygwin\jdk8u221\13320\hotspot\src\share\vm\classfile\systemDictionary.c
Event: 8.735 Thread 0x0000000002f37000 Exception <a 'java/lang/ClassNotFoundException': org/springframework/beans/factory/AwareCustomizer> (0x00000000d74345e8) thrown at [C:\re\workspace\8-2-build-windows-amd64-cygwin\jdk8u221\13320\hotspot\src\share\vm\classfile\systemDictionary.cpp, line 210
Event: 8.736 Thread 0x0000000002f37000 Exception <a 'java/lang/ClassNotFoundException': org/springframework/beans/factory/BeanNameAwareCustomizer> (0x00000000d746a050) thrown at [C:\re\workspace\8-2-build-windows-amd64-cygwin\jdk8u221\13320\hotspot\src\share\vm\classfile\systemDictionary.cpp, 
Event: 8.736 Thread 0x0000000002f37000 Exception <a 'java/lang/ClassNotFoundException': org/springframework/beans/factory/AwareCustomizer> (0x00000000d749b658) thrown at [C:\re\workspace\8-2-build-windows-amd64-cygwin\jdk8u221\13320\hotspot\src\share\vm\classfile\systemDictionary.cpp, line 210
Event: 8.743 Thread 0x0000000002f37000 Exception <a 'java/lang/NoSuchMethodError': org.slf4j.impl.StaticMarkerBinder.getSingleton()Lorg/slf4j/impl/StaticMarkerBinder;> (0x00000000d7575320) thrown at [C:\re\workspace\8-2-build-windows-amd64-cygwin\jdk8u221\13320\hotspot\src\share\vm\interpreter
Event: 8.777 Thread 0x0000000002f37000 Exception <a 'java/lang/ArrayIndexOutOfBoundsException'> (0x00000000d7b88578) thrown at [C:\re\workspace\8-2-build-windows-amd64-cygwin\jdk8u221\13320\hotspot\src\share\vm\runtime\sharedRuntime.cpp, line 605]
Event: 8.778 Thread 0x0000000002f37000 Exception <a 'java/lang/ArrayIndexOutOfBoundsException'> (0x00000000d7b917e0) thrown at [C:\re\workspace\8-2-build-windows-amd64-cygwin\jdk8u221\13320\hotspot\src\share\vm\runtime\sharedRuntime.cpp, line 605]
Event: 8.779 Thread 0x0000000002f37000 Exception <a 'java/lang/ArrayIndexOutOfBoundsException'> (0x00000000d7ba3b28) thrown at [C:\re\workspace\8-2-build-windows-amd64-cygwin\jdk8u221\13320\hotspot\src\share\vm\runtime\sharedRuntime.cpp, line 605]

Events (10 events):
Event: 8.867 Thread 0x0000000002f37000 DEOPT UNPACKING pc=0x00000000031c7890 sp=0x0000000002f2e370 mode 1
Event: 8.868 Thread 0x0000000002f37000 DEOPT PACKING pc=0x00000000036d8954 sp=0x0000000002f2e620
Event: 8.868 Thread 0x0000000002f37000 DEOPT UNPACKING pc=0x00000000031c7890 sp=0x0000000002f2e370 mode 1
Event: 8.869 Thread 0x0000000002f37000 DEOPT PACKING pc=0x00000000036d8954 sp=0x0000000002f2e620
Event: 8.869 Thread 0x0000000002f37000 DEOPT UNPACKING pc=0x00000000031c7890 sp=0x0000000002f2e370 mode 1
Event: 8.870 Thread 0x0000000002f37000 DEOPT PACKING pc=0x00000000036d8954 sp=0x0000000002f2e620
Event: 8.870 Thread 0x0000000002f37000 DEOPT UNPACKING pc=0x00000000031c7890 sp=0x0000000002f2e370 mode 1
Event: 8.871 Thread 0x0000000002f37000 DEOPT PACKING pc=0x00000000036d8954 sp=0x0000000002f2e620
Event: 8.871 Thread 0x0000000002f37000 DEOPT UNPACKING pc=0x00000000031c7890 sp=0x0000000002f2e370 mode 1
Event: 8.886 Executing VM operation: ChangeBreakpoints


Dynamic libraries:
0x00007ff6d5db0000 - 0x00007ff6d5de7000 	D:\program\jdk8\bin\java.exe
0x00007ffd50490000 - 0x00007ffd50688000 	C:\Windows\SYSTEM32\ntdll.dll
0x00007ffd4f390000 - 0x00007ffd4f44d000 	C:\Windows\System32\KERNEL32.DLL
0x00007ffd4db90000 - 0x00007ffd4de63000 	C:\Windows\System32\KERNELBASE.dll
0x00007ffd4e650000 - 0x00007ffd4e6fe000 	C:\Windows\System32\ADVAPI32.dll
0x00007ffd50000000 - 0x00007ffd5009e000 	C:\Windows\System32\msvcrt.dll
0x00007ffd4e5b0000 - 0x00007ffd4e64c000 	C:\Windows\System32\sechost.dll
0x00007ffd4f450000 - 0x00007ffd4f575000 	C:\Windows\System32\RPCRT4.dll
0x00007ffd4fe60000 - 0x00007ffd4fffe000 	C:\Windows\System32\USER32.dll
0x00007ffd4df60000 - 0x00007ffd4df82000 	C:\Windows\System32\win32u.dll
0x00007ffd4fe20000 - 0x00007ffd4fe4c000 	C:\Windows\System32\GDI32.dll
0x00007ffd4e040000 - 0x00007ffd4e154000 	C:\Windows\System32\gdi32full.dll
0x00007ffd4e260000 - 0x00007ffd4e2fd000 	C:\Windows\System32\msvcp_win.dll
0x00007ffd4e160000 - 0x00007ffd4e260000 	C:\Windows\System32\ucrtbase.dll
0x00007ffd2ba40000 - 0x00007ffd2bcda000 	C:\Windows\WinSxS\amd64_microsoft.windows.common-controls_6595b64144ccf1df_6.0.19041.1110_none_60b5254171f9507e\COMCTL32.dll
0x00007ffd50200000 - 0x00007ffd50230000 	C:\Windows\System32\IMM32.DLL
0x00000000709d0000 - 0x0000000070aa2000 	D:\program\jdk8\jre\bin\msvcr100.dll
0x0000000070120000 - 0x00000000709c5000 	D:\program\jdk8\jre\bin\server\jvm.dll
0x00007ffd4f310000 - 0x00007ffd4f318000 	C:\Windows\System32\PSAPI.DLL
0x00007ffd49a40000 - 0x00007ffd49a49000 	C:\Windows\SYSTEM32\WSOCK32.dll
0x00007ffd476c0000 - 0x00007ffd476ca000 	C:\Windows\SYSTEM32\VERSION.dll
0x00007ffd34540000 - 0x00007ffd34567000 	C:\Windows\SYSTEM32\WINMM.dll
0x00007ffd4fd50000 - 0x00007ffd4fdbb000 	C:\Windows\System32\WS2_32.dll
0x00007ffd2aa60000 - 0x00007ffd2aa6f000 	D:\program\jdk8\jre\bin\verify.dll
0x00007ffd1c320000 - 0x00007ffd1c349000 	D:\program\jdk8\jre\bin\java.dll
0x00007ffd27f10000 - 0x00007ffd27f45000 	D:\program\jdk8\jre\bin\jdwp.dll
0x00007ffd473a0000 - 0x00007ffd473a8000 	D:\program\jdk8\jre\bin\npt.dll
0x00007ffd13610000 - 0x00007ffd13633000 	D:\program\jdk8\jre\bin\instrument.dll
0x00007ffd29f80000 - 0x00007ffd29f96000 	D:\program\jdk8\jre\bin\zip.dll
0x00007ffd4e700000 - 0x00007ffd4ee43000 	C:\Windows\System32\SHELL32.dll
0x00007ffd4bc50000 - 0x00007ffd4c3e4000 	C:\Windows\SYSTEM32\windows.storage.dll
0x00007ffd4f9f0000 - 0x00007ffd4fd44000 	C:\Windows\System32\combase.dll
0x00007ffd4d5f0000 - 0x00007ffd4d620000 	C:\Windows\SYSTEM32\Wldp.dll
0x00007ffd4ee50000 - 0x00007ffd4eefd000 	C:\Windows\System32\SHCORE.dll
0x00007ffd4f330000 - 0x00007ffd4f385000 	C:\Windows\System32\shlwapi.dll
0x00007ffd4dad0000 - 0x00007ffd4daef000 	C:\Windows\SYSTEM32\profapi.dll
0x00007ffd47390000 - 0x00007ffd47399000 	D:\program\jdk8\jre\bin\dt_socket.dll
0x00007ffd4d350000 - 0x00007ffd4d3ba000 	C:\Windows\system32\mswsock.dll
0x00007ffd28880000 - 0x00007ffd2889a000 	D:\program\jdk8\jre\bin\net.dll
0x00007ffd39760000 - 0x00007ffd3994d000 	C:\Windows\SYSTEM32\urlmon.dll
0x00007ffd4d030000 - 0x00007ffd4d03c000 	C:\Windows\SYSTEM32\netutils.dll
0x00007ffd38c70000 - 0x00007ffd38f21000 	C:\Windows\SYSTEM32\iertutil.dll
0x00007ffd38f30000 - 0x00007ffd38f58000 	C:\Windows\SYSTEM32\srvcli.dll
0x00007ffd4d040000 - 0x00007ffd4d10a000 	C:\Windows\SYSTEM32\DNSAPI.dll
0x00007ffd4cff0000 - 0x00007ffd4d02b000 	C:\Windows\SYSTEM32\IPHLPAPI.DLL
0x00007ffd4f320000 - 0x00007ffd4f328000 	C:\Windows\System32\NSI.dll
0x0000000071030000 - 0x0000000071056000 	C:\Program Files\Bonjour\mdnsNSP.dll
0x00007ffd3a380000 - 0x00007ffd3a38a000 	C:\Windows\System32\rasadhlp.dll
0x00007ffd3acd0000 - 0x00007ffd3ad50000 	C:\Windows\System32\fwpuclnt.dll
0x00007ffd4de70000 - 0x00007ffd4de97000 	C:\Windows\System32\bcrypt.dll
0x00007ffd47380000 - 0x00007ffd4738d000 	D:\program\jdk8\jre\bin\management.dll
0x00007ffd27ee0000 - 0x00007ffd27ef2000 	D:\program\jdk8\jre\bin\nio.dll
0x00007ffd4d550000 - 0x00007ffd4d568000 	C:\Windows\SYSTEM32\CRYPTSP.dll
0x00007ffd4cc00000 - 0x00007ffd4cc34000 	C:\Windows\system32\rsaenh.dll
0x00007ffd4da90000 - 0x00007ffd4dabe000 	C:\Windows\SYSTEM32\USERENV.dll
0x00007ffd4e300000 - 0x00007ffd4e382000 	C:\Windows\System32\bcryptprimitives.dll
0x00007ffd4d540000 - 0x00007ffd4d54c000 	C:\Windows\SYSTEM32\CRYPTBASE.dll
0x00007ffd44c10000 - 0x00007ffd44c27000 	C:\Windows\SYSTEM32\dhcpcsvc6.DLL
0x00007ffd44d80000 - 0x00007ffd44d9d000 	C:\Windows\SYSTEM32\dhcpcsvc.DLL
0x00007ffd20020000 - 0x00007ffd20037000 	C:\Windows\system32\napinsp.dll
0x00007ffd20000000 - 0x00007ffd2001b000 	C:\Windows\system32\pnrpnsp.dll
0x00007ffd3c760000 - 0x00007ffd3c775000 	C:\Windows\system32\wshbth.dll
0x00007ffd49840000 - 0x00007ffd4985d000 	C:\Windows\system32\NLAapi.dll
0x00007ffd1fca0000 - 0x00007ffd1fcb2000 	C:\Windows\System32\winrnr.dll

VM Arguments:
jvm_args: -agentlib:jdwp=transport=dt_socket,address=127.0.0.1:58190,suspend=y,server=n -XX:TieredStopAtLevel=1 -Xverify:none -Dspring.output.ansi.enabled=always -Dcom.sun.management.jmxremote -Dspring.jmx.enabled=true -Dspring.liveBeansView.mbeanDomain -Dspring.application.admin.enabled=true -javaagent:C:\Users\huach\AppData\Local\JetBrains\IntelliJIdea2022.2\captureAgent\debugger-agent.jar -Dfile.encoding=UTF-8 
java_command: com.bairh.cs.provider.CsProviderApplication
java_class_path (initial): D:\program\jdk8\jre\lib\charsets.jar;D:\program\jdk8\jre\lib\deploy.jar;D:\program\jdk8\jre\lib\ext\access-bridge-64.jar;D:\program\jdk8\jre\lib\ext\cldrdata.jar;D:\program\jdk8\jre\lib\ext\dnsns.jar;D:\program\jdk8\jre\lib\ext\jaccess.jar;D:\program\jdk8\jre\lib\ext\jfxrt.jar;D:\program\jdk8\jre\lib\ext\localedata.jar;D:\program\jdk8\jre\lib\ext\nashorn.jar;D:\program\jdk8\jre\lib\ext\sunec.jar;D:\program\jdk8\jre\lib\ext\sunjce_provider.jar;D:\program\jdk8\jre\lib\ext\sunmscapi.jar;D:\program\jdk8\jre\lib\ext\sunpkcs11.jar;D:\program\jdk8\jre\lib\ext\zipfs.jar;D:\program\jdk8\jre\lib\javaws.jar;D:\program\jdk8\jre\lib\jce.jar;D:\program\jdk8\jre\lib\jfr.jar;D:\program\jdk8\jre\lib\jfxswt.jar;D:\program\jdk8\jre\lib\jsse.jar;D:\program\jdk8\jre\lib\management-agent.jar;D:\program\jdk8\jre\lib\plugin.jar;D:\program\jdk8\jre\lib\resources.jar;D:\program\jdk8\jre\lib\rt.jar;E:\working\cs_xinkjd\cs-service-provider\target\classes;E:\working\cs_xinkjd\cs-service-interface\target\classes;E:\working\cs_xinkjd\cs-service-bean\target\classes;E:\working\comm\platform-comm\target\classes;D:\maven\repository\com\ning\async-http-client\1.8.7\async-http-client-1.8.7.jar;D:\maven\repository\io\netty\netty\3.9.0.Final\netty-3.9.0.Final.jar;D:\maven\repository\net\coobird\thumbnailator\0.4.8\thumbnailator-0.4.8.jar;D:\maven\repository\org\jdom\jdom\1.1\jdom-1.1.jar;D:\maven\repository\cglib\cglib-nodep\3.1\cglib-nodep-3.1.jar;D:\maven\repository\org\projectlombok\lombok\1.18.10\lombok-1.18.10.jar;D:\maven\repository\org\redisson\redisson\3.5.7\redisson-3.5.7.jar;D:\maven\repository\io\netty\netty-common\4.1.42.Final\netty-common-4.1.42.Final.jar;D:\maven\repository\io\netty\netty-codec\4.1.42.Final\netty-codec-4.1.42.Final.jar;D:\maven\repository\io\netty\netty-buffer\4.1.42.Final\netty-buffer-4.1.42.Final.jar;D:\maven\repository\io\netty\netty-transport\4.1.42.Final\netty-transport-4.1.42.Final.jar;D:\maven\repository\io\netty\netty-resolver\4.1.42.Fin
Launcher Type: SUN_STANDARD

Environment Variables:
JAVA_HOME=D:\program\jdk8
PATH=D:\oracle\product\11.2.0\dbhome_1\bin;C:\Program Files (x86)\Common Files\Oracle\Java\javapath;C:\windows\system32;C:\windows;C:\windows\System32\Wbem;C:\windows\System32\WindowsPowerShell\v1.0\;C:\windows\System32\OpenSSH\;C:\Program Files (x86)\NVIDIA Corporation\PhysX\Common;C:\Windows\system32;C:\Windows;C:\Windows\System32\Wbem;C:\Windows\System32\WindowsPowerShell\v1.0\;C:\Windows\System32\OpenSSH\;D:\program\jdk8\bin;C:\Program Files\Microsoft SQL Server\130\Tools\Binn\;D:\apache-maven-3.5.4\apache-maven-3.5.4\bin;D:\Git\cmd;D:\apache-maven-3.5.4\apache-maven-3.5.4\bin;D:\InstantClient\Instant Client\bin;C:\Users\huach\AppData\Local\Microsoft\WindowsApps;D:\idea2021\IntelliJ IDEA 2021.3\bin;;D:\VSCode\Microsoft VS Code\bin;D:\Mysql\mysql-5.7.19-winx64\bin;
USERNAME=huach
OS=Windows_NT
PROCESSOR_IDENTIFIER=Intel64 Family 6 Model 142 Stepping 12, GenuineIntel



---------------  S Y S T E M  ---------------

OS: Windows 10.0 , 64 bit Build 19041 (10.0.19041.1889)

CPU:total 8 (initial active 8) (4 cores per cpu, 2 threads per core) family 6 model 142 stepping 12, cmov, cx8, fxsr, mmx, sse, sse2, sse3, ssse3, sse4.1, sse4.2, popcnt, avx, avx2, aes, clmul, erms, 3dnowpref, lzcnt, ht, tsc, tscinvbit, bmi1, bmi2, adx

Memory: 4k page, physical 8222248k(1257716k free), swap 22442296k(5133276k free)

vm_info: Java HotSpot(TM) 64-Bit Server VM (25.221-b11) for windows-amd64 JRE (1.8.0_221-b11), built on Jul  4 2019 04:39:29 by "java_re" with MS VC++ 10.0 (VS2010)

time: Sun Oct 09 17:14:34 2022
timezone: 中国标准时间
elapsed time: 8 seconds (0d 0h 0m 8s)

