2022-11-18 16:59:31.702 [SpringContextShutdownHook] INFO  c.a.cloud.nacos.registry.NacosServiceRegistry - De-registering from Nacos Server now...
2022-11-18 16:59:31.806 [SpringContextShutdownHook] INFO  com.alibaba.nacos.client.naming - [BEAT] removing beat: DEFAULT_GROUP@@xgateway-service-provider-lhc:192.168.31.169:24501 from beat map.
2022-11-18 16:59:31.815 [SpringContextShutdownHook] INFO  com.alibaba.nacos.client.naming - [DEREGISTER-SERVICE] 6c1230e4-aef6-4d65-b7e0-1fac133250cd deregistering service DEFAULT_GROUP@@xgateway-service-provider-lhc with instance: {"clusterName":"DEFAULT","enabled":true,"ephemeral":true,"healthy":true,"instanceHeartBeatInterval":5000,"instanceHeartBeatTimeOut":15000,"instanceIdGenerator":"simple","ip":"192.168.31.169","ipDeleteTimeout":30000,"metadata":{},"port":24501,"weight":1.0}
2022-11-18 16:59:31.906 [SpringContextShutdownHook] INFO  c.a.cloud.nacos.registry.NacosServiceRegistry - De-registration finished.
2022-11-18 16:59:31.914 [SpringContextShutdownHook] INFO  o.s.scheduling.concurrent.ThreadPoolTaskExecutor - Shutting down ExecutorService 'applicationTaskExecutor'
2022-11-18 16:59:32.722 [SpringContextShutdownHook] INFO  com.alibaba.druid.pool.DruidDataSource - {dataSource-1} closing ...
2022-11-18 16:59:32.741 [SpringContextShutdownHook] INFO  com.alibaba.druid.pool.DruidDataSource - {dataSource-1} closed
2022-11-18 16:59:55.223 [main] INFO  c.a.n.client.config.impl.LocalConfigInfoProcessor - LOCAL_SNAPSHOT_PATH:C:\Users\huach\nacos\config
2022-11-18 16:59:55.331 [main] INFO  com.alibaba.nacos.client.config.impl.Limiter - limitTime:5.0
2022-11-18 16:59:55.541 [main] INFO  com.alibaba.nacos.client.config.utils.JVMUtil - isMultiInstance:false
2022-11-18 16:59:55.964 [main] INFO  o.s.c.b.c.PropertySourceBootstrapConfiguration - Located property source: [BootstrapPropertySource {name='bootstrapProperties-xgateway-service-provider-lhc.properties,DEFAULT_GROUP'}, BootstrapPropertySource {name='bootstrapProperties-xgateway-service-provider-lhc,DEFAULT_GROUP'}, BootstrapPropertySource {name='bootstrapProperties-app.properties,XGATEWAY_GROUP'}, BootstrapPropertySource {name='bootstrapProperties-redis.properties,LOCAL_GROUP'}, BootstrapPropertySource {name='bootstrapProperties-xgateway-mysql.properties,LOCAL_GROUP'}]
2022-11-18 16:59:55.980 [main] INFO  c.b.xgateway.provider.XgatewayProviderApplication - No active profile set, falling back to default profiles: default
2022-11-18 16:59:59.346 [main] INFO  o.s.d.r.config.RepositoryConfigurationDelegate - Multiple Spring Data modules found, entering strict repository configuration mode!
2022-11-18 16:59:59.351 [main] INFO  o.s.d.r.config.RepositoryConfigurationDelegate - Bootstrapping Spring Data repositories in DEFAULT mode.
2022-11-18 16:59:59.451 [main] INFO  o.s.d.r.config.RepositoryConfigurationDelegate - Finished Spring Data repository scanning in 68ms. Found 0 repository interfaces.
2022-11-18 17:00:00.517 [main] INFO  o.springframework.cloud.context.scope.GenericScope - BeanFactory id=f4c05557-1879-3001-8b56-5a2cd5a8431b
2022-11-18 17:00:00.703 [main] INFO  o.s.c.s.PostProcessorRegistrationDelegate$BeanPostProcessorChecker - Bean 'shiroConfig' of type [com.bairh.xgateway.provider.config.ShiroConfig$$EnhancerBySpringCGLIB$$765d8514] is not eligible for getting processed by all BeanPostProcessors (for example: not eligible for auto-proxying)
2022-11-18 17:00:00.967 [main] INFO  o.s.c.s.PostProcessorRegistrationDelegate$BeanPostProcessorChecker - Bean 'mybatis-plus-com.baomidou.mybatisplus.autoconfigure.MybatisPlusProperties' of type [com.baomidou.mybatisplus.autoconfigure.MybatisPlusProperties] is not eligible for getting processed by all BeanPostProcessors (for example: not eligible for auto-proxying)
2022-11-18 17:00:00.975 [main] INFO  o.s.c.s.PostProcessorRegistrationDelegate$BeanPostProcessorChecker - Bean 'mybatisPlusConfig' of type [com.bairh.xgateway.provider.config.MybatisPlusConfig$$EnhancerBySpringCGLIB$$f383e830] is not eligible for getting processed by all BeanPostProcessors (for example: not eligible for auto-proxying)
2022-11-18 17:00:00.986 [main] INFO  o.s.c.s.PostProcessorRegistrationDelegate$BeanPostProcessorChecker - Bean 'paginationInterceptor' of type [com.baomidou.mybatisplus.extension.plugins.PaginationInterceptor] is not eligible for getting processed by all BeanPostProcessors (for example: not eligible for auto-proxying)
2022-11-18 17:00:00.998 [main] INFO  o.s.c.s.PostProcessorRegistrationDelegate$BeanPostProcessorChecker - Bean 'com.baomidou.mybatisplus.autoconfigure.MybatisPlusAutoConfiguration' of type [com.baomidou.mybatisplus.autoconfigure.MybatisPlusAutoConfiguration$$EnhancerBySpringCGLIB$$5bb8c4ec] is not eligible for getting processed by all BeanPostProcessors (for example: not eligible for auto-proxying)
2022-11-18 17:00:01.000 [main] INFO  o.s.c.s.PostProcessorRegistrationDelegate$BeanPostProcessorChecker - Bean 'com.alibaba.druid.spring.boot.autoconfigure.DruidDataSourceAutoConfigure' of type [com.alibaba.druid.spring.boot.autoconfigure.DruidDataSourceAutoConfigure$$EnhancerBySpringCGLIB$$379c4dc4] is not eligible for getting processed by all BeanPostProcessors (for example: not eligible for auto-proxying)
2022-11-18 17:00:01.002 [main] INFO  c.a.d.s.b.a.DruidDataSourceAutoConfigure - Init DruidDataSource
2022-11-18 17:00:01.096 [main] INFO  o.s.c.s.PostProcessorRegistrationDelegate$BeanPostProcessorChecker - Bean 'spring.datasource-org.springframework.boot.autoconfigure.jdbc.DataSourceProperties' of type [org.springframework.boot.autoconfigure.jdbc.DataSourceProperties] is not eligible for getting processed by all BeanPostProcessors (for example: not eligible for auto-proxying)
2022-11-18 17:00:05.357 [main] INFO  com.alibaba.druid.pool.DruidDataSource - {dataSource-1} inited
2022-11-18 17:00:05.357 [main] INFO  o.s.c.s.PostProcessorRegistrationDelegate$BeanPostProcessorChecker - Bean 'dataSource' of type [com.alibaba.druid.spring.boot.autoconfigure.DruidDataSourceWrapper] is not eligible for getting processed by all BeanPostProcessors (for example: not eligible for auto-proxying)
2022-11-18 17:00:08.887 [main] INFO  o.s.c.s.PostProcessorRegistrationDelegate$BeanPostProcessorChecker - Bean 'sqlSessionFactory' of type [org.apache.ibatis.session.defaults.DefaultSqlSessionFactory] is not eligible for getting processed by all BeanPostProcessors (for example: not eligible for auto-proxying)
2022-11-18 17:00:08.901 [main] INFO  o.s.c.s.PostProcessorRegistrationDelegate$BeanPostProcessorChecker - Bean 'sqlSessionTemplate' of type [org.mybatis.spring.SqlSessionTemplate] is not eligible for getting processed by all BeanPostProcessors (for example: not eligible for auto-proxying)
2022-11-18 17:00:08.903 [main] INFO  o.s.c.s.PostProcessorRegistrationDelegate$BeanPostProcessorChecker - Bean 'sysMenuDao' of type [org.mybatis.spring.mapper.MapperFactoryBean] is not eligible for getting processed by all BeanPostProcessors (for example: not eligible for auto-proxying)
2022-11-18 17:00:08.906 [main] INFO  o.s.c.s.PostProcessorRegistrationDelegate$BeanPostProcessorChecker - Bean 'sysMenuDao' of type [com.sun.proxy.$Proxy115] is not eligible for getting processed by all BeanPostProcessors (for example: not eligible for auto-proxying)
2022-11-18 17:00:08.911 [main] INFO  o.s.c.s.PostProcessorRegistrationDelegate$BeanPostProcessorChecker - Bean 'sysUserDao' of type [org.mybatis.spring.mapper.MapperFactoryBean] is not eligible for getting processed by all BeanPostProcessors (for example: not eligible for auto-proxying)
2022-11-18 17:00:08.913 [main] INFO  o.s.c.s.PostProcessorRegistrationDelegate$BeanPostProcessorChecker - Bean 'sysUserDao' of type [com.sun.proxy.$Proxy116] is not eligible for getting processed by all BeanPostProcessors (for example: not eligible for auto-proxying)
2022-11-18 17:00:08.920 [main] INFO  o.s.c.s.PostProcessorRegistrationDelegate$BeanPostProcessorChecker - Bean 'sysUserTokenDao' of type [org.mybatis.spring.mapper.MapperFactoryBean] is not eligible for getting processed by all BeanPostProcessors (for example: not eligible for auto-proxying)
2022-11-18 17:00:08.922 [main] INFO  o.s.c.s.PostProcessorRegistrationDelegate$BeanPostProcessorChecker - Bean 'sysUserTokenDao' of type [com.sun.proxy.$Proxy117] is not eligible for getting processed by all BeanPostProcessors (for example: not eligible for auto-proxying)
2022-11-18 17:00:08.922 [main] INFO  o.s.c.s.PostProcessorRegistrationDelegate$BeanPostProcessorChecker - Bean 'shiroServiceImpl' of type [com.bairh.xgateway.provider.modules.sys.service.impl.ShiroServiceImpl] is not eligible for getting processed by all BeanPostProcessors (for example: not eligible for auto-proxying)
2022-11-18 17:00:08.922 [main] INFO  o.s.c.s.PostProcessorRegistrationDelegate$BeanPostProcessorChecker - Bean 'OAuth2Realm' of type [com.bairh.xgateway.provider.modules.sys.oauth2.OAuth2Realm] is not eligible for getting processed by all BeanPostProcessors (for example: not eligible for auto-proxying)
2022-11-18 17:00:09.908 [main] INFO  o.s.c.s.PostProcessorRegistrationDelegate$BeanPostProcessorChecker - Bean 'securityManager' of type [org.apache.shiro.web.mgt.DefaultWebSecurityManager] is not eligible for getting processed by all BeanPostProcessors (for example: not eligible for auto-proxying)
2022-11-18 17:00:10.066 [main] INFO  o.s.c.s.PostProcessorRegistrationDelegate$BeanPostProcessorChecker - Bean 'authorizationAttributeSourceAdvisor' of type [org.apache.shiro.spring.security.interceptor.AuthorizationAttributeSourceAdvisor] is not eligible for getting processed by all BeanPostProcessors (for example: not eligible for auto-proxying)
2022-11-18 17:00:10.145 [main] INFO  o.s.c.s.PostProcessorRegistrationDelegate$BeanPostProcessorChecker - Bean 'org.springframework.transaction.annotation.ProxyTransactionManagementConfiguration' of type [org.springframework.transaction.annotation.ProxyTransactionManagementConfiguration] is not eligible for getting processed by all BeanPostProcessors (for example: not eligible for auto-proxying)
2022-11-18 17:00:11.426 [main] INFO  o.s.boot.web.embedded.tomcat.TomcatWebServer - Tomcat initialized with port(s): 24501 (http)
2022-11-18 17:00:11.449 [main] INFO  org.apache.coyote.http11.Http11NioProtocol - Initializing ProtocolHandler ["http-nio-24501"]
2022-11-18 17:00:11.450 [main] INFO  org.apache.catalina.core.StandardService - Starting service [Tomcat]
2022-11-18 17:00:11.451 [main] INFO  org.apache.catalina.core.StandardEngine - Starting Servlet engine: [Apache Tomcat/9.0.27]
2022-11-18 17:00:11.762 [main] INFO  o.a.c.c.C.[Tomcat].[localhost].[/xgateway/web] - Initializing Spring embedded WebApplicationContext
2022-11-18 17:00:11.762 [main] INFO  org.springframework.web.context.ContextLoader - Root WebApplicationContext: initialization completed in 15712 ms
2022-11-18 17:00:15.918 [main] INFO  c.b.x.p.m.wx.service.impl.WxAccountServiceImpl - 加载公众号配置...
2022-11-18 17:00:16.186 [main] INFO  c.b.x.p.m.wx.service.impl.WxAccountServiceImpl - 加载到1条公众号配置
2022-11-18 17:00:16.418 [main] INFO  c.b.x.p.m.wx.service.impl.WxAccountServiceImpl - 公众号配置加载完成
2022-11-18 17:00:17.715 [main] INFO  io.lettuce.core.EpollProvider - Starting without optional epoll library
2022-11-18 17:00:17.719 [main] INFO  io.lettuce.core.KqueueProvider - Starting without optional kqueue library
2022-11-18 17:00:19.661 [main] INFO  s.d.s.w.PropertySourcedRequestMappingHandlerMapping - Mapped URL path [/v2/api-docs] onto method [springfox.documentation.swagger2.web.Swagger2Controller#getDocumentation(String, HttpServletRequest)]
2022-11-18 17:00:19.745 [main] INFO  com.netflix.config.sources.URLConfigurationSource - To enable URLs as dynamic configuration sources, define System property archaius.configurationSource.additionalUrls or make config.properties available on classpath.
2022-11-18 17:00:19.756 [main] INFO  com.netflix.config.sources.URLConfigurationSource - To enable URLs as dynamic configuration sources, define System property archaius.configurationSource.additionalUrls or make config.properties available on classpath.
2022-11-18 17:00:20.167 [main] INFO  o.s.scheduling.concurrent.ThreadPoolTaskExecutor - Initializing ExecutorService 'applicationTaskExecutor'
2022-11-18 17:00:22.272 [main] INFO  o.s.scheduling.concurrent.ThreadPoolTaskScheduler - Initializing ExecutorService 'Nacso-Watch-Task-Scheduler'
2022-11-18 17:00:22.293 [main] INFO  com.alibaba.nacos.client.naming - initializer namespace from System Property :null
2022-11-18 17:00:22.295 [main] INFO  com.alibaba.nacos.client.naming - initializer namespace from System Environment :null
2022-11-18 17:00:22.297 [main] INFO  com.alibaba.nacos.client.naming - initializer namespace from System Property :null
2022-11-18 17:00:25.552 [main] INFO  s.d.s.web.plugins.DocumentationPluginsBootstrapper - Context refreshed
2022-11-18 17:00:25.599 [main] INFO  s.d.s.web.plugins.DocumentationPluginsBootstrapper - Found 1 custom documentation plugin(s)
2022-11-18 17:00:25.719 [main] INFO  s.d.spring.web.scanners.ApiListingReferenceScanner - Scanning for api listing references
2022-11-18 17:00:26.170 [main] INFO  s.d.s.w.r.operation.CachingOperationNameGenerator - Generating unique operation named: getQuestionsUsingGET_1
2022-11-18 17:00:26.225 [main] INFO  s.d.s.w.r.operation.CachingOperationNameGenerator - Generating unique operation named: deleteUsingPOST_1
2022-11-18 17:00:26.231 [main] INFO  s.d.s.w.r.operation.CachingOperationNameGenerator - Generating unique operation named: infoUsingGET_1
2022-11-18 17:00:26.236 [main] INFO  s.d.s.w.r.operation.CachingOperationNameGenerator - Generating unique operation named: listUsingGET_1
2022-11-18 17:00:26.253 [main] INFO  s.d.s.w.r.operation.CachingOperationNameGenerator - Generating unique operation named: saveUsingPOST_1
2022-11-18 17:00:26.268 [main] INFO  s.d.s.w.r.operation.CachingOperationNameGenerator - Generating unique operation named: deleteUsingPOST_2
2022-11-18 17:00:26.276 [main] INFO  s.d.s.w.r.operation.CachingOperationNameGenerator - Generating unique operation named: infoUsingGET_2
2022-11-18 17:00:26.281 [main] INFO  s.d.s.w.r.operation.CachingOperationNameGenerator - Generating unique operation named: listUsingGET_2
2022-11-18 17:00:26.295 [main] INFO  s.d.s.w.r.operation.CachingOperationNameGenerator - Generating unique operation named: saveUsingPOST_2
2022-11-18 17:00:26.326 [main] INFO  s.d.s.w.r.operation.CachingOperationNameGenerator - Generating unique operation named: updateUsingPOST_1
2022-11-18 17:00:26.387 [main] INFO  s.d.s.w.r.operation.CachingOperationNameGenerator - Generating unique operation named: deleteUsingPOST_3
2022-11-18 17:00:26.391 [main] INFO  s.d.s.w.r.operation.CachingOperationNameGenerator - Generating unique operation named: infoUsingGET_3
2022-11-18 17:00:26.397 [main] INFO  s.d.s.w.r.operation.CachingOperationNameGenerator - Generating unique operation named: listUsingGET_3
2022-11-18 17:00:26.405 [main] INFO  s.d.s.w.r.operation.CachingOperationNameGenerator - Generating unique operation named: saveUsingPOST_3
2022-11-18 17:00:26.410 [main] INFO  s.d.s.w.r.operation.CachingOperationNameGenerator - Generating unique operation named: updateUsingPOST_2
2022-11-18 17:00:26.415 [main] INFO  s.d.s.w.r.operation.CachingOperationNameGenerator - Generating unique operation named: listUsingGET_4
2022-11-18 17:00:26.455 [main] INFO  s.d.s.w.r.operation.CachingOperationNameGenerator - Generating unique operation named: deleteUsingPOST_4
2022-11-18 17:00:26.461 [main] INFO  s.d.s.w.r.operation.CachingOperationNameGenerator - Generating unique operation named: infoUsingGET_4
2022-11-18 17:00:26.471 [main] INFO  s.d.s.w.r.operation.CachingOperationNameGenerator - Generating unique operation named: listUsingGET_5
2022-11-18 17:00:26.487 [main] INFO  s.d.s.w.r.operation.CachingOperationNameGenerator - Generating unique operation named: saveUsingPOST_4
2022-11-18 17:00:26.498 [main] INFO  s.d.s.w.r.operation.CachingOperationNameGenerator - Generating unique operation named: updateUsingPOST_3
2022-11-18 17:00:26.508 [main] INFO  s.d.s.w.r.operation.CachingOperationNameGenerator - Generating unique operation named: deleteUsingPOST_5
2022-11-18 17:00:26.512 [main] INFO  s.d.s.w.r.operation.CachingOperationNameGenerator - Generating unique operation named: listUsingGET_6
2022-11-18 17:00:26.542 [main] INFO  s.d.s.w.r.operation.CachingOperationNameGenerator - Generating unique operation named: deleteUsingPOST_6
2022-11-18 17:00:26.547 [main] INFO  s.d.s.w.r.operation.CachingOperationNameGenerator - Generating unique operation named: infoUsingGET_5
2022-11-18 17:00:26.550 [main] INFO  s.d.s.w.r.operation.CachingOperationNameGenerator - Generating unique operation named: listUsingGET_7
2022-11-18 17:00:26.564 [main] INFO  s.d.s.w.r.operation.CachingOperationNameGenerator - Generating unique operation named: saveUsingPOST_5
2022-11-18 17:00:26.567 [main] INFO  s.d.s.w.r.operation.CachingOperationNameGenerator - Generating unique operation named: selectUsingGET_1
2022-11-18 17:00:26.570 [main] INFO  s.d.s.w.r.operation.CachingOperationNameGenerator - Generating unique operation named: updateUsingPOST_4
2022-11-18 17:00:26.576 [main] INFO  s.d.s.w.r.operation.CachingOperationNameGenerator - Generating unique operation named: deleteUsingPOST_7
2022-11-18 17:00:26.578 [main] INFO  s.d.s.w.r.operation.CachingOperationNameGenerator - Generating unique operation named: infoUsingGET_6
2022-11-18 17:00:26.581 [main] INFO  s.d.s.w.r.operation.CachingOperationNameGenerator - Generating unique operation named: infoUsingGET_7
2022-11-18 17:00:26.584 [main] INFO  s.d.s.w.r.operation.CachingOperationNameGenerator - Generating unique operation named: listUsingGET_8
2022-11-18 17:00:26.601 [main] INFO  s.d.s.w.r.operation.CachingOperationNameGenerator - Generating unique operation named: saveUsingPOST_6
2022-11-18 17:00:26.606 [main] INFO  s.d.s.w.r.operation.CachingOperationNameGenerator - Generating unique operation named: updateUsingPOST_5
2022-11-18 17:00:26.615 [main] INFO  s.d.s.w.r.operation.CachingOperationNameGenerator - Generating unique operation named: deleteUsingPOST_8
2022-11-18 17:00:26.619 [main] INFO  s.d.s.w.r.operation.CachingOperationNameGenerator - Generating unique operation named: infoUsingGET_8
2022-11-18 17:00:26.623 [main] INFO  s.d.s.w.r.operation.CachingOperationNameGenerator - Generating unique operation named: listUsingGET_9
2022-11-18 17:00:26.634 [main] INFO  s.d.s.w.r.operation.CachingOperationNameGenerator - Generating unique operation named: saveUsingPOST_7
2022-11-18 17:00:26.639 [main] INFO  s.d.s.w.r.operation.CachingOperationNameGenerator - Generating unique operation named: updateUsingPOST_6
2022-11-18 17:00:26.646 [main] INFO  s.d.s.w.r.operation.CachingOperationNameGenerator - Generating unique operation named: deleteUsingPOST_9
2022-11-18 17:00:26.652 [main] INFO  s.d.s.w.r.operation.CachingOperationNameGenerator - Generating unique operation named: infoUsingGET_9
2022-11-18 17:00:26.655 [main] INFO  s.d.s.w.r.operation.CachingOperationNameGenerator - Generating unique operation named: listUsingGET_10
2022-11-18 17:00:26.664 [main] INFO  s.d.s.w.r.operation.CachingOperationNameGenerator - Generating unique operation named: saveUsingPOST_8
2022-11-18 17:00:26.884 [main] INFO  s.d.s.w.r.operation.CachingOperationNameGenerator - Generating unique operation named: deleteUsingPOST_10
2022-11-18 17:00:26.890 [main] INFO  s.d.s.w.r.operation.CachingOperationNameGenerator - Generating unique operation named: infoUsingGET_10
2022-11-18 17:00:26.897 [main] INFO  s.d.s.w.r.operation.CachingOperationNameGenerator - Generating unique operation named: listUsingGET_11
2022-11-18 17:00:26.996 [main] INFO  s.d.s.w.r.operation.CachingOperationNameGenerator - Generating unique operation named: deleteUsingPOST_11
2022-11-18 17:00:27.002 [main] INFO  s.d.s.w.r.operation.CachingOperationNameGenerator - Generating unique operation named: infoUsingGET_11
2022-11-18 17:00:27.009 [main] INFO  s.d.s.w.r.operation.CachingOperationNameGenerator - Generating unique operation named: listUsingGET_12
2022-11-18 17:00:27.071 [main] INFO  s.d.s.w.r.operation.CachingOperationNameGenerator - Generating unique operation named: nativePayUsingPOST_1
2022-11-18 17:00:27.137 [main] INFO  s.d.s.w.r.operation.CachingOperationNameGenerator - Generating unique operation named: wxNotifyUsingGET_1
2022-11-18 17:00:27.142 [main] INFO  s.d.s.w.r.operation.CachingOperationNameGenerator - Generating unique operation named: wxNotifyUsingHEAD_1
2022-11-18 17:00:27.146 [main] INFO  s.d.s.w.r.operation.CachingOperationNameGenerator - Generating unique operation named: wxNotifyUsingPOST_1
2022-11-18 17:00:27.149 [main] INFO  s.d.s.w.r.operation.CachingOperationNameGenerator - Generating unique operation named: wxNotifyUsingPUT_1
2022-11-18 17:00:27.153 [main] INFO  s.d.s.w.r.operation.CachingOperationNameGenerator - Generating unique operation named: wxNotifyUsingPATCH_1
2022-11-18 17:00:27.156 [main] INFO  s.d.s.w.r.operation.CachingOperationNameGenerator - Generating unique operation named: wxNotifyUsingDELETE_1
2022-11-18 17:00:27.161 [main] INFO  s.d.s.w.r.operation.CachingOperationNameGenerator - Generating unique operation named: wxNotifyUsingOPTIONS_1
2022-11-18 17:00:27.165 [main] INFO  s.d.s.w.r.operation.CachingOperationNameGenerator - Generating unique operation named: wxNotifyUsingTRACE_1
2022-11-18 17:00:27.198 [main] INFO  s.d.s.w.r.operation.CachingOperationNameGenerator - Generating unique operation named: deleteUsingPOST_12
2022-11-18 17:00:27.202 [main] INFO  s.d.s.w.r.operation.CachingOperationNameGenerator - Generating unique operation named: infoUsingGET_12
2022-11-18 17:00:27.207 [main] INFO  s.d.s.w.r.operation.CachingOperationNameGenerator - Generating unique operation named: listUsingGET_13
2022-11-18 17:00:27.251 [main] INFO  s.d.s.w.r.operation.CachingOperationNameGenerator - Generating unique operation named: deleteUsingPOST_13
2022-11-18 17:00:27.255 [main] INFO  s.d.s.w.r.operation.CachingOperationNameGenerator - Generating unique operation named: listUsingGET_14
2022-11-18 17:00:27.261 [main] INFO  s.d.s.w.r.operation.CachingOperationNameGenerator - Generating unique operation named: saveUsingPOST_9
2022-11-18 17:00:27.890 [main] INFO  o.s.s.a.ScheduledAnnotationBeanPostProcessor - No TaskScheduler/ScheduledExecutorService bean found for scheduled processing
2022-11-18 17:00:27.907 [main] INFO  org.apache.coyote.http11.Http11NioProtocol - Starting ProtocolHandler ["http-nio-24501"]
2022-11-18 17:00:27.960 [main] INFO  o.s.boot.web.embedded.tomcat.TomcatWebServer - Tomcat started on port(s): 24501 (http) with context path '/xgateway/web'
2022-11-18 17:00:27.969 [main] INFO  com.alibaba.nacos.client.naming - [BEAT] adding beat: {"cluster":"DEFAULT","ip":"192.168.31.170","metadata":{"preserved.register.source":"SPRING_CLOUD"},"period":5000,"port":24501,"scheduled":false,"serviceName":"DEFAULT_GROUP@@xgateway-service-provider-lhc","stopped":false,"weight":1.0} to beat map.
2022-11-18 17:00:28.261 [main] INFO  com.alibaba.nacos.client.naming - [REGISTER-SERVICE] 6c1230e4-aef6-4d65-b7e0-1fac133250cd registering service DEFAULT_GROUP@@xgateway-service-provider-lhc with instance: {"clusterName":"DEFAULT","enabled":true,"ephemeral":true,"healthy":true,"instanceHeartBeatInterval":5000,"instanceHeartBeatTimeOut":15000,"ip":"192.168.31.170","ipDeleteTimeout":30000,"metadata":{"preserved.register.source":"SPRING_CLOUD"},"port":24501,"weight":1.0}
2022-11-18 17:00:28.401 [main] INFO  c.a.cloud.nacos.registry.NacosServiceRegistry - nacos registry, DEFAULT_GROUP xgateway-service-provider-lhc 192.168.31.170:24501 register finished
2022-11-18 17:00:29.636 [main] INFO  c.b.xgateway.provider.XgatewayProviderApplication - Started XgatewayProviderApplication in 40.865 seconds (JVM running for 44.792)
2022-11-18 17:00:29.642 [main] INFO  com.alibaba.nacos.client.config.impl.ClientWorker - [fixed-localhost_8848-6c1230e4-aef6-4d65-b7e0-1fac133250cd] [subscribe] xgateway-service-provider-lhc.properties+DEFAULT_GROUP+6c1230e4-aef6-4d65-b7e0-1fac133250cd
2022-11-18 17:00:29.643 [main] INFO  com.alibaba.nacos.client.config.impl.CacheData - [fixed-localhost_8848-6c1230e4-aef6-4d65-b7e0-1fac133250cd] [add-listener] ok, tenant=6c1230e4-aef6-4d65-b7e0-1fac133250cd, dataId=xgateway-service-provider-lhc.properties, group=DEFAULT_GROUP, cnt=1
2022-11-18 17:00:29.644 [main] INFO  com.alibaba.nacos.client.config.impl.ClientWorker - [fixed-localhost_8848-6c1230e4-aef6-4d65-b7e0-1fac133250cd] [subscribe] xgateway-mysql.properties+LOCAL_GROUP+6c1230e4-aef6-4d65-b7e0-1fac133250cd
2022-11-18 17:00:29.645 [main] INFO  com.alibaba.nacos.client.config.impl.CacheData - [fixed-localhost_8848-6c1230e4-aef6-4d65-b7e0-1fac133250cd] [add-listener] ok, tenant=6c1230e4-aef6-4d65-b7e0-1fac133250cd, dataId=xgateway-mysql.properties, group=LOCAL_GROUP, cnt=1
2022-11-18 17:00:29.645 [main] INFO  com.alibaba.nacos.client.config.impl.ClientWorker - [fixed-localhost_8848-6c1230e4-aef6-4d65-b7e0-1fac133250cd] [subscribe] xgateway-service-provider-lhc+DEFAULT_GROUP+6c1230e4-aef6-4d65-b7e0-1fac133250cd
2022-11-18 17:00:29.645 [main] INFO  com.alibaba.nacos.client.config.impl.CacheData - [fixed-localhost_8848-6c1230e4-aef6-4d65-b7e0-1fac133250cd] [add-listener] ok, tenant=6c1230e4-aef6-4d65-b7e0-1fac133250cd, dataId=xgateway-service-provider-lhc, group=DEFAULT_GROUP, cnt=1
2022-11-18 17:00:29.646 [main] INFO  com.alibaba.nacos.client.config.impl.ClientWorker - [fixed-localhost_8848-6c1230e4-aef6-4d65-b7e0-1fac133250cd] [subscribe] redis.properties+LOCAL_GROUP+6c1230e4-aef6-4d65-b7e0-1fac133250cd
2022-11-18 17:00:29.646 [main] INFO  com.alibaba.nacos.client.config.impl.CacheData - [fixed-localhost_8848-6c1230e4-aef6-4d65-b7e0-1fac133250cd] [add-listener] ok, tenant=6c1230e4-aef6-4d65-b7e0-1fac133250cd, dataId=redis.properties, group=LOCAL_GROUP, cnt=1
2022-11-18 17:00:29.647 [main] INFO  com.alibaba.nacos.client.config.impl.ClientWorker - [fixed-localhost_8848-6c1230e4-aef6-4d65-b7e0-1fac133250cd] [subscribe] app.properties+XGATEWAY_GROUP+6c1230e4-aef6-4d65-b7e0-1fac133250cd
2022-11-18 17:00:29.648 [main] INFO  com.alibaba.nacos.client.config.impl.CacheData - [fixed-localhost_8848-6c1230e4-aef6-4d65-b7e0-1fac133250cd] [add-listener] ok, tenant=6c1230e4-aef6-4d65-b7e0-1fac133250cd, dataId=app.properties, group=XGATEWAY_GROUP, cnt=1
2022-11-18 17:03:20.706 [http-nio-24501-exec-1] INFO  o.a.c.c.C.[Tomcat].[localhost].[/xgateway/web] - Initializing Spring DispatcherServlet 'dispatcherServlet'
2022-11-18 17:03:20.710 [http-nio-24501-exec-1] INFO  org.springframework.web.servlet.DispatcherServlet - Initializing Servlet 'dispatcherServlet'
2022-11-18 17:03:20.761 [http-nio-24501-exec-1] INFO  org.springframework.web.servlet.DispatcherServlet - Completed initialization in 51 ms
