2022-11-17 11:02:24.930 [main] INFO  c.a.n.client.config.impl.LocalConfigInfoProcessor - LOCAL_SNAPSHOT_PATH:C:\Users\huach\nacos\config
2022-11-17 11:02:25.060 [main] INFO  com.alibaba.nacos.client.config.impl.Limiter - limitTime:5.0
2022-11-17 11:02:26.267 [main] INFO  com.alibaba.nacos.client.config.utils.JVMUtil - isMultiInstance:false
2022-11-17 11:02:31.002 [main] INFO  o.s.c.b.c.PropertySourceBootstrapConfiguration - Located property source: [BootstrapPropertySource {name='bootstrapProperties-xgateway-service-provider-lhc.properties,DEFAULT_GROUP'}, BootstrapPropertySource {name='bootstrapProperties-xgateway-service-provider-lhc,DEFAULT_GROUP'}, BootstrapPropertySource {name='bootstrapProperties-app.properties,XGATEWAY_GROUP'}, BootstrapPropertySource {name='bootstrapProperties-redis.properties,LOCAL_GROUP'}, BootstrapPropertySource {name='bootstrapProperties-xgateway-mysql.properties,LOCAL_GROUP'}]
2022-11-17 11:02:31.014 [main] INFO  c.b.xgateway.provider.XgatewayProviderApplication - No active profile set, falling back to default profiles: default
2022-11-17 11:02:33.384 [main] INFO  o.s.d.r.config.RepositoryConfigurationDelegate - Multiple Spring Data modules found, entering strict repository configuration mode!
2022-11-17 11:02:33.386 [main] INFO  o.s.d.r.config.RepositoryConfigurationDelegate - Bootstrapping Spring Data repositories in DEFAULT mode.
2022-11-17 11:02:33.462 [main] INFO  o.s.d.r.config.RepositoryConfigurationDelegate - Finished Spring Data repository scanning in 59ms. Found 0 repository interfaces.
2022-11-17 11:02:34.051 [main] INFO  o.springframework.cloud.context.scope.GenericScope - BeanFactory id=f4c05557-1879-3001-8b56-5a2cd5a8431b
2022-11-17 11:02:34.195 [main] INFO  o.s.c.s.PostProcessorRegistrationDelegate$BeanPostProcessorChecker - Bean 'shiroConfig' of type [com.bairh.xgateway.provider.config.ShiroConfig$$EnhancerBySpringCGLIB$$b8efbd54] is not eligible for getting processed by all BeanPostProcessors (for example: not eligible for auto-proxying)
2022-11-17 11:02:34.421 [main] INFO  o.s.c.s.PostProcessorRegistrationDelegate$BeanPostProcessorChecker - Bean 'mybatis-plus-com.baomidou.mybatisplus.autoconfigure.MybatisPlusProperties' of type [com.baomidou.mybatisplus.autoconfigure.MybatisPlusProperties] is not eligible for getting processed by all BeanPostProcessors (for example: not eligible for auto-proxying)
2022-11-17 11:02:34.426 [main] INFO  o.s.c.s.PostProcessorRegistrationDelegate$BeanPostProcessorChecker - Bean 'mybatisPlusConfig' of type [com.bairh.xgateway.provider.config.MybatisPlusConfig$$EnhancerBySpringCGLIB$$36162070] is not eligible for getting processed by all BeanPostProcessors (for example: not eligible for auto-proxying)
2022-11-17 11:02:34.436 [main] INFO  o.s.c.s.PostProcessorRegistrationDelegate$BeanPostProcessorChecker - Bean 'paginationInterceptor' of type [com.baomidou.mybatisplus.extension.plugins.PaginationInterceptor] is not eligible for getting processed by all BeanPostProcessors (for example: not eligible for auto-proxying)
2022-11-17 11:02:34.445 [main] INFO  o.s.c.s.PostProcessorRegistrationDelegate$BeanPostProcessorChecker - Bean 'com.baomidou.mybatisplus.autoconfigure.MybatisPlusAutoConfiguration' of type [com.baomidou.mybatisplus.autoconfigure.MybatisPlusAutoConfiguration$$EnhancerBySpringCGLIB$$9e4afd2c] is not eligible for getting processed by all BeanPostProcessors (for example: not eligible for auto-proxying)
2022-11-17 11:02:34.447 [main] INFO  o.s.c.s.PostProcessorRegistrationDelegate$BeanPostProcessorChecker - Bean 'com.alibaba.druid.spring.boot.autoconfigure.DruidDataSourceAutoConfigure' of type [com.alibaba.druid.spring.boot.autoconfigure.DruidDataSourceAutoConfigure$$EnhancerBySpringCGLIB$$7a2e8604] is not eligible for getting processed by all BeanPostProcessors (for example: not eligible for auto-proxying)
2022-11-17 11:02:34.449 [main] INFO  c.a.d.s.b.a.DruidDataSourceAutoConfigure - Init DruidDataSource
2022-11-17 11:02:34.534 [main] INFO  o.s.c.s.PostProcessorRegistrationDelegate$BeanPostProcessorChecker - Bean 'spring.datasource-org.springframework.boot.autoconfigure.jdbc.DataSourceProperties' of type [org.springframework.boot.autoconfigure.jdbc.DataSourceProperties] is not eligible for getting processed by all BeanPostProcessors (for example: not eligible for auto-proxying)
2022-11-17 11:03:26.053 [main] INFO  com.alibaba.druid.pool.DruidDataSource - {dataSource-1} inited
2022-11-17 11:03:26.053 [main] INFO  o.s.c.s.PostProcessorRegistrationDelegate$BeanPostProcessorChecker - Bean 'dataSource' of type [com.alibaba.druid.spring.boot.autoconfigure.DruidDataSourceWrapper] is not eligible for getting processed by all BeanPostProcessors (for example: not eligible for auto-proxying)
2022-11-17 11:03:27.192 [main] INFO  o.s.c.s.PostProcessorRegistrationDelegate$BeanPostProcessorChecker - Bean 'sqlSessionFactory' of type [org.apache.ibatis.session.defaults.DefaultSqlSessionFactory] is not eligible for getting processed by all BeanPostProcessors (for example: not eligible for auto-proxying)
2022-11-17 11:03:27.197 [main] INFO  o.s.c.s.PostProcessorRegistrationDelegate$BeanPostProcessorChecker - Bean 'sqlSessionTemplate' of type [org.mybatis.spring.SqlSessionTemplate] is not eligible for getting processed by all BeanPostProcessors (for example: not eligible for auto-proxying)
2022-11-17 11:03:27.198 [main] INFO  o.s.c.s.PostProcessorRegistrationDelegate$BeanPostProcessorChecker - Bean 'sysMenuDao' of type [org.mybatis.spring.mapper.MapperFactoryBean] is not eligible for getting processed by all BeanPostProcessors (for example: not eligible for auto-proxying)
2022-11-17 11:03:27.199 [main] INFO  o.s.c.s.PostProcessorRegistrationDelegate$BeanPostProcessorChecker - Bean 'sysMenuDao' of type [com.sun.proxy.$Proxy115] is not eligible for getting processed by all BeanPostProcessors (for example: not eligible for auto-proxying)
2022-11-17 11:03:27.200 [main] INFO  o.s.c.s.PostProcessorRegistrationDelegate$BeanPostProcessorChecker - Bean 'sysUserDao' of type [org.mybatis.spring.mapper.MapperFactoryBean] is not eligible for getting processed by all BeanPostProcessors (for example: not eligible for auto-proxying)
2022-11-17 11:03:27.201 [main] INFO  o.s.c.s.PostProcessorRegistrationDelegate$BeanPostProcessorChecker - Bean 'sysUserDao' of type [com.sun.proxy.$Proxy116] is not eligible for getting processed by all BeanPostProcessors (for example: not eligible for auto-proxying)
2022-11-17 11:03:27.202 [main] INFO  o.s.c.s.PostProcessorRegistrationDelegate$BeanPostProcessorChecker - Bean 'sysUserTokenDao' of type [org.mybatis.spring.mapper.MapperFactoryBean] is not eligible for getting processed by all BeanPostProcessors (for example: not eligible for auto-proxying)
2022-11-17 11:03:27.203 [main] INFO  o.s.c.s.PostProcessorRegistrationDelegate$BeanPostProcessorChecker - Bean 'sysUserTokenDao' of type [com.sun.proxy.$Proxy117] is not eligible for getting processed by all BeanPostProcessors (for example: not eligible for auto-proxying)
2022-11-17 11:03:27.203 [main] INFO  o.s.c.s.PostProcessorRegistrationDelegate$BeanPostProcessorChecker - Bean 'shiroServiceImpl' of type [com.bairh.xgateway.provider.modules.sys.service.impl.ShiroServiceImpl] is not eligible for getting processed by all BeanPostProcessors (for example: not eligible for auto-proxying)
2022-11-17 11:03:27.203 [main] INFO  o.s.c.s.PostProcessorRegistrationDelegate$BeanPostProcessorChecker - Bean 'OAuth2Realm' of type [com.bairh.xgateway.provider.modules.sys.oauth2.OAuth2Realm] is not eligible for getting processed by all BeanPostProcessors (for example: not eligible for auto-proxying)
2022-11-17 11:03:27.635 [main] INFO  o.s.c.s.PostProcessorRegistrationDelegate$BeanPostProcessorChecker - Bean 'securityManager' of type [org.apache.shiro.web.mgt.DefaultWebSecurityManager] is not eligible for getting processed by all BeanPostProcessors (for example: not eligible for auto-proxying)
2022-11-17 11:03:27.708 [main] INFO  o.s.c.s.PostProcessorRegistrationDelegate$BeanPostProcessorChecker - Bean 'authorizationAttributeSourceAdvisor' of type [org.apache.shiro.spring.security.interceptor.AuthorizationAttributeSourceAdvisor] is not eligible for getting processed by all BeanPostProcessors (for example: not eligible for auto-proxying)
2022-11-17 11:03:27.739 [main] INFO  o.s.c.s.PostProcessorRegistrationDelegate$BeanPostProcessorChecker - Bean 'org.springframework.transaction.annotation.ProxyTransactionManagementConfiguration' of type [org.springframework.transaction.annotation.ProxyTransactionManagementConfiguration] is not eligible for getting processed by all BeanPostProcessors (for example: not eligible for auto-proxying)
2022-11-17 11:03:28.215 [main] INFO  o.s.boot.web.embedded.tomcat.TomcatWebServer - Tomcat initialized with port(s): 24501 (http)
2022-11-17 11:03:28.225 [main] INFO  org.apache.coyote.http11.Http11NioProtocol - Initializing ProtocolHandler ["http-nio-24501"]
2022-11-17 11:03:28.225 [main] INFO  org.apache.catalina.core.StandardService - Starting service [Tomcat]
2022-11-17 11:03:28.225 [main] INFO  org.apache.catalina.core.StandardEngine - Starting Servlet engine: [Apache Tomcat/9.0.27]
2022-11-17 11:03:28.374 [main] INFO  o.a.c.c.C.[Tomcat].[localhost].[/xgateway/web] - Initializing Spring embedded WebApplicationContext
2022-11-17 11:03:28.374 [main] INFO  org.springframework.web.context.ContextLoader - Root WebApplicationContext: initialization completed in 57278 ms
2022-11-17 11:03:30.305 [main] INFO  c.b.x.p.m.wx.service.impl.WxAccountServiceImpl - 加载公众号配置...
2022-11-17 11:03:31.032 [main] INFO  c.b.x.p.m.wx.service.impl.WxAccountServiceImpl - 加载到1条公众号配置
2022-11-17 11:03:31.125 [main] INFO  c.b.x.p.m.wx.service.impl.WxAccountServiceImpl - 公众号配置加载完成
2022-11-17 11:03:31.624 [main] INFO  io.lettuce.core.EpollProvider - Starting without optional epoll library
2022-11-17 11:03:31.626 [main] INFO  io.lettuce.core.KqueueProvider - Starting without optional kqueue library
2022-11-17 11:03:36.978 [main] INFO  s.d.s.w.PropertySourcedRequestMappingHandlerMapping - Mapped URL path [/v2/api-docs] onto method [springfox.documentation.swagger2.web.Swagger2Controller#getDocumentation(String, HttpServletRequest)]
2022-11-17 11:03:37.126 [main] INFO  com.netflix.config.sources.URLConfigurationSource - To enable URLs as dynamic configuration sources, define System property archaius.configurationSource.additionalUrls or make config.properties available on classpath.
2022-11-17 11:03:37.166 [main] INFO  com.netflix.config.sources.URLConfigurationSource - To enable URLs as dynamic configuration sources, define System property archaius.configurationSource.additionalUrls or make config.properties available on classpath.
2022-11-17 11:03:37.722 [main] INFO  o.s.scheduling.concurrent.ThreadPoolTaskExecutor - Initializing ExecutorService 'applicationTaskExecutor'
2022-11-17 11:03:39.721 [main] INFO  o.s.scheduling.concurrent.ThreadPoolTaskScheduler - Initializing ExecutorService 'Nacso-Watch-Task-Scheduler'
2022-11-17 11:03:39.739 [main] INFO  com.alibaba.nacos.client.naming - initializer namespace from System Property :null
2022-11-17 11:03:39.740 [main] INFO  com.alibaba.nacos.client.naming - initializer namespace from System Environment :null
2022-11-17 11:03:39.741 [main] INFO  com.alibaba.nacos.client.naming - initializer namespace from System Property :null
2022-11-17 11:03:44.297 [main] INFO  s.d.s.web.plugins.DocumentationPluginsBootstrapper - Context refreshed
2022-11-17 11:03:44.339 [main] INFO  s.d.s.web.plugins.DocumentationPluginsBootstrapper - Found 1 custom documentation plugin(s)
2022-11-17 11:03:44.468 [main] INFO  s.d.spring.web.scanners.ApiListingReferenceScanner - Scanning for api listing references
2022-11-17 11:03:45.111 [main] INFO  s.d.s.w.r.operation.CachingOperationNameGenerator - Generating unique operation named: getQuestionsUsingGET_1
2022-11-17 11:03:45.187 [main] INFO  s.d.s.w.r.operation.CachingOperationNameGenerator - Generating unique operation named: deleteUsingPOST_1
2022-11-17 11:03:45.195 [main] INFO  s.d.s.w.r.operation.CachingOperationNameGenerator - Generating unique operation named: infoUsingGET_1
2022-11-17 11:03:45.204 [main] INFO  s.d.s.w.r.operation.CachingOperationNameGenerator - Generating unique operation named: listUsingGET_1
2022-11-17 11:03:45.232 [main] INFO  s.d.s.w.r.operation.CachingOperationNameGenerator - Generating unique operation named: saveUsingPOST_1
2022-11-17 11:03:45.256 [main] INFO  s.d.s.w.r.operation.CachingOperationNameGenerator - Generating unique operation named: deleteUsingPOST_2
2022-11-17 11:03:45.270 [main] INFO  s.d.s.w.r.operation.CachingOperationNameGenerator - Generating unique operation named: infoUsingGET_2
2022-11-17 11:03:45.280 [main] INFO  s.d.s.w.r.operation.CachingOperationNameGenerator - Generating unique operation named: listUsingGET_2
2022-11-17 11:03:45.298 [main] INFO  s.d.s.w.r.operation.CachingOperationNameGenerator - Generating unique operation named: saveUsingPOST_2
2022-11-17 11:03:45.360 [main] INFO  s.d.s.w.r.operation.CachingOperationNameGenerator - Generating unique operation named: updateUsingPOST_1
2022-11-17 11:03:45.450 [main] INFO  s.d.s.w.r.operation.CachingOperationNameGenerator - Generating unique operation named: deleteUsingPOST_3
2022-11-17 11:03:45.456 [main] INFO  s.d.s.w.r.operation.CachingOperationNameGenerator - Generating unique operation named: infoUsingGET_3
2022-11-17 11:03:45.461 [main] INFO  s.d.s.w.r.operation.CachingOperationNameGenerator - Generating unique operation named: listUsingGET_3
2022-11-17 11:03:45.471 [main] INFO  s.d.s.w.r.operation.CachingOperationNameGenerator - Generating unique operation named: saveUsingPOST_3
2022-11-17 11:03:45.476 [main] INFO  s.d.s.w.r.operation.CachingOperationNameGenerator - Generating unique operation named: updateUsingPOST_2
2022-11-17 11:03:45.484 [main] INFO  s.d.s.w.r.operation.CachingOperationNameGenerator - Generating unique operation named: listUsingGET_4
2022-11-17 11:03:45.530 [main] INFO  s.d.s.w.r.operation.CachingOperationNameGenerator - Generating unique operation named: deleteUsingPOST_4
2022-11-17 11:03:45.536 [main] INFO  s.d.s.w.r.operation.CachingOperationNameGenerator - Generating unique operation named: infoUsingGET_4
2022-11-17 11:03:45.548 [main] INFO  s.d.s.w.r.operation.CachingOperationNameGenerator - Generating unique operation named: listUsingGET_5
2022-11-17 11:03:45.565 [main] INFO  s.d.s.w.r.operation.CachingOperationNameGenerator - Generating unique operation named: saveUsingPOST_4
2022-11-17 11:03:45.584 [main] INFO  s.d.s.w.r.operation.CachingOperationNameGenerator - Generating unique operation named: updateUsingPOST_3
2022-11-17 11:03:45.602 [main] INFO  s.d.s.w.r.operation.CachingOperationNameGenerator - Generating unique operation named: deleteUsingPOST_5
2022-11-17 11:03:45.608 [main] INFO  s.d.s.w.r.operation.CachingOperationNameGenerator - Generating unique operation named: listUsingGET_6
2022-11-17 11:03:45.666 [main] INFO  s.d.s.w.r.operation.CachingOperationNameGenerator - Generating unique operation named: deleteUsingPOST_6
2022-11-17 11:03:45.671 [main] INFO  s.d.s.w.r.operation.CachingOperationNameGenerator - Generating unique operation named: infoUsingGET_5
2022-11-17 11:03:45.677 [main] INFO  s.d.s.w.r.operation.CachingOperationNameGenerator - Generating unique operation named: listUsingGET_7
2022-11-17 11:03:45.686 [main] INFO  s.d.s.w.r.operation.CachingOperationNameGenerator - Generating unique operation named: saveUsingPOST_5
2022-11-17 11:03:45.691 [main] INFO  s.d.s.w.r.operation.CachingOperationNameGenerator - Generating unique operation named: selectUsingGET_1
2022-11-17 11:03:45.696 [main] INFO  s.d.s.w.r.operation.CachingOperationNameGenerator - Generating unique operation named: updateUsingPOST_4
2022-11-17 11:03:45.703 [main] INFO  s.d.s.w.r.operation.CachingOperationNameGenerator - Generating unique operation named: deleteUsingPOST_7
2022-11-17 11:03:45.707 [main] INFO  s.d.s.w.r.operation.CachingOperationNameGenerator - Generating unique operation named: infoUsingGET_6
2022-11-17 11:03:45.711 [main] INFO  s.d.s.w.r.operation.CachingOperationNameGenerator - Generating unique operation named: infoUsingGET_7
2022-11-17 11:03:45.716 [main] INFO  s.d.s.w.r.operation.CachingOperationNameGenerator - Generating unique operation named: listUsingGET_8
2022-11-17 11:03:45.734 [main] INFO  s.d.s.w.r.operation.CachingOperationNameGenerator - Generating unique operation named: saveUsingPOST_6
2022-11-17 11:03:45.739 [main] INFO  s.d.s.w.r.operation.CachingOperationNameGenerator - Generating unique operation named: updateUsingPOST_5
2022-11-17 11:03:45.746 [main] INFO  s.d.s.w.r.operation.CachingOperationNameGenerator - Generating unique operation named: deleteUsingPOST_8
2022-11-17 11:03:45.751 [main] INFO  s.d.s.w.r.operation.CachingOperationNameGenerator - Generating unique operation named: infoUsingGET_8
2022-11-17 11:03:45.756 [main] INFO  s.d.s.w.r.operation.CachingOperationNameGenerator - Generating unique operation named: listUsingGET_9
2022-11-17 11:03:45.765 [main] INFO  s.d.s.w.r.operation.CachingOperationNameGenerator - Generating unique operation named: saveUsingPOST_7
2022-11-17 11:03:45.771 [main] INFO  s.d.s.w.r.operation.CachingOperationNameGenerator - Generating unique operation named: updateUsingPOST_6
2022-11-17 11:03:45.778 [main] INFO  s.d.s.w.r.operation.CachingOperationNameGenerator - Generating unique operation named: deleteUsingPOST_9
2022-11-17 11:03:45.782 [main] INFO  s.d.s.w.r.operation.CachingOperationNameGenerator - Generating unique operation named: infoUsingGET_9
2022-11-17 11:03:45.786 [main] INFO  s.d.s.w.r.operation.CachingOperationNameGenerator - Generating unique operation named: listUsingGET_10
2022-11-17 11:03:45.796 [main] INFO  s.d.s.w.r.operation.CachingOperationNameGenerator - Generating unique operation named: saveUsingPOST_8
2022-11-17 11:03:46.002 [main] INFO  s.d.s.w.r.operation.CachingOperationNameGenerator - Generating unique operation named: deleteUsingPOST_10
2022-11-17 11:03:46.008 [main] INFO  s.d.s.w.r.operation.CachingOperationNameGenerator - Generating unique operation named: infoUsingGET_10
2022-11-17 11:03:46.013 [main] INFO  s.d.s.w.r.operation.CachingOperationNameGenerator - Generating unique operation named: listUsingGET_11
2022-11-17 11:03:46.086 [main] INFO  s.d.s.w.r.operation.CachingOperationNameGenerator - Generating unique operation named: deleteUsingPOST_11
2022-11-17 11:03:46.089 [main] INFO  s.d.s.w.r.operation.CachingOperationNameGenerator - Generating unique operation named: infoUsingGET_11
2022-11-17 11:03:46.091 [main] INFO  s.d.s.w.r.operation.CachingOperationNameGenerator - Generating unique operation named: listUsingGET_12
2022-11-17 11:03:46.127 [main] INFO  s.d.s.w.r.operation.CachingOperationNameGenerator - Generating unique operation named: nativePayUsingPOST_1
2022-11-17 11:03:46.241 [main] INFO  s.d.s.w.r.operation.CachingOperationNameGenerator - Generating unique operation named: wxNotifyUsingGET_1
2022-11-17 11:03:46.243 [main] INFO  s.d.s.w.r.operation.CachingOperationNameGenerator - Generating unique operation named: wxNotifyUsingHEAD_1
2022-11-17 11:03:46.245 [main] INFO  s.d.s.w.r.operation.CachingOperationNameGenerator - Generating unique operation named: wxNotifyUsingPOST_1
2022-11-17 11:03:46.247 [main] INFO  s.d.s.w.r.operation.CachingOperationNameGenerator - Generating unique operation named: wxNotifyUsingPUT_1
2022-11-17 11:03:46.248 [main] INFO  s.d.s.w.r.operation.CachingOperationNameGenerator - Generating unique operation named: wxNotifyUsingPATCH_1
2022-11-17 11:03:46.250 [main] INFO  s.d.s.w.r.operation.CachingOperationNameGenerator - Generating unique operation named: wxNotifyUsingDELETE_1
2022-11-17 11:03:46.251 [main] INFO  s.d.s.w.r.operation.CachingOperationNameGenerator - Generating unique operation named: wxNotifyUsingOPTIONS_1
2022-11-17 11:03:46.253 [main] INFO  s.d.s.w.r.operation.CachingOperationNameGenerator - Generating unique operation named: wxNotifyUsingTRACE_1
2022-11-17 11:03:46.272 [main] INFO  s.d.s.w.r.operation.CachingOperationNameGenerator - Generating unique operation named: deleteUsingPOST_12
2022-11-17 11:03:46.275 [main] INFO  s.d.s.w.r.operation.CachingOperationNameGenerator - Generating unique operation named: infoUsingGET_12
2022-11-17 11:03:46.277 [main] INFO  s.d.s.w.r.operation.CachingOperationNameGenerator - Generating unique operation named: listUsingGET_13
2022-11-17 11:03:46.303 [main] INFO  s.d.s.w.r.operation.CachingOperationNameGenerator - Generating unique operation named: deleteUsingPOST_13
2022-11-17 11:03:46.306 [main] INFO  s.d.s.w.r.operation.CachingOperationNameGenerator - Generating unique operation named: listUsingGET_14
2022-11-17 11:03:46.310 [main] INFO  s.d.s.w.r.operation.CachingOperationNameGenerator - Generating unique operation named: saveUsingPOST_9
2022-11-17 11:03:50.378 [main] INFO  o.s.s.a.ScheduledAnnotationBeanPostProcessor - No TaskScheduler/ScheduledExecutorService bean found for scheduled processing
2022-11-17 11:03:50.390 [main] INFO  org.apache.coyote.http11.Http11NioProtocol - Starting ProtocolHandler ["http-nio-24501"]
2022-11-17 11:03:50.424 [main] INFO  o.s.boot.web.embedded.tomcat.TomcatWebServer - Tomcat started on port(s): 24501 (http) with context path '/xgateway/web'
2022-11-17 11:03:50.428 [main] INFO  com.alibaba.nacos.client.naming - [BEAT] adding beat: {"cluster":"DEFAULT","ip":"192.168.31.169","metadata":{"preserved.register.source":"SPRING_CLOUD"},"period":5000,"port":24501,"scheduled":false,"serviceName":"DEFAULT_GROUP@@xgateway-service-provider-lhc","stopped":false,"weight":1.0} to beat map.
2022-11-17 11:03:50.533 [main] INFO  com.alibaba.nacos.client.naming - [REGISTER-SERVICE] 6c1230e4-aef6-4d65-b7e0-1fac133250cd registering service DEFAULT_GROUP@@xgateway-service-provider-lhc with instance: {"clusterName":"DEFAULT","enabled":true,"ephemeral":true,"healthy":true,"instanceHeartBeatInterval":5000,"instanceHeartBeatTimeOut":15000,"ip":"192.168.31.169","ipDeleteTimeout":30000,"metadata":{"preserved.register.source":"SPRING_CLOUD"},"port":24501,"weight":1.0}
2022-11-17 11:03:51.829 [main] INFO  c.a.cloud.nacos.registry.NacosServiceRegistry - nacos registry, DEFAULT_GROUP xgateway-service-provider-lhc 192.168.31.169:24501 register finished
2022-11-17 11:03:52.500 [main] INFO  c.b.xgateway.provider.XgatewayProviderApplication - Started XgatewayProviderApplication in 94.836 seconds (JVM running for 97.624)
2022-11-17 11:03:52.505 [main] INFO  com.alibaba.nacos.client.config.impl.ClientWorker - [fixed-localhost_8848-6c1230e4-aef6-4d65-b7e0-1fac133250cd] [subscribe] xgateway-service-provider-lhc.properties+DEFAULT_GROUP+6c1230e4-aef6-4d65-b7e0-1fac133250cd
2022-11-17 11:03:52.506 [main] INFO  com.alibaba.nacos.client.config.impl.CacheData - [fixed-localhost_8848-6c1230e4-aef6-4d65-b7e0-1fac133250cd] [add-listener] ok, tenant=6c1230e4-aef6-4d65-b7e0-1fac133250cd, dataId=xgateway-service-provider-lhc.properties, group=DEFAULT_GROUP, cnt=1
2022-11-17 11:03:52.507 [main] INFO  com.alibaba.nacos.client.config.impl.ClientWorker - [fixed-localhost_8848-6c1230e4-aef6-4d65-b7e0-1fac133250cd] [subscribe] xgateway-mysql.properties+LOCAL_GROUP+6c1230e4-aef6-4d65-b7e0-1fac133250cd
2022-11-17 11:03:52.508 [main] INFO  com.alibaba.nacos.client.config.impl.CacheData - [fixed-localhost_8848-6c1230e4-aef6-4d65-b7e0-1fac133250cd] [add-listener] ok, tenant=6c1230e4-aef6-4d65-b7e0-1fac133250cd, dataId=xgateway-mysql.properties, group=LOCAL_GROUP, cnt=1
2022-11-17 11:03:52.508 [main] INFO  com.alibaba.nacos.client.config.impl.ClientWorker - [fixed-localhost_8848-6c1230e4-aef6-4d65-b7e0-1fac133250cd] [subscribe] xgateway-service-provider-lhc+DEFAULT_GROUP+6c1230e4-aef6-4d65-b7e0-1fac133250cd
2022-11-17 11:03:52.508 [main] INFO  com.alibaba.nacos.client.config.impl.CacheData - [fixed-localhost_8848-6c1230e4-aef6-4d65-b7e0-1fac133250cd] [add-listener] ok, tenant=6c1230e4-aef6-4d65-b7e0-1fac133250cd, dataId=xgateway-service-provider-lhc, group=DEFAULT_GROUP, cnt=1
2022-11-17 11:03:52.509 [main] INFO  com.alibaba.nacos.client.config.impl.ClientWorker - [fixed-localhost_8848-6c1230e4-aef6-4d65-b7e0-1fac133250cd] [subscribe] redis.properties+LOCAL_GROUP+6c1230e4-aef6-4d65-b7e0-1fac133250cd
2022-11-17 11:03:52.509 [main] INFO  com.alibaba.nacos.client.config.impl.CacheData - [fixed-localhost_8848-6c1230e4-aef6-4d65-b7e0-1fac133250cd] [add-listener] ok, tenant=6c1230e4-aef6-4d65-b7e0-1fac133250cd, dataId=redis.properties, group=LOCAL_GROUP, cnt=1
2022-11-17 11:03:52.510 [main] INFO  com.alibaba.nacos.client.config.impl.ClientWorker - [fixed-localhost_8848-6c1230e4-aef6-4d65-b7e0-1fac133250cd] [subscribe] app.properties+XGATEWAY_GROUP+6c1230e4-aef6-4d65-b7e0-1fac133250cd
2022-11-17 11:03:52.510 [main] INFO  com.alibaba.nacos.client.config.impl.CacheData - [fixed-localhost_8848-6c1230e4-aef6-4d65-b7e0-1fac133250cd] [add-listener] ok, tenant=6c1230e4-aef6-4d65-b7e0-1fac133250cd, dataId=app.properties, group=XGATEWAY_GROUP, cnt=1
2022-11-17 11:04:18.621 [http-nio-24501-exec-1] INFO  o.a.c.c.C.[Tomcat].[localhost].[/xgateway/web] - Initializing Spring DispatcherServlet 'dispatcherServlet'
2022-11-17 11:04:18.624 [http-nio-24501-exec-1] INFO  org.springframework.web.servlet.DispatcherServlet - Initializing Servlet 'dispatcherServlet'
2022-11-17 11:04:18.640 [http-nio-24501-exec-1] INFO  org.springframework.web.servlet.DispatcherServlet - Completed initialization in 16 ms
2022-11-17 12:02:51.148 [SpringContextShutdownHook] INFO  c.a.cloud.nacos.registry.NacosServiceRegistry - De-registering from Nacos Server now...
2022-11-17 12:02:51.151 [SpringContextShutdownHook] INFO  com.alibaba.nacos.client.naming - [BEAT] removing beat: DEFAULT_GROUP@@xgateway-service-provider-lhc:192.168.31.169:24501 from beat map.
2022-11-17 12:02:51.151 [SpringContextShutdownHook] INFO  com.alibaba.nacos.client.naming - [DEREGISTER-SERVICE] 6c1230e4-aef6-4d65-b7e0-1fac133250cd deregistering service DEFAULT_GROUP@@xgateway-service-provider-lhc with instance: {"clusterName":"DEFAULT","enabled":true,"ephemeral":true,"healthy":true,"instanceHeartBeatInterval":5000,"instanceHeartBeatTimeOut":15000,"instanceIdGenerator":"simple","ip":"192.168.31.169","ipDeleteTimeout":30000,"metadata":{},"port":24501,"weight":1.0}
2022-11-17 12:02:51.232 [SpringContextShutdownHook] INFO  c.a.cloud.nacos.registry.NacosServiceRegistry - De-registration finished.
2022-11-17 12:02:51.262 [SpringContextShutdownHook] INFO  o.s.scheduling.concurrent.ThreadPoolTaskExecutor - Shutting down ExecutorService 'applicationTaskExecutor'
2022-11-17 12:02:53.255 [SpringContextShutdownHook] INFO  com.alibaba.druid.pool.DruidDataSource - {dataSource-1} closing ...
2022-11-17 12:02:53.289 [SpringContextShutdownHook] INFO  com.alibaba.druid.pool.DruidDataSource - {dataSource-1} closed
2022-11-17 12:03:18.673 [main] INFO  c.a.n.client.config.impl.LocalConfigInfoProcessor - LOCAL_SNAPSHOT_PATH:C:\Users\huach\nacos\config
2022-11-17 12:03:18.761 [main] INFO  com.alibaba.nacos.client.config.impl.Limiter - limitTime:5.0
2022-11-17 12:03:19.008 [main] INFO  com.alibaba.nacos.client.config.utils.JVMUtil - isMultiInstance:false
2022-11-17 12:03:19.439 [main] INFO  o.s.c.b.c.PropertySourceBootstrapConfiguration - Located property source: [BootstrapPropertySource {name='bootstrapProperties-xgateway-service-provider-lhc.properties,DEFAULT_GROUP'}, BootstrapPropertySource {name='bootstrapProperties-xgateway-service-provider-lhc,DEFAULT_GROUP'}, BootstrapPropertySource {name='bootstrapProperties-app.properties,XGATEWAY_GROUP'}, BootstrapPropertySource {name='bootstrapProperties-redis.properties,LOCAL_GROUP'}, BootstrapPropertySource {name='bootstrapProperties-xgateway-mysql.properties,LOCAL_GROUP'}]
2022-11-17 12:03:19.454 [main] INFO  c.b.xgateway.provider.XgatewayProviderApplication - No active profile set, falling back to default profiles: default
2022-11-17 12:03:23.724 [main] INFO  o.s.d.r.config.RepositoryConfigurationDelegate - Multiple Spring Data modules found, entering strict repository configuration mode!
2022-11-17 12:03:23.731 [main] INFO  o.s.d.r.config.RepositoryConfigurationDelegate - Bootstrapping Spring Data repositories in DEFAULT mode.
2022-11-17 12:03:23.920 [main] INFO  o.s.d.r.config.RepositoryConfigurationDelegate - Finished Spring Data repository scanning in 152ms. Found 0 repository interfaces.
2022-11-17 12:03:24.973 [main] INFO  o.springframework.cloud.context.scope.GenericScope - BeanFactory id=f4c05557-1879-3001-8b56-5a2cd5a8431b
2022-11-17 12:03:25.216 [main] INFO  o.s.c.s.PostProcessorRegistrationDelegate$BeanPostProcessorChecker - Bean 'shiroConfig' of type [com.bairh.xgateway.provider.config.ShiroConfig$$EnhancerBySpringCGLIB$$6e953510] is not eligible for getting processed by all BeanPostProcessors (for example: not eligible for auto-proxying)
2022-11-17 12:03:25.649 [main] INFO  o.s.c.s.PostProcessorRegistrationDelegate$BeanPostProcessorChecker - Bean 'mybatis-plus-com.baomidou.mybatisplus.autoconfigure.MybatisPlusProperties' of type [com.baomidou.mybatisplus.autoconfigure.MybatisPlusProperties] is not eligible for getting processed by all BeanPostProcessors (for example: not eligible for auto-proxying)
2022-11-17 12:03:25.661 [main] INFO  o.s.c.s.PostProcessorRegistrationDelegate$BeanPostProcessorChecker - Bean 'mybatisPlusConfig' of type [com.bairh.xgateway.provider.config.MybatisPlusConfig$$EnhancerBySpringCGLIB$$ebbb982c] is not eligible for getting processed by all BeanPostProcessors (for example: not eligible for auto-proxying)
2022-11-17 12:03:25.681 [main] INFO  o.s.c.s.PostProcessorRegistrationDelegate$BeanPostProcessorChecker - Bean 'paginationInterceptor' of type [com.baomidou.mybatisplus.extension.plugins.PaginationInterceptor] is not eligible for getting processed by all BeanPostProcessors (for example: not eligible for auto-proxying)
2022-11-17 12:03:25.703 [main] INFO  o.s.c.s.PostProcessorRegistrationDelegate$BeanPostProcessorChecker - Bean 'com.baomidou.mybatisplus.autoconfigure.MybatisPlusAutoConfiguration' of type [com.baomidou.mybatisplus.autoconfigure.MybatisPlusAutoConfiguration$$EnhancerBySpringCGLIB$$53f074e8] is not eligible for getting processed by all BeanPostProcessors (for example: not eligible for auto-proxying)
2022-11-17 12:03:25.706 [main] INFO  o.s.c.s.PostProcessorRegistrationDelegate$BeanPostProcessorChecker - Bean 'com.alibaba.druid.spring.boot.autoconfigure.DruidDataSourceAutoConfigure' of type [com.alibaba.druid.spring.boot.autoconfigure.DruidDataSourceAutoConfigure$$EnhancerBySpringCGLIB$$2fd3fdc0] is not eligible for getting processed by all BeanPostProcessors (for example: not eligible for auto-proxying)
2022-11-17 12:03:25.710 [main] INFO  c.a.d.s.b.a.DruidDataSourceAutoConfigure - Init DruidDataSource
2022-11-17 12:03:25.879 [main] INFO  o.s.c.s.PostProcessorRegistrationDelegate$BeanPostProcessorChecker - Bean 'spring.datasource-org.springframework.boot.autoconfigure.jdbc.DataSourceProperties' of type [org.springframework.boot.autoconfigure.jdbc.DataSourceProperties] is not eligible for getting processed by all BeanPostProcessors (for example: not eligible for auto-proxying)
2022-11-17 12:03:30.973 [main] INFO  com.alibaba.druid.pool.DruidDataSource - {dataSource-1} inited
2022-11-17 12:03:30.973 [main] INFO  o.s.c.s.PostProcessorRegistrationDelegate$BeanPostProcessorChecker - Bean 'dataSource' of type [com.alibaba.druid.spring.boot.autoconfigure.DruidDataSourceWrapper] is not eligible for getting processed by all BeanPostProcessors (for example: not eligible for auto-proxying)
2022-11-17 12:03:34.198 [main] INFO  o.s.c.s.PostProcessorRegistrationDelegate$BeanPostProcessorChecker - Bean 'sqlSessionFactory' of type [org.apache.ibatis.session.defaults.DefaultSqlSessionFactory] is not eligible for getting processed by all BeanPostProcessors (for example: not eligible for auto-proxying)
2022-11-17 12:03:34.210 [main] INFO  o.s.c.s.PostProcessorRegistrationDelegate$BeanPostProcessorChecker - Bean 'sqlSessionTemplate' of type [org.mybatis.spring.SqlSessionTemplate] is not eligible for getting processed by all BeanPostProcessors (for example: not eligible for auto-proxying)
2022-11-17 12:03:34.211 [main] INFO  o.s.c.s.PostProcessorRegistrationDelegate$BeanPostProcessorChecker - Bean 'sysMenuDao' of type [org.mybatis.spring.mapper.MapperFactoryBean] is not eligible for getting processed by all BeanPostProcessors (for example: not eligible for auto-proxying)
2022-11-17 12:03:34.214 [main] INFO  o.s.c.s.PostProcessorRegistrationDelegate$BeanPostProcessorChecker - Bean 'sysMenuDao' of type [com.sun.proxy.$Proxy115] is not eligible for getting processed by all BeanPostProcessors (for example: not eligible for auto-proxying)
2022-11-17 12:03:34.219 [main] INFO  o.s.c.s.PostProcessorRegistrationDelegate$BeanPostProcessorChecker - Bean 'sysUserDao' of type [org.mybatis.spring.mapper.MapperFactoryBean] is not eligible for getting processed by all BeanPostProcessors (for example: not eligible for auto-proxying)
2022-11-17 12:03:34.220 [main] INFO  o.s.c.s.PostProcessorRegistrationDelegate$BeanPostProcessorChecker - Bean 'sysUserDao' of type [com.sun.proxy.$Proxy116] is not eligible for getting processed by all BeanPostProcessors (for example: not eligible for auto-proxying)
2022-11-17 12:03:34.224 [main] INFO  o.s.c.s.PostProcessorRegistrationDelegate$BeanPostProcessorChecker - Bean 'sysUserTokenDao' of type [org.mybatis.spring.mapper.MapperFactoryBean] is not eligible for getting processed by all BeanPostProcessors (for example: not eligible for auto-proxying)
2022-11-17 12:03:34.226 [main] INFO  o.s.c.s.PostProcessorRegistrationDelegate$BeanPostProcessorChecker - Bean 'sysUserTokenDao' of type [com.sun.proxy.$Proxy117] is not eligible for getting processed by all BeanPostProcessors (for example: not eligible for auto-proxying)
2022-11-17 12:03:34.226 [main] INFO  o.s.c.s.PostProcessorRegistrationDelegate$BeanPostProcessorChecker - Bean 'shiroServiceImpl' of type [com.bairh.xgateway.provider.modules.sys.service.impl.ShiroServiceImpl] is not eligible for getting processed by all BeanPostProcessors (for example: not eligible for auto-proxying)
2022-11-17 12:03:34.227 [main] INFO  o.s.c.s.PostProcessorRegistrationDelegate$BeanPostProcessorChecker - Bean 'OAuth2Realm' of type [com.bairh.xgateway.provider.modules.sys.oauth2.OAuth2Realm] is not eligible for getting processed by all BeanPostProcessors (for example: not eligible for auto-proxying)
2022-11-17 12:03:35.479 [main] INFO  o.s.c.s.PostProcessorRegistrationDelegate$BeanPostProcessorChecker - Bean 'securityManager' of type [org.apache.shiro.web.mgt.DefaultWebSecurityManager] is not eligible for getting processed by all BeanPostProcessors (for example: not eligible for auto-proxying)
2022-11-17 12:03:35.718 [main] INFO  o.s.c.s.PostProcessorRegistrationDelegate$BeanPostProcessorChecker - Bean 'authorizationAttributeSourceAdvisor' of type [org.apache.shiro.spring.security.interceptor.AuthorizationAttributeSourceAdvisor] is not eligible for getting processed by all BeanPostProcessors (for example: not eligible for auto-proxying)
2022-11-17 12:03:35.801 [main] INFO  o.s.c.s.PostProcessorRegistrationDelegate$BeanPostProcessorChecker - Bean 'org.springframework.transaction.annotation.ProxyTransactionManagementConfiguration' of type [org.springframework.transaction.annotation.ProxyTransactionManagementConfiguration] is not eligible for getting processed by all BeanPostProcessors (for example: not eligible for auto-proxying)
2022-11-17 12:03:36.878 [main] INFO  o.s.boot.web.embedded.tomcat.TomcatWebServer - Tomcat initialized with port(s): 24501 (http)
2022-11-17 12:03:36.903 [main] INFO  org.apache.coyote.http11.Http11NioProtocol - Initializing ProtocolHandler ["http-nio-24501"]
2022-11-17 12:03:36.905 [main] INFO  org.apache.catalina.core.StandardService - Starting service [Tomcat]
2022-11-17 12:03:36.905 [main] INFO  org.apache.catalina.core.StandardEngine - Starting Servlet engine: [Apache Tomcat/9.0.27]
2022-11-17 12:03:37.314 [main] INFO  o.a.c.c.C.[Tomcat].[localhost].[/xgateway/web] - Initializing Spring embedded WebApplicationContext
2022-11-17 12:03:37.315 [main] INFO  org.springframework.web.context.ContextLoader - Root WebApplicationContext: initialization completed in 17792 ms
2022-11-17 12:03:42.860 [main] INFO  c.b.x.p.m.wx.service.impl.WxAccountServiceImpl - 加载公众号配置...
2022-11-17 12:03:43.243 [main] INFO  c.b.x.p.m.wx.service.impl.WxAccountServiceImpl - 加载到1条公众号配置
2022-11-17 12:03:43.541 [main] INFO  c.b.x.p.m.wx.service.impl.WxAccountServiceImpl - 公众号配置加载完成
2022-11-17 12:03:45.127 [main] INFO  io.lettuce.core.EpollProvider - Starting without optional epoll library
2022-11-17 12:03:45.134 [main] INFO  io.lettuce.core.KqueueProvider - Starting without optional kqueue library
2022-11-17 12:03:47.236 [main] INFO  s.d.s.w.PropertySourcedRequestMappingHandlerMapping - Mapped URL path [/v2/api-docs] onto method [springfox.documentation.swagger2.web.Swagger2Controller#getDocumentation(String, HttpServletRequest)]
2022-11-17 12:03:47.329 [main] INFO  com.netflix.config.sources.URLConfigurationSource - To enable URLs as dynamic configuration sources, define System property archaius.configurationSource.additionalUrls or make config.properties available on classpath.
2022-11-17 12:03:47.340 [main] INFO  com.netflix.config.sources.URLConfigurationSource - To enable URLs as dynamic configuration sources, define System property archaius.configurationSource.additionalUrls or make config.properties available on classpath.
2022-11-17 12:03:47.867 [main] INFO  o.s.scheduling.concurrent.ThreadPoolTaskExecutor - Initializing ExecutorService 'applicationTaskExecutor'
2022-11-17 12:03:50.254 [main] INFO  o.s.scheduling.concurrent.ThreadPoolTaskScheduler - Initializing ExecutorService 'Nacso-Watch-Task-Scheduler'
2022-11-17 12:03:50.279 [main] INFO  com.alibaba.nacos.client.naming - initializer namespace from System Property :null
2022-11-17 12:03:50.281 [main] INFO  com.alibaba.nacos.client.naming - initializer namespace from System Environment :null
2022-11-17 12:03:50.282 [main] INFO  com.alibaba.nacos.client.naming - initializer namespace from System Property :null
2022-11-17 12:03:54.153 [main] INFO  s.d.s.web.plugins.DocumentationPluginsBootstrapper - Context refreshed
2022-11-17 12:03:54.211 [main] INFO  s.d.s.web.plugins.DocumentationPluginsBootstrapper - Found 1 custom documentation plugin(s)
2022-11-17 12:03:54.347 [main] INFO  s.d.spring.web.scanners.ApiListingReferenceScanner - Scanning for api listing references
2022-11-17 12:03:54.839 [main] INFO  s.d.s.w.r.operation.CachingOperationNameGenerator - Generating unique operation named: getQuestionsUsingGET_1
2022-11-17 12:03:54.912 [main] INFO  s.d.s.w.r.operation.CachingOperationNameGenerator - Generating unique operation named: deleteUsingPOST_1
2022-11-17 12:03:54.919 [main] INFO  s.d.s.w.r.operation.CachingOperationNameGenerator - Generating unique operation named: infoUsingGET_1
2022-11-17 12:03:54.928 [main] INFO  s.d.s.w.r.operation.CachingOperationNameGenerator - Generating unique operation named: listUsingGET_1
2022-11-17 12:03:54.950 [main] INFO  s.d.s.w.r.operation.CachingOperationNameGenerator - Generating unique operation named: saveUsingPOST_1
2022-11-17 12:03:54.969 [main] INFO  s.d.s.w.r.operation.CachingOperationNameGenerator - Generating unique operation named: deleteUsingPOST_2
2022-11-17 12:03:54.981 [main] INFO  s.d.s.w.r.operation.CachingOperationNameGenerator - Generating unique operation named: infoUsingGET_2
2022-11-17 12:03:54.987 [main] INFO  s.d.s.w.r.operation.CachingOperationNameGenerator - Generating unique operation named: listUsingGET_2
2022-11-17 12:03:55.005 [main] INFO  s.d.s.w.r.operation.CachingOperationNameGenerator - Generating unique operation named: saveUsingPOST_2
2022-11-17 12:03:55.040 [main] INFO  s.d.s.w.r.operation.CachingOperationNameGenerator - Generating unique operation named: updateUsingPOST_1
2022-11-17 12:03:55.100 [main] INFO  s.d.s.w.r.operation.CachingOperationNameGenerator - Generating unique operation named: deleteUsingPOST_3
2022-11-17 12:03:55.105 [main] INFO  s.d.s.w.r.operation.CachingOperationNameGenerator - Generating unique operation named: infoUsingGET_3
2022-11-17 12:03:55.110 [main] INFO  s.d.s.w.r.operation.CachingOperationNameGenerator - Generating unique operation named: listUsingGET_3
2022-11-17 12:03:55.120 [main] INFO  s.d.s.w.r.operation.CachingOperationNameGenerator - Generating unique operation named: saveUsingPOST_3
2022-11-17 12:03:55.126 [main] INFO  s.d.s.w.r.operation.CachingOperationNameGenerator - Generating unique operation named: updateUsingPOST_2
2022-11-17 12:03:55.134 [main] INFO  s.d.s.w.r.operation.CachingOperationNameGenerator - Generating unique operation named: listUsingGET_4
2022-11-17 12:03:55.185 [main] INFO  s.d.s.w.r.operation.CachingOperationNameGenerator - Generating unique operation named: deleteUsingPOST_4
2022-11-17 12:03:55.192 [main] INFO  s.d.s.w.r.operation.CachingOperationNameGenerator - Generating unique operation named: infoUsingGET_4
2022-11-17 12:03:55.207 [main] INFO  s.d.s.w.r.operation.CachingOperationNameGenerator - Generating unique operation named: listUsingGET_5
2022-11-17 12:03:55.228 [main] INFO  s.d.s.w.r.operation.CachingOperationNameGenerator - Generating unique operation named: saveUsingPOST_4
2022-11-17 12:03:55.242 [main] INFO  s.d.s.w.r.operation.CachingOperationNameGenerator - Generating unique operation named: updateUsingPOST_3
2022-11-17 12:03:55.262 [main] INFO  s.d.s.w.r.operation.CachingOperationNameGenerator - Generating unique operation named: deleteUsingPOST_5
2022-11-17 12:03:55.267 [main] INFO  s.d.s.w.r.operation.CachingOperationNameGenerator - Generating unique operation named: listUsingGET_6
2022-11-17 12:03:55.323 [main] INFO  s.d.s.w.r.operation.CachingOperationNameGenerator - Generating unique operation named: deleteUsingPOST_6
2022-11-17 12:03:55.330 [main] INFO  s.d.s.w.r.operation.CachingOperationNameGenerator - Generating unique operation named: infoUsingGET_5
2022-11-17 12:03:55.335 [main] INFO  s.d.s.w.r.operation.CachingOperationNameGenerator - Generating unique operation named: listUsingGET_7
2022-11-17 12:03:55.348 [main] INFO  s.d.s.w.r.operation.CachingOperationNameGenerator - Generating unique operation named: saveUsingPOST_5
2022-11-17 12:03:55.354 [main] INFO  s.d.s.w.r.operation.CachingOperationNameGenerator - Generating unique operation named: selectUsingGET_1
2022-11-17 12:03:55.363 [main] INFO  s.d.s.w.r.operation.CachingOperationNameGenerator - Generating unique operation named: updateUsingPOST_4
2022-11-17 12:03:55.372 [main] INFO  s.d.s.w.r.operation.CachingOperationNameGenerator - Generating unique operation named: deleteUsingPOST_7
2022-11-17 12:03:55.380 [main] INFO  s.d.s.w.r.operation.CachingOperationNameGenerator - Generating unique operation named: infoUsingGET_6
2022-11-17 12:03:55.392 [main] INFO  s.d.s.w.r.operation.CachingOperationNameGenerator - Generating unique operation named: infoUsingGET_7
2022-11-17 12:03:55.401 [main] INFO  s.d.s.w.r.operation.CachingOperationNameGenerator - Generating unique operation named: listUsingGET_8
2022-11-17 12:03:55.420 [main] INFO  s.d.s.w.r.operation.CachingOperationNameGenerator - Generating unique operation named: saveUsingPOST_6
2022-11-17 12:03:55.427 [main] INFO  s.d.s.w.r.operation.CachingOperationNameGenerator - Generating unique operation named: updateUsingPOST_5
2022-11-17 12:03:55.437 [main] INFO  s.d.s.w.r.operation.CachingOperationNameGenerator - Generating unique operation named: deleteUsingPOST_8
2022-11-17 12:03:55.443 [main] INFO  s.d.s.w.r.operation.CachingOperationNameGenerator - Generating unique operation named: infoUsingGET_8
2022-11-17 12:03:55.449 [main] INFO  s.d.s.w.r.operation.CachingOperationNameGenerator - Generating unique operation named: listUsingGET_9
2022-11-17 12:03:55.461 [main] INFO  s.d.s.w.r.operation.CachingOperationNameGenerator - Generating unique operation named: saveUsingPOST_7
2022-11-17 12:03:55.468 [main] INFO  s.d.s.w.r.operation.CachingOperationNameGenerator - Generating unique operation named: updateUsingPOST_6
2022-11-17 12:03:55.474 [main] INFO  s.d.s.w.r.operation.CachingOperationNameGenerator - Generating unique operation named: deleteUsingPOST_9
2022-11-17 12:03:55.479 [main] INFO  s.d.s.w.r.operation.CachingOperationNameGenerator - Generating unique operation named: infoUsingGET_9
2022-11-17 12:03:55.483 [main] INFO  s.d.s.w.r.operation.CachingOperationNameGenerator - Generating unique operation named: listUsingGET_10
2022-11-17 12:03:55.490 [main] INFO  s.d.s.w.r.operation.CachingOperationNameGenerator - Generating unique operation named: saveUsingPOST_8
2022-11-17 12:03:55.701 [main] INFO  s.d.s.w.r.operation.CachingOperationNameGenerator - Generating unique operation named: deleteUsingPOST_10
2022-11-17 12:03:55.706 [main] INFO  s.d.s.w.r.operation.CachingOperationNameGenerator - Generating unique operation named: infoUsingGET_10
2022-11-17 12:03:55.712 [main] INFO  s.d.s.w.r.operation.CachingOperationNameGenerator - Generating unique operation named: listUsingGET_11
2022-11-17 12:03:55.800 [main] INFO  s.d.s.w.r.operation.CachingOperationNameGenerator - Generating unique operation named: deleteUsingPOST_11
2022-11-17 12:03:55.805 [main] INFO  s.d.s.w.r.operation.CachingOperationNameGenerator - Generating unique operation named: infoUsingGET_11
2022-11-17 12:03:55.809 [main] INFO  s.d.s.w.r.operation.CachingOperationNameGenerator - Generating unique operation named: listUsingGET_12
2022-11-17 12:03:55.847 [main] INFO  s.d.s.w.r.operation.CachingOperationNameGenerator - Generating unique operation named: nativePayUsingPOST_1
2022-11-17 12:03:55.886 [main] INFO  s.d.s.w.r.operation.CachingOperationNameGenerator - Generating unique operation named: wxNotifyUsingGET_1
2022-11-17 12:03:55.889 [main] INFO  s.d.s.w.r.operation.CachingOperationNameGenerator - Generating unique operation named: wxNotifyUsingHEAD_1
2022-11-17 12:03:55.892 [main] INFO  s.d.s.w.r.operation.CachingOperationNameGenerator - Generating unique operation named: wxNotifyUsingPOST_1
2022-11-17 12:03:55.895 [main] INFO  s.d.s.w.r.operation.CachingOperationNameGenerator - Generating unique operation named: wxNotifyUsingPUT_1
2022-11-17 12:03:55.899 [main] INFO  s.d.s.w.r.operation.CachingOperationNameGenerator - Generating unique operation named: wxNotifyUsingPATCH_1
2022-11-17 12:03:55.901 [main] INFO  s.d.s.w.r.operation.CachingOperationNameGenerator - Generating unique operation named: wxNotifyUsingDELETE_1
2022-11-17 12:03:55.904 [main] INFO  s.d.s.w.r.operation.CachingOperationNameGenerator - Generating unique operation named: wxNotifyUsingOPTIONS_1
2022-11-17 12:03:55.908 [main] INFO  s.d.s.w.r.operation.CachingOperationNameGenerator - Generating unique operation named: wxNotifyUsingTRACE_1
2022-11-17 12:03:55.929 [main] INFO  s.d.s.w.r.operation.CachingOperationNameGenerator - Generating unique operation named: deleteUsingPOST_12
2022-11-17 12:03:55.932 [main] INFO  s.d.s.w.r.operation.CachingOperationNameGenerator - Generating unique operation named: infoUsingGET_12
2022-11-17 12:03:55.935 [main] INFO  s.d.s.w.r.operation.CachingOperationNameGenerator - Generating unique operation named: listUsingGET_13
2022-11-17 12:03:55.974 [main] INFO  s.d.s.w.r.operation.CachingOperationNameGenerator - Generating unique operation named: deleteUsingPOST_13
2022-11-17 12:03:55.977 [main] INFO  s.d.s.w.r.operation.CachingOperationNameGenerator - Generating unique operation named: listUsingGET_14
2022-11-17 12:03:55.982 [main] INFO  s.d.s.w.r.operation.CachingOperationNameGenerator - Generating unique operation named: saveUsingPOST_9
2022-11-17 12:03:56.668 [main] INFO  o.s.s.a.ScheduledAnnotationBeanPostProcessor - No TaskScheduler/ScheduledExecutorService bean found for scheduled processing
2022-11-17 12:03:56.682 [main] INFO  org.apache.coyote.http11.Http11NioProtocol - Starting ProtocolHandler ["http-nio-24501"]
2022-11-17 12:03:56.717 [main] INFO  o.s.boot.web.embedded.tomcat.TomcatWebServer - Tomcat started on port(s): 24501 (http) with context path '/xgateway/web'
2022-11-17 12:03:56.723 [main] INFO  com.alibaba.nacos.client.naming - [BEAT] adding beat: {"cluster":"DEFAULT","ip":"192.168.31.169","metadata":{"preserved.register.source":"SPRING_CLOUD"},"period":5000,"port":24501,"scheduled":false,"serviceName":"DEFAULT_GROUP@@xgateway-service-provider-lhc","stopped":false,"weight":1.0} to beat map.
2022-11-17 12:03:56.899 [main] INFO  com.alibaba.nacos.client.naming - [REGISTER-SERVICE] 6c1230e4-aef6-4d65-b7e0-1fac133250cd registering service DEFAULT_GROUP@@xgateway-service-provider-lhc with instance: {"clusterName":"DEFAULT","enabled":true,"ephemeral":true,"healthy":true,"instanceHeartBeatInterval":5000,"instanceHeartBeatTimeOut":15000,"ip":"192.168.31.169","ipDeleteTimeout":30000,"metadata":{"preserved.register.source":"SPRING_CLOUD"},"port":24501,"weight":1.0}
2022-11-17 12:03:57.019 [main] INFO  c.a.cloud.nacos.registry.NacosServiceRegistry - nacos registry, DEFAULT_GROUP xgateway-service-provider-lhc 192.168.31.169:24501 register finished
2022-11-17 12:03:57.861 [main] INFO  c.b.xgateway.provider.XgatewayProviderApplication - Started XgatewayProviderApplication in 47.401 seconds (JVM running for 50.373)
2022-11-17 12:03:57.870 [main] INFO  com.alibaba.nacos.client.config.impl.ClientWorker - [fixed-localhost_8848-6c1230e4-aef6-4d65-b7e0-1fac133250cd] [subscribe] xgateway-service-provider-lhc.properties+DEFAULT_GROUP+6c1230e4-aef6-4d65-b7e0-1fac133250cd
2022-11-17 12:03:57.871 [main] INFO  com.alibaba.nacos.client.config.impl.CacheData - [fixed-localhost_8848-6c1230e4-aef6-4d65-b7e0-1fac133250cd] [add-listener] ok, tenant=6c1230e4-aef6-4d65-b7e0-1fac133250cd, dataId=xgateway-service-provider-lhc.properties, group=DEFAULT_GROUP, cnt=1
2022-11-17 12:03:57.873 [main] INFO  com.alibaba.nacos.client.config.impl.ClientWorker - [fixed-localhost_8848-6c1230e4-aef6-4d65-b7e0-1fac133250cd] [subscribe] xgateway-mysql.properties+LOCAL_GROUP+6c1230e4-aef6-4d65-b7e0-1fac133250cd
2022-11-17 12:03:57.873 [main] INFO  com.alibaba.nacos.client.config.impl.CacheData - [fixed-localhost_8848-6c1230e4-aef6-4d65-b7e0-1fac133250cd] [add-listener] ok, tenant=6c1230e4-aef6-4d65-b7e0-1fac133250cd, dataId=xgateway-mysql.properties, group=LOCAL_GROUP, cnt=1
2022-11-17 12:03:57.874 [main] INFO  com.alibaba.nacos.client.config.impl.ClientWorker - [fixed-localhost_8848-6c1230e4-aef6-4d65-b7e0-1fac133250cd] [subscribe] xgateway-service-provider-lhc+DEFAULT_GROUP+6c1230e4-aef6-4d65-b7e0-1fac133250cd
2022-11-17 12:03:57.874 [main] INFO  com.alibaba.nacos.client.config.impl.CacheData - [fixed-localhost_8848-6c1230e4-aef6-4d65-b7e0-1fac133250cd] [add-listener] ok, tenant=6c1230e4-aef6-4d65-b7e0-1fac133250cd, dataId=xgateway-service-provider-lhc, group=DEFAULT_GROUP, cnt=1
2022-11-17 12:03:57.875 [main] INFO  com.alibaba.nacos.client.config.impl.ClientWorker - [fixed-localhost_8848-6c1230e4-aef6-4d65-b7e0-1fac133250cd] [subscribe] redis.properties+LOCAL_GROUP+6c1230e4-aef6-4d65-b7e0-1fac133250cd
2022-11-17 12:03:57.875 [main] INFO  com.alibaba.nacos.client.config.impl.CacheData - [fixed-localhost_8848-6c1230e4-aef6-4d65-b7e0-1fac133250cd] [add-listener] ok, tenant=6c1230e4-aef6-4d65-b7e0-1fac133250cd, dataId=redis.properties, group=LOCAL_GROUP, cnt=1
2022-11-17 12:03:57.876 [main] INFO  com.alibaba.nacos.client.config.impl.ClientWorker - [fixed-localhost_8848-6c1230e4-aef6-4d65-b7e0-1fac133250cd] [subscribe] app.properties+XGATEWAY_GROUP+6c1230e4-aef6-4d65-b7e0-1fac133250cd
2022-11-17 12:03:57.876 [main] INFO  com.alibaba.nacos.client.config.impl.CacheData - [fixed-localhost_8848-6c1230e4-aef6-4d65-b7e0-1fac133250cd] [add-listener] ok, tenant=6c1230e4-aef6-4d65-b7e0-1fac133250cd, dataId=app.properties, group=XGATEWAY_GROUP, cnt=1
2022-11-17 13:39:23.169 [http-nio-24501-exec-1] INFO  o.a.c.c.C.[Tomcat].[localhost].[/xgateway/web] - Initializing Spring DispatcherServlet 'dispatcherServlet'
2022-11-17 13:39:23.174 [http-nio-24501-exec-1] INFO  org.springframework.web.servlet.DispatcherServlet - Initializing Servlet 'dispatcherServlet'
2022-11-17 13:39:23.430 [http-nio-24501-exec-1] INFO  org.springframework.web.servlet.DispatcherServlet - Completed initialization in 254 ms
2022-11-17 13:43:23.714 [SpringContextShutdownHook] INFO  c.a.cloud.nacos.registry.NacosServiceRegistry - De-registering from Nacos Server now...
2022-11-17 13:43:23.716 [SpringContextShutdownHook] INFO  com.alibaba.nacos.client.naming - [BEAT] removing beat: DEFAULT_GROUP@@xgateway-service-provider-lhc:192.168.31.169:24501 from beat map.
2022-11-17 13:43:23.726 [SpringContextShutdownHook] INFO  com.alibaba.nacos.client.naming - [DEREGISTER-SERVICE] 6c1230e4-aef6-4d65-b7e0-1fac133250cd deregistering service DEFAULT_GROUP@@xgateway-service-provider-lhc with instance: {"clusterName":"DEFAULT","enabled":true,"ephemeral":true,"healthy":true,"instanceHeartBeatInterval":5000,"instanceHeartBeatTimeOut":15000,"instanceIdGenerator":"simple","ip":"192.168.31.169","ipDeleteTimeout":30000,"metadata":{},"port":24501,"weight":1.0}
2022-11-17 13:43:23.874 [SpringContextShutdownHook] INFO  c.a.cloud.nacos.registry.NacosServiceRegistry - De-registration finished.
2022-11-17 13:43:23.878 [SpringContextShutdownHook] INFO  o.s.scheduling.concurrent.ThreadPoolTaskExecutor - Shutting down ExecutorService 'applicationTaskExecutor'
2022-11-17 13:43:25.754 [SpringContextShutdownHook] INFO  com.alibaba.druid.pool.DruidDataSource - {dataSource-1} closing ...
2022-11-17 13:43:26.095 [SpringContextShutdownHook] INFO  com.alibaba.druid.pool.DruidDataSource - {dataSource-1} closed
2022-11-17 13:43:58.365 [main] INFO  c.a.n.client.config.impl.LocalConfigInfoProcessor - LOCAL_SNAPSHOT_PATH:C:\Users\huach\nacos\config
2022-11-17 13:43:58.465 [main] INFO  com.alibaba.nacos.client.config.impl.Limiter - limitTime:5.0
2022-11-17 13:43:58.630 [main] INFO  com.alibaba.nacos.client.config.utils.JVMUtil - isMultiInstance:false
2022-11-17 13:43:58.910 [main] INFO  o.s.c.b.c.PropertySourceBootstrapConfiguration - Located property source: [BootstrapPropertySource {name='bootstrapProperties-xgateway-service-provider-lhc.properties,DEFAULT_GROUP'}, BootstrapPropertySource {name='bootstrapProperties-xgateway-service-provider-lhc,DEFAULT_GROUP'}, BootstrapPropertySource {name='bootstrapProperties-app.properties,XGATEWAY_GROUP'}, BootstrapPropertySource {name='bootstrapProperties-redis.properties,LOCAL_GROUP'}, BootstrapPropertySource {name='bootstrapProperties-xgateway-mysql.properties,LOCAL_GROUP'}]
2022-11-17 13:43:58.921 [main] INFO  c.b.xgateway.provider.XgatewayProviderApplication - No active profile set, falling back to default profiles: default
2022-11-17 13:44:01.846 [main] INFO  o.s.d.r.config.RepositoryConfigurationDelegate - Multiple Spring Data modules found, entering strict repository configuration mode!
2022-11-17 13:44:01.852 [main] INFO  o.s.d.r.config.RepositoryConfigurationDelegate - Bootstrapping Spring Data repositories in DEFAULT mode.
2022-11-17 13:44:01.952 [main] INFO  o.s.d.r.config.RepositoryConfigurationDelegate - Finished Spring Data repository scanning in 72ms. Found 0 repository interfaces.
2022-11-17 13:44:02.643 [main] INFO  o.springframework.cloud.context.scope.GenericScope - BeanFactory id=f4c05557-1879-3001-8b56-5a2cd5a8431b
2022-11-17 13:44:02.825 [main] INFO  o.s.c.s.PostProcessorRegistrationDelegate$BeanPostProcessorChecker - Bean 'shiroConfig' of type [com.bairh.xgateway.provider.config.ShiroConfig$$EnhancerBySpringCGLIB$$60639209] is not eligible for getting processed by all BeanPostProcessors (for example: not eligible for auto-proxying)
2022-11-17 13:44:03.078 [main] INFO  o.s.c.s.PostProcessorRegistrationDelegate$BeanPostProcessorChecker - Bean 'mybatis-plus-com.baomidou.mybatisplus.autoconfigure.MybatisPlusProperties' of type [com.baomidou.mybatisplus.autoconfigure.MybatisPlusProperties] is not eligible for getting processed by all BeanPostProcessors (for example: not eligible for auto-proxying)
2022-11-17 13:44:03.087 [main] INFO  o.s.c.s.PostProcessorRegistrationDelegate$BeanPostProcessorChecker - Bean 'mybatisPlusConfig' of type [com.bairh.xgateway.provider.config.MybatisPlusConfig$$EnhancerBySpringCGLIB$$dd89f525] is not eligible for getting processed by all BeanPostProcessors (for example: not eligible for auto-proxying)
2022-11-17 13:44:03.097 [main] INFO  o.s.c.s.PostProcessorRegistrationDelegate$BeanPostProcessorChecker - Bean 'paginationInterceptor' of type [com.baomidou.mybatisplus.extension.plugins.PaginationInterceptor] is not eligible for getting processed by all BeanPostProcessors (for example: not eligible for auto-proxying)
2022-11-17 13:44:03.109 [main] INFO  o.s.c.s.PostProcessorRegistrationDelegate$BeanPostProcessorChecker - Bean 'com.baomidou.mybatisplus.autoconfigure.MybatisPlusAutoConfiguration' of type [com.baomidou.mybatisplus.autoconfigure.MybatisPlusAutoConfiguration$$EnhancerBySpringCGLIB$$45bed1e1] is not eligible for getting processed by all BeanPostProcessors (for example: not eligible for auto-proxying)
2022-11-17 13:44:03.111 [main] INFO  o.s.c.s.PostProcessorRegistrationDelegate$BeanPostProcessorChecker - Bean 'com.alibaba.druid.spring.boot.autoconfigure.DruidDataSourceAutoConfigure' of type [com.alibaba.druid.spring.boot.autoconfigure.DruidDataSourceAutoConfigure$$EnhancerBySpringCGLIB$$21a25ab9] is not eligible for getting processed by all BeanPostProcessors (for example: not eligible for auto-proxying)
2022-11-17 13:44:03.114 [main] INFO  c.a.d.s.b.a.DruidDataSourceAutoConfigure - Init DruidDataSource
2022-11-17 13:44:03.218 [main] INFO  o.s.c.s.PostProcessorRegistrationDelegate$BeanPostProcessorChecker - Bean 'spring.datasource-org.springframework.boot.autoconfigure.jdbc.DataSourceProperties' of type [org.springframework.boot.autoconfigure.jdbc.DataSourceProperties] is not eligible for getting processed by all BeanPostProcessors (for example: not eligible for auto-proxying)
2022-11-17 13:44:07.075 [main] INFO  com.alibaba.druid.pool.DruidDataSource - {dataSource-1} inited
2022-11-17 13:44:07.076 [main] INFO  o.s.c.s.PostProcessorRegistrationDelegate$BeanPostProcessorChecker - Bean 'dataSource' of type [com.alibaba.druid.spring.boot.autoconfigure.DruidDataSourceWrapper] is not eligible for getting processed by all BeanPostProcessors (for example: not eligible for auto-proxying)
2022-11-17 13:44:09.725 [main] INFO  o.s.c.s.PostProcessorRegistrationDelegate$BeanPostProcessorChecker - Bean 'sqlSessionFactory' of type [org.apache.ibatis.session.defaults.DefaultSqlSessionFactory] is not eligible for getting processed by all BeanPostProcessors (for example: not eligible for auto-proxying)
2022-11-17 13:44:09.733 [main] INFO  o.s.c.s.PostProcessorRegistrationDelegate$BeanPostProcessorChecker - Bean 'sqlSessionTemplate' of type [org.mybatis.spring.SqlSessionTemplate] is not eligible for getting processed by all BeanPostProcessors (for example: not eligible for auto-proxying)
2022-11-17 13:44:09.734 [main] INFO  o.s.c.s.PostProcessorRegistrationDelegate$BeanPostProcessorChecker - Bean 'sysMenuDao' of type [org.mybatis.spring.mapper.MapperFactoryBean] is not eligible for getting processed by all BeanPostProcessors (for example: not eligible for auto-proxying)
2022-11-17 13:44:09.736 [main] INFO  o.s.c.s.PostProcessorRegistrationDelegate$BeanPostProcessorChecker - Bean 'sysMenuDao' of type [com.sun.proxy.$Proxy115] is not eligible for getting processed by all BeanPostProcessors (for example: not eligible for auto-proxying)
2022-11-17 13:44:09.742 [main] INFO  o.s.c.s.PostProcessorRegistrationDelegate$BeanPostProcessorChecker - Bean 'sysUserDao' of type [org.mybatis.spring.mapper.MapperFactoryBean] is not eligible for getting processed by all BeanPostProcessors (for example: not eligible for auto-proxying)
2022-11-17 13:44:09.743 [main] INFO  o.s.c.s.PostProcessorRegistrationDelegate$BeanPostProcessorChecker - Bean 'sysUserDao' of type [com.sun.proxy.$Proxy116] is not eligible for getting processed by all BeanPostProcessors (for example: not eligible for auto-proxying)
2022-11-17 13:44:09.747 [main] INFO  o.s.c.s.PostProcessorRegistrationDelegate$BeanPostProcessorChecker - Bean 'sysUserTokenDao' of type [org.mybatis.spring.mapper.MapperFactoryBean] is not eligible for getting processed by all BeanPostProcessors (for example: not eligible for auto-proxying)
2022-11-17 13:44:09.748 [main] INFO  o.s.c.s.PostProcessorRegistrationDelegate$BeanPostProcessorChecker - Bean 'sysUserTokenDao' of type [com.sun.proxy.$Proxy117] is not eligible for getting processed by all BeanPostProcessors (for example: not eligible for auto-proxying)
2022-11-17 13:44:09.749 [main] INFO  o.s.c.s.PostProcessorRegistrationDelegate$BeanPostProcessorChecker - Bean 'shiroServiceImpl' of type [com.bairh.xgateway.provider.modules.sys.service.impl.ShiroServiceImpl] is not eligible for getting processed by all BeanPostProcessors (for example: not eligible for auto-proxying)
2022-11-17 13:44:09.749 [main] INFO  o.s.c.s.PostProcessorRegistrationDelegate$BeanPostProcessorChecker - Bean 'OAuth2Realm' of type [com.bairh.xgateway.provider.modules.sys.oauth2.OAuth2Realm] is not eligible for getting processed by all BeanPostProcessors (for example: not eligible for auto-proxying)
2022-11-17 13:44:10.561 [main] INFO  o.s.c.s.PostProcessorRegistrationDelegate$BeanPostProcessorChecker - Bean 'securityManager' of type [org.apache.shiro.web.mgt.DefaultWebSecurityManager] is not eligible for getting processed by all BeanPostProcessors (for example: not eligible for auto-proxying)
2022-11-17 13:44:10.686 [main] INFO  o.s.c.s.PostProcessorRegistrationDelegate$BeanPostProcessorChecker - Bean 'authorizationAttributeSourceAdvisor' of type [org.apache.shiro.spring.security.interceptor.AuthorizationAttributeSourceAdvisor] is not eligible for getting processed by all BeanPostProcessors (for example: not eligible for auto-proxying)
2022-11-17 13:44:10.750 [main] INFO  o.s.c.s.PostProcessorRegistrationDelegate$BeanPostProcessorChecker - Bean 'org.springframework.transaction.annotation.ProxyTransactionManagementConfiguration' of type [org.springframework.transaction.annotation.ProxyTransactionManagementConfiguration] is not eligible for getting processed by all BeanPostProcessors (for example: not eligible for auto-proxying)
2022-11-17 13:44:11.659 [main] INFO  o.s.boot.web.embedded.tomcat.TomcatWebServer - Tomcat initialized with port(s): 24501 (http)
2022-11-17 13:44:11.674 [main] INFO  org.apache.coyote.http11.Http11NioProtocol - Initializing ProtocolHandler ["http-nio-24501"]
2022-11-17 13:44:11.675 [main] INFO  org.apache.catalina.core.StandardService - Starting service [Tomcat]
2022-11-17 13:44:11.675 [main] INFO  org.apache.catalina.core.StandardEngine - Starting Servlet engine: [Apache Tomcat/9.0.27]
2022-11-17 13:44:11.919 [main] INFO  o.a.c.c.C.[Tomcat].[localhost].[/xgateway/web] - Initializing Spring embedded WebApplicationContext
2022-11-17 13:44:11.919 [main] INFO  org.springframework.web.context.ContextLoader - Root WebApplicationContext: initialization completed in 12946 ms
2022-11-17 13:44:15.809 [main] INFO  c.b.x.p.m.wx.service.impl.WxAccountServiceImpl - 加载公众号配置...
2022-11-17 13:44:16.008 [main] INFO  c.b.x.p.m.wx.service.impl.WxAccountServiceImpl - 加载到1条公众号配置
2022-11-17 13:44:16.221 [main] INFO  c.b.x.p.m.wx.service.impl.WxAccountServiceImpl - 公众号配置加载完成
2022-11-17 13:44:17.073 [main] INFO  io.lettuce.core.EpollProvider - Starting without optional epoll library
2022-11-17 13:44:17.077 [main] INFO  io.lettuce.core.KqueueProvider - Starting without optional kqueue library
2022-11-17 13:44:18.432 [main] INFO  s.d.s.w.PropertySourcedRequestMappingHandlerMapping - Mapped URL path [/v2/api-docs] onto method [springfox.documentation.swagger2.web.Swagger2Controller#getDocumentation(String, HttpServletRequest)]
2022-11-17 13:44:18.501 [main] INFO  com.netflix.config.sources.URLConfigurationSource - To enable URLs as dynamic configuration sources, define System property archaius.configurationSource.additionalUrls or make config.properties available on classpath.
2022-11-17 13:44:18.510 [main] INFO  com.netflix.config.sources.URLConfigurationSource - To enable URLs as dynamic configuration sources, define System property archaius.configurationSource.additionalUrls or make config.properties available on classpath.
2022-11-17 13:44:18.845 [main] INFO  o.s.scheduling.concurrent.ThreadPoolTaskExecutor - Initializing ExecutorService 'applicationTaskExecutor'
2022-11-17 13:44:19.874 [main] INFO  o.s.scheduling.concurrent.ThreadPoolTaskScheduler - Initializing ExecutorService 'Nacso-Watch-Task-Scheduler'
2022-11-17 13:44:19.884 [main] INFO  com.alibaba.nacos.client.naming - initializer namespace from System Property :null
2022-11-17 13:44:19.884 [main] INFO  com.alibaba.nacos.client.naming - initializer namespace from System Environment :null
2022-11-17 13:44:19.885 [main] INFO  com.alibaba.nacos.client.naming - initializer namespace from System Property :null
2022-11-17 13:44:22.675 [main] INFO  s.d.s.web.plugins.DocumentationPluginsBootstrapper - Context refreshed
2022-11-17 13:44:22.712 [main] INFO  s.d.s.web.plugins.DocumentationPluginsBootstrapper - Found 1 custom documentation plugin(s)
2022-11-17 13:44:23.791 [main] INFO  s.d.spring.web.scanners.ApiListingReferenceScanner - Scanning for api listing references
2022-11-17 13:44:24.452 [main] INFO  s.d.s.w.r.operation.CachingOperationNameGenerator - Generating unique operation named: getQuestionsUsingGET_1
2022-11-17 13:44:24.526 [main] INFO  s.d.s.w.r.operation.CachingOperationNameGenerator - Generating unique operation named: deleteUsingPOST_1
2022-11-17 13:44:24.533 [main] INFO  s.d.s.w.r.operation.CachingOperationNameGenerator - Generating unique operation named: infoUsingGET_1
2022-11-17 13:44:24.539 [main] INFO  s.d.s.w.r.operation.CachingOperationNameGenerator - Generating unique operation named: listUsingGET_1
2022-11-17 13:44:24.557 [main] INFO  s.d.s.w.r.operation.CachingOperationNameGenerator - Generating unique operation named: saveUsingPOST_1
2022-11-17 13:44:24.570 [main] INFO  s.d.s.w.r.operation.CachingOperationNameGenerator - Generating unique operation named: deleteUsingPOST_2
2022-11-17 13:44:24.580 [main] INFO  s.d.s.w.r.operation.CachingOperationNameGenerator - Generating unique operation named: infoUsingGET_2
2022-11-17 13:44:24.586 [main] INFO  s.d.s.w.r.operation.CachingOperationNameGenerator - Generating unique operation named: listUsingGET_2
2022-11-17 13:44:24.599 [main] INFO  s.d.s.w.r.operation.CachingOperationNameGenerator - Generating unique operation named: saveUsingPOST_2
2022-11-17 13:44:24.625 [main] INFO  s.d.s.w.r.operation.CachingOperationNameGenerator - Generating unique operation named: updateUsingPOST_1
2022-11-17 13:44:24.680 [main] INFO  s.d.s.w.r.operation.CachingOperationNameGenerator - Generating unique operation named: deleteUsingPOST_3
2022-11-17 13:44:24.684 [main] INFO  s.d.s.w.r.operation.CachingOperationNameGenerator - Generating unique operation named: infoUsingGET_3
2022-11-17 13:44:24.689 [main] INFO  s.d.s.w.r.operation.CachingOperationNameGenerator - Generating unique operation named: listUsingGET_3
2022-11-17 13:44:24.700 [main] INFO  s.d.s.w.r.operation.CachingOperationNameGenerator - Generating unique operation named: saveUsingPOST_3
2022-11-17 13:44:24.705 [main] INFO  s.d.s.w.r.operation.CachingOperationNameGenerator - Generating unique operation named: updateUsingPOST_2
2022-11-17 13:44:24.711 [main] INFO  s.d.s.w.r.operation.CachingOperationNameGenerator - Generating unique operation named: listUsingGET_4
2022-11-17 13:44:24.750 [main] INFO  s.d.s.w.r.operation.CachingOperationNameGenerator - Generating unique operation named: deleteUsingPOST_4
2022-11-17 13:44:24.753 [main] INFO  s.d.s.w.r.operation.CachingOperationNameGenerator - Generating unique operation named: infoUsingGET_4
2022-11-17 13:44:24.765 [main] INFO  s.d.s.w.r.operation.CachingOperationNameGenerator - Generating unique operation named: listUsingGET_5
2022-11-17 13:44:24.776 [main] INFO  s.d.s.w.r.operation.CachingOperationNameGenerator - Generating unique operation named: saveUsingPOST_4
2022-11-17 13:44:24.781 [main] INFO  s.d.s.w.r.operation.CachingOperationNameGenerator - Generating unique operation named: updateUsingPOST_3
2022-11-17 13:44:24.789 [main] INFO  s.d.s.w.r.operation.CachingOperationNameGenerator - Generating unique operation named: deleteUsingPOST_5
2022-11-17 13:44:24.792 [main] INFO  s.d.s.w.r.operation.CachingOperationNameGenerator - Generating unique operation named: listUsingGET_6
2022-11-17 13:44:24.822 [main] INFO  s.d.s.w.r.operation.CachingOperationNameGenerator - Generating unique operation named: deleteUsingPOST_6
2022-11-17 13:44:24.825 [main] INFO  s.d.s.w.r.operation.CachingOperationNameGenerator - Generating unique operation named: infoUsingGET_5
2022-11-17 13:44:24.828 [main] INFO  s.d.s.w.r.operation.CachingOperationNameGenerator - Generating unique operation named: listUsingGET_7
2022-11-17 13:44:24.834 [main] INFO  s.d.s.w.r.operation.CachingOperationNameGenerator - Generating unique operation named: saveUsingPOST_5
2022-11-17 13:44:24.836 [main] INFO  s.d.s.w.r.operation.CachingOperationNameGenerator - Generating unique operation named: selectUsingGET_1
2022-11-17 13:44:24.839 [main] INFO  s.d.s.w.r.operation.CachingOperationNameGenerator - Generating unique operation named: updateUsingPOST_4
2022-11-17 13:44:24.844 [main] INFO  s.d.s.w.r.operation.CachingOperationNameGenerator - Generating unique operation named: deleteUsingPOST_7
2022-11-17 13:44:24.848 [main] INFO  s.d.s.w.r.operation.CachingOperationNameGenerator - Generating unique operation named: infoUsingGET_6
2022-11-17 13:44:24.852 [main] INFO  s.d.s.w.r.operation.CachingOperationNameGenerator - Generating unique operation named: infoUsingGET_7
2022-11-17 13:44:24.857 [main] INFO  s.d.s.w.r.operation.CachingOperationNameGenerator - Generating unique operation named: listUsingGET_8
2022-11-17 13:44:24.872 [main] INFO  s.d.s.w.r.operation.CachingOperationNameGenerator - Generating unique operation named: saveUsingPOST_6
2022-11-17 13:44:24.877 [main] INFO  s.d.s.w.r.operation.CachingOperationNameGenerator - Generating unique operation named: updateUsingPOST_5
2022-11-17 13:44:24.885 [main] INFO  s.d.s.w.r.operation.CachingOperationNameGenerator - Generating unique operation named: deleteUsingPOST_8
2022-11-17 13:44:24.891 [main] INFO  s.d.s.w.r.operation.CachingOperationNameGenerator - Generating unique operation named: infoUsingGET_8
2022-11-17 13:44:24.897 [main] INFO  s.d.s.w.r.operation.CachingOperationNameGenerator - Generating unique operation named: listUsingGET_9
2022-11-17 13:44:24.909 [main] INFO  s.d.s.w.r.operation.CachingOperationNameGenerator - Generating unique operation named: saveUsingPOST_7
2022-11-17 13:44:24.915 [main] INFO  s.d.s.w.r.operation.CachingOperationNameGenerator - Generating unique operation named: updateUsingPOST_6
2022-11-17 13:44:24.922 [main] INFO  s.d.s.w.r.operation.CachingOperationNameGenerator - Generating unique operation named: deleteUsingPOST_9
2022-11-17 13:44:24.926 [main] INFO  s.d.s.w.r.operation.CachingOperationNameGenerator - Generating unique operation named: infoUsingGET_9
2022-11-17 13:44:24.930 [main] INFO  s.d.s.w.r.operation.CachingOperationNameGenerator - Generating unique operation named: listUsingGET_10
2022-11-17 13:44:24.936 [main] INFO  s.d.s.w.r.operation.CachingOperationNameGenerator - Generating unique operation named: saveUsingPOST_8
2022-11-17 13:44:25.093 [main] INFO  s.d.s.w.r.operation.CachingOperationNameGenerator - Generating unique operation named: deleteUsingPOST_10
2022-11-17 13:44:25.097 [main] INFO  s.d.s.w.r.operation.CachingOperationNameGenerator - Generating unique operation named: infoUsingGET_10
2022-11-17 13:44:25.100 [main] INFO  s.d.s.w.r.operation.CachingOperationNameGenerator - Generating unique operation named: listUsingGET_11
2022-11-17 13:44:25.184 [main] INFO  s.d.s.w.r.operation.CachingOperationNameGenerator - Generating unique operation named: deleteUsingPOST_11
2022-11-17 13:44:25.188 [main] INFO  s.d.s.w.r.operation.CachingOperationNameGenerator - Generating unique operation named: infoUsingGET_11
2022-11-17 13:44:25.192 [main] INFO  s.d.s.w.r.operation.CachingOperationNameGenerator - Generating unique operation named: listUsingGET_12
2022-11-17 13:44:25.225 [main] INFO  s.d.s.w.r.operation.CachingOperationNameGenerator - Generating unique operation named: nativePayUsingPOST_1
2022-11-17 13:44:25.257 [main] INFO  s.d.s.w.r.operation.CachingOperationNameGenerator - Generating unique operation named: wxNotifyUsingGET_1
2022-11-17 13:44:25.259 [main] INFO  s.d.s.w.r.operation.CachingOperationNameGenerator - Generating unique operation named: wxNotifyUsingHEAD_1
2022-11-17 13:44:25.260 [main] INFO  s.d.s.w.r.operation.CachingOperationNameGenerator - Generating unique operation named: wxNotifyUsingPOST_1
2022-11-17 13:44:25.262 [main] INFO  s.d.s.w.r.operation.CachingOperationNameGenerator - Generating unique operation named: wxNotifyUsingPUT_1
2022-11-17 13:44:25.264 [main] INFO  s.d.s.w.r.operation.CachingOperationNameGenerator - Generating unique operation named: wxNotifyUsingPATCH_1
2022-11-17 13:44:25.266 [main] INFO  s.d.s.w.r.operation.CachingOperationNameGenerator - Generating unique operation named: wxNotifyUsingDELETE_1
2022-11-17 13:44:25.268 [main] INFO  s.d.s.w.r.operation.CachingOperationNameGenerator - Generating unique operation named: wxNotifyUsingOPTIONS_1
2022-11-17 13:44:25.270 [main] INFO  s.d.s.w.r.operation.CachingOperationNameGenerator - Generating unique operation named: wxNotifyUsingTRACE_1
2022-11-17 13:44:25.285 [main] INFO  s.d.s.w.r.operation.CachingOperationNameGenerator - Generating unique operation named: deleteUsingPOST_12
2022-11-17 13:44:25.288 [main] INFO  s.d.s.w.r.operation.CachingOperationNameGenerator - Generating unique operation named: infoUsingGET_12
2022-11-17 13:44:25.291 [main] INFO  s.d.s.w.r.operation.CachingOperationNameGenerator - Generating unique operation named: listUsingGET_13
2022-11-17 13:44:25.330 [main] INFO  s.d.s.w.r.operation.CachingOperationNameGenerator - Generating unique operation named: deleteUsingPOST_13
2022-11-17 13:44:25.333 [main] INFO  s.d.s.w.r.operation.CachingOperationNameGenerator - Generating unique operation named: listUsingGET_14
2022-11-17 13:44:25.339 [main] INFO  s.d.s.w.r.operation.CachingOperationNameGenerator - Generating unique operation named: saveUsingPOST_9
2022-11-17 13:44:25.941 [main] INFO  o.s.s.a.ScheduledAnnotationBeanPostProcessor - No TaskScheduler/ScheduledExecutorService bean found for scheduled processing
2022-11-17 13:44:25.959 [main] INFO  org.apache.coyote.http11.Http11NioProtocol - Starting ProtocolHandler ["http-nio-24501"]
2022-11-17 13:44:26.004 [main] INFO  o.s.boot.web.embedded.tomcat.TomcatWebServer - Tomcat started on port(s): 24501 (http) with context path '/xgateway/web'
2022-11-17 13:44:26.023 [main] INFO  com.alibaba.nacos.client.naming - [BEAT] adding beat: {"cluster":"DEFAULT","ip":"192.168.31.169","metadata":{"preserved.register.source":"SPRING_CLOUD"},"period":5000,"port":24501,"scheduled":false,"serviceName":"DEFAULT_GROUP@@xgateway-service-provider-lhc","stopped":false,"weight":1.0} to beat map.
2022-11-17 13:44:26.182 [main] INFO  com.alibaba.nacos.client.naming - [REGISTER-SERVICE] 6c1230e4-aef6-4d65-b7e0-1fac133250cd registering service DEFAULT_GROUP@@xgateway-service-provider-lhc with instance: {"clusterName":"DEFAULT","enabled":true,"ephemeral":true,"healthy":true,"instanceHeartBeatInterval":5000,"instanceHeartBeatTimeOut":15000,"ip":"192.168.31.169","ipDeleteTimeout":30000,"metadata":{"preserved.register.source":"SPRING_CLOUD"},"port":24501,"weight":1.0}
2022-11-17 13:44:26.253 [main] INFO  c.a.cloud.nacos.registry.NacosServiceRegistry - nacos registry, DEFAULT_GROUP xgateway-service-provider-lhc 192.168.31.169:24501 register finished
2022-11-17 13:44:27.142 [main] INFO  c.b.xgateway.provider.XgatewayProviderApplication - Started XgatewayProviderApplication in 35.12 seconds (JVM running for 39.231)
2022-11-17 13:44:27.149 [main] INFO  com.alibaba.nacos.client.config.impl.ClientWorker - [fixed-localhost_8848-6c1230e4-aef6-4d65-b7e0-1fac133250cd] [subscribe] xgateway-service-provider-lhc.properties+DEFAULT_GROUP+6c1230e4-aef6-4d65-b7e0-1fac133250cd
2022-11-17 13:44:27.149 [main] INFO  com.alibaba.nacos.client.config.impl.CacheData - [fixed-localhost_8848-6c1230e4-aef6-4d65-b7e0-1fac133250cd] [add-listener] ok, tenant=6c1230e4-aef6-4d65-b7e0-1fac133250cd, dataId=xgateway-service-provider-lhc.properties, group=DEFAULT_GROUP, cnt=1
2022-11-17 13:44:27.150 [main] INFO  com.alibaba.nacos.client.config.impl.ClientWorker - [fixed-localhost_8848-6c1230e4-aef6-4d65-b7e0-1fac133250cd] [subscribe] xgateway-mysql.properties+LOCAL_GROUP+6c1230e4-aef6-4d65-b7e0-1fac133250cd
2022-11-17 13:44:27.151 [main] INFO  com.alibaba.nacos.client.config.impl.CacheData - [fixed-localhost_8848-6c1230e4-aef6-4d65-b7e0-1fac133250cd] [add-listener] ok, tenant=6c1230e4-aef6-4d65-b7e0-1fac133250cd, dataId=xgateway-mysql.properties, group=LOCAL_GROUP, cnt=1
2022-11-17 13:44:27.151 [main] INFO  com.alibaba.nacos.client.config.impl.ClientWorker - [fixed-localhost_8848-6c1230e4-aef6-4d65-b7e0-1fac133250cd] [subscribe] xgateway-service-provider-lhc+DEFAULT_GROUP+6c1230e4-aef6-4d65-b7e0-1fac133250cd
2022-11-17 13:44:27.151 [main] INFO  com.alibaba.nacos.client.config.impl.CacheData - [fixed-localhost_8848-6c1230e4-aef6-4d65-b7e0-1fac133250cd] [add-listener] ok, tenant=6c1230e4-aef6-4d65-b7e0-1fac133250cd, dataId=xgateway-service-provider-lhc, group=DEFAULT_GROUP, cnt=1
2022-11-17 13:44:27.152 [main] INFO  com.alibaba.nacos.client.config.impl.ClientWorker - [fixed-localhost_8848-6c1230e4-aef6-4d65-b7e0-1fac133250cd] [subscribe] redis.properties+LOCAL_GROUP+6c1230e4-aef6-4d65-b7e0-1fac133250cd
2022-11-17 13:44:27.152 [main] INFO  com.alibaba.nacos.client.config.impl.CacheData - [fixed-localhost_8848-6c1230e4-aef6-4d65-b7e0-1fac133250cd] [add-listener] ok, tenant=6c1230e4-aef6-4d65-b7e0-1fac133250cd, dataId=redis.properties, group=LOCAL_GROUP, cnt=1
2022-11-17 13:44:27.154 [main] INFO  com.alibaba.nacos.client.config.impl.ClientWorker - [fixed-localhost_8848-6c1230e4-aef6-4d65-b7e0-1fac133250cd] [subscribe] app.properties+XGATEWAY_GROUP+6c1230e4-aef6-4d65-b7e0-1fac133250cd
2022-11-17 13:44:27.154 [main] INFO  com.alibaba.nacos.client.config.impl.CacheData - [fixed-localhost_8848-6c1230e4-aef6-4d65-b7e0-1fac133250cd] [add-listener] ok, tenant=6c1230e4-aef6-4d65-b7e0-1fac133250cd, dataId=app.properties, group=XGATEWAY_GROUP, cnt=1
2022-11-17 13:46:32.062 [http-nio-24501-exec-1] INFO  o.a.c.c.C.[Tomcat].[localhost].[/xgateway/web] - Initializing Spring DispatcherServlet 'dispatcherServlet'
2022-11-17 13:46:32.068 [http-nio-24501-exec-1] INFO  org.springframework.web.servlet.DispatcherServlet - Initializing Servlet 'dispatcherServlet'
2022-11-17 13:46:32.162 [http-nio-24501-exec-1] INFO  org.springframework.web.servlet.DispatcherServlet - Completed initialization in 93 ms
