2022-07-28 10:26:19.108 [main] WARN  c.a.cloud.nacos.client.NacosPropertySourceBuilder - Ignore the empty nacos configuration and get it based on dataId[enn-serivice-provider-lhc] & group[DEFAULT_GROUP]
2022-07-28 10:26:19.155 [main] WARN  c.a.cloud.nacos.client.NacosPropertySourceBuilder - Ignore the empty nacos configuration and get it based on dataId[enn-serivice-provider-lhc.properties] & group[DEFAULT_GROUP]
2022-07-28 10:26:20.480 [main] WARN  org.mybatis.spring.mapper.ClassPathMapperScanner - No MyBatis mapper was found in '[ProjectActivitiesMapper]' package. Please check your configuration.
2022-07-28 10:26:20.481 [main] WARN  org.mybatis.spring.mapper.ClassPathMapperScanner - No MyBatis mapper was found in '[EnlargeArmyMapper]' package. Please check your configuration.
2022-07-28 10:26:29.883 [main] WARN  com.netflix.config.sources.URLConfigurationSource - No URLs will be polled as dynamic configuration sources.
2022-07-28 10:26:29.888 [main] WARN  com.netflix.config.sources.URLConfigurationSource - No URLs will be polled as dynamic configuration sources.
2022-07-28 10:27:46.755 [Thread-13] WARN  com.alibaba.nacos.common.notify.NotifyCenter - [NotifyCenter] Start destroying Publisher
2022-07-28 10:27:46.755 [Thread-2] WARN  com.alibaba.nacos.common.http.HttpClientBeanHolder - [HttpClientBeanHolder] Start destroying common HttpClient
2022-07-28 10:27:46.756 [Thread-13] WARN  com.alibaba.nacos.common.notify.NotifyCenter - [NotifyCenter] Destruction of the end
2022-07-28 10:27:46.756 [Thread-2] WARN  com.alibaba.nacos.common.http.HttpClientBeanHolder - [HttpClientBeanHolder] Destruction of the end
2022-07-28 10:46:08.683 [main] WARN  c.a.cloud.nacos.client.NacosPropertySourceBuilder - Ignore the empty nacos configuration and get it based on dataId[enn-serivice-provider-lhc] & group[DEFAULT_GROUP]
2022-07-28 10:46:08.733 [main] WARN  c.a.cloud.nacos.client.NacosPropertySourceBuilder - Ignore the empty nacos configuration and get it based on dataId[enn-serivice-provider-lhc.properties] & group[DEFAULT_GROUP]
2022-07-28 10:46:09.946 [main] WARN  org.mybatis.spring.mapper.ClassPathMapperScanner - No MyBatis mapper was found in '[ProjectActivitiesMapper]' package. Please check your configuration.
2022-07-28 10:46:09.947 [main] WARN  org.mybatis.spring.mapper.ClassPathMapperScanner - No MyBatis mapper was found in '[EnlargeArmyMapper]' package. Please check your configuration.
2022-07-28 10:46:20.239 [main] WARN  com.netflix.config.sources.URLConfigurationSource - No URLs will be polled as dynamic configuration sources.
2022-07-28 10:46:20.244 [main] WARN  com.netflix.config.sources.URLConfigurationSource - No URLs will be polled as dynamic configuration sources.
2022-07-28 21:40:20.700 [Thread-2] WARN  com.alibaba.nacos.common.http.HttpClientBeanHolder - [HttpClientBeanHolder] Start destroying common HttpClient
2022-07-28 21:40:20.700 [Thread-13] WARN  com.alibaba.nacos.common.notify.NotifyCenter - [NotifyCenter] Start destroying Publisher
2022-07-28 21:40:20.715 [Thread-13] WARN  com.alibaba.nacos.common.notify.NotifyCenter - [NotifyCenter] Destruction of the end
2022-07-28 21:40:20.725 [Thread-2] WARN  com.alibaba.nacos.common.http.HttpClientBeanHolder - [HttpClientBeanHolder] Destruction of the end
2022-07-28 21:40:20.869 [SpringContextShutdownHook] WARN  o.s.d.redis.listener.RedisMessageListenerContainer - Unable to unsubscribe from subscriptions
io.lettuce.core.RedisException: java.io.IOException: 远程主机强迫关闭了一个现有的连接。
	at io.lettuce.core.LettuceFutures.awaitOrCancel(LettuceFutures.java:134)
	at io.lettuce.core.FutureSyncInvocationHandler.handleInvocation(FutureSyncInvocationHandler.java:75)
	at io.lettuce.core.internal.AbstractInvocationHandler.invoke(AbstractInvocationHandler.java:79)
	at com.sun.proxy.$Proxy181.unsubscribe(Unknown Source)
	at org.springframework.data.redis.connection.lettuce.LettuceSubscription.doUnsubscribe(LettuceSubscription.java:125)
	at org.springframework.data.redis.connection.lettuce.LettuceSubscription.doClose(LettuceSubscription.java:74)
	at org.springframework.data.redis.connection.util.AbstractSubscription.close(AbstractSubscription.java:106)
	at org.springframework.data.redis.listener.RedisMessageListenerContainer$SubscriptionTask.cancel(RedisMessageListenerContainer.java:866)
	at org.springframework.data.redis.listener.RedisMessageListenerContainer.stop(RedisMessageListenerContainer.java:225)
	at org.springframework.data.redis.listener.RedisMessageListenerContainer.stop(RedisMessageListenerContainer.java:183)
	at org.springframework.context.support.DefaultLifecycleProcessor.doStop(DefaultLifecycleProcessor.java:238)
	at org.springframework.context.support.DefaultLifecycleProcessor.access$300(DefaultLifecycleProcessor.java:53)
	at org.springframework.context.support.DefaultLifecycleProcessor$LifecycleGroup.stop(DefaultLifecycleProcessor.java:377)
	at org.springframework.context.support.DefaultLifecycleProcessor.stopBeans(DefaultLifecycleProcessor.java:210)
	at org.springframework.context.support.DefaultLifecycleProcessor.onClose(DefaultLifecycleProcessor.java:128)
	at org.springframework.context.support.AbstractApplicationContext.doClose(AbstractApplicationContext.java:1022)
	at org.springframework.boot.web.servlet.context.ServletWebServerApplicationContext.doClose(ServletWebServerApplicationContext.java:170)
	at org.springframework.context.support.AbstractApplicationContext$1.run(AbstractApplicationContext.java:949)
Caused by: java.io.IOException: 远程主机强迫关闭了一个现有的连接。
	at sun.nio.ch.SocketDispatcher.read0(Native Method)
	at sun.nio.ch.SocketDispatcher.read(SocketDispatcher.java:43)
	at sun.nio.ch.IOUtil.readIntoNativeBuffer(IOUtil.java:223)
	at sun.nio.ch.IOUtil.read(IOUtil.java:192)
	at sun.nio.ch.SocketChannelImpl.read(SocketChannelImpl.java:380)
	at io.netty.buffer.PooledByteBuf.setBytes(PooledByteBuf.java:253)
	at io.netty.buffer.AbstractByteBuf.writeBytes(AbstractByteBuf.java:1133)
	at io.netty.channel.socket.nio.NioSocketChannel.doReadBytes(NioSocketChannel.java:350)
	at io.netty.channel.nio.AbstractNioByteChannel$NioByteUnsafe.read(AbstractNioByteChannel.java:148)
	at io.netty.channel.nio.NioEventLoop.processSelectedKey(NioEventLoop.java:714)
	at io.netty.channel.nio.NioEventLoop.processSelectedKeysOptimized(NioEventLoop.java:650)
	at io.netty.channel.nio.NioEventLoop.processSelectedKeys(NioEventLoop.java:576)
	at io.netty.channel.nio.NioEventLoop.run(NioEventLoop.java:493)
	at io.netty.util.concurrent.SingleThreadEventExecutor$4.run(SingleThreadEventExecutor.java:989)
	at io.netty.util.internal.ThreadExecutorMap$2.run(ThreadExecutorMap.java:74)
	at io.netty.util.concurrent.FastThreadLocalRunnable.run(FastThreadLocalRunnable.java:30)
	at java.lang.Thread.run(Thread.java:748)
