2022-07-25 10:02:33.263 [main] WARN  c.a.cloud.nacos.client.NacosPropertySourceBuilder - Ignore the empty nacos configuration and get it based on dataId[enn-serivice-provider-lhc] & group[DEFAULT_GROUP]
2022-07-25 10:02:33.306 [main] WARN  c.a.cloud.nacos.client.NacosPropertySourceBuilder - Ignore the empty nacos configuration and get it based on dataId[enn-serivice-provider-lhc.properties] & group[DEFAULT_GROUP]
2022-07-25 10:02:34.399 [main] WARN  org.mybatis.spring.mapper.ClassPathMapperScanner - No MyBatis mapper was found in '[ProjectActivitiesMapper]' package. Please check your configuration.
2022-07-25 10:02:34.400 [main] WARN  org.mybatis.spring.mapper.ClassPathMapperScanner - No MyBatis mapper was found in '[EnlargeArmyMapper]' package. Please check your configuration.
2022-07-25 10:02:43.104 [main] WARN  com.netflix.config.sources.URLConfigurationSource - No URLs will be polled as dynamic configuration sources.
2022-07-25 10:02:43.110 [main] WARN  com.netflix.config.sources.URLConfigurationSource - No URLs will be polled as dynamic configuration sources.
2022-07-25 10:07:06.231 [Thread-13] WARN  com.alibaba.nacos.common.notify.NotifyCenter - [NotifyCenter] Start destroying Publisher
2022-07-25 10:07:06.231 [Thread-2] WARN  com.alibaba.nacos.common.http.HttpClientBeanHolder - [HttpClientBeanHolder] Start destroying common HttpClient
2022-07-25 10:07:06.231 [Thread-13] WARN  com.alibaba.nacos.common.notify.NotifyCenter - [NotifyCenter] Destruction of the end
2022-07-25 10:07:06.232 [Thread-2] WARN  com.alibaba.nacos.common.http.HttpClientBeanHolder - [HttpClientBeanHolder] Destruction of the end
2022-07-25 10:07:20.066 [main] WARN  c.a.cloud.nacos.client.NacosPropertySourceBuilder - Ignore the empty nacos configuration and get it based on dataId[enn-serivice-provider-lhc] & group[DEFAULT_GROUP]
2022-07-25 10:07:20.112 [main] WARN  c.a.cloud.nacos.client.NacosPropertySourceBuilder - Ignore the empty nacos configuration and get it based on dataId[enn-serivice-provider-lhc.properties] & group[DEFAULT_GROUP]
2022-07-25 10:07:21.272 [main] WARN  org.mybatis.spring.mapper.ClassPathMapperScanner - No MyBatis mapper was found in '[ProjectActivitiesMapper]' package. Please check your configuration.
2022-07-25 10:07:21.273 [main] WARN  org.mybatis.spring.mapper.ClassPathMapperScanner - No MyBatis mapper was found in '[EnlargeArmyMapper]' package. Please check your configuration.
2022-07-25 10:07:29.779 [main] WARN  com.netflix.config.sources.URLConfigurationSource - No URLs will be polled as dynamic configuration sources.
2022-07-25 10:07:29.783 [main] WARN  com.netflix.config.sources.URLConfigurationSource - No URLs will be polled as dynamic configuration sources.
2022-07-25 11:07:39.181 [main] WARN  c.a.cloud.nacos.client.NacosPropertySourceBuilder - Ignore the empty nacos configuration and get it based on dataId[enn-serivice-provider-lhc] & group[DEFAULT_GROUP]
2022-07-25 11:07:39.225 [main] WARN  c.a.cloud.nacos.client.NacosPropertySourceBuilder - Ignore the empty nacos configuration and get it based on dataId[enn-serivice-provider-lhc.properties] & group[DEFAULT_GROUP]
2022-07-25 11:07:40.302 [main] WARN  org.mybatis.spring.mapper.ClassPathMapperScanner - No MyBatis mapper was found in '[ProjectActivitiesMapper]' package. Please check your configuration.
2022-07-25 11:07:40.303 [main] WARN  org.mybatis.spring.mapper.ClassPathMapperScanner - No MyBatis mapper was found in '[EnlargeArmyMapper]' package. Please check your configuration.
2022-07-25 11:07:49.931 [main] WARN  com.netflix.config.sources.URLConfigurationSource - No URLs will be polled as dynamic configuration sources.
2022-07-25 11:07:50.013 [main] WARN  com.netflix.config.sources.URLConfigurationSource - No URLs will be polled as dynamic configuration sources.
2022-07-25 11:07:52.204 [main] WARN  o.s.b.w.s.c.AnnotationConfigServletWebServerApplicationContext - Exception encountered during context initialization - cancelling refresh attempt: org.springframework.context.ApplicationContextException: Failed to start bean 'webServerStartStop'; nested exception is org.springframework.boot.web.server.PortInUseException: Port 29011 is already in use
2022-07-25 11:08:44.820 [Thread-13] WARN  com.alibaba.nacos.common.notify.NotifyCenter - [NotifyCenter] Start destroying Publisher
2022-07-25 11:08:44.820 [Thread-2] WARN  com.alibaba.nacos.common.http.HttpClientBeanHolder - [HttpClientBeanHolder] Start destroying common HttpClient
2022-07-25 11:08:44.820 [Thread-13] WARN  com.alibaba.nacos.common.notify.NotifyCenter - [NotifyCenter] Destruction of the end
2022-07-25 11:08:44.820 [Thread-2] WARN  com.alibaba.nacos.common.http.HttpClientBeanHolder - [HttpClientBeanHolder] Destruction of the end
2022-07-25 11:08:51.078 [main] WARN  c.a.cloud.nacos.client.NacosPropertySourceBuilder - Ignore the empty nacos configuration and get it based on dataId[enn-serivice-provider-lhc] & group[DEFAULT_GROUP]
2022-07-25 11:08:51.123 [main] WARN  c.a.cloud.nacos.client.NacosPropertySourceBuilder - Ignore the empty nacos configuration and get it based on dataId[enn-serivice-provider-lhc.properties] & group[DEFAULT_GROUP]
2022-07-25 11:08:52.202 [main] WARN  org.mybatis.spring.mapper.ClassPathMapperScanner - No MyBatis mapper was found in '[ProjectActivitiesMapper]' package. Please check your configuration.
2022-07-25 11:08:52.203 [main] WARN  org.mybatis.spring.mapper.ClassPathMapperScanner - No MyBatis mapper was found in '[EnlargeArmyMapper]' package. Please check your configuration.
2022-07-25 11:09:01.448 [main] WARN  com.netflix.config.sources.URLConfigurationSource - No URLs will be polled as dynamic configuration sources.
2022-07-25 11:09:01.456 [main] WARN  com.netflix.config.sources.URLConfigurationSource - No URLs will be polled as dynamic configuration sources.
2022-07-25 11:09:03.432 [main] WARN  o.s.b.w.s.c.AnnotationConfigServletWebServerApplicationContext - Exception encountered during context initialization - cancelling refresh attempt: org.springframework.context.ApplicationContextException: Failed to start bean 'webServerStartStop'; nested exception is org.springframework.boot.web.server.PortInUseException: Port 29011 is already in use
2022-07-25 11:10:47.043 [Thread-13] WARN  com.alibaba.nacos.common.notify.NotifyCenter - [NotifyCenter] Start destroying Publisher
2022-07-25 11:10:47.043 [Thread-2] WARN  com.alibaba.nacos.common.http.HttpClientBeanHolder - [HttpClientBeanHolder] Start destroying common HttpClient
2022-07-25 11:10:47.043 [Thread-13] WARN  com.alibaba.nacos.common.notify.NotifyCenter - [NotifyCenter] Destruction of the end
2022-07-25 11:10:47.044 [Thread-2] WARN  com.alibaba.nacos.common.http.HttpClientBeanHolder - [HttpClientBeanHolder] Destruction of the end
2022-07-25 11:12:02.244 [main] WARN  c.a.cloud.nacos.client.NacosPropertySourceBuilder - Ignore the empty nacos configuration and get it based on dataId[enn-serivice-provider-lhc] & group[DEFAULT_GROUP]
2022-07-25 11:12:02.293 [main] WARN  c.a.cloud.nacos.client.NacosPropertySourceBuilder - Ignore the empty nacos configuration and get it based on dataId[enn-serivice-provider-lhc.properties] & group[DEFAULT_GROUP]
2022-07-25 11:12:03.512 [main] WARN  org.mybatis.spring.mapper.ClassPathMapperScanner - No MyBatis mapper was found in '[ProjectActivitiesMapper]' package. Please check your configuration.
2022-07-25 11:12:03.513 [main] WARN  org.mybatis.spring.mapper.ClassPathMapperScanner - No MyBatis mapper was found in '[EnlargeArmyMapper]' package. Please check your configuration.
2022-07-25 11:12:12.823 [main] WARN  com.netflix.config.sources.URLConfigurationSource - No URLs will be polled as dynamic configuration sources.
2022-07-25 11:12:12.828 [main] WARN  com.netflix.config.sources.URLConfigurationSource - No URLs will be polled as dynamic configuration sources.
2022-07-25 11:12:15.110 [main] WARN  o.s.b.w.s.c.AnnotationConfigServletWebServerApplicationContext - Exception encountered during context initialization - cancelling refresh attempt: org.springframework.context.ApplicationContextException: Failed to start bean 'webServerStartStop'; nested exception is org.springframework.boot.web.server.PortInUseException: Port 29011 is already in use
2022-07-25 11:13:53.927 [Thread-13] WARN  com.alibaba.nacos.common.notify.NotifyCenter - [NotifyCenter] Start destroying Publisher
2022-07-25 11:13:53.927 [Thread-2] WARN  com.alibaba.nacos.common.http.HttpClientBeanHolder - [HttpClientBeanHolder] Start destroying common HttpClient
2022-07-25 11:13:53.928 [Thread-13] WARN  com.alibaba.nacos.common.notify.NotifyCenter - [NotifyCenter] Destruction of the end
2022-07-25 11:13:53.928 [Thread-2] WARN  com.alibaba.nacos.common.http.HttpClientBeanHolder - [HttpClientBeanHolder] Destruction of the end
2022-07-25 11:14:01.216 [main] WARN  c.a.cloud.nacos.client.NacosPropertySourceBuilder - Ignore the empty nacos configuration and get it based on dataId[enn-serivice-provider-lhc] & group[DEFAULT_GROUP]
2022-07-25 11:14:01.260 [main] WARN  c.a.cloud.nacos.client.NacosPropertySourceBuilder - Ignore the empty nacos configuration and get it based on dataId[enn-serivice-provider-lhc.properties] & group[DEFAULT_GROUP]
2022-07-25 11:14:02.302 [main] WARN  org.mybatis.spring.mapper.ClassPathMapperScanner - No MyBatis mapper was found in '[ProjectActivitiesMapper]' package. Please check your configuration.
2022-07-25 11:14:02.303 [main] WARN  org.mybatis.spring.mapper.ClassPathMapperScanner - No MyBatis mapper was found in '[EnlargeArmyMapper]' package. Please check your configuration.
2022-07-25 11:14:10.857 [main] WARN  com.netflix.config.sources.URLConfigurationSource - No URLs will be polled as dynamic configuration sources.
2022-07-25 11:14:10.861 [main] WARN  com.netflix.config.sources.URLConfigurationSource - No URLs will be polled as dynamic configuration sources.
2022-07-25 14:02:17.532 [Thread-13] WARN  com.alibaba.nacos.common.notify.NotifyCenter - [NotifyCenter] Start destroying Publisher
2022-07-25 14:02:17.532 [Thread-2] WARN  com.alibaba.nacos.common.http.HttpClientBeanHolder - [HttpClientBeanHolder] Start destroying common HttpClient
2022-07-25 14:02:17.534 [Thread-13] WARN  com.alibaba.nacos.common.notify.NotifyCenter - [NotifyCenter] Destruction of the end
2022-07-25 14:02:17.536 [Thread-2] WARN  com.alibaba.nacos.common.http.HttpClientBeanHolder - [HttpClientBeanHolder] Destruction of the end
2022-07-25 15:40:20.148 [main] WARN  c.a.cloud.nacos.client.NacosPropertySourceBuilder - Ignore the empty nacos configuration and get it based on dataId[enn-serivice-provider-lhc] & group[DEFAULT_GROUP]
2022-07-25 15:40:20.194 [main] WARN  c.a.cloud.nacos.client.NacosPropertySourceBuilder - Ignore the empty nacos configuration and get it based on dataId[enn-serivice-provider-lhc.properties] & group[DEFAULT_GROUP]
2022-07-25 15:40:21.299 [main] WARN  org.mybatis.spring.mapper.ClassPathMapperScanner - No MyBatis mapper was found in '[ProjectActivitiesMapper]' package. Please check your configuration.
2022-07-25 15:40:21.300 [main] WARN  org.mybatis.spring.mapper.ClassPathMapperScanner - No MyBatis mapper was found in '[EnlargeArmyMapper]' package. Please check your configuration.
2022-07-25 15:40:29.614 [main] WARN  com.netflix.config.sources.URLConfigurationSource - No URLs will be polled as dynamic configuration sources.
2022-07-25 15:40:29.619 [main] WARN  com.netflix.config.sources.URLConfigurationSource - No URLs will be polled as dynamic configuration sources.
2022-07-25 15:52:29.885 [Thread-2] WARN  com.alibaba.nacos.common.http.HttpClientBeanHolder - [HttpClientBeanHolder] Start destroying common HttpClient
2022-07-25 15:52:29.885 [Thread-13] WARN  com.alibaba.nacos.common.notify.NotifyCenter - [NotifyCenter] Start destroying Publisher
2022-07-25 15:52:29.885 [Thread-13] WARN  com.alibaba.nacos.common.notify.NotifyCenter - [NotifyCenter] Destruction of the end
2022-07-25 15:52:29.886 [Thread-2] WARN  com.alibaba.nacos.common.http.HttpClientBeanHolder - [HttpClientBeanHolder] Destruction of the end
2022-07-25 15:52:35.561 [main] WARN  c.a.cloud.nacos.client.NacosPropertySourceBuilder - Ignore the empty nacos configuration and get it based on dataId[enn-serivice-provider-lhc] & group[DEFAULT_GROUP]
2022-07-25 15:52:35.607 [main] WARN  c.a.cloud.nacos.client.NacosPropertySourceBuilder - Ignore the empty nacos configuration and get it based on dataId[enn-serivice-provider-lhc.properties] & group[DEFAULT_GROUP]
2022-07-25 15:52:36.603 [main] WARN  org.mybatis.spring.mapper.ClassPathMapperScanner - No MyBatis mapper was found in '[ProjectActivitiesMapper]' package. Please check your configuration.
2022-07-25 15:52:36.604 [main] WARN  org.mybatis.spring.mapper.ClassPathMapperScanner - No MyBatis mapper was found in '[EnlargeArmyMapper]' package. Please check your configuration.
2022-07-25 15:52:44.959 [main] WARN  com.netflix.config.sources.URLConfigurationSource - No URLs will be polled as dynamic configuration sources.
2022-07-25 15:52:44.962 [main] WARN  com.netflix.config.sources.URLConfigurationSource - No URLs will be polled as dynamic configuration sources.
2022-07-25 16:15:28.114 [Thread-13] WARN  com.alibaba.nacos.common.notify.NotifyCenter - [NotifyCenter] Start destroying Publisher
2022-07-25 16:15:28.114 [Thread-2] WARN  com.alibaba.nacos.common.http.HttpClientBeanHolder - [HttpClientBeanHolder] Start destroying common HttpClient
2022-07-25 16:15:28.114 [Thread-13] WARN  com.alibaba.nacos.common.notify.NotifyCenter - [NotifyCenter] Destruction of the end
2022-07-25 16:15:28.115 [Thread-2] WARN  com.alibaba.nacos.common.http.HttpClientBeanHolder - [HttpClientBeanHolder] Destruction of the end
2022-07-25 16:15:35.882 [main] WARN  c.a.cloud.nacos.client.NacosPropertySourceBuilder - Ignore the empty nacos configuration and get it based on dataId[enn-serivice-provider-lhc] & group[DEFAULT_GROUP]
2022-07-25 16:15:35.929 [main] WARN  c.a.cloud.nacos.client.NacosPropertySourceBuilder - Ignore the empty nacos configuration and get it based on dataId[enn-serivice-provider-lhc.properties] & group[DEFAULT_GROUP]
2022-07-25 16:15:36.911 [main] WARN  org.mybatis.spring.mapper.ClassPathMapperScanner - No MyBatis mapper was found in '[ProjectActivitiesMapper]' package. Please check your configuration.
2022-07-25 16:15:36.913 [main] WARN  org.mybatis.spring.mapper.ClassPathMapperScanner - No MyBatis mapper was found in '[EnlargeArmyMapper]' package. Please check your configuration.
2022-07-25 16:15:45.075 [main] WARN  com.netflix.config.sources.URLConfigurationSource - No URLs will be polled as dynamic configuration sources.
2022-07-25 16:15:45.079 [main] WARN  com.netflix.config.sources.URLConfigurationSource - No URLs will be polled as dynamic configuration sources.
2022-07-25 16:25:54.339 [Thread-13] WARN  com.alibaba.nacos.common.notify.NotifyCenter - [NotifyCenter] Start destroying Publisher
2022-07-25 16:25:54.339 [Thread-2] WARN  com.alibaba.nacos.common.http.HttpClientBeanHolder - [HttpClientBeanHolder] Start destroying common HttpClient
2022-07-25 16:25:54.340 [Thread-13] WARN  com.alibaba.nacos.common.notify.NotifyCenter - [NotifyCenter] Destruction of the end
2022-07-25 16:25:54.340 [Thread-2] WARN  com.alibaba.nacos.common.http.HttpClientBeanHolder - [HttpClientBeanHolder] Destruction of the end
2022-07-25 16:26:00.025 [main] WARN  c.a.cloud.nacos.client.NacosPropertySourceBuilder - Ignore the empty nacos configuration and get it based on dataId[enn-serivice-provider-lhc] & group[DEFAULT_GROUP]
2022-07-25 16:26:00.069 [main] WARN  c.a.cloud.nacos.client.NacosPropertySourceBuilder - Ignore the empty nacos configuration and get it based on dataId[enn-serivice-provider-lhc.properties] & group[DEFAULT_GROUP]
2022-07-25 16:26:01.023 [main] WARN  org.mybatis.spring.mapper.ClassPathMapperScanner - No MyBatis mapper was found in '[ProjectActivitiesMapper]' package. Please check your configuration.
2022-07-25 16:26:01.024 [main] WARN  org.mybatis.spring.mapper.ClassPathMapperScanner - No MyBatis mapper was found in '[EnlargeArmyMapper]' package. Please check your configuration.
2022-07-25 16:26:09.449 [main] WARN  com.netflix.config.sources.URLConfigurationSource - No URLs will be polled as dynamic configuration sources.
2022-07-25 16:26:09.453 [main] WARN  com.netflix.config.sources.URLConfigurationSource - No URLs will be polled as dynamic configuration sources.
2022-07-25 16:28:40.890 [Thread-13] WARN  com.alibaba.nacos.common.notify.NotifyCenter - [NotifyCenter] Start destroying Publisher
2022-07-25 16:28:40.890 [Thread-2] WARN  com.alibaba.nacos.common.http.HttpClientBeanHolder - [HttpClientBeanHolder] Start destroying common HttpClient
2022-07-25 16:28:40.890 [Thread-13] WARN  com.alibaba.nacos.common.notify.NotifyCenter - [NotifyCenter] Destruction of the end
2022-07-25 16:28:40.891 [Thread-2] WARN  com.alibaba.nacos.common.http.HttpClientBeanHolder - [HttpClientBeanHolder] Destruction of the end
2022-07-25 16:28:49.087 [main] WARN  c.a.cloud.nacos.client.NacosPropertySourceBuilder - Ignore the empty nacos configuration and get it based on dataId[enn-serivice-provider-lhc] & group[DEFAULT_GROUP]
2022-07-25 16:28:49.131 [main] WARN  c.a.cloud.nacos.client.NacosPropertySourceBuilder - Ignore the empty nacos configuration and get it based on dataId[enn-serivice-provider-lhc.properties] & group[DEFAULT_GROUP]
2022-07-25 16:28:50.136 [main] WARN  org.mybatis.spring.mapper.ClassPathMapperScanner - No MyBatis mapper was found in '[ProjectActivitiesMapper]' package. Please check your configuration.
2022-07-25 16:28:50.137 [main] WARN  org.mybatis.spring.mapper.ClassPathMapperScanner - No MyBatis mapper was found in '[EnlargeArmyMapper]' package. Please check your configuration.
2022-07-25 16:28:58.793 [main] WARN  com.netflix.config.sources.URLConfigurationSource - No URLs will be polled as dynamic configuration sources.
2022-07-25 16:28:58.797 [main] WARN  com.netflix.config.sources.URLConfigurationSource - No URLs will be polled as dynamic configuration sources.
2022-07-25 16:30:10.694 [Thread-13] WARN  com.alibaba.nacos.common.notify.NotifyCenter - [NotifyCenter] Start destroying Publisher
2022-07-25 16:30:10.704 [Thread-2] WARN  com.alibaba.nacos.common.http.HttpClientBeanHolder - [HttpClientBeanHolder] Start destroying common HttpClient
2022-07-25 16:30:10.704 [Thread-13] WARN  com.alibaba.nacos.common.notify.NotifyCenter - [NotifyCenter] Destruction of the end
2022-07-25 16:30:10.706 [Thread-2] WARN  com.alibaba.nacos.common.http.HttpClientBeanHolder - [HttpClientBeanHolder] Destruction of the end
2022-07-25 16:30:16.952 [main] WARN  c.a.cloud.nacos.client.NacosPropertySourceBuilder - Ignore the empty nacos configuration and get it based on dataId[enn-serivice-provider-lhc] & group[DEFAULT_GROUP]
2022-07-25 16:30:16.996 [main] WARN  c.a.cloud.nacos.client.NacosPropertySourceBuilder - Ignore the empty nacos configuration and get it based on dataId[enn-serivice-provider-lhc.properties] & group[DEFAULT_GROUP]
2022-07-25 16:30:18.083 [main] WARN  org.mybatis.spring.mapper.ClassPathMapperScanner - No MyBatis mapper was found in '[ProjectActivitiesMapper]' package. Please check your configuration.
2022-07-25 16:30:18.087 [main] WARN  org.mybatis.spring.mapper.ClassPathMapperScanner - No MyBatis mapper was found in '[EnlargeArmyMapper]' package. Please check your configuration.
2022-07-25 16:30:26.615 [main] WARN  com.netflix.config.sources.URLConfigurationSource - No URLs will be polled as dynamic configuration sources.
2022-07-25 16:30:26.619 [main] WARN  com.netflix.config.sources.URLConfigurationSource - No URLs will be polled as dynamic configuration sources.
2022-07-25 16:40:16.468 [Thread-13] WARN  com.alibaba.nacos.common.notify.NotifyCenter - [NotifyCenter] Start destroying Publisher
2022-07-25 16:40:16.468 [Thread-2] WARN  com.alibaba.nacos.common.http.HttpClientBeanHolder - [HttpClientBeanHolder] Start destroying common HttpClient
2022-07-25 16:40:16.468 [Thread-13] WARN  com.alibaba.nacos.common.notify.NotifyCenter - [NotifyCenter] Destruction of the end
2022-07-25 16:40:16.469 [Thread-2] WARN  com.alibaba.nacos.common.http.HttpClientBeanHolder - [HttpClientBeanHolder] Destruction of the end
2022-07-25 16:40:25.655 [main] WARN  c.a.cloud.nacos.client.NacosPropertySourceBuilder - Ignore the empty nacos configuration and get it based on dataId[enn-serivice-provider-lhc] & group[DEFAULT_GROUP]
2022-07-25 16:40:25.703 [main] WARN  c.a.cloud.nacos.client.NacosPropertySourceBuilder - Ignore the empty nacos configuration and get it based on dataId[enn-serivice-provider-lhc.properties] & group[DEFAULT_GROUP]
2022-07-25 16:40:26.704 [main] WARN  org.mybatis.spring.mapper.ClassPathMapperScanner - No MyBatis mapper was found in '[ProjectActivitiesMapper]' package. Please check your configuration.
2022-07-25 16:40:26.705 [main] WARN  org.mybatis.spring.mapper.ClassPathMapperScanner - No MyBatis mapper was found in '[EnlargeArmyMapper]' package. Please check your configuration.
2022-07-25 16:40:35.039 [main] WARN  com.netflix.config.sources.URLConfigurationSource - No URLs will be polled as dynamic configuration sources.
2022-07-25 16:40:35.042 [main] WARN  com.netflix.config.sources.URLConfigurationSource - No URLs will be polled as dynamic configuration sources.
2022-07-25 16:44:18.173 [Thread-13] WARN  com.alibaba.nacos.common.notify.NotifyCenter - [NotifyCenter] Start destroying Publisher
2022-07-25 16:44:18.173 [Thread-2] WARN  com.alibaba.nacos.common.http.HttpClientBeanHolder - [HttpClientBeanHolder] Start destroying common HttpClient
2022-07-25 16:44:18.173 [Thread-13] WARN  com.alibaba.nacos.common.notify.NotifyCenter - [NotifyCenter] Destruction of the end
2022-07-25 16:44:18.174 [Thread-2] WARN  com.alibaba.nacos.common.http.HttpClientBeanHolder - [HttpClientBeanHolder] Destruction of the end
2022-07-25 16:44:24.169 [main] WARN  c.a.cloud.nacos.client.NacosPropertySourceBuilder - Ignore the empty nacos configuration and get it based on dataId[enn-serivice-provider-lhc] & group[DEFAULT_GROUP]
2022-07-25 16:44:24.210 [main] WARN  c.a.cloud.nacos.client.NacosPropertySourceBuilder - Ignore the empty nacos configuration and get it based on dataId[enn-serivice-provider-lhc.properties] & group[DEFAULT_GROUP]
2022-07-25 16:44:25.150 [main] WARN  org.mybatis.spring.mapper.ClassPathMapperScanner - No MyBatis mapper was found in '[ProjectActivitiesMapper]' package. Please check your configuration.
2022-07-25 16:44:25.151 [main] WARN  org.mybatis.spring.mapper.ClassPathMapperScanner - No MyBatis mapper was found in '[EnlargeArmyMapper]' package. Please check your configuration.
2022-07-25 16:44:33.307 [main] WARN  com.netflix.config.sources.URLConfigurationSource - No URLs will be polled as dynamic configuration sources.
2022-07-25 16:44:33.311 [main] WARN  com.netflix.config.sources.URLConfigurationSource - No URLs will be polled as dynamic configuration sources.
2022-07-25 16:45:20.583 [Thread-13] WARN  com.alibaba.nacos.common.notify.NotifyCenter - [NotifyCenter] Start destroying Publisher
2022-07-25 16:45:20.583 [Thread-2] WARN  com.alibaba.nacos.common.http.HttpClientBeanHolder - [HttpClientBeanHolder] Start destroying common HttpClient
2022-07-25 16:45:20.584 [Thread-13] WARN  com.alibaba.nacos.common.notify.NotifyCenter - [NotifyCenter] Destruction of the end
2022-07-25 16:45:20.584 [Thread-2] WARN  com.alibaba.nacos.common.http.HttpClientBeanHolder - [HttpClientBeanHolder] Destruction of the end
2022-07-25 16:45:26.683 [main] WARN  c.a.cloud.nacos.client.NacosPropertySourceBuilder - Ignore the empty nacos configuration and get it based on dataId[enn-serivice-provider-lhc] & group[DEFAULT_GROUP]
2022-07-25 16:45:26.732 [main] WARN  c.a.cloud.nacos.client.NacosPropertySourceBuilder - Ignore the empty nacos configuration and get it based on dataId[enn-serivice-provider-lhc.properties] & group[DEFAULT_GROUP]
2022-07-25 16:45:27.801 [main] WARN  org.mybatis.spring.mapper.ClassPathMapperScanner - No MyBatis mapper was found in '[ProjectActivitiesMapper]' package. Please check your configuration.
2022-07-25 16:45:27.803 [main] WARN  org.mybatis.spring.mapper.ClassPathMapperScanner - No MyBatis mapper was found in '[EnlargeArmyMapper]' package. Please check your configuration.
2022-07-25 16:45:36.002 [main] WARN  com.netflix.config.sources.URLConfigurationSource - No URLs will be polled as dynamic configuration sources.
2022-07-25 16:45:36.006 [main] WARN  com.netflix.config.sources.URLConfigurationSource - No URLs will be polled as dynamic configuration sources.
2022-07-25 16:49:40.246 [Thread-2] WARN  com.alibaba.nacos.common.http.HttpClientBeanHolder - [HttpClientBeanHolder] Start destroying common HttpClient
2022-07-25 16:49:40.246 [Thread-13] WARN  com.alibaba.nacos.common.notify.NotifyCenter - [NotifyCenter] Start destroying Publisher
2022-07-25 16:49:40.246 [Thread-13] WARN  com.alibaba.nacos.common.notify.NotifyCenter - [NotifyCenter] Destruction of the end
2022-07-25 16:49:40.246 [Thread-2] WARN  com.alibaba.nacos.common.http.HttpClientBeanHolder - [HttpClientBeanHolder] Destruction of the end
2022-07-25 16:49:45.956 [main] WARN  c.a.cloud.nacos.client.NacosPropertySourceBuilder - Ignore the empty nacos configuration and get it based on dataId[enn-serivice-provider-lhc] & group[DEFAULT_GROUP]
2022-07-25 16:49:46.000 [main] WARN  c.a.cloud.nacos.client.NacosPropertySourceBuilder - Ignore the empty nacos configuration and get it based on dataId[enn-serivice-provider-lhc.properties] & group[DEFAULT_GROUP]
2022-07-25 16:49:46.973 [main] WARN  org.mybatis.spring.mapper.ClassPathMapperScanner - No MyBatis mapper was found in '[ProjectActivitiesMapper]' package. Please check your configuration.
2022-07-25 16:49:46.974 [main] WARN  org.mybatis.spring.mapper.ClassPathMapperScanner - No MyBatis mapper was found in '[EnlargeArmyMapper]' package. Please check your configuration.
2022-07-25 16:49:55.189 [main] WARN  com.netflix.config.sources.URLConfigurationSource - No URLs will be polled as dynamic configuration sources.
2022-07-25 16:49:55.193 [main] WARN  com.netflix.config.sources.URLConfigurationSource - No URLs will be polled as dynamic configuration sources.
2022-07-25 17:27:53.105 [Thread-13] WARN  com.alibaba.nacos.common.notify.NotifyCenter - [NotifyCenter] Start destroying Publisher
2022-07-25 17:27:53.105 [Thread-2] WARN  com.alibaba.nacos.common.http.HttpClientBeanHolder - [HttpClientBeanHolder] Start destroying common HttpClient
2022-07-25 17:27:53.105 [Thread-13] WARN  com.alibaba.nacos.common.notify.NotifyCenter - [NotifyCenter] Destruction of the end
2022-07-25 17:27:53.106 [Thread-2] WARN  com.alibaba.nacos.common.http.HttpClientBeanHolder - [HttpClientBeanHolder] Destruction of the end
2022-07-25 18:00:40.219 [main] WARN  c.a.cloud.nacos.client.NacosPropertySourceBuilder - Ignore the empty nacos configuration and get it based on dataId[enn-serivice-provider-lhc] & group[DEFAULT_GROUP]
2022-07-25 18:00:40.265 [main] WARN  c.a.cloud.nacos.client.NacosPropertySourceBuilder - Ignore the empty nacos configuration and get it based on dataId[enn-serivice-provider-lhc.properties] & group[DEFAULT_GROUP]
2022-07-25 18:00:41.417 [main] WARN  org.mybatis.spring.mapper.ClassPathMapperScanner - No MyBatis mapper was found in '[ProjectActivitiesMapper]' package. Please check your configuration.
2022-07-25 18:00:41.417 [main] WARN  org.mybatis.spring.mapper.ClassPathMapperScanner - No MyBatis mapper was found in '[EnlargeArmyMapper]' package. Please check your configuration.
2022-07-25 18:00:50.024 [main] WARN  com.netflix.config.sources.URLConfigurationSource - No URLs will be polled as dynamic configuration sources.
2022-07-25 18:00:50.029 [main] WARN  com.netflix.config.sources.URLConfigurationSource - No URLs will be polled as dynamic configuration sources.
2022-07-25 18:04:38.136 [Thread-13] WARN  com.alibaba.nacos.common.notify.NotifyCenter - [NotifyCenter] Start destroying Publisher
2022-07-25 18:04:38.136 [Thread-2] WARN  com.alibaba.nacos.common.http.HttpClientBeanHolder - [HttpClientBeanHolder] Start destroying common HttpClient
2022-07-25 18:04:38.136 [Thread-13] WARN  com.alibaba.nacos.common.notify.NotifyCenter - [NotifyCenter] Destruction of the end
2022-07-25 18:04:38.137 [Thread-2] WARN  com.alibaba.nacos.common.http.HttpClientBeanHolder - [HttpClientBeanHolder] Destruction of the end
2022-07-25 18:04:46.725 [main] WARN  c.a.cloud.nacos.client.NacosPropertySourceBuilder - Ignore the empty nacos configuration and get it based on dataId[enn-serivice-provider-lhc] & group[DEFAULT_GROUP]
2022-07-25 18:04:46.768 [main] WARN  c.a.cloud.nacos.client.NacosPropertySourceBuilder - Ignore the empty nacos configuration and get it based on dataId[enn-serivice-provider-lhc.properties] & group[DEFAULT_GROUP]
2022-07-25 18:04:47.719 [main] WARN  org.mybatis.spring.mapper.ClassPathMapperScanner - No MyBatis mapper was found in '[ProjectActivitiesMapper]' package. Please check your configuration.
2022-07-25 18:04:47.720 [main] WARN  org.mybatis.spring.mapper.ClassPathMapperScanner - No MyBatis mapper was found in '[EnlargeArmyMapper]' package. Please check your configuration.
2022-07-25 18:04:55.704 [main] WARN  com.netflix.config.sources.URLConfigurationSource - No URLs will be polled as dynamic configuration sources.
2022-07-25 18:04:55.708 [main] WARN  com.netflix.config.sources.URLConfigurationSource - No URLs will be polled as dynamic configuration sources.
2022-07-25 18:05:46.062 [Thread-13] WARN  com.alibaba.nacos.common.notify.NotifyCenter - [NotifyCenter] Start destroying Publisher
2022-07-25 18:05:46.062 [Thread-2] WARN  com.alibaba.nacos.common.http.HttpClientBeanHolder - [HttpClientBeanHolder] Start destroying common HttpClient
2022-07-25 18:05:46.062 [Thread-13] WARN  com.alibaba.nacos.common.notify.NotifyCenter - [NotifyCenter] Destruction of the end
2022-07-25 18:05:46.063 [Thread-2] WARN  com.alibaba.nacos.common.http.HttpClientBeanHolder - [HttpClientBeanHolder] Destruction of the end
2022-07-25 18:05:54.482 [main] WARN  c.a.cloud.nacos.client.NacosPropertySourceBuilder - Ignore the empty nacos configuration and get it based on dataId[enn-serivice-provider-lhc] & group[DEFAULT_GROUP]
2022-07-25 18:05:54.525 [main] WARN  c.a.cloud.nacos.client.NacosPropertySourceBuilder - Ignore the empty nacos configuration and get it based on dataId[enn-serivice-provider-lhc.properties] & group[DEFAULT_GROUP]
2022-07-25 18:05:55.525 [main] WARN  org.mybatis.spring.mapper.ClassPathMapperScanner - No MyBatis mapper was found in '[ProjectActivitiesMapper]' package. Please check your configuration.
2022-07-25 18:05:55.527 [main] WARN  org.mybatis.spring.mapper.ClassPathMapperScanner - No MyBatis mapper was found in '[EnlargeArmyMapper]' package. Please check your configuration.
2022-07-25 18:06:04.210 [main] WARN  com.netflix.config.sources.URLConfigurationSource - No URLs will be polled as dynamic configuration sources.
2022-07-25 18:06:04.214 [main] WARN  com.netflix.config.sources.URLConfigurationSource - No URLs will be polled as dynamic configuration sources.
2022-07-25 18:18:20.553 [Thread-13] WARN  com.alibaba.nacos.common.notify.NotifyCenter - [NotifyCenter] Start destroying Publisher
2022-07-25 18:18:20.553 [Thread-2] WARN  com.alibaba.nacos.common.http.HttpClientBeanHolder - [HttpClientBeanHolder] Start destroying common HttpClient
2022-07-25 18:18:20.554 [Thread-13] WARN  com.alibaba.nacos.common.notify.NotifyCenter - [NotifyCenter] Destruction of the end
2022-07-25 18:18:20.554 [Thread-2] WARN  com.alibaba.nacos.common.http.HttpClientBeanHolder - [HttpClientBeanHolder] Destruction of the end
2022-07-25 18:18:33.893 [main] WARN  c.a.cloud.nacos.client.NacosPropertySourceBuilder - Ignore the empty nacos configuration and get it based on dataId[enn-serivice-provider-lhc] & group[DEFAULT_GROUP]
2022-07-25 18:18:33.938 [main] WARN  c.a.cloud.nacos.client.NacosPropertySourceBuilder - Ignore the empty nacos configuration and get it based on dataId[enn-serivice-provider-lhc.properties] & group[DEFAULT_GROUP]
2022-07-25 18:18:34.951 [main] WARN  org.mybatis.spring.mapper.ClassPathMapperScanner - No MyBatis mapper was found in '[ProjectActivitiesMapper]' package. Please check your configuration.
2022-07-25 18:18:34.952 [main] WARN  org.mybatis.spring.mapper.ClassPathMapperScanner - No MyBatis mapper was found in '[EnlargeArmyMapper]' package. Please check your configuration.
2022-07-25 18:18:43.281 [main] WARN  com.netflix.config.sources.URLConfigurationSource - No URLs will be polled as dynamic configuration sources.
2022-07-25 18:18:43.285 [main] WARN  com.netflix.config.sources.URLConfigurationSource - No URLs will be polled as dynamic configuration sources.
2022-07-25 18:19:53.555 [Thread-13] WARN  com.alibaba.nacos.common.notify.NotifyCenter - [NotifyCenter] Start destroying Publisher
2022-07-25 18:19:53.555 [Thread-2] WARN  com.alibaba.nacos.common.http.HttpClientBeanHolder - [HttpClientBeanHolder] Start destroying common HttpClient
2022-07-25 18:19:53.555 [Thread-13] WARN  com.alibaba.nacos.common.notify.NotifyCenter - [NotifyCenter] Destruction of the end
2022-07-25 18:19:53.556 [Thread-2] WARN  com.alibaba.nacos.common.http.HttpClientBeanHolder - [HttpClientBeanHolder] Destruction of the end
2022-07-25 18:27:18.447 [main] WARN  c.a.cloud.nacos.client.NacosPropertySourceBuilder - Ignore the empty nacos configuration and get it based on dataId[enn-serivice-provider-lhc] & group[DEFAULT_GROUP]
2022-07-25 18:27:18.489 [main] WARN  c.a.cloud.nacos.client.NacosPropertySourceBuilder - Ignore the empty nacos configuration and get it based on dataId[enn-serivice-provider-lhc.properties] & group[DEFAULT_GROUP]
2022-07-25 18:27:19.666 [main] WARN  org.mybatis.spring.mapper.ClassPathMapperScanner - No MyBatis mapper was found in '[ProjectActivitiesMapper]' package. Please check your configuration.
2022-07-25 18:27:19.666 [main] WARN  org.mybatis.spring.mapper.ClassPathMapperScanner - No MyBatis mapper was found in '[EnlargeArmyMapper]' package. Please check your configuration.
2022-07-25 18:27:28.137 [main] WARN  com.netflix.config.sources.URLConfigurationSource - No URLs will be polled as dynamic configuration sources.
2022-07-25 18:27:28.141 [main] WARN  com.netflix.config.sources.URLConfigurationSource - No URLs will be polled as dynamic configuration sources.
2022-07-25 18:34:32.927 [Thread-13] WARN  com.alibaba.nacos.common.notify.NotifyCenter - [NotifyCenter] Start destroying Publisher
2022-07-25 18:34:32.927 [Thread-2] WARN  com.alibaba.nacos.common.http.HttpClientBeanHolder - [HttpClientBeanHolder] Start destroying common HttpClient
2022-07-25 18:34:32.928 [Thread-13] WARN  com.alibaba.nacos.common.notify.NotifyCenter - [NotifyCenter] Destruction of the end
2022-07-25 18:34:32.928 [Thread-2] WARN  com.alibaba.nacos.common.http.HttpClientBeanHolder - [HttpClientBeanHolder] Destruction of the end
