2022-07-27 09:57:31.864 [main] INFO  o.s.c.b.c.PropertySourceBootstrapConfiguration - Located property source: [BootstrapPropertySource {name='bootstrapProperties-enn-serivice-provider-lhc.properties,DEFAULT_GROUP'}, BootstrapPropertySource {name='bootstrapProperties-enn-serivice-provider-lhc,DEFAULT_GROUP'}, BootstrapPropertySource {name='bootstrapProperties-redis.properties,DEFAULT_GROUP'}, BootstrapPropertySource {name='bootstrapProperties-mysql.properties,DEFAULT_GROUP'}]
2022-07-27 09:57:31.871 [main] INFO  com.bairh.enn.provider.EnnProviderApplication - No active profile set, falling back to default profiles: default
2022-07-27 09:57:32.941 [main] INFO  o.s.d.r.config.RepositoryConfigurationDelegate - Multiple Spring Data modules found, entering strict repository configuration mode!
2022-07-27 09:57:32.943 [main] INFO  o.s.d.r.config.RepositoryConfigurationDelegate - Bootstrapping Spring Data Redis repositories in DEFAULT mode.
2022-07-27 09:57:32.997 [main] INFO  o.s.d.r.config.RepositoryConfigurationDelegate - Finished Spring Data repository scanning in 32ms. Found 0 Redis repository interfaces.
2022-07-27 09:57:33.298 [main] INFO  o.springframework.cloud.context.scope.GenericScope - BeanFactory id=cfc4a5b8-91fd-3006-bce0-9768473977da
2022-07-27 09:57:33.768 [main] INFO  o.s.boot.web.embedded.tomcat.TomcatWebServer - Tomcat initialized with port(s): 29011 (http)
2022-07-27 09:57:33.784 [main] INFO  org.apache.coyote.http11.Http11NioProtocol - Initializing ProtocolHandler ["http-nio-29011"]
2022-07-27 09:57:33.785 [main] INFO  org.apache.catalina.core.StandardService - Starting service [Tomcat]
2022-07-27 09:57:33.785 [main] INFO  org.apache.catalina.core.StandardEngine - Starting Servlet engine: [Apache Tomcat/9.0.37]
2022-07-27 09:57:34.021 [main] INFO  o.a.c.c.ContainerBase.[Tomcat].[localhost].[/enn] - Initializing Spring embedded WebApplicationContext
2022-07-27 09:57:34.021 [main] INFO  o.s.b.w.s.c.ServletWebServerApplicationContext - Root WebApplicationContext: initialization completed in 2123 ms
2022-07-27 09:57:34.407 [main] INFO  o.s.boot.web.servlet.RegistrationBean - Servlet statViewServlet was not registered (possibly already registered?)
2022-07-27 09:57:49.235 [main] INFO  o.s.c.b.c.PropertySourceBootstrapConfiguration - Located property source: [BootstrapPropertySource {name='bootstrapProperties-enn-serivice-provider-lhc.properties,DEFAULT_GROUP'}, BootstrapPropertySource {name='bootstrapProperties-enn-serivice-provider-lhc,DEFAULT_GROUP'}, BootstrapPropertySource {name='bootstrapProperties-redis.properties,DEFAULT_GROUP'}, BootstrapPropertySource {name='bootstrapProperties-mysql.properties,DEFAULT_GROUP'}]
2022-07-27 09:57:49.240 [main] INFO  com.bairh.enn.provider.EnnProviderApplication - No active profile set, falling back to default profiles: default
2022-07-27 09:57:50.112 [main] INFO  o.s.d.r.config.RepositoryConfigurationDelegate - Multiple Spring Data modules found, entering strict repository configuration mode!
2022-07-27 09:57:50.114 [main] INFO  o.s.d.r.config.RepositoryConfigurationDelegate - Bootstrapping Spring Data Redis repositories in DEFAULT mode.
2022-07-27 09:57:50.144 [main] INFO  o.s.d.r.config.RepositoryConfigurationDelegate - Finished Spring Data repository scanning in 27ms. Found 0 Redis repository interfaces.
2022-07-27 09:57:50.354 [main] INFO  o.springframework.cloud.context.scope.GenericScope - BeanFactory id=cfc4a5b8-91fd-3006-bce0-9768473977da
2022-07-27 09:57:50.737 [main] INFO  o.s.boot.web.embedded.tomcat.TomcatWebServer - Tomcat initialized with port(s): 29011 (http)
2022-07-27 09:57:50.747 [main] INFO  org.apache.coyote.http11.Http11NioProtocol - Initializing ProtocolHandler ["http-nio-29011"]
2022-07-27 09:57:50.748 [main] INFO  org.apache.catalina.core.StandardService - Starting service [Tomcat]
2022-07-27 09:57:50.748 [main] INFO  org.apache.catalina.core.StandardEngine - Starting Servlet engine: [Apache Tomcat/9.0.37]
2022-07-27 09:57:50.949 [main] INFO  o.a.c.c.ContainerBase.[Tomcat].[localhost].[/enn] - Initializing Spring embedded WebApplicationContext
2022-07-27 09:57:50.950 [main] INFO  o.s.b.w.s.c.ServletWebServerApplicationContext - Root WebApplicationContext: initialization completed in 1691 ms
2022-07-27 09:57:51.261 [main] INFO  o.s.boot.web.servlet.RegistrationBean - Servlet statViewServlet was not registered (possibly already registered?)
2022-07-27 09:57:56.571 [main] INFO  com.alibaba.druid.pool.DruidDataSource - {dataSource-1} inited
2022-07-27 09:57:59.307 [main] INFO  com.netflix.config.sources.URLConfigurationSource - To enable URLs as dynamic configuration sources, define System property archaius.configurationSource.additionalUrls or make config.properties available on classpath.
2022-07-27 09:57:59.312 [main] INFO  com.netflix.config.sources.URLConfigurationSource - To enable URLs as dynamic configuration sources, define System property archaius.configurationSource.additionalUrls or make config.properties available on classpath.
2022-07-27 09:57:59.434 [main] INFO  o.s.scheduling.concurrent.ThreadPoolTaskExecutor - Initializing ExecutorService 'applicationTaskExecutor'
2022-07-27 09:58:00.283 [main] INFO  o.s.scheduling.concurrent.ThreadPoolTaskScheduler - Initializing ExecutorService 'Nacos-Watch-Task-Scheduler'
2022-07-27 09:58:01.264 [main] INFO  org.apache.coyote.http11.Http11NioProtocol - Starting ProtocolHandler ["http-nio-29011"]
2022-07-27 09:58:01.279 [main] INFO  o.s.boot.web.embedded.tomcat.TomcatWebServer - Tomcat started on port(s): 29011 (http) with context path '/enn'
2022-07-27 09:58:01.344 [main] INFO  c.a.cloud.nacos.registry.NacosServiceRegistry - nacos registry, DEFAULT_GROUP enn-serivice-provider-lhc 192.168.169.212:29011 register finished
2022-07-27 09:58:01.801 [main] INFO  s.d.s.web.plugins.DocumentationPluginsBootstrapper - Context refreshed
2022-07-27 09:58:01.825 [main] INFO  s.d.s.web.plugins.DocumentationPluginsBootstrapper - Found 1 custom documentation plugin(s)
2022-07-27 09:58:01.835 [main] INFO  s.d.spring.web.scanners.ApiListingReferenceScanner - Scanning for api listing references
2022-07-27 09:58:02.003 [main] INFO  s.d.s.w.r.operation.CachingOperationNameGenerator - Generating unique operation named: commentUsingPOST_1
2022-07-27 09:58:02.050 [main] INFO  s.d.s.w.r.operation.CachingOperationNameGenerator - Generating unique operation named: viewDetailsUsingPOST_1
2022-07-27 09:58:02.060 [main] INFO  s.d.s.w.r.operation.CachingOperationNameGenerator - Generating unique operation named: awardMedalsUsingPOST_1
2022-07-27 09:58:02.062 [main] INFO  s.d.s.w.r.operation.CachingOperationNameGenerator - Generating unique operation named: awardMedalsUsingPOST_2
2022-07-27 09:58:02.073 [main] INFO  s.d.s.w.r.operation.CachingOperationNameGenerator - Generating unique operation named: exportProjectInformationUsingGET_1
2022-07-27 09:58:02.112 [main] INFO  s.d.s.w.r.operation.CachingOperationNameGenerator - Generating unique operation named: addWikiUsingPOST_1
2022-07-27 09:58:02.128 [main] INFO  s.d.s.w.r.operation.CachingOperationNameGenerator - Generating unique operation named: projectDetailUsingGET_1
2022-07-27 09:58:02.164 [main] INFO  s.d.s.w.r.operation.CachingOperationNameGenerator - Generating unique operation named: addCommentUsingPOST_1
2022-07-27 09:58:02.178 [main] INFO  s.d.s.w.r.operation.CachingOperationNameGenerator - Generating unique operation named: conditionPageUsingPOST_1
2022-07-27 09:58:02.828 [main] INFO  o.s.s.a.ScheduledAnnotationBeanPostProcessor - No TaskScheduler/ScheduledExecutorService bean found for scheduled processing
2022-07-27 09:58:02.843 [main] INFO  com.bairh.enn.provider.EnnProviderApplication - Started EnnProviderApplication in 15.803 seconds (JVM running for 17.169)
2022-07-27 09:58:08.791 [http-nio-29011-exec-1] INFO  o.a.c.c.ContainerBase.[Tomcat].[localhost].[/enn] - Initializing Spring DispatcherServlet 'dispatcherServlet'
2022-07-27 09:58:08.791 [http-nio-29011-exec-1] INFO  org.springframework.web.servlet.DispatcherServlet - Initializing Servlet 'dispatcherServlet'
2022-07-27 09:58:08.801 [http-nio-29011-exec-1] INFO  org.springframework.web.servlet.DispatcherServlet - Completed initialization in 10 ms
2022-07-27 09:58:26.449 [http-nio-29011-exec-10] INFO  c.bairh.enn.provider.config.GlobalExceptionHandler - 时间 = 2022-07-27 09:58:26
2022-07-27 10:00:07.688 [http-nio-29011-exec-4] INFO  c.bairh.enn.provider.config.GlobalExceptionHandler - 时间 = 2022-07-27 10:00:07
2022-07-27 10:03:07.173 [http-nio-29011-exec-5] INFO  c.bairh.enn.provider.config.GlobalExceptionHandler - 时间 = 2022-07-27 10:03:07
2022-07-27 10:04:57.802 [http-nio-29011-exec-1] INFO  c.bairh.enn.provider.config.GlobalExceptionHandler - 时间 = 2022-07-27 10:04:57
2022-07-27 10:21:18.110 [main] INFO  o.s.c.b.c.PropertySourceBootstrapConfiguration - Located property source: [BootstrapPropertySource {name='bootstrapProperties-enn-serivice-provider-lhc.properties,DEFAULT_GROUP'}, BootstrapPropertySource {name='bootstrapProperties-enn-serivice-provider-lhc,DEFAULT_GROUP'}, BootstrapPropertySource {name='bootstrapProperties-redis.properties,DEFAULT_GROUP'}, BootstrapPropertySource {name='bootstrapProperties-mysql.properties,DEFAULT_GROUP'}]
2022-07-27 10:21:18.126 [main] INFO  com.bairh.enn.provider.EnnProviderApplication - No active profile set, falling back to default profiles: default
2022-07-27 10:21:19.042 [main] INFO  o.s.d.r.config.RepositoryConfigurationDelegate - Multiple Spring Data modules found, entering strict repository configuration mode!
2022-07-27 10:21:19.044 [main] INFO  o.s.d.r.config.RepositoryConfigurationDelegate - Bootstrapping Spring Data Redis repositories in DEFAULT mode.
2022-07-27 10:21:19.089 [main] INFO  o.s.d.r.config.RepositoryConfigurationDelegate - Finished Spring Data repository scanning in 22ms. Found 0 Redis repository interfaces.
2022-07-27 10:21:19.275 [main] INFO  o.springframework.cloud.context.scope.GenericScope - BeanFactory id=cfc4a5b8-91fd-3006-bce0-9768473977da
2022-07-27 10:21:19.663 [main] INFO  o.s.boot.web.embedded.tomcat.TomcatWebServer - Tomcat initialized with port(s): 29011 (http)
2022-07-27 10:21:19.672 [main] INFO  org.apache.coyote.http11.Http11NioProtocol - Initializing ProtocolHandler ["http-nio-29011"]
2022-07-27 10:21:19.673 [main] INFO  org.apache.catalina.core.StandardService - Starting service [Tomcat]
2022-07-27 10:21:19.673 [main] INFO  org.apache.catalina.core.StandardEngine - Starting Servlet engine: [Apache Tomcat/9.0.37]
2022-07-27 10:21:19.897 [main] INFO  o.a.c.c.ContainerBase.[Tomcat].[localhost].[/enn] - Initializing Spring embedded WebApplicationContext
2022-07-27 10:21:19.897 [main] INFO  o.s.b.w.s.c.ServletWebServerApplicationContext - Root WebApplicationContext: initialization completed in 1738 ms
2022-07-27 10:21:20.173 [main] INFO  o.s.boot.web.servlet.RegistrationBean - Servlet statViewServlet was not registered (possibly already registered?)
2022-07-27 10:21:25.205 [main] INFO  com.alibaba.druid.pool.DruidDataSource - {dataSource-1} inited
2022-07-27 10:21:27.567 [main] INFO  com.netflix.config.sources.URLConfigurationSource - To enable URLs as dynamic configuration sources, define System property archaius.configurationSource.additionalUrls or make config.properties available on classpath.
2022-07-27 10:21:27.571 [main] INFO  com.netflix.config.sources.URLConfigurationSource - To enable URLs as dynamic configuration sources, define System property archaius.configurationSource.additionalUrls or make config.properties available on classpath.
2022-07-27 10:21:27.656 [main] INFO  o.s.scheduling.concurrent.ThreadPoolTaskExecutor - Initializing ExecutorService 'applicationTaskExecutor'
2022-07-27 10:21:28.397 [main] INFO  o.s.scheduling.concurrent.ThreadPoolTaskScheduler - Initializing ExecutorService 'Nacos-Watch-Task-Scheduler'
2022-07-27 10:21:29.244 [main] INFO  org.apache.coyote.http11.Http11NioProtocol - Starting ProtocolHandler ["http-nio-29011"]
2022-07-27 10:21:29.257 [main] INFO  o.s.boot.web.embedded.tomcat.TomcatWebServer - Tomcat started on port(s): 29011 (http) with context path '/enn'
2022-07-27 10:21:29.320 [main] INFO  c.a.cloud.nacos.registry.NacosServiceRegistry - nacos registry, DEFAULT_GROUP enn-serivice-provider-lhc 192.168.169.212:29011 register finished
2022-07-27 10:21:29.719 [main] INFO  s.d.s.web.plugins.DocumentationPluginsBootstrapper - Context refreshed
2022-07-27 10:21:29.732 [main] INFO  s.d.s.web.plugins.DocumentationPluginsBootstrapper - Found 1 custom documentation plugin(s)
2022-07-27 10:21:29.742 [main] INFO  s.d.spring.web.scanners.ApiListingReferenceScanner - Scanning for api listing references
2022-07-27 10:21:29.881 [main] INFO  s.d.s.w.r.operation.CachingOperationNameGenerator - Generating unique operation named: commentUsingPOST_1
2022-07-27 10:21:29.922 [main] INFO  s.d.s.w.r.operation.CachingOperationNameGenerator - Generating unique operation named: viewDetailsUsingPOST_1
2022-07-27 10:21:29.932 [main] INFO  s.d.s.w.r.operation.CachingOperationNameGenerator - Generating unique operation named: awardMedalsUsingPOST_1
2022-07-27 10:21:29.934 [main] INFO  s.d.s.w.r.operation.CachingOperationNameGenerator - Generating unique operation named: awardMedalsUsingPOST_2
2022-07-27 10:21:29.946 [main] INFO  s.d.s.w.r.operation.CachingOperationNameGenerator - Generating unique operation named: exportProjectInformationUsingGET_1
2022-07-27 10:21:29.983 [main] INFO  s.d.s.w.r.operation.CachingOperationNameGenerator - Generating unique operation named: addWikiUsingPOST_1
2022-07-27 10:21:30.001 [main] INFO  s.d.s.w.r.operation.CachingOperationNameGenerator - Generating unique operation named: projectDetailUsingGET_1
2022-07-27 10:21:30.039 [main] INFO  s.d.s.w.r.operation.CachingOperationNameGenerator - Generating unique operation named: addCommentUsingPOST_1
2022-07-27 10:21:30.051 [main] INFO  s.d.s.w.r.operation.CachingOperationNameGenerator - Generating unique operation named: conditionPageUsingPOST_1
2022-07-27 10:21:30.717 [main] INFO  o.s.s.a.ScheduledAnnotationBeanPostProcessor - No TaskScheduler/ScheduledExecutorService bean found for scheduled processing
2022-07-27 10:21:30.725 [main] INFO  com.bairh.enn.provider.EnnProviderApplication - Started EnnProviderApplication in 14.873 seconds (JVM running for 16.438)
2022-07-27 10:21:38.815 [http-nio-29011-exec-3] INFO  o.a.c.c.ContainerBase.[Tomcat].[localhost].[/enn] - Initializing Spring DispatcherServlet 'dispatcherServlet'
2022-07-27 10:21:38.815 [http-nio-29011-exec-3] INFO  org.springframework.web.servlet.DispatcherServlet - Initializing Servlet 'dispatcherServlet'
2022-07-27 10:21:38.823 [http-nio-29011-exec-3] INFO  org.springframework.web.servlet.DispatcherServlet - Completed initialization in 8 ms
2022-07-27 10:21:39.344 [http-nio-29011-exec-3] INFO  c.bairh.enn.provider.config.GlobalExceptionHandler - 时间 = 2022-07-27 10:21:39
2022-07-27 10:21:56.872 [main] INFO  o.s.c.b.c.PropertySourceBootstrapConfiguration - Located property source: [BootstrapPropertySource {name='bootstrapProperties-enn-serivice-provider-lhc.properties,DEFAULT_GROUP'}, BootstrapPropertySource {name='bootstrapProperties-enn-serivice-provider-lhc,DEFAULT_GROUP'}, BootstrapPropertySource {name='bootstrapProperties-redis.properties,DEFAULT_GROUP'}, BootstrapPropertySource {name='bootstrapProperties-mysql.properties,DEFAULT_GROUP'}]
2022-07-27 10:21:56.877 [main] INFO  com.bairh.enn.provider.EnnProviderApplication - No active profile set, falling back to default profiles: default
2022-07-27 10:21:57.738 [main] INFO  o.s.d.r.config.RepositoryConfigurationDelegate - Multiple Spring Data modules found, entering strict repository configuration mode!
2022-07-27 10:21:57.739 [main] INFO  o.s.d.r.config.RepositoryConfigurationDelegate - Bootstrapping Spring Data Redis repositories in DEFAULT mode.
2022-07-27 10:21:57.771 [main] INFO  o.s.d.r.config.RepositoryConfigurationDelegate - Finished Spring Data repository scanning in 23ms. Found 0 Redis repository interfaces.
2022-07-27 10:21:57.970 [main] INFO  o.springframework.cloud.context.scope.GenericScope - BeanFactory id=cfc4a5b8-91fd-3006-bce0-9768473977da
2022-07-27 10:21:58.335 [main] INFO  o.s.boot.web.embedded.tomcat.TomcatWebServer - Tomcat initialized with port(s): 29011 (http)
2022-07-27 10:21:58.344 [main] INFO  org.apache.coyote.http11.Http11NioProtocol - Initializing ProtocolHandler ["http-nio-29011"]
2022-07-27 10:21:58.344 [main] INFO  org.apache.catalina.core.StandardService - Starting service [Tomcat]
2022-07-27 10:21:58.345 [main] INFO  org.apache.catalina.core.StandardEngine - Starting Servlet engine: [Apache Tomcat/9.0.37]
2022-07-27 10:21:58.585 [main] INFO  o.a.c.c.ContainerBase.[Tomcat].[localhost].[/enn] - Initializing Spring embedded WebApplicationContext
2022-07-27 10:21:58.585 [main] INFO  o.s.b.w.s.c.ServletWebServerApplicationContext - Root WebApplicationContext: initialization completed in 1685 ms
2022-07-27 10:21:58.917 [main] INFO  o.s.boot.web.servlet.RegistrationBean - Servlet statViewServlet was not registered (possibly already registered?)
2022-07-27 10:22:04.325 [main] INFO  com.alibaba.druid.pool.DruidDataSource - {dataSource-1} inited
2022-07-27 10:22:06.677 [main] INFO  com.netflix.config.sources.URLConfigurationSource - To enable URLs as dynamic configuration sources, define System property archaius.configurationSource.additionalUrls or make config.properties available on classpath.
2022-07-27 10:22:06.682 [main] INFO  com.netflix.config.sources.URLConfigurationSource - To enable URLs as dynamic configuration sources, define System property archaius.configurationSource.additionalUrls or make config.properties available on classpath.
2022-07-27 10:22:06.961 [main] INFO  o.s.scheduling.concurrent.ThreadPoolTaskExecutor - Initializing ExecutorService 'applicationTaskExecutor'
2022-07-27 10:22:07.572 [main] INFO  o.s.scheduling.concurrent.ThreadPoolTaskScheduler - Initializing ExecutorService 'Nacos-Watch-Task-Scheduler'
2022-07-27 10:22:08.465 [main] INFO  org.apache.coyote.http11.Http11NioProtocol - Starting ProtocolHandler ["http-nio-29011"]
2022-07-27 10:22:08.478 [main] INFO  o.s.boot.web.embedded.tomcat.TomcatWebServer - Tomcat started on port(s): 29011 (http) with context path '/enn'
2022-07-27 10:22:08.523 [main] INFO  c.a.cloud.nacos.registry.NacosServiceRegistry - nacos registry, DEFAULT_GROUP enn-serivice-provider-lhc 192.168.169.212:29011 register finished
2022-07-27 10:22:08.932 [main] INFO  s.d.s.web.plugins.DocumentationPluginsBootstrapper - Context refreshed
2022-07-27 10:22:08.945 [main] INFO  s.d.s.web.plugins.DocumentationPluginsBootstrapper - Found 1 custom documentation plugin(s)
2022-07-27 10:22:08.955 [main] INFO  s.d.spring.web.scanners.ApiListingReferenceScanner - Scanning for api listing references
2022-07-27 10:22:09.099 [main] INFO  s.d.s.w.r.operation.CachingOperationNameGenerator - Generating unique operation named: commentUsingPOST_1
2022-07-27 10:22:09.140 [main] INFO  s.d.s.w.r.operation.CachingOperationNameGenerator - Generating unique operation named: viewDetailsUsingPOST_1
2022-07-27 10:22:09.155 [main] INFO  s.d.s.w.r.operation.CachingOperationNameGenerator - Generating unique operation named: awardMedalsUsingPOST_1
2022-07-27 10:22:09.157 [main] INFO  s.d.s.w.r.operation.CachingOperationNameGenerator - Generating unique operation named: awardMedalsUsingPOST_2
2022-07-27 10:22:09.170 [main] INFO  s.d.s.w.r.operation.CachingOperationNameGenerator - Generating unique operation named: exportProjectInformationUsingGET_1
2022-07-27 10:22:09.214 [main] INFO  s.d.s.w.r.operation.CachingOperationNameGenerator - Generating unique operation named: addWikiUsingPOST_1
2022-07-27 10:22:09.231 [main] INFO  s.d.s.w.r.operation.CachingOperationNameGenerator - Generating unique operation named: projectDetailUsingGET_1
2022-07-27 10:22:09.268 [main] INFO  s.d.s.w.r.operation.CachingOperationNameGenerator - Generating unique operation named: addCommentUsingPOST_1
2022-07-27 10:22:09.278 [main] INFO  s.d.s.w.r.operation.CachingOperationNameGenerator - Generating unique operation named: conditionPageUsingPOST_1
2022-07-27 10:22:09.907 [main] INFO  o.s.s.a.ScheduledAnnotationBeanPostProcessor - No TaskScheduler/ScheduledExecutorService bean found for scheduled processing
2022-07-27 10:22:09.914 [main] INFO  com.bairh.enn.provider.EnnProviderApplication - Started EnnProviderApplication in 15.232 seconds (JVM running for 16.528)
2022-07-27 10:22:25.722 [http-nio-29011-exec-2] INFO  o.a.c.c.ContainerBase.[Tomcat].[localhost].[/enn] - Initializing Spring DispatcherServlet 'dispatcherServlet'
2022-07-27 10:22:25.722 [http-nio-29011-exec-2] INFO  org.springframework.web.servlet.DispatcherServlet - Initializing Servlet 'dispatcherServlet'
2022-07-27 10:22:25.729 [http-nio-29011-exec-2] INFO  org.springframework.web.servlet.DispatcherServlet - Completed initialization in 7 ms
2022-07-27 10:22:26.236 [http-nio-29011-exec-2] INFO  c.bairh.enn.provider.config.GlobalExceptionHandler - 时间 = 2022-07-27 10:22:26
2022-07-27 10:24:25.738 [main] INFO  o.s.c.b.c.PropertySourceBootstrapConfiguration - Located property source: [BootstrapPropertySource {name='bootstrapProperties-enn-serivice-provider-lhc.properties,DEFAULT_GROUP'}, BootstrapPropertySource {name='bootstrapProperties-enn-serivice-provider-lhc,DEFAULT_GROUP'}, BootstrapPropertySource {name='bootstrapProperties-redis.properties,DEFAULT_GROUP'}, BootstrapPropertySource {name='bootstrapProperties-mysql.properties,DEFAULT_GROUP'}]
2022-07-27 10:24:25.744 [main] INFO  com.bairh.enn.provider.EnnProviderApplication - No active profile set, falling back to default profiles: default
2022-07-27 10:24:26.710 [main] INFO  o.s.d.r.config.RepositoryConfigurationDelegate - Multiple Spring Data modules found, entering strict repository configuration mode!
2022-07-27 10:24:26.712 [main] INFO  o.s.d.r.config.RepositoryConfigurationDelegate - Bootstrapping Spring Data Redis repositories in DEFAULT mode.
2022-07-27 10:24:26.754 [main] INFO  o.s.d.r.config.RepositoryConfigurationDelegate - Finished Spring Data repository scanning in 32ms. Found 0 Redis repository interfaces.
2022-07-27 10:24:26.983 [main] INFO  o.springframework.cloud.context.scope.GenericScope - BeanFactory id=cfc4a5b8-91fd-3006-bce0-9768473977da
2022-07-27 10:24:27.361 [main] INFO  o.s.boot.web.embedded.tomcat.TomcatWebServer - Tomcat initialized with port(s): 29011 (http)
2022-07-27 10:24:27.369 [main] INFO  org.apache.coyote.http11.Http11NioProtocol - Initializing ProtocolHandler ["http-nio-29011"]
2022-07-27 10:24:27.370 [main] INFO  org.apache.catalina.core.StandardService - Starting service [Tomcat]
2022-07-27 10:24:27.370 [main] INFO  org.apache.catalina.core.StandardEngine - Starting Servlet engine: [Apache Tomcat/9.0.37]
2022-07-27 10:24:27.574 [main] INFO  o.a.c.c.ContainerBase.[Tomcat].[localhost].[/enn] - Initializing Spring embedded WebApplicationContext
2022-07-27 10:24:27.574 [main] INFO  o.s.b.w.s.c.ServletWebServerApplicationContext - Root WebApplicationContext: initialization completed in 1803 ms
2022-07-27 10:24:27.889 [main] INFO  o.s.boot.web.servlet.RegistrationBean - Servlet statViewServlet was not registered (possibly already registered?)
2022-07-27 10:24:33.464 [main] INFO  com.alibaba.druid.pool.DruidDataSource - {dataSource-1} inited
2022-07-27 10:24:35.790 [main] INFO  com.netflix.config.sources.URLConfigurationSource - To enable URLs as dynamic configuration sources, define System property archaius.configurationSource.additionalUrls or make config.properties available on classpath.
2022-07-27 10:24:35.795 [main] INFO  com.netflix.config.sources.URLConfigurationSource - To enable URLs as dynamic configuration sources, define System property archaius.configurationSource.additionalUrls or make config.properties available on classpath.
2022-07-27 10:24:36.120 [main] INFO  o.s.scheduling.concurrent.ThreadPoolTaskExecutor - Initializing ExecutorService 'applicationTaskExecutor'
2022-07-27 10:24:36.668 [main] INFO  o.s.scheduling.concurrent.ThreadPoolTaskScheduler - Initializing ExecutorService 'Nacos-Watch-Task-Scheduler'
2022-07-27 10:24:37.572 [main] INFO  org.apache.coyote.http11.Http11NioProtocol - Starting ProtocolHandler ["http-nio-29011"]
2022-07-27 10:24:37.585 [main] INFO  o.s.boot.web.embedded.tomcat.TomcatWebServer - Tomcat started on port(s): 29011 (http) with context path '/enn'
2022-07-27 10:24:37.646 [main] INFO  c.a.cloud.nacos.registry.NacosServiceRegistry - nacos registry, DEFAULT_GROUP enn-serivice-provider-lhc 192.168.169.212:29011 register finished
2022-07-27 10:24:38.107 [main] INFO  s.d.s.web.plugins.DocumentationPluginsBootstrapper - Context refreshed
2022-07-27 10:24:38.119 [main] INFO  s.d.s.web.plugins.DocumentationPluginsBootstrapper - Found 1 custom documentation plugin(s)
2022-07-27 10:24:38.130 [main] INFO  s.d.spring.web.scanners.ApiListingReferenceScanner - Scanning for api listing references
2022-07-27 10:24:38.280 [main] INFO  s.d.s.w.r.operation.CachingOperationNameGenerator - Generating unique operation named: commentUsingPOST_1
2022-07-27 10:24:38.332 [main] INFO  s.d.s.w.r.operation.CachingOperationNameGenerator - Generating unique operation named: viewDetailsUsingPOST_1
2022-07-27 10:24:38.342 [main] INFO  s.d.s.w.r.operation.CachingOperationNameGenerator - Generating unique operation named: awardMedalsUsingPOST_1
2022-07-27 10:24:38.345 [main] INFO  s.d.s.w.r.operation.CachingOperationNameGenerator - Generating unique operation named: awardMedalsUsingPOST_2
2022-07-27 10:24:38.358 [main] INFO  s.d.s.w.r.operation.CachingOperationNameGenerator - Generating unique operation named: exportProjectInformationUsingGET_1
2022-07-27 10:24:38.401 [main] INFO  s.d.s.w.r.operation.CachingOperationNameGenerator - Generating unique operation named: addWikiUsingPOST_1
2022-07-27 10:24:38.419 [main] INFO  s.d.s.w.r.operation.CachingOperationNameGenerator - Generating unique operation named: projectDetailUsingGET_1
2022-07-27 10:24:38.463 [main] INFO  s.d.s.w.r.operation.CachingOperationNameGenerator - Generating unique operation named: addCommentUsingPOST_1
2022-07-27 10:24:38.475 [main] INFO  s.d.s.w.r.operation.CachingOperationNameGenerator - Generating unique operation named: conditionPageUsingPOST_1
2022-07-27 10:24:39.066 [main] INFO  o.s.s.a.ScheduledAnnotationBeanPostProcessor - No TaskScheduler/ScheduledExecutorService bean found for scheduled processing
2022-07-27 10:24:39.072 [main] INFO  com.bairh.enn.provider.EnnProviderApplication - Started EnnProviderApplication in 15.596 seconds (JVM running for 16.81)
2022-07-27 10:24:41.958 [http-nio-29011-exec-2] INFO  o.a.c.c.ContainerBase.[Tomcat].[localhost].[/enn] - Initializing Spring DispatcherServlet 'dispatcherServlet'
2022-07-27 10:24:41.958 [http-nio-29011-exec-2] INFO  org.springframework.web.servlet.DispatcherServlet - Initializing Servlet 'dispatcherServlet'
2022-07-27 10:24:41.964 [http-nio-29011-exec-2] INFO  org.springframework.web.servlet.DispatcherServlet - Completed initialization in 6 ms
2022-07-27 10:42:51.588 [SpringContextShutdownHook] INFO  o.s.scheduling.concurrent.ThreadPoolTaskScheduler - Shutting down ExecutorService 'Nacos-Watch-Task-Scheduler'
2022-07-27 10:42:51.597 [SpringContextShutdownHook] INFO  c.a.cloud.nacos.registry.NacosServiceRegistry - De-registering from Nacos Server now...
2022-07-27 10:42:51.641 [SpringContextShutdownHook] INFO  c.a.cloud.nacos.registry.NacosServiceRegistry - De-registration finished.
2022-07-27 10:42:59.012 [SpringContextShutdownHook] INFO  o.s.scheduling.concurrent.ThreadPoolTaskExecutor - Shutting down ExecutorService 'applicationTaskExecutor'
2022-07-27 10:42:59.019 [SpringContextShutdownHook] INFO  com.alibaba.druid.pool.DruidDataSource - {dataSource-1} closing ...
2022-07-27 10:42:59.024 [SpringContextShutdownHook] INFO  com.alibaba.druid.pool.DruidDataSource - {dataSource-1} closed
2022-07-27 13:44:51.823 [main] INFO  o.s.c.b.c.PropertySourceBootstrapConfiguration - Located property source: [BootstrapPropertySource {name='bootstrapProperties-enn-serivice-provider.properties,DEFAULT_GROUP'}, BootstrapPropertySource {name='bootstrapProperties-enn-serivice-provider,DEFAULT_GROUP'}, BootstrapPropertySource {name='bootstrapProperties-redis.properties,DEFAULT_GROUP'}, BootstrapPropertySource {name='bootstrapProperties-mysql.properties,DEFAULT_GROUP'}]
2022-07-27 13:44:51.829 [main] INFO  com.bairh.enn.provider.EnnProviderApplication - No active profile set, falling back to default profiles: default
2022-07-27 13:44:52.742 [main] INFO  o.s.d.r.config.RepositoryConfigurationDelegate - Multiple Spring Data modules found, entering strict repository configuration mode!
2022-07-27 13:44:52.744 [main] INFO  o.s.d.r.config.RepositoryConfigurationDelegate - Bootstrapping Spring Data Redis repositories in DEFAULT mode.
2022-07-27 13:44:52.783 [main] INFO  o.s.d.r.config.RepositoryConfigurationDelegate - Finished Spring Data repository scanning in 27ms. Found 0 Redis repository interfaces.
2022-07-27 13:44:52.989 [main] INFO  o.springframework.cloud.context.scope.GenericScope - BeanFactory id=cfc4a5b8-91fd-3006-bce0-9768473977da
2022-07-27 13:44:53.374 [main] INFO  o.s.boot.web.embedded.tomcat.TomcatWebServer - Tomcat initialized with port(s): 29011 (http)
2022-07-27 13:44:53.383 [main] INFO  org.apache.coyote.http11.Http11NioProtocol - Initializing ProtocolHandler ["http-nio-29011"]
2022-07-27 13:44:53.384 [main] INFO  org.apache.catalina.core.StandardService - Starting service [Tomcat]
2022-07-27 13:44:53.384 [main] INFO  org.apache.catalina.core.StandardEngine - Starting Servlet engine: [Apache Tomcat/9.0.37]
2022-07-27 13:44:53.588 [main] INFO  o.a.c.c.ContainerBase.[Tomcat].[localhost].[/enn] - Initializing Spring embedded WebApplicationContext
2022-07-27 13:44:53.588 [main] INFO  o.s.b.w.s.c.ServletWebServerApplicationContext - Root WebApplicationContext: initialization completed in 1740 ms
2022-07-27 13:44:53.899 [main] INFO  o.s.boot.web.servlet.RegistrationBean - Servlet statViewServlet was not registered (possibly already registered?)
2022-07-27 13:44:59.107 [main] INFO  com.alibaba.druid.pool.DruidDataSource - {dataSource-1} inited
2022-07-27 13:45:01.407 [main] INFO  com.netflix.config.sources.URLConfigurationSource - To enable URLs as dynamic configuration sources, define System property archaius.configurationSource.additionalUrls or make config.properties available on classpath.
2022-07-27 13:45:01.411 [main] INFO  com.netflix.config.sources.URLConfigurationSource - To enable URLs as dynamic configuration sources, define System property archaius.configurationSource.additionalUrls or make config.properties available on classpath.
2022-07-27 13:45:01.694 [main] INFO  o.s.scheduling.concurrent.ThreadPoolTaskExecutor - Initializing ExecutorService 'applicationTaskExecutor'
2022-07-27 13:45:02.217 [main] INFO  o.s.scheduling.concurrent.ThreadPoolTaskScheduler - Initializing ExecutorService 'Nacos-Watch-Task-Scheduler'
2022-07-27 13:45:03.075 [main] INFO  org.apache.coyote.http11.Http11NioProtocol - Starting ProtocolHandler ["http-nio-29011"]
2022-07-27 13:45:03.088 [main] INFO  o.s.boot.web.embedded.tomcat.TomcatWebServer - Tomcat started on port(s): 29011 (http) with context path '/enn'
2022-07-27 13:45:03.156 [main] INFO  c.a.cloud.nacos.registry.NacosServiceRegistry - nacos registry, DEFAULT_GROUP enn-serivice-provider 192.168.169.212:29011 register finished
2022-07-27 13:45:03.576 [main] INFO  s.d.s.web.plugins.DocumentationPluginsBootstrapper - Context refreshed
2022-07-27 13:45:03.592 [main] INFO  s.d.s.web.plugins.DocumentationPluginsBootstrapper - Found 1 custom documentation plugin(s)
2022-07-27 13:45:03.602 [main] INFO  s.d.spring.web.scanners.ApiListingReferenceScanner - Scanning for api listing references
2022-07-27 13:45:03.751 [main] INFO  s.d.s.w.r.operation.CachingOperationNameGenerator - Generating unique operation named: commentUsingPOST_1
2022-07-27 13:45:03.798 [main] INFO  s.d.s.w.r.operation.CachingOperationNameGenerator - Generating unique operation named: viewDetailsUsingPOST_1
2022-07-27 13:45:03.810 [main] INFO  s.d.s.w.r.operation.CachingOperationNameGenerator - Generating unique operation named: awardMedalsUsingPOST_1
2022-07-27 13:45:03.811 [main] INFO  s.d.s.w.r.operation.CachingOperationNameGenerator - Generating unique operation named: awardMedalsUsingPOST_2
2022-07-27 13:45:03.823 [main] INFO  s.d.s.w.r.operation.CachingOperationNameGenerator - Generating unique operation named: exportProjectInformationUsingGET_1
2022-07-27 13:45:03.861 [main] INFO  s.d.s.w.r.operation.CachingOperationNameGenerator - Generating unique operation named: addWikiUsingPOST_1
2022-07-27 13:45:03.878 [main] INFO  s.d.s.w.r.operation.CachingOperationNameGenerator - Generating unique operation named: projectDetailUsingGET_1
2022-07-27 13:45:03.915 [main] INFO  s.d.s.w.r.operation.CachingOperationNameGenerator - Generating unique operation named: addCommentUsingPOST_1
2022-07-27 13:45:03.925 [main] INFO  s.d.s.w.r.operation.CachingOperationNameGenerator - Generating unique operation named: conditionPageUsingPOST_1
2022-07-27 13:45:04.493 [main] INFO  o.s.s.a.ScheduledAnnotationBeanPostProcessor - No TaskScheduler/ScheduledExecutorService bean found for scheduled processing
2022-07-27 13:45:04.500 [main] INFO  com.bairh.enn.provider.EnnProviderApplication - Started EnnProviderApplication in 14.822 seconds (JVM running for 16.195)
2022-07-27 14:03:18.178 [SpringContextShutdownHook] INFO  o.s.scheduling.concurrent.ThreadPoolTaskScheduler - Shutting down ExecutorService 'Nacos-Watch-Task-Scheduler'
2022-07-27 14:03:18.193 [SpringContextShutdownHook] INFO  c.a.cloud.nacos.registry.NacosServiceRegistry - De-registering from Nacos Server now...
2022-07-27 14:03:18.246 [SpringContextShutdownHook] INFO  c.a.cloud.nacos.registry.NacosServiceRegistry - De-registration finished.
2022-07-27 14:03:27.011 [main] INFO  o.s.c.b.c.PropertySourceBootstrapConfiguration - Located property source: [BootstrapPropertySource {name='bootstrapProperties-enn-serivice-provider-lhc.properties,DEFAULT_GROUP'}, BootstrapPropertySource {name='bootstrapProperties-enn-serivice-provider-lhc,DEFAULT_GROUP'}, BootstrapPropertySource {name='bootstrapProperties-redis.properties,DEFAULT_GROUP'}, BootstrapPropertySource {name='bootstrapProperties-mysql.properties,DEFAULT_GROUP'}]
2022-07-27 14:03:27.024 [main] INFO  com.bairh.enn.provider.EnnProviderApplication - No active profile set, falling back to default profiles: default
2022-07-27 14:03:27.941 [main] INFO  o.s.d.r.config.RepositoryConfigurationDelegate - Multiple Spring Data modules found, entering strict repository configuration mode!
2022-07-27 14:03:27.945 [main] INFO  o.s.d.r.config.RepositoryConfigurationDelegate - Bootstrapping Spring Data Redis repositories in DEFAULT mode.
2022-07-27 14:03:27.985 [main] INFO  o.s.d.r.config.RepositoryConfigurationDelegate - Finished Spring Data repository scanning in 24ms. Found 0 Redis repository interfaces.
2022-07-27 14:03:28.190 [main] INFO  o.springframework.cloud.context.scope.GenericScope - BeanFactory id=cfc4a5b8-91fd-3006-bce0-9768473977da
2022-07-27 14:03:28.566 [main] INFO  o.s.boot.web.embedded.tomcat.TomcatWebServer - Tomcat initialized with port(s): 29011 (http)
2022-07-27 14:03:28.578 [main] INFO  org.apache.coyote.http11.Http11NioProtocol - Initializing ProtocolHandler ["http-nio-29011"]
2022-07-27 14:03:28.579 [main] INFO  org.apache.catalina.core.StandardService - Starting service [Tomcat]
2022-07-27 14:03:28.579 [main] INFO  org.apache.catalina.core.StandardEngine - Starting Servlet engine: [Apache Tomcat/9.0.37]
2022-07-27 14:03:28.783 [main] INFO  o.a.c.c.ContainerBase.[Tomcat].[localhost].[/enn] - Initializing Spring embedded WebApplicationContext
2022-07-27 14:03:28.783 [main] INFO  o.s.b.w.s.c.ServletWebServerApplicationContext - Root WebApplicationContext: initialization completed in 1732 ms
2022-07-27 14:03:29.091 [main] INFO  o.s.boot.web.servlet.RegistrationBean - Servlet statViewServlet was not registered (possibly already registered?)
2022-07-27 14:03:34.276 [main] INFO  com.alibaba.druid.pool.DruidDataSource - {dataSource-1} inited
2022-07-27 14:03:36.534 [main] INFO  com.netflix.config.sources.URLConfigurationSource - To enable URLs as dynamic configuration sources, define System property archaius.configurationSource.additionalUrls or make config.properties available on classpath.
2022-07-27 14:03:36.538 [main] INFO  com.netflix.config.sources.URLConfigurationSource - To enable URLs as dynamic configuration sources, define System property archaius.configurationSource.additionalUrls or make config.properties available on classpath.
2022-07-27 14:03:36.634 [main] INFO  o.s.scheduling.concurrent.ThreadPoolTaskExecutor - Initializing ExecutorService 'applicationTaskExecutor'
2022-07-27 14:03:37.361 [main] INFO  o.s.scheduling.concurrent.ThreadPoolTaskScheduler - Initializing ExecutorService 'Nacos-Watch-Task-Scheduler'
2022-07-27 14:03:38.244 [main] INFO  org.apache.coyote.http11.Http11NioProtocol - Starting ProtocolHandler ["http-nio-29011"]
2022-07-27 14:03:38.258 [main] INFO  o.s.boot.web.embedded.tomcat.TomcatWebServer - Tomcat started on port(s): 29011 (http) with context path '/enn'
2022-07-27 14:03:38.349 [main] INFO  c.a.cloud.nacos.registry.NacosServiceRegistry - nacos registry, DEFAULT_GROUP enn-serivice-provider-lhc 192.168.169.212:29011 register finished
2022-07-27 14:03:38.752 [main] INFO  s.d.s.web.plugins.DocumentationPluginsBootstrapper - Context refreshed
2022-07-27 14:03:38.766 [main] INFO  s.d.s.web.plugins.DocumentationPluginsBootstrapper - Found 1 custom documentation plugin(s)
2022-07-27 14:03:38.777 [main] INFO  s.d.spring.web.scanners.ApiListingReferenceScanner - Scanning for api listing references
2022-07-27 14:03:38.934 [main] INFO  s.d.s.w.r.operation.CachingOperationNameGenerator - Generating unique operation named: commentUsingPOST_1
2022-07-27 14:03:38.982 [main] INFO  s.d.s.w.r.operation.CachingOperationNameGenerator - Generating unique operation named: viewDetailsUsingPOST_1
2022-07-27 14:03:38.994 [main] INFO  s.d.s.w.r.operation.CachingOperationNameGenerator - Generating unique operation named: awardMedalsUsingPOST_1
2022-07-27 14:03:38.996 [main] INFO  s.d.s.w.r.operation.CachingOperationNameGenerator - Generating unique operation named: awardMedalsUsingPOST_2
2022-07-27 14:03:39.009 [main] INFO  s.d.s.w.r.operation.CachingOperationNameGenerator - Generating unique operation named: exportProjectInformationUsingGET_1
2022-07-27 14:03:39.048 [main] INFO  s.d.s.w.r.operation.CachingOperationNameGenerator - Generating unique operation named: addWikiUsingPOST_1
2022-07-27 14:03:39.065 [main] INFO  s.d.s.w.r.operation.CachingOperationNameGenerator - Generating unique operation named: projectDetailUsingGET_1
2022-07-27 14:03:39.105 [main] INFO  s.d.s.w.r.operation.CachingOperationNameGenerator - Generating unique operation named: addCommentUsingPOST_1
2022-07-27 14:03:39.115 [main] INFO  s.d.s.w.r.operation.CachingOperationNameGenerator - Generating unique operation named: conditionPageUsingPOST_1
2022-07-27 14:03:39.719 [main] INFO  o.s.s.a.ScheduledAnnotationBeanPostProcessor - No TaskScheduler/ScheduledExecutorService bean found for scheduled processing
2022-07-27 14:03:39.724 [main] INFO  com.bairh.enn.provider.EnnProviderApplication - Started EnnProviderApplication in 14.775 seconds (JVM running for 16.415)
2022-07-27 14:03:45.624 [SpringContextShutdownHook] INFO  o.s.scheduling.concurrent.ThreadPoolTaskScheduler - Shutting down ExecutorService 'Nacos-Watch-Task-Scheduler'
2022-07-27 14:03:45.627 [SpringContextShutdownHook] INFO  c.a.cloud.nacos.registry.NacosServiceRegistry - De-registering from Nacos Server now...
2022-07-27 14:03:45.673 [SpringContextShutdownHook] INFO  c.a.cloud.nacos.registry.NacosServiceRegistry - De-registration finished.
2022-07-27 14:36:26.415 [main] INFO  o.s.c.b.c.PropertySourceBootstrapConfiguration - Located property source: [BootstrapPropertySource {name='bootstrapProperties-enn-serivice-provider-lhc.properties,DEFAULT_GROUP'}, BootstrapPropertySource {name='bootstrapProperties-enn-serivice-provider-lhc,DEFAULT_GROUP'}, BootstrapPropertySource {name='bootstrapProperties-redis.properties,DEFAULT_GROUP'}, BootstrapPropertySource {name='bootstrapProperties-mysql.properties,DEFAULT_GROUP'}]
2022-07-27 14:36:26.419 [main] INFO  com.bairh.enn.provider.EnnProviderApplication - No active profile set, falling back to default profiles: default
2022-07-27 14:36:27.340 [main] INFO  o.s.d.r.config.RepositoryConfigurationDelegate - Multiple Spring Data modules found, entering strict repository configuration mode!
2022-07-27 14:36:27.353 [main] INFO  o.s.d.r.config.RepositoryConfigurationDelegate - Bootstrapping Spring Data Redis repositories in DEFAULT mode.
2022-07-27 14:36:27.394 [main] INFO  o.s.d.r.config.RepositoryConfigurationDelegate - Finished Spring Data repository scanning in 25ms. Found 0 Redis repository interfaces.
2022-07-27 14:36:27.596 [main] INFO  o.springframework.cloud.context.scope.GenericScope - BeanFactory id=cfc4a5b8-91fd-3006-bce0-9768473977da
2022-07-27 14:36:27.985 [main] INFO  o.s.boot.web.embedded.tomcat.TomcatWebServer - Tomcat initialized with port(s): 29011 (http)
2022-07-27 14:36:27.995 [main] INFO  org.apache.coyote.http11.Http11NioProtocol - Initializing ProtocolHandler ["http-nio-29011"]
2022-07-27 14:36:27.996 [main] INFO  org.apache.catalina.core.StandardService - Starting service [Tomcat]
2022-07-27 14:36:27.996 [main] INFO  org.apache.catalina.core.StandardEngine - Starting Servlet engine: [Apache Tomcat/9.0.37]
2022-07-27 14:36:28.229 [main] INFO  o.a.c.c.ContainerBase.[Tomcat].[localhost].[/enn] - Initializing Spring embedded WebApplicationContext
2022-07-27 14:36:28.229 [main] INFO  o.s.b.w.s.c.ServletWebServerApplicationContext - Root WebApplicationContext: initialization completed in 1789 ms
2022-07-27 14:36:28.533 [main] INFO  o.s.boot.web.servlet.RegistrationBean - Servlet statViewServlet was not registered (possibly already registered?)
2022-07-27 14:36:33.673 [main] INFO  com.alibaba.druid.pool.DruidDataSource - {dataSource-1} inited
2022-07-27 14:36:36.157 [main] INFO  com.netflix.config.sources.URLConfigurationSource - To enable URLs as dynamic configuration sources, define System property archaius.configurationSource.additionalUrls or make config.properties available on classpath.
2022-07-27 14:36:36.162 [main] INFO  com.netflix.config.sources.URLConfigurationSource - To enable URLs as dynamic configuration sources, define System property archaius.configurationSource.additionalUrls or make config.properties available on classpath.
2022-07-27 14:36:36.256 [main] INFO  o.s.scheduling.concurrent.ThreadPoolTaskExecutor - Initializing ExecutorService 'applicationTaskExecutor'
2022-07-27 14:36:37.053 [main] INFO  o.s.scheduling.concurrent.ThreadPoolTaskScheduler - Initializing ExecutorService 'Nacos-Watch-Task-Scheduler'
2022-07-27 14:36:38.083 [main] INFO  org.apache.coyote.http11.Http11NioProtocol - Starting ProtocolHandler ["http-nio-29011"]
2022-07-27 14:36:38.098 [main] INFO  o.s.boot.web.embedded.tomcat.TomcatWebServer - Tomcat started on port(s): 29011 (http) with context path '/enn'
2022-07-27 14:36:38.170 [main] INFO  c.a.cloud.nacos.registry.NacosServiceRegistry - nacos registry, DEFAULT_GROUP enn-serivice-provider-lhc 192.168.169.212:29011 register finished
2022-07-27 14:36:38.653 [main] INFO  s.d.s.web.plugins.DocumentationPluginsBootstrapper - Context refreshed
2022-07-27 14:36:38.666 [main] INFO  s.d.s.web.plugins.DocumentationPluginsBootstrapper - Found 1 custom documentation plugin(s)
2022-07-27 14:36:38.678 [main] INFO  s.d.spring.web.scanners.ApiListingReferenceScanner - Scanning for api listing references
2022-07-27 14:36:38.846 [main] INFO  s.d.s.w.r.operation.CachingOperationNameGenerator - Generating unique operation named: commentUsingPOST_1
2022-07-27 14:36:38.894 [main] INFO  s.d.s.w.r.operation.CachingOperationNameGenerator - Generating unique operation named: viewDetailsUsingPOST_1
2022-07-27 14:36:38.906 [main] INFO  s.d.s.w.r.operation.CachingOperationNameGenerator - Generating unique operation named: awardMedalsUsingPOST_1
2022-07-27 14:36:38.908 [main] INFO  s.d.s.w.r.operation.CachingOperationNameGenerator - Generating unique operation named: awardMedalsUsingPOST_2
2022-07-27 14:36:38.920 [main] INFO  s.d.s.w.r.operation.CachingOperationNameGenerator - Generating unique operation named: exportProjectInformationUsingGET_1
2022-07-27 14:36:38.961 [main] INFO  s.d.s.w.r.operation.CachingOperationNameGenerator - Generating unique operation named: addWikiUsingPOST_1
2022-07-27 14:36:38.979 [main] INFO  s.d.s.w.r.operation.CachingOperationNameGenerator - Generating unique operation named: projectDetailUsingGET_1
2022-07-27 14:36:39.016 [main] INFO  s.d.s.w.r.operation.CachingOperationNameGenerator - Generating unique operation named: addCommentUsingPOST_1
2022-07-27 14:36:39.027 [main] INFO  s.d.s.w.r.operation.CachingOperationNameGenerator - Generating unique operation named: conditionPageUsingPOST_1
2022-07-27 14:36:39.635 [main] INFO  o.s.s.a.ScheduledAnnotationBeanPostProcessor - No TaskScheduler/ScheduledExecutorService bean found for scheduled processing
2022-07-27 14:36:39.644 [main] INFO  com.bairh.enn.provider.EnnProviderApplication - Started EnnProviderApplication in 15.525 seconds (JVM running for 17.223)
2022-07-27 14:41:43.824 [http-nio-29011-exec-2] INFO  o.a.c.c.ContainerBase.[Tomcat].[localhost].[/enn] - Initializing Spring DispatcherServlet 'dispatcherServlet'
2022-07-27 14:41:43.824 [http-nio-29011-exec-2] INFO  org.springframework.web.servlet.DispatcherServlet - Initializing Servlet 'dispatcherServlet'
2022-07-27 14:41:43.833 [http-nio-29011-exec-2] INFO  org.springframework.web.servlet.DispatcherServlet - Completed initialization in 9 ms
2022-07-27 19:59:35.450 [SpringContextShutdownHook] INFO  o.s.scheduling.concurrent.ThreadPoolTaskScheduler - Shutting down ExecutorService 'Nacos-Watch-Task-Scheduler'
