2022-07-25 10:05:40.194 [http-nio-29011-exec-4] ERROR com.alibaba.druid.pool.DruidAbstractDataSource - discard long time none received connection. , jdbcUrl : jdbc:mysql://192.168.1.11:13307/ocss?serverTimezone=UTC&useUnicode=true&characterEncoding=utf-8&useSSL=true&serverTimezone=GMT%2B8, jdbcUrl : jdbc:mysql://192.168.1.11:13307/ocss?serverTimezone=UTC&useUnicode=true&characterEncoding=utf-8&useSSL=true&serverTimezone=GMT%2B8, lastPacketReceivedIdleMillis : 179646
2022-07-25 10:05:40.309 [http-nio-29011-exec-4] ERROR com.alibaba.druid.pool.DruidAbstractDataSource - discard long time none received connection. , jdbcUrl : jdbc:mysql://192.168.1.11:13307/ocss?serverTimezone=UTC&useUnicode=true&characterEncoding=utf-8&useSSL=true&serverTimezone=GMT%2B8, jdbcUrl : jdbc:mysql://192.168.1.11:13307/ocss?serverTimezone=UTC&useUnicode=true&characterEncoding=utf-8&useSSL=true&serverTimezone=GMT%2B8, lastPacketReceivedIdleMillis : 180609
2022-07-25 10:05:40.424 [http-nio-29011-exec-4] ERROR com.alibaba.druid.pool.DruidAbstractDataSource - discard long time none received connection. , jdbcUrl : jdbc:mysql://192.168.1.11:13307/ocss?serverTimezone=UTC&useUnicode=true&characterEncoding=utf-8&useSSL=true&serverTimezone=GMT%2B8, jdbcUrl : jdbc:mysql://192.168.1.11:13307/ocss?serverTimezone=UTC&useUnicode=true&characterEncoding=utf-8&useSSL=true&serverTimezone=GMT%2B8, lastPacketReceivedIdleMillis : 181572
2022-07-25 10:05:40.538 [http-nio-29011-exec-4] ERROR com.alibaba.druid.pool.DruidAbstractDataSource - discard long time none received connection. , jdbcUrl : jdbc:mysql://192.168.1.11:13307/ocss?serverTimezone=UTC&useUnicode=true&characterEncoding=utf-8&useSSL=true&serverTimezone=GMT%2B8, jdbcUrl : jdbc:mysql://192.168.1.11:13307/ocss?serverTimezone=UTC&useUnicode=true&characterEncoding=utf-8&useSSL=true&serverTimezone=GMT%2B8, lastPacketReceivedIdleMillis : 182540
2022-07-25 10:05:40.655 [http-nio-29011-exec-4] ERROR com.alibaba.druid.pool.DruidAbstractDataSource - discard long time none received connection. , jdbcUrl : jdbc:mysql://192.168.1.11:13307/ocss?serverTimezone=UTC&useUnicode=true&characterEncoding=utf-8&useSSL=true&serverTimezone=GMT%2B8, jdbcUrl : jdbc:mysql://192.168.1.11:13307/ocss?serverTimezone=UTC&useUnicode=true&characterEncoding=utf-8&useSSL=true&serverTimezone=GMT%2B8, lastPacketReceivedIdleMillis : 183543
2022-07-25 11:07:59.523 [main] ERROR o.s.b.diagnostics.LoggingFailureAnalysisReporter - 

***************************
APPLICATION FAILED TO START
***************************

Description:

Web server failed to start. Port 29011 was already in use.

Action:

Identify and stop the process that's listening on port 29011 or configure this application to listen on another port.

2022-07-25 11:09:10.717 [main] ERROR o.s.b.diagnostics.LoggingFailureAnalysisReporter - 

***************************
APPLICATION FAILED TO START
***************************

Description:

Web server failed to start. Port 29011 was already in use.

Action:

Identify and stop the process that's listening on port 29011 or configure this application to listen on another port.

2022-07-25 11:12:22.383 [main] ERROR o.s.b.diagnostics.LoggingFailureAnalysisReporter - 

***************************
APPLICATION FAILED TO START
***************************

Description:

Web server failed to start. Port 29011 was already in use.

Action:

Identify and stop the process that's listening on port 29011 or configure this application to listen on another port.

2022-07-25 11:17:39.630 [http-nio-29011-exec-6] ERROR com.alibaba.druid.pool.DruidAbstractDataSource - discard long time none received connection. , jdbcUrl : jdbc:mysql://192.168.1.11:13307/ocss?serverTimezone=UTC&useUnicode=true&characterEncoding=utf-8&useSSL=true&serverTimezone=GMT%2B8, jdbcUrl : jdbc:mysql://192.168.1.11:13307/ocss?serverTimezone=UTC&useUnicode=true&characterEncoding=utf-8&useSSL=true&serverTimezone=GMT%2B8, lastPacketReceivedIdleMillis : 211241
2022-07-25 11:17:39.745 [http-nio-29011-exec-6] ERROR com.alibaba.druid.pool.DruidAbstractDataSource - discard long time none received connection. , jdbcUrl : jdbc:mysql://192.168.1.11:13307/ocss?serverTimezone=UTC&useUnicode=true&characterEncoding=utf-8&useSSL=true&serverTimezone=GMT%2B8, jdbcUrl : jdbc:mysql://192.168.1.11:13307/ocss?serverTimezone=UTC&useUnicode=true&characterEncoding=utf-8&useSSL=true&serverTimezone=GMT%2B8, lastPacketReceivedIdleMillis : 212286
2022-07-25 11:17:39.858 [http-nio-29011-exec-6] ERROR com.alibaba.druid.pool.DruidAbstractDataSource - discard long time none received connection. , jdbcUrl : jdbc:mysql://192.168.1.11:13307/ocss?serverTimezone=UTC&useUnicode=true&characterEncoding=utf-8&useSSL=true&serverTimezone=GMT%2B8, jdbcUrl : jdbc:mysql://192.168.1.11:13307/ocss?serverTimezone=UTC&useUnicode=true&characterEncoding=utf-8&useSSL=true&serverTimezone=GMT%2B8, lastPacketReceivedIdleMillis : 213297
2022-07-25 11:17:39.971 [http-nio-29011-exec-6] ERROR com.alibaba.druid.pool.DruidAbstractDataSource - discard long time none received connection. , jdbcUrl : jdbc:mysql://192.168.1.11:13307/ocss?serverTimezone=UTC&useUnicode=true&characterEncoding=utf-8&useSSL=true&serverTimezone=GMT%2B8, jdbcUrl : jdbc:mysql://192.168.1.11:13307/ocss?serverTimezone=UTC&useUnicode=true&characterEncoding=utf-8&useSSL=true&serverTimezone=GMT%2B8, lastPacketReceivedIdleMillis : 214325
2022-07-25 11:17:40.086 [http-nio-29011-exec-6] ERROR com.alibaba.druid.pool.DruidAbstractDataSource - discard long time none received connection. , jdbcUrl : jdbc:mysql://192.168.1.11:13307/ocss?serverTimezone=UTC&useUnicode=true&characterEncoding=utf-8&useSSL=true&serverTimezone=GMT%2B8, jdbcUrl : jdbc:mysql://192.168.1.11:13307/ocss?serverTimezone=UTC&useUnicode=true&characterEncoding=utf-8&useSSL=true&serverTimezone=GMT%2B8, lastPacketReceivedIdleMillis : 215344
2022-07-25 11:20:11.746 [http-nio-29011-exec-1] ERROR com.alibaba.druid.pool.DruidAbstractDataSource - discard long time none received connection. , jdbcUrl : jdbc:mysql://192.168.1.11:13307/ocss?serverTimezone=UTC&useUnicode=true&characterEncoding=utf-8&useSSL=true&serverTimezone=GMT%2B8, jdbcUrl : jdbc:mysql://192.168.1.11:13307/ocss?serverTimezone=UTC&useUnicode=true&characterEncoding=utf-8&useSSL=true&serverTimezone=GMT%2B8, lastPacketReceivedIdleMillis : 150748
2022-07-25 15:49:45.540 [http-nio-29011-exec-6] ERROR com.alibaba.druid.pool.DruidAbstractDataSource - discard long time none received connection. , jdbcUrl : jdbc:mysql://192.168.1.11:13307/ocss?serverTimezone=UTC&useUnicode=true&characterEncoding=utf-8&useSSL=true&serverTimezone=GMT%2B8, jdbcUrl : jdbc:mysql://192.168.1.11:13307/ocss?serverTimezone=UTC&useUnicode=true&characterEncoding=utf-8&useSSL=true&serverTimezone=GMT%2B8, lastPacketReceivedIdleMillis : 558384
2022-07-25 15:49:45.650 [http-nio-29011-exec-6] ERROR com.alibaba.druid.pool.DruidAbstractDataSource - discard long time none received connection. , jdbcUrl : jdbc:mysql://192.168.1.11:13307/ocss?serverTimezone=UTC&useUnicode=true&characterEncoding=utf-8&useSSL=true&serverTimezone=GMT%2B8, jdbcUrl : jdbc:mysql://192.168.1.11:13307/ocss?serverTimezone=UTC&useUnicode=true&characterEncoding=utf-8&useSSL=true&serverTimezone=GMT%2B8, lastPacketReceivedIdleMillis : 559354
2022-07-25 15:49:45.746 [http-nio-29011-exec-6] ERROR com.alibaba.druid.pool.DruidAbstractDataSource - discard long time none received connection. , jdbcUrl : jdbc:mysql://192.168.1.11:13307/ocss?serverTimezone=UTC&useUnicode=true&characterEncoding=utf-8&useSSL=true&serverTimezone=GMT%2B8, jdbcUrl : jdbc:mysql://192.168.1.11:13307/ocss?serverTimezone=UTC&useUnicode=true&characterEncoding=utf-8&useSSL=true&serverTimezone=GMT%2B8, lastPacketReceivedIdleMillis : 560332
2022-07-25 15:49:45.841 [http-nio-29011-exec-6] ERROR com.alibaba.druid.pool.DruidAbstractDataSource - discard long time none received connection. , jdbcUrl : jdbc:mysql://192.168.1.11:13307/ocss?serverTimezone=UTC&useUnicode=true&characterEncoding=utf-8&useSSL=true&serverTimezone=GMT%2B8, jdbcUrl : jdbc:mysql://192.168.1.11:13307/ocss?serverTimezone=UTC&useUnicode=true&characterEncoding=utf-8&useSSL=true&serverTimezone=GMT%2B8, lastPacketReceivedIdleMillis : 561274
2022-07-25 15:49:45.936 [http-nio-29011-exec-6] ERROR com.alibaba.druid.pool.DruidAbstractDataSource - discard long time none received connection. , jdbcUrl : jdbc:mysql://192.168.1.11:13307/ocss?serverTimezone=UTC&useUnicode=true&characterEncoding=utf-8&useSSL=true&serverTimezone=GMT%2B8, jdbcUrl : jdbc:mysql://192.168.1.11:13307/ocss?serverTimezone=UTC&useUnicode=true&characterEncoding=utf-8&useSSL=true&serverTimezone=GMT%2B8, lastPacketReceivedIdleMillis : 562220
2022-07-25 15:52:23.173 [http-nio-29011-exec-8] ERROR com.alibaba.druid.pool.DruidAbstractDataSource - discard long time none received connection. , jdbcUrl : jdbc:mysql://192.168.1.11:13307/ocss?serverTimezone=UTC&useUnicode=true&characterEncoding=utf-8&useSSL=true&serverTimezone=GMT%2B8, jdbcUrl : jdbc:mysql://192.168.1.11:13307/ocss?serverTimezone=UTC&useUnicode=true&characterEncoding=utf-8&useSSL=true&serverTimezone=GMT%2B8, lastPacketReceivedIdleMillis : 156237
2022-07-25 16:03:11.837 [http-nio-29011-exec-4] ERROR com.alibaba.druid.pool.DruidAbstractDataSource - discard long time none received connection. , jdbcUrl : jdbc:mysql://192.168.1.11:13307/ocss?serverTimezone=UTC&useUnicode=true&characterEncoding=utf-8&useSSL=true&serverTimezone=GMT%2B8, jdbcUrl : jdbc:mysql://192.168.1.11:13307/ocss?serverTimezone=UTC&useUnicode=true&characterEncoding=utf-8&useSSL=true&serverTimezone=GMT%2B8, lastPacketReceivedIdleMillis : 619275
2022-07-25 16:03:11.953 [http-nio-29011-exec-4] ERROR com.alibaba.druid.pool.DruidAbstractDataSource - discard long time none received connection. , jdbcUrl : jdbc:mysql://192.168.1.11:13307/ocss?serverTimezone=UTC&useUnicode=true&characterEncoding=utf-8&useSSL=true&serverTimezone=GMT%2B8, jdbcUrl : jdbc:mysql://192.168.1.11:13307/ocss?serverTimezone=UTC&useUnicode=true&characterEncoding=utf-8&useSSL=true&serverTimezone=GMT%2B8, lastPacketReceivedIdleMillis : 630246
2022-07-25 16:03:12.066 [http-nio-29011-exec-4] ERROR com.alibaba.druid.pool.DruidAbstractDataSource - discard long time none received connection. , jdbcUrl : jdbc:mysql://192.168.1.11:13307/ocss?serverTimezone=UTC&useUnicode=true&characterEncoding=utf-8&useSSL=true&serverTimezone=GMT%2B8, jdbcUrl : jdbc:mysql://192.168.1.11:13307/ocss?serverTimezone=UTC&useUnicode=true&characterEncoding=utf-8&useSSL=true&serverTimezone=GMT%2B8, lastPacketReceivedIdleMillis : 631215
2022-07-25 16:03:12.146 [http-nio-29011-exec-4] ERROR com.alibaba.druid.pool.DruidAbstractDataSource - discard long time none received connection. , jdbcUrl : jdbc:mysql://192.168.1.11:13307/ocss?serverTimezone=UTC&useUnicode=true&characterEncoding=utf-8&useSSL=true&serverTimezone=GMT%2B8, jdbcUrl : jdbc:mysql://192.168.1.11:13307/ocss?serverTimezone=UTC&useUnicode=true&characterEncoding=utf-8&useSSL=true&serverTimezone=GMT%2B8, lastPacketReceivedIdleMillis : 632194
2022-07-25 16:03:12.265 [http-nio-29011-exec-4] ERROR com.alibaba.druid.pool.DruidAbstractDataSource - discard long time none received connection. , jdbcUrl : jdbc:mysql://192.168.1.11:13307/ocss?serverTimezone=UTC&useUnicode=true&characterEncoding=utf-8&useSSL=true&serverTimezone=GMT%2B8, jdbcUrl : jdbc:mysql://192.168.1.11:13307/ocss?serverTimezone=UTC&useUnicode=true&characterEncoding=utf-8&useSSL=true&serverTimezone=GMT%2B8, lastPacketReceivedIdleMillis : 633176
2022-07-25 16:16:21.001 [http-nio-29011-exec-2] ERROR com.alibaba.druid.filter.stat.StatFilter - merge sql error, dbType mysql, druid-1.1.24, sql : insert into enn_project_sign
            (project_id,
             introduce,
             user_id,
             created_by,
             created_date,
             org_code,
             enable_tag,
             remove_tag,
             last_updated_date,
             last_updated_by,
             approve_flag,
             pm_flag,
            (SELECT id FROM `enn_project_entry` where role = ? and project_id = ?) project_entry_id
             )
        values
            (?,
             ?,
             ?,
             ?,
             ?,
             ?,
             ?,
             ?,
             ?,
             ?,
             ?,
             ?
             )
com.alibaba.druid.sql.parser.ParserException: syntax error, error in :'    (SELECT id FROM `enn_project_en', expect RPAREN, actual SELECT pos 355, line 14, column 15, token SELECT
	at com.alibaba.druid.sql.parser.SQLParser.printError(SQLParser.java:344)
	at com.alibaba.druid.sql.parser.SQLParser.accept(SQLParser.java:352)
	at com.alibaba.druid.sql.dialect.mysql.parser.MySqlStatementParser.parseInsert(MySqlStatementParser.java:2785)
	at com.alibaba.druid.sql.dialect.mysql.parser.MySqlStatementParser.parseInsert(MySqlStatementParser.java:220)
	at com.alibaba.druid.sql.parser.SQLStatementParser.parseStatementList(SQLStatementParser.java:266)
	at com.alibaba.druid.sql.parser.SQLStatementParser.parseStatementList(SQLStatementParser.java:171)
	at com.alibaba.druid.sql.visitor.ParameterizedOutputVisitorUtils.parameterize(ParameterizedOutputVisitorUtils.java:98)
	at com.alibaba.druid.sql.visitor.ParameterizedOutputVisitorUtils.parameterize(ParameterizedOutputVisitorUtils.java:81)
	at com.alibaba.druid.sql.visitor.ParameterizedOutputVisitorUtils.parameterize(ParameterizedOutputVisitorUtils.java:54)
	at com.alibaba.druid.filter.stat.StatFilter.mergeSql(StatFilter.java:147)
	at com.alibaba.druid.filter.stat.StatFilter.createSqlStat(StatFilter.java:648)
	at com.alibaba.druid.filter.stat.StatFilter.statementPrepareAfter(StatFilter.java:311)
	at com.alibaba.druid.filter.FilterEventAdapter.connection_prepareStatement(FilterEventAdapter.java:124)
	at com.alibaba.druid.filter.FilterChainImpl.connection_prepareStatement(FilterChainImpl.java:568)
	at com.alibaba.druid.proxy.jdbc.ConnectionProxyImpl.prepareStatement(ConnectionProxyImpl.java:341)
	at com.alibaba.druid.pool.DruidPooledConnection.prepareStatement(DruidPooledConnection.java:350)
	at sun.reflect.NativeMethodAccessorImpl.invoke0(Native Method)
	at sun.reflect.NativeMethodAccessorImpl.invoke(NativeMethodAccessorImpl.java:62)
	at sun.reflect.DelegatingMethodAccessorImpl.invoke(DelegatingMethodAccessorImpl.java:43)
	at java.lang.reflect.Method.invoke(Method.java:498)
	at org.apache.ibatis.logging.jdbc.ConnectionLogger.invoke(ConnectionLogger.java:55)
	at com.sun.proxy.$Proxy182.prepareStatement(Unknown Source)
	at org.apache.ibatis.executor.statement.PreparedStatementHandler.instantiateStatement(PreparedStatementHandler.java:86)
	at org.apache.ibatis.executor.statement.BaseStatementHandler.prepare(BaseStatementHandler.java:88)
	at org.apache.ibatis.executor.statement.RoutingStatementHandler.prepare(RoutingStatementHandler.java:59)
	at sun.reflect.NativeMethodAccessorImpl.invoke0(Native Method)
	at sun.reflect.NativeMethodAccessorImpl.invoke(NativeMethodAccessorImpl.java:62)
	at sun.reflect.DelegatingMethodAccessorImpl.invoke(DelegatingMethodAccessorImpl.java:43)
	at java.lang.reflect.Method.invoke(Method.java:498)
	at org.apache.ibatis.plugin.Invocation.proceed(Invocation.java:49)
	at com.baomidou.mybatisplus.extension.plugins.PaginationInterceptor.intercept(PaginationInterceptor.java:161)
	at org.apache.ibatis.plugin.Plugin.invoke(Plugin.java:61)
	at com.sun.proxy.$Proxy181.prepare(Unknown Source)
	at sun.reflect.NativeMethodAccessorImpl.invoke0(Native Method)
	at sun.reflect.NativeMethodAccessorImpl.invoke(NativeMethodAccessorImpl.java:62)
	at sun.reflect.DelegatingMethodAccessorImpl.invoke(DelegatingMethodAccessorImpl.java:43)
	at java.lang.reflect.Method.invoke(Method.java:498)
	at org.apache.ibatis.plugin.Invocation.proceed(Invocation.java:49)
	at com.bairh.enn.provider.util.PageHelper.intercept(PageHelper.java:89)
	at org.apache.ibatis.plugin.Plugin.invoke(Plugin.java:61)
	at com.sun.proxy.$Proxy181.prepare(Unknown Source)
	at com.baomidou.mybatisplus.core.executor.MybatisSimpleExecutor.prepareStatement(MybatisSimpleExecutor.java:94)
	at com.baomidou.mybatisplus.core.executor.MybatisSimpleExecutor.doUpdate(MybatisSimpleExecutor.java:53)
	at org.apache.ibatis.executor.BaseExecutor.update(BaseExecutor.java:117)
	at org.apache.ibatis.executor.CachingExecutor.update(CachingExecutor.java:76)
	at org.apache.ibatis.session.defaults.DefaultSqlSession.update(DefaultSqlSession.java:197)
	at org.apache.ibatis.session.defaults.DefaultSqlSession.insert(DefaultSqlSession.java:184)
	at sun.reflect.NativeMethodAccessorImpl.invoke0(Native Method)
	at sun.reflect.NativeMethodAccessorImpl.invoke(NativeMethodAccessorImpl.java:62)
	at sun.reflect.DelegatingMethodAccessorImpl.invoke(DelegatingMethodAccessorImpl.java:43)
	at java.lang.reflect.Method.invoke(Method.java:498)
	at org.mybatis.spring.SqlSessionTemplate$SqlSessionInterceptor.invoke(SqlSessionTemplate.java:426)
	at com.sun.proxy.$Proxy112.insert(Unknown Source)
	at org.mybatis.spring.SqlSessionTemplate.insert(SqlSessionTemplate.java:271)
	at com.baomidou.mybatisplus.core.override.MybatisMapperMethod.execute(MybatisMapperMethod.java:58)
	at com.baomidou.mybatisplus.core.override.MybatisMapperProxy.invoke(MybatisMapperProxy.java:61)
	at com.sun.proxy.$Proxy134.addRegForm(Unknown Source)
	at com.bairh.enn.provider.service.imp.enlargearmyappimpl.ProjectActivitiesServiceImpl.applyProject(ProjectActivitiesServiceImpl.java:113)
	at com.bairh.enn.provider.controller.enlargearmyappcontroller.ProjectActivitiesController.applyProject(ProjectActivitiesController.java:96)
	at sun.reflect.NativeMethodAccessorImpl.invoke0(Native Method)
	at sun.reflect.NativeMethodAccessorImpl.invoke(NativeMethodAccessorImpl.java:62)
	at sun.reflect.DelegatingMethodAccessorImpl.invoke(DelegatingMethodAccessorImpl.java:43)
	at java.lang.reflect.Method.invoke(Method.java:498)
	at org.springframework.web.method.support.InvocableHandlerMethod.doInvoke(InvocableHandlerMethod.java:190)
	at org.springframework.web.method.support.InvocableHandlerMethod.invokeForRequest(InvocableHandlerMethod.java:138)
	at org.springframework.web.servlet.mvc.method.annotation.ServletInvocableHandlerMethod.invokeAndHandle(ServletInvocableHandlerMethod.java:105)
	at org.springframework.web.servlet.mvc.method.annotation.RequestMappingHandlerAdapter.invokeHandlerMethod(RequestMappingHandlerAdapter.java:878)
	at org.springframework.web.servlet.mvc.method.annotation.RequestMappingHandlerAdapter.handleInternal(RequestMappingHandlerAdapter.java:792)
	at org.springframework.web.servlet.mvc.method.AbstractHandlerMethodAdapter.handle(AbstractHandlerMethodAdapter.java:87)
	at org.springframework.web.servlet.DispatcherServlet.doDispatch(DispatcherServlet.java:1040)
	at org.springframework.web.servlet.DispatcherServlet.doService(DispatcherServlet.java:943)
	at org.springframework.web.servlet.FrameworkServlet.processRequest(FrameworkServlet.java:1006)
	at org.springframework.web.servlet.FrameworkServlet.doPost(FrameworkServlet.java:909)
	at javax.servlet.http.HttpServlet.service(HttpServlet.java:665)
	at org.springframework.web.servlet.FrameworkServlet.service(FrameworkServlet.java:883)
	at javax.servlet.http.HttpServlet.service(HttpServlet.java:750)
	at org.apache.catalina.core.ApplicationFilterChain.internalDoFilter(ApplicationFilterChain.java:231)
	at org.apache.catalina.core.ApplicationFilterChain.doFilter(ApplicationFilterChain.java:166)
	at org.apache.tomcat.websocket.server.WsFilter.doFilter(WsFilter.java:53)
	at org.apache.catalina.core.ApplicationFilterChain.internalDoFilter(ApplicationFilterChain.java:193)
	at org.apache.catalina.core.ApplicationFilterChain.doFilter(ApplicationFilterChain.java:166)
	at com.alibaba.druid.support.http.WebStatFilter.doFilter(WebStatFilter.java:124)
	at org.apache.catalina.core.ApplicationFilterChain.internalDoFilter(ApplicationFilterChain.java:193)
	at org.apache.catalina.core.ApplicationFilterChain.doFilter(ApplicationFilterChain.java:166)
	at org.springframework.web.filter.RequestContextFilter.doFilterInternal(RequestContextFilter.java:100)
	at org.springframework.web.filter.OncePerRequestFilter.doFilter(OncePerRequestFilter.java:119)
	at org.apache.catalina.core.ApplicationFilterChain.internalDoFilter(ApplicationFilterChain.java:193)
	at org.apache.catalina.core.ApplicationFilterChain.doFilter(ApplicationFilterChain.java:166)
	at org.springframework.web.filter.FormContentFilter.doFilterInternal(FormContentFilter.java:93)
	at org.springframework.web.filter.OncePerRequestFilter.doFilter(OncePerRequestFilter.java:119)
	at org.apache.catalina.core.ApplicationFilterChain.internalDoFilter(ApplicationFilterChain.java:193)
	at org.apache.catalina.core.ApplicationFilterChain.doFilter(ApplicationFilterChain.java:166)
	at org.springframework.session.web.http.SessionRepositoryFilter.doFilterInternal(SessionRepositoryFilter.java:141)
	at org.springframework.session.web.http.OncePerRequestFilter.doFilter(OncePerRequestFilter.java:82)
	at org.apache.catalina.core.ApplicationFilterChain.internalDoFilter(ApplicationFilterChain.java:193)
	at org.apache.catalina.core.ApplicationFilterChain.doFilter(ApplicationFilterChain.java:166)
	at org.springframework.web.filter.CharacterEncodingFilter.doFilterInternal(CharacterEncodingFilter.java:201)
	at org.springframework.web.filter.OncePerRequestFilter.doFilter(OncePerRequestFilter.java:119)
	at org.apache.catalina.core.ApplicationFilterChain.internalDoFilter(ApplicationFilterChain.java:193)
	at org.apache.catalina.core.ApplicationFilterChain.doFilter(ApplicationFilterChain.java:166)
	at org.apache.catalina.core.StandardWrapperValve.invoke(StandardWrapperValve.java:202)
	at org.apache.catalina.core.StandardContextValve.invoke(StandardContextValve.java:96)
	at org.apache.catalina.authenticator.AuthenticatorBase.invoke(AuthenticatorBase.java:541)
	at org.apache.catalina.core.StandardHostValve.invoke(StandardHostValve.java:139)
	at org.apache.catalina.valves.ErrorReportValve.invoke(ErrorReportValve.java:92)
	at org.apache.catalina.core.StandardEngineValve.invoke(StandardEngineValve.java:74)
	at org.apache.catalina.connector.CoyoteAdapter.service(CoyoteAdapter.java:343)
	at org.apache.coyote.http11.Http11Processor.service(Http11Processor.java:373)
	at org.apache.coyote.AbstractProcessorLight.process(AbstractProcessorLight.java:65)
	at org.apache.coyote.AbstractProtocol$ConnectionHandler.process(AbstractProtocol.java:868)
	at org.apache.tomcat.util.net.NioEndpoint$SocketProcessor.doRun(NioEndpoint.java:1589)
	at org.apache.tomcat.util.net.SocketProcessorBase.run(SocketProcessorBase.java:49)
	at java.util.concurrent.ThreadPoolExecutor.runWorker(ThreadPoolExecutor.java:1149)
	at java.util.concurrent.ThreadPoolExecutor$Worker.run(ThreadPoolExecutor.java:624)
	at org.apache.tomcat.util.threads.TaskThread$WrappingRunnable.run(TaskThread.java:61)
	at java.lang.Thread.run(Thread.java:748)
2022-07-25 16:40:43.813 [http-nio-29011-exec-2] ERROR com.alibaba.druid.filter.stat.StatFilter - merge sql error, dbType mysql, druid-1.1.24, sql : insert into enn_project_sign
            (project_id,
             introduce,
             user_id,
             created_by,
             created_date,
             org_code,
             enable_tag,
             remove_tag,
             last_updated_date,
             last_updated_by,
             approve_flag,
             pm_flag,
             ( CASE enn_project.status WHEN '0' THEN '新建' WHEN '1' THEN '召集中' WHEN '2' THEN '进行中' WHEN '3' THEN '活动完成' WHEN '4' THEN '评价完成' END ) status,
             project_entry_id
             )
        values
            (?,
             ?,
             ?,
             ?,
             ?,
             ?,
             ?,
             ?,
             ?,
             ?,
             ?,
             ?,
             ?,
             ?
            )
com.alibaba.druid.sql.parser.ParserException: syntax error, error in :'   ( CASE enn_project.status WHEN '', expect RPAREN, actual CASE pos 355, line 14, column 17, token CASE
	at com.alibaba.druid.sql.parser.SQLParser.printError(SQLParser.java:344)
	at com.alibaba.druid.sql.parser.SQLParser.accept(SQLParser.java:352)
	at com.alibaba.druid.sql.dialect.mysql.parser.MySqlStatementParser.parseInsert(MySqlStatementParser.java:2785)
	at com.alibaba.druid.sql.dialect.mysql.parser.MySqlStatementParser.parseInsert(MySqlStatementParser.java:220)
	at com.alibaba.druid.sql.parser.SQLStatementParser.parseStatementList(SQLStatementParser.java:266)
	at com.alibaba.druid.sql.parser.SQLStatementParser.parseStatementList(SQLStatementParser.java:171)
	at com.alibaba.druid.sql.visitor.ParameterizedOutputVisitorUtils.parameterize(ParameterizedOutputVisitorUtils.java:98)
	at com.alibaba.druid.sql.visitor.ParameterizedOutputVisitorUtils.parameterize(ParameterizedOutputVisitorUtils.java:81)
	at com.alibaba.druid.sql.visitor.ParameterizedOutputVisitorUtils.parameterize(ParameterizedOutputVisitorUtils.java:54)
	at com.alibaba.druid.filter.stat.StatFilter.mergeSql(StatFilter.java:147)
	at com.alibaba.druid.filter.stat.StatFilter.createSqlStat(StatFilter.java:648)
	at com.alibaba.druid.filter.stat.StatFilter.statementPrepareAfter(StatFilter.java:311)
	at com.alibaba.druid.filter.FilterEventAdapter.connection_prepareStatement(FilterEventAdapter.java:124)
	at com.alibaba.druid.filter.FilterChainImpl.connection_prepareStatement(FilterChainImpl.java:568)
	at com.alibaba.druid.proxy.jdbc.ConnectionProxyImpl.prepareStatement(ConnectionProxyImpl.java:341)
	at com.alibaba.druid.pool.DruidPooledConnection.prepareStatement(DruidPooledConnection.java:350)
	at sun.reflect.NativeMethodAccessorImpl.invoke0(Native Method)
	at sun.reflect.NativeMethodAccessorImpl.invoke(NativeMethodAccessorImpl.java:62)
	at sun.reflect.DelegatingMethodAccessorImpl.invoke(DelegatingMethodAccessorImpl.java:43)
	at java.lang.reflect.Method.invoke(Method.java:498)
	at org.apache.ibatis.logging.jdbc.ConnectionLogger.invoke(ConnectionLogger.java:55)
	at com.sun.proxy.$Proxy182.prepareStatement(Unknown Source)
	at org.apache.ibatis.executor.statement.PreparedStatementHandler.instantiateStatement(PreparedStatementHandler.java:86)
	at org.apache.ibatis.executor.statement.BaseStatementHandler.prepare(BaseStatementHandler.java:88)
	at org.apache.ibatis.executor.statement.RoutingStatementHandler.prepare(RoutingStatementHandler.java:59)
	at sun.reflect.NativeMethodAccessorImpl.invoke0(Native Method)
	at sun.reflect.NativeMethodAccessorImpl.invoke(NativeMethodAccessorImpl.java:62)
	at sun.reflect.DelegatingMethodAccessorImpl.invoke(DelegatingMethodAccessorImpl.java:43)
	at java.lang.reflect.Method.invoke(Method.java:498)
	at org.apache.ibatis.plugin.Invocation.proceed(Invocation.java:49)
	at com.baomidou.mybatisplus.extension.plugins.PaginationInterceptor.intercept(PaginationInterceptor.java:161)
	at org.apache.ibatis.plugin.Plugin.invoke(Plugin.java:61)
	at com.sun.proxy.$Proxy181.prepare(Unknown Source)
	at sun.reflect.NativeMethodAccessorImpl.invoke0(Native Method)
	at sun.reflect.NativeMethodAccessorImpl.invoke(NativeMethodAccessorImpl.java:62)
	at sun.reflect.DelegatingMethodAccessorImpl.invoke(DelegatingMethodAccessorImpl.java:43)
	at java.lang.reflect.Method.invoke(Method.java:498)
	at org.apache.ibatis.plugin.Invocation.proceed(Invocation.java:49)
	at com.bairh.enn.provider.util.PageHelper.intercept(PageHelper.java:89)
	at org.apache.ibatis.plugin.Plugin.invoke(Plugin.java:61)
	at com.sun.proxy.$Proxy181.prepare(Unknown Source)
	at com.baomidou.mybatisplus.core.executor.MybatisSimpleExecutor.prepareStatement(MybatisSimpleExecutor.java:94)
	at com.baomidou.mybatisplus.core.executor.MybatisSimpleExecutor.doUpdate(MybatisSimpleExecutor.java:53)
	at org.apache.ibatis.executor.BaseExecutor.update(BaseExecutor.java:117)
	at org.apache.ibatis.executor.CachingExecutor.update(CachingExecutor.java:76)
	at org.apache.ibatis.session.defaults.DefaultSqlSession.update(DefaultSqlSession.java:197)
	at org.apache.ibatis.session.defaults.DefaultSqlSession.insert(DefaultSqlSession.java:184)
	at sun.reflect.NativeMethodAccessorImpl.invoke0(Native Method)
	at sun.reflect.NativeMethodAccessorImpl.invoke(NativeMethodAccessorImpl.java:62)
	at sun.reflect.DelegatingMethodAccessorImpl.invoke(DelegatingMethodAccessorImpl.java:43)
	at java.lang.reflect.Method.invoke(Method.java:498)
	at org.mybatis.spring.SqlSessionTemplate$SqlSessionInterceptor.invoke(SqlSessionTemplate.java:426)
	at com.sun.proxy.$Proxy112.insert(Unknown Source)
	at org.mybatis.spring.SqlSessionTemplate.insert(SqlSessionTemplate.java:271)
	at com.baomidou.mybatisplus.core.override.MybatisMapperMethod.execute(MybatisMapperMethod.java:58)
	at com.baomidou.mybatisplus.core.override.MybatisMapperProxy.invoke(MybatisMapperProxy.java:61)
	at com.sun.proxy.$Proxy134.addRegForm(Unknown Source)
	at com.bairh.enn.provider.service.imp.enlargearmyappimpl.ProjectActivitiesServiceImpl.applyProject(ProjectActivitiesServiceImpl.java:115)
	at com.bairh.enn.provider.controller.enlargearmyappcontroller.ProjectActivitiesController.applyProject(ProjectActivitiesController.java:96)
	at sun.reflect.NativeMethodAccessorImpl.invoke0(Native Method)
	at sun.reflect.NativeMethodAccessorImpl.invoke(NativeMethodAccessorImpl.java:62)
	at sun.reflect.DelegatingMethodAccessorImpl.invoke(DelegatingMethodAccessorImpl.java:43)
	at java.lang.reflect.Method.invoke(Method.java:498)
	at org.springframework.web.method.support.InvocableHandlerMethod.doInvoke(InvocableHandlerMethod.java:190)
	at org.springframework.web.method.support.InvocableHandlerMethod.invokeForRequest(InvocableHandlerMethod.java:138)
	at org.springframework.web.servlet.mvc.method.annotation.ServletInvocableHandlerMethod.invokeAndHandle(ServletInvocableHandlerMethod.java:105)
	at org.springframework.web.servlet.mvc.method.annotation.RequestMappingHandlerAdapter.invokeHandlerMethod(RequestMappingHandlerAdapter.java:878)
	at org.springframework.web.servlet.mvc.method.annotation.RequestMappingHandlerAdapter.handleInternal(RequestMappingHandlerAdapter.java:792)
	at org.springframework.web.servlet.mvc.method.AbstractHandlerMethodAdapter.handle(AbstractHandlerMethodAdapter.java:87)
	at org.springframework.web.servlet.DispatcherServlet.doDispatch(DispatcherServlet.java:1040)
	at org.springframework.web.servlet.DispatcherServlet.doService(DispatcherServlet.java:943)
	at org.springframework.web.servlet.FrameworkServlet.processRequest(FrameworkServlet.java:1006)
	at org.springframework.web.servlet.FrameworkServlet.doPost(FrameworkServlet.java:909)
	at javax.servlet.http.HttpServlet.service(HttpServlet.java:665)
	at org.springframework.web.servlet.FrameworkServlet.service(FrameworkServlet.java:883)
	at javax.servlet.http.HttpServlet.service(HttpServlet.java:750)
	at org.apache.catalina.core.ApplicationFilterChain.internalDoFilter(ApplicationFilterChain.java:231)
	at org.apache.catalina.core.ApplicationFilterChain.doFilter(ApplicationFilterChain.java:166)
	at org.apache.tomcat.websocket.server.WsFilter.doFilter(WsFilter.java:53)
	at org.apache.catalina.core.ApplicationFilterChain.internalDoFilter(ApplicationFilterChain.java:193)
	at org.apache.catalina.core.ApplicationFilterChain.doFilter(ApplicationFilterChain.java:166)
	at com.alibaba.druid.support.http.WebStatFilter.doFilter(WebStatFilter.java:124)
	at org.apache.catalina.core.ApplicationFilterChain.internalDoFilter(ApplicationFilterChain.java:193)
	at org.apache.catalina.core.ApplicationFilterChain.doFilter(ApplicationFilterChain.java:166)
	at org.springframework.web.filter.RequestContextFilter.doFilterInternal(RequestContextFilter.java:100)
	at org.springframework.web.filter.OncePerRequestFilter.doFilter(OncePerRequestFilter.java:119)
	at org.apache.catalina.core.ApplicationFilterChain.internalDoFilter(ApplicationFilterChain.java:193)
	at org.apache.catalina.core.ApplicationFilterChain.doFilter(ApplicationFilterChain.java:166)
	at org.springframework.web.filter.FormContentFilter.doFilterInternal(FormContentFilter.java:93)
	at org.springframework.web.filter.OncePerRequestFilter.doFilter(OncePerRequestFilter.java:119)
	at org.apache.catalina.core.ApplicationFilterChain.internalDoFilter(ApplicationFilterChain.java:193)
	at org.apache.catalina.core.ApplicationFilterChain.doFilter(ApplicationFilterChain.java:166)
	at org.springframework.session.web.http.SessionRepositoryFilter.doFilterInternal(SessionRepositoryFilter.java:141)
	at org.springframework.session.web.http.OncePerRequestFilter.doFilter(OncePerRequestFilter.java:82)
	at org.apache.catalina.core.ApplicationFilterChain.internalDoFilter(ApplicationFilterChain.java:193)
	at org.apache.catalina.core.ApplicationFilterChain.doFilter(ApplicationFilterChain.java:166)
	at org.springframework.web.filter.CharacterEncodingFilter.doFilterInternal(CharacterEncodingFilter.java:201)
	at org.springframework.web.filter.OncePerRequestFilter.doFilter(OncePerRequestFilter.java:119)
	at org.apache.catalina.core.ApplicationFilterChain.internalDoFilter(ApplicationFilterChain.java:193)
	at org.apache.catalina.core.ApplicationFilterChain.doFilter(ApplicationFilterChain.java:166)
	at org.apache.catalina.core.StandardWrapperValve.invoke(StandardWrapperValve.java:202)
	at org.apache.catalina.core.StandardContextValve.invoke(StandardContextValve.java:96)
	at org.apache.catalina.authenticator.AuthenticatorBase.invoke(AuthenticatorBase.java:541)
	at org.apache.catalina.core.StandardHostValve.invoke(StandardHostValve.java:139)
	at org.apache.catalina.valves.ErrorReportValve.invoke(ErrorReportValve.java:92)
	at org.apache.catalina.core.StandardEngineValve.invoke(StandardEngineValve.java:74)
	at org.apache.catalina.connector.CoyoteAdapter.service(CoyoteAdapter.java:343)
	at org.apache.coyote.http11.Http11Processor.service(Http11Processor.java:373)
	at org.apache.coyote.AbstractProcessorLight.process(AbstractProcessorLight.java:65)
	at org.apache.coyote.AbstractProtocol$ConnectionHandler.process(AbstractProtocol.java:868)
	at org.apache.tomcat.util.net.NioEndpoint$SocketProcessor.doRun(NioEndpoint.java:1589)
	at org.apache.tomcat.util.net.SocketProcessorBase.run(SocketProcessorBase.java:49)
	at java.util.concurrent.ThreadPoolExecutor.runWorker(ThreadPoolExecutor.java:1149)
	at java.util.concurrent.ThreadPoolExecutor$Worker.run(ThreadPoolExecutor.java:624)
	at org.apache.tomcat.util.threads.TaskThread$WrappingRunnable.run(TaskThread.java:61)
	at java.lang.Thread.run(Thread.java:748)
2022-07-25 16:44:47.476 [http-nio-29011-exec-2] ERROR com.alibaba.druid.filter.stat.StatFilter - merge sql error, dbType mysql, druid-1.1.24, sql : insert into enn_project_sign
            (project_id,
             introduce,
             user_id,
             created_by,
             created_date,
             org_code,
             enable_tag,
             remove_tag,
             last_updated_date,
             last_updated_by,
             approve_flag,
             pm_flag,
             ( CASE status WHEN '0' THEN '新建' WHEN '1' THEN '召集中' WHEN '2' THEN '进行中' WHEN '3' THEN '活动完成' WHEN '4' THEN '评价完成' END ) status,
             project_entry_id
             )
        values
            (?,
             ?,
             ?,
             ?,
             ?,
             ?,
             ?,
             ?,
             ?,
             ?,
             ?,
             ?,
             ?,
             ?
            )
com.alibaba.druid.sql.parser.ParserException: syntax error, error in :'   ( CASE status WHEN '0' THEN '新建'', expect RPAREN, actual CASE pos 355, line 14, column 17, token CASE
	at com.alibaba.druid.sql.parser.SQLParser.printError(SQLParser.java:344)
	at com.alibaba.druid.sql.parser.SQLParser.accept(SQLParser.java:352)
	at com.alibaba.druid.sql.dialect.mysql.parser.MySqlStatementParser.parseInsert(MySqlStatementParser.java:2785)
	at com.alibaba.druid.sql.dialect.mysql.parser.MySqlStatementParser.parseInsert(MySqlStatementParser.java:220)
	at com.alibaba.druid.sql.parser.SQLStatementParser.parseStatementList(SQLStatementParser.java:266)
	at com.alibaba.druid.sql.parser.SQLStatementParser.parseStatementList(SQLStatementParser.java:171)
	at com.alibaba.druid.sql.visitor.ParameterizedOutputVisitorUtils.parameterize(ParameterizedOutputVisitorUtils.java:98)
	at com.alibaba.druid.sql.visitor.ParameterizedOutputVisitorUtils.parameterize(ParameterizedOutputVisitorUtils.java:81)
	at com.alibaba.druid.sql.visitor.ParameterizedOutputVisitorUtils.parameterize(ParameterizedOutputVisitorUtils.java:54)
	at com.alibaba.druid.filter.stat.StatFilter.mergeSql(StatFilter.java:147)
	at com.alibaba.druid.filter.stat.StatFilter.createSqlStat(StatFilter.java:648)
	at com.alibaba.druid.filter.stat.StatFilter.statementPrepareAfter(StatFilter.java:311)
	at com.alibaba.druid.filter.FilterEventAdapter.connection_prepareStatement(FilterEventAdapter.java:124)
	at com.alibaba.druid.filter.FilterChainImpl.connection_prepareStatement(FilterChainImpl.java:568)
	at com.alibaba.druid.proxy.jdbc.ConnectionProxyImpl.prepareStatement(ConnectionProxyImpl.java:341)
	at com.alibaba.druid.pool.DruidPooledConnection.prepareStatement(DruidPooledConnection.java:350)
	at sun.reflect.NativeMethodAccessorImpl.invoke0(Native Method)
	at sun.reflect.NativeMethodAccessorImpl.invoke(NativeMethodAccessorImpl.java:62)
	at sun.reflect.DelegatingMethodAccessorImpl.invoke(DelegatingMethodAccessorImpl.java:43)
	at java.lang.reflect.Method.invoke(Method.java:498)
	at org.apache.ibatis.logging.jdbc.ConnectionLogger.invoke(ConnectionLogger.java:55)
	at com.sun.proxy.$Proxy182.prepareStatement(Unknown Source)
	at org.apache.ibatis.executor.statement.PreparedStatementHandler.instantiateStatement(PreparedStatementHandler.java:86)
	at org.apache.ibatis.executor.statement.BaseStatementHandler.prepare(BaseStatementHandler.java:88)
	at org.apache.ibatis.executor.statement.RoutingStatementHandler.prepare(RoutingStatementHandler.java:59)
	at sun.reflect.NativeMethodAccessorImpl.invoke0(Native Method)
	at sun.reflect.NativeMethodAccessorImpl.invoke(NativeMethodAccessorImpl.java:62)
	at sun.reflect.DelegatingMethodAccessorImpl.invoke(DelegatingMethodAccessorImpl.java:43)
	at java.lang.reflect.Method.invoke(Method.java:498)
	at org.apache.ibatis.plugin.Invocation.proceed(Invocation.java:49)
	at com.baomidou.mybatisplus.extension.plugins.PaginationInterceptor.intercept(PaginationInterceptor.java:161)
	at org.apache.ibatis.plugin.Plugin.invoke(Plugin.java:61)
	at com.sun.proxy.$Proxy181.prepare(Unknown Source)
	at sun.reflect.NativeMethodAccessorImpl.invoke0(Native Method)
	at sun.reflect.NativeMethodAccessorImpl.invoke(NativeMethodAccessorImpl.java:62)
	at sun.reflect.DelegatingMethodAccessorImpl.invoke(DelegatingMethodAccessorImpl.java:43)
	at java.lang.reflect.Method.invoke(Method.java:498)
	at org.apache.ibatis.plugin.Invocation.proceed(Invocation.java:49)
	at com.bairh.enn.provider.util.PageHelper.intercept(PageHelper.java:89)
	at org.apache.ibatis.plugin.Plugin.invoke(Plugin.java:61)
	at com.sun.proxy.$Proxy181.prepare(Unknown Source)
	at com.baomidou.mybatisplus.core.executor.MybatisSimpleExecutor.prepareStatement(MybatisSimpleExecutor.java:94)
	at com.baomidou.mybatisplus.core.executor.MybatisSimpleExecutor.doUpdate(MybatisSimpleExecutor.java:53)
	at org.apache.ibatis.executor.BaseExecutor.update(BaseExecutor.java:117)
	at org.apache.ibatis.executor.CachingExecutor.update(CachingExecutor.java:76)
	at org.apache.ibatis.session.defaults.DefaultSqlSession.update(DefaultSqlSession.java:197)
	at org.apache.ibatis.session.defaults.DefaultSqlSession.insert(DefaultSqlSession.java:184)
	at sun.reflect.NativeMethodAccessorImpl.invoke0(Native Method)
	at sun.reflect.NativeMethodAccessorImpl.invoke(NativeMethodAccessorImpl.java:62)
	at sun.reflect.DelegatingMethodAccessorImpl.invoke(DelegatingMethodAccessorImpl.java:43)
	at java.lang.reflect.Method.invoke(Method.java:498)
	at org.mybatis.spring.SqlSessionTemplate$SqlSessionInterceptor.invoke(SqlSessionTemplate.java:426)
	at com.sun.proxy.$Proxy112.insert(Unknown Source)
	at org.mybatis.spring.SqlSessionTemplate.insert(SqlSessionTemplate.java:271)
	at com.baomidou.mybatisplus.core.override.MybatisMapperMethod.execute(MybatisMapperMethod.java:58)
	at com.baomidou.mybatisplus.core.override.MybatisMapperProxy.invoke(MybatisMapperProxy.java:61)
	at com.sun.proxy.$Proxy134.addRegForm(Unknown Source)
	at com.bairh.enn.provider.service.imp.enlargearmyappimpl.ProjectActivitiesServiceImpl.applyProject(ProjectActivitiesServiceImpl.java:115)
	at com.bairh.enn.provider.controller.enlargearmyappcontroller.ProjectActivitiesController.applyProject(ProjectActivitiesController.java:96)
	at sun.reflect.NativeMethodAccessorImpl.invoke0(Native Method)
	at sun.reflect.NativeMethodAccessorImpl.invoke(NativeMethodAccessorImpl.java:62)
	at sun.reflect.DelegatingMethodAccessorImpl.invoke(DelegatingMethodAccessorImpl.java:43)
	at java.lang.reflect.Method.invoke(Method.java:498)
	at org.springframework.web.method.support.InvocableHandlerMethod.doInvoke(InvocableHandlerMethod.java:190)
	at org.springframework.web.method.support.InvocableHandlerMethod.invokeForRequest(InvocableHandlerMethod.java:138)
	at org.springframework.web.servlet.mvc.method.annotation.ServletInvocableHandlerMethod.invokeAndHandle(ServletInvocableHandlerMethod.java:105)
	at org.springframework.web.servlet.mvc.method.annotation.RequestMappingHandlerAdapter.invokeHandlerMethod(RequestMappingHandlerAdapter.java:878)
	at org.springframework.web.servlet.mvc.method.annotation.RequestMappingHandlerAdapter.handleInternal(RequestMappingHandlerAdapter.java:792)
	at org.springframework.web.servlet.mvc.method.AbstractHandlerMethodAdapter.handle(AbstractHandlerMethodAdapter.java:87)
	at org.springframework.web.servlet.DispatcherServlet.doDispatch(DispatcherServlet.java:1040)
	at org.springframework.web.servlet.DispatcherServlet.doService(DispatcherServlet.java:943)
	at org.springframework.web.servlet.FrameworkServlet.processRequest(FrameworkServlet.java:1006)
	at org.springframework.web.servlet.FrameworkServlet.doPost(FrameworkServlet.java:909)
	at javax.servlet.http.HttpServlet.service(HttpServlet.java:665)
	at org.springframework.web.servlet.FrameworkServlet.service(FrameworkServlet.java:883)
	at javax.servlet.http.HttpServlet.service(HttpServlet.java:750)
	at org.apache.catalina.core.ApplicationFilterChain.internalDoFilter(ApplicationFilterChain.java:231)
	at org.apache.catalina.core.ApplicationFilterChain.doFilter(ApplicationFilterChain.java:166)
	at org.apache.tomcat.websocket.server.WsFilter.doFilter(WsFilter.java:53)
	at org.apache.catalina.core.ApplicationFilterChain.internalDoFilter(ApplicationFilterChain.java:193)
	at org.apache.catalina.core.ApplicationFilterChain.doFilter(ApplicationFilterChain.java:166)
	at com.alibaba.druid.support.http.WebStatFilter.doFilter(WebStatFilter.java:124)
	at org.apache.catalina.core.ApplicationFilterChain.internalDoFilter(ApplicationFilterChain.java:193)
	at org.apache.catalina.core.ApplicationFilterChain.doFilter(ApplicationFilterChain.java:166)
	at org.springframework.web.filter.RequestContextFilter.doFilterInternal(RequestContextFilter.java:100)
	at org.springframework.web.filter.OncePerRequestFilter.doFilter(OncePerRequestFilter.java:119)
	at org.apache.catalina.core.ApplicationFilterChain.internalDoFilter(ApplicationFilterChain.java:193)
	at org.apache.catalina.core.ApplicationFilterChain.doFilter(ApplicationFilterChain.java:166)
	at org.springframework.web.filter.FormContentFilter.doFilterInternal(FormContentFilter.java:93)
	at org.springframework.web.filter.OncePerRequestFilter.doFilter(OncePerRequestFilter.java:119)
	at org.apache.catalina.core.ApplicationFilterChain.internalDoFilter(ApplicationFilterChain.java:193)
	at org.apache.catalina.core.ApplicationFilterChain.doFilter(ApplicationFilterChain.java:166)
	at org.springframework.session.web.http.SessionRepositoryFilter.doFilterInternal(SessionRepositoryFilter.java:141)
	at org.springframework.session.web.http.OncePerRequestFilter.doFilter(OncePerRequestFilter.java:82)
	at org.apache.catalina.core.ApplicationFilterChain.internalDoFilter(ApplicationFilterChain.java:193)
	at org.apache.catalina.core.ApplicationFilterChain.doFilter(ApplicationFilterChain.java:166)
	at org.springframework.web.filter.CharacterEncodingFilter.doFilterInternal(CharacterEncodingFilter.java:201)
	at org.springframework.web.filter.OncePerRequestFilter.doFilter(OncePerRequestFilter.java:119)
	at org.apache.catalina.core.ApplicationFilterChain.internalDoFilter(ApplicationFilterChain.java:193)
	at org.apache.catalina.core.ApplicationFilterChain.doFilter(ApplicationFilterChain.java:166)
	at org.apache.catalina.core.StandardWrapperValve.invoke(StandardWrapperValve.java:202)
	at org.apache.catalina.core.StandardContextValve.invoke(StandardContextValve.java:96)
	at org.apache.catalina.authenticator.AuthenticatorBase.invoke(AuthenticatorBase.java:541)
	at org.apache.catalina.core.StandardHostValve.invoke(StandardHostValve.java:139)
	at org.apache.catalina.valves.ErrorReportValve.invoke(ErrorReportValve.java:92)
	at org.apache.catalina.core.StandardEngineValve.invoke(StandardEngineValve.java:74)
	at org.apache.catalina.connector.CoyoteAdapter.service(CoyoteAdapter.java:343)
	at org.apache.coyote.http11.Http11Processor.service(Http11Processor.java:373)
	at org.apache.coyote.AbstractProcessorLight.process(AbstractProcessorLight.java:65)
	at org.apache.coyote.AbstractProtocol$ConnectionHandler.process(AbstractProtocol.java:868)
	at org.apache.tomcat.util.net.NioEndpoint$SocketProcessor.doRun(NioEndpoint.java:1589)
	at org.apache.tomcat.util.net.SocketProcessorBase.run(SocketProcessorBase.java:49)
	at java.util.concurrent.ThreadPoolExecutor.runWorker(ThreadPoolExecutor.java:1149)
	at java.util.concurrent.ThreadPoolExecutor$Worker.run(ThreadPoolExecutor.java:624)
	at org.apache.tomcat.util.threads.TaskThread$WrappingRunnable.run(TaskThread.java:61)
	at java.lang.Thread.run(Thread.java:748)
2022-07-25 16:45:43.989 [http-nio-29011-exec-2] ERROR com.alibaba.druid.filter.stat.StatFilter - merge sql error, dbType mysql, druid-1.1.24, sql : insert into enn_project_sign
            (project_id,
             introduce,
             user_id,
             created_by,
             created_date,
             org_code,
             enable_tag,
             remove_tag,
             last_updated_date,
             last_updated_by,
             approve_flag,
             pm_flag,
             ( CASE enn_project_sign.status WHEN '0' THEN '新建' WHEN '1' THEN '召集中' WHEN '2' THEN '进行中' WHEN '3' THEN '活动完成' WHEN '4' THEN '评价完成' END ) status,
             project_entry_id
             )
        values
            (?,
             ?,
             ?,
             ?,
             ?,
             ?,
             ?,
             ?,
             ?,
             ?,
             ?,
             ?,
             ?,
             ?
            )
com.alibaba.druid.sql.parser.ParserException: syntax error, error in :'   ( CASE enn_project_sign.status W', expect RPAREN, actual CASE pos 355, line 14, column 17, token CASE
	at com.alibaba.druid.sql.parser.SQLParser.printError(SQLParser.java:344)
	at com.alibaba.druid.sql.parser.SQLParser.accept(SQLParser.java:352)
	at com.alibaba.druid.sql.dialect.mysql.parser.MySqlStatementParser.parseInsert(MySqlStatementParser.java:2785)
	at com.alibaba.druid.sql.dialect.mysql.parser.MySqlStatementParser.parseInsert(MySqlStatementParser.java:220)
	at com.alibaba.druid.sql.parser.SQLStatementParser.parseStatementList(SQLStatementParser.java:266)
	at com.alibaba.druid.sql.parser.SQLStatementParser.parseStatementList(SQLStatementParser.java:171)
	at com.alibaba.druid.sql.visitor.ParameterizedOutputVisitorUtils.parameterize(ParameterizedOutputVisitorUtils.java:98)
	at com.alibaba.druid.sql.visitor.ParameterizedOutputVisitorUtils.parameterize(ParameterizedOutputVisitorUtils.java:81)
	at com.alibaba.druid.sql.visitor.ParameterizedOutputVisitorUtils.parameterize(ParameterizedOutputVisitorUtils.java:54)
	at com.alibaba.druid.filter.stat.StatFilter.mergeSql(StatFilter.java:147)
	at com.alibaba.druid.filter.stat.StatFilter.createSqlStat(StatFilter.java:648)
	at com.alibaba.druid.filter.stat.StatFilter.statementPrepareAfter(StatFilter.java:311)
	at com.alibaba.druid.filter.FilterEventAdapter.connection_prepareStatement(FilterEventAdapter.java:124)
	at com.alibaba.druid.filter.FilterChainImpl.connection_prepareStatement(FilterChainImpl.java:568)
	at com.alibaba.druid.proxy.jdbc.ConnectionProxyImpl.prepareStatement(ConnectionProxyImpl.java:341)
	at com.alibaba.druid.pool.DruidPooledConnection.prepareStatement(DruidPooledConnection.java:350)
	at sun.reflect.NativeMethodAccessorImpl.invoke0(Native Method)
	at sun.reflect.NativeMethodAccessorImpl.invoke(NativeMethodAccessorImpl.java:62)
	at sun.reflect.DelegatingMethodAccessorImpl.invoke(DelegatingMethodAccessorImpl.java:43)
	at java.lang.reflect.Method.invoke(Method.java:498)
	at org.apache.ibatis.logging.jdbc.ConnectionLogger.invoke(ConnectionLogger.java:55)
	at com.sun.proxy.$Proxy182.prepareStatement(Unknown Source)
	at org.apache.ibatis.executor.statement.PreparedStatementHandler.instantiateStatement(PreparedStatementHandler.java:86)
	at org.apache.ibatis.executor.statement.BaseStatementHandler.prepare(BaseStatementHandler.java:88)
	at org.apache.ibatis.executor.statement.RoutingStatementHandler.prepare(RoutingStatementHandler.java:59)
	at sun.reflect.NativeMethodAccessorImpl.invoke0(Native Method)
	at sun.reflect.NativeMethodAccessorImpl.invoke(NativeMethodAccessorImpl.java:62)
	at sun.reflect.DelegatingMethodAccessorImpl.invoke(DelegatingMethodAccessorImpl.java:43)
	at java.lang.reflect.Method.invoke(Method.java:498)
	at org.apache.ibatis.plugin.Invocation.proceed(Invocation.java:49)
	at com.baomidou.mybatisplus.extension.plugins.PaginationInterceptor.intercept(PaginationInterceptor.java:161)
	at org.apache.ibatis.plugin.Plugin.invoke(Plugin.java:61)
	at com.sun.proxy.$Proxy181.prepare(Unknown Source)
	at sun.reflect.NativeMethodAccessorImpl.invoke0(Native Method)
	at sun.reflect.NativeMethodAccessorImpl.invoke(NativeMethodAccessorImpl.java:62)
	at sun.reflect.DelegatingMethodAccessorImpl.invoke(DelegatingMethodAccessorImpl.java:43)
	at java.lang.reflect.Method.invoke(Method.java:498)
	at org.apache.ibatis.plugin.Invocation.proceed(Invocation.java:49)
	at com.bairh.enn.provider.util.PageHelper.intercept(PageHelper.java:89)
	at org.apache.ibatis.plugin.Plugin.invoke(Plugin.java:61)
	at com.sun.proxy.$Proxy181.prepare(Unknown Source)
	at com.baomidou.mybatisplus.core.executor.MybatisSimpleExecutor.prepareStatement(MybatisSimpleExecutor.java:94)
	at com.baomidou.mybatisplus.core.executor.MybatisSimpleExecutor.doUpdate(MybatisSimpleExecutor.java:53)
	at org.apache.ibatis.executor.BaseExecutor.update(BaseExecutor.java:117)
	at org.apache.ibatis.executor.CachingExecutor.update(CachingExecutor.java:76)
	at org.apache.ibatis.session.defaults.DefaultSqlSession.update(DefaultSqlSession.java:197)
	at org.apache.ibatis.session.defaults.DefaultSqlSession.insert(DefaultSqlSession.java:184)
	at sun.reflect.NativeMethodAccessorImpl.invoke0(Native Method)
	at sun.reflect.NativeMethodAccessorImpl.invoke(NativeMethodAccessorImpl.java:62)
	at sun.reflect.DelegatingMethodAccessorImpl.invoke(DelegatingMethodAccessorImpl.java:43)
	at java.lang.reflect.Method.invoke(Method.java:498)
	at org.mybatis.spring.SqlSessionTemplate$SqlSessionInterceptor.invoke(SqlSessionTemplate.java:426)
	at com.sun.proxy.$Proxy112.insert(Unknown Source)
	at org.mybatis.spring.SqlSessionTemplate.insert(SqlSessionTemplate.java:271)
	at com.baomidou.mybatisplus.core.override.MybatisMapperMethod.execute(MybatisMapperMethod.java:58)
	at com.baomidou.mybatisplus.core.override.MybatisMapperProxy.invoke(MybatisMapperProxy.java:61)
	at com.sun.proxy.$Proxy134.addRegForm(Unknown Source)
	at com.bairh.enn.provider.service.imp.enlargearmyappimpl.ProjectActivitiesServiceImpl.applyProject(ProjectActivitiesServiceImpl.java:115)
	at com.bairh.enn.provider.controller.enlargearmyappcontroller.ProjectActivitiesController.applyProject(ProjectActivitiesController.java:96)
	at sun.reflect.NativeMethodAccessorImpl.invoke0(Native Method)
	at sun.reflect.NativeMethodAccessorImpl.invoke(NativeMethodAccessorImpl.java:62)
	at sun.reflect.DelegatingMethodAccessorImpl.invoke(DelegatingMethodAccessorImpl.java:43)
	at java.lang.reflect.Method.invoke(Method.java:498)
	at org.springframework.web.method.support.InvocableHandlerMethod.doInvoke(InvocableHandlerMethod.java:190)
	at org.springframework.web.method.support.InvocableHandlerMethod.invokeForRequest(InvocableHandlerMethod.java:138)
	at org.springframework.web.servlet.mvc.method.annotation.ServletInvocableHandlerMethod.invokeAndHandle(ServletInvocableHandlerMethod.java:105)
	at org.springframework.web.servlet.mvc.method.annotation.RequestMappingHandlerAdapter.invokeHandlerMethod(RequestMappingHandlerAdapter.java:878)
	at org.springframework.web.servlet.mvc.method.annotation.RequestMappingHandlerAdapter.handleInternal(RequestMappingHandlerAdapter.java:792)
	at org.springframework.web.servlet.mvc.method.AbstractHandlerMethodAdapter.handle(AbstractHandlerMethodAdapter.java:87)
	at org.springframework.web.servlet.DispatcherServlet.doDispatch(DispatcherServlet.java:1040)
	at org.springframework.web.servlet.DispatcherServlet.doService(DispatcherServlet.java:943)
	at org.springframework.web.servlet.FrameworkServlet.processRequest(FrameworkServlet.java:1006)
	at org.springframework.web.servlet.FrameworkServlet.doPost(FrameworkServlet.java:909)
	at javax.servlet.http.HttpServlet.service(HttpServlet.java:665)
	at org.springframework.web.servlet.FrameworkServlet.service(FrameworkServlet.java:883)
	at javax.servlet.http.HttpServlet.service(HttpServlet.java:750)
	at org.apache.catalina.core.ApplicationFilterChain.internalDoFilter(ApplicationFilterChain.java:231)
	at org.apache.catalina.core.ApplicationFilterChain.doFilter(ApplicationFilterChain.java:166)
	at org.apache.tomcat.websocket.server.WsFilter.doFilter(WsFilter.java:53)
	at org.apache.catalina.core.ApplicationFilterChain.internalDoFilter(ApplicationFilterChain.java:193)
	at org.apache.catalina.core.ApplicationFilterChain.doFilter(ApplicationFilterChain.java:166)
	at com.alibaba.druid.support.http.WebStatFilter.doFilter(WebStatFilter.java:124)
	at org.apache.catalina.core.ApplicationFilterChain.internalDoFilter(ApplicationFilterChain.java:193)
	at org.apache.catalina.core.ApplicationFilterChain.doFilter(ApplicationFilterChain.java:166)
	at org.springframework.web.filter.RequestContextFilter.doFilterInternal(RequestContextFilter.java:100)
	at org.springframework.web.filter.OncePerRequestFilter.doFilter(OncePerRequestFilter.java:119)
	at org.apache.catalina.core.ApplicationFilterChain.internalDoFilter(ApplicationFilterChain.java:193)
	at org.apache.catalina.core.ApplicationFilterChain.doFilter(ApplicationFilterChain.java:166)
	at org.springframework.web.filter.FormContentFilter.doFilterInternal(FormContentFilter.java:93)
	at org.springframework.web.filter.OncePerRequestFilter.doFilter(OncePerRequestFilter.java:119)
	at org.apache.catalina.core.ApplicationFilterChain.internalDoFilter(ApplicationFilterChain.java:193)
	at org.apache.catalina.core.ApplicationFilterChain.doFilter(ApplicationFilterChain.java:166)
	at org.springframework.session.web.http.SessionRepositoryFilter.doFilterInternal(SessionRepositoryFilter.java:141)
	at org.springframework.session.web.http.OncePerRequestFilter.doFilter(OncePerRequestFilter.java:82)
	at org.apache.catalina.core.ApplicationFilterChain.internalDoFilter(ApplicationFilterChain.java:193)
	at org.apache.catalina.core.ApplicationFilterChain.doFilter(ApplicationFilterChain.java:166)
	at org.springframework.web.filter.CharacterEncodingFilter.doFilterInternal(CharacterEncodingFilter.java:201)
	at org.springframework.web.filter.OncePerRequestFilter.doFilter(OncePerRequestFilter.java:119)
	at org.apache.catalina.core.ApplicationFilterChain.internalDoFilter(ApplicationFilterChain.java:193)
	at org.apache.catalina.core.ApplicationFilterChain.doFilter(ApplicationFilterChain.java:166)
	at org.apache.catalina.core.StandardWrapperValve.invoke(StandardWrapperValve.java:202)
	at org.apache.catalina.core.StandardContextValve.invoke(StandardContextValve.java:96)
	at org.apache.catalina.authenticator.AuthenticatorBase.invoke(AuthenticatorBase.java:541)
	at org.apache.catalina.core.StandardHostValve.invoke(StandardHostValve.java:139)
	at org.apache.catalina.valves.ErrorReportValve.invoke(ErrorReportValve.java:92)
	at org.apache.catalina.core.StandardEngineValve.invoke(StandardEngineValve.java:74)
	at org.apache.catalina.connector.CoyoteAdapter.service(CoyoteAdapter.java:343)
	at org.apache.coyote.http11.Http11Processor.service(Http11Processor.java:373)
	at org.apache.coyote.AbstractProcessorLight.process(AbstractProcessorLight.java:65)
	at org.apache.coyote.AbstractProtocol$ConnectionHandler.process(AbstractProtocol.java:868)
	at org.apache.tomcat.util.net.NioEndpoint$SocketProcessor.doRun(NioEndpoint.java:1589)
	at org.apache.tomcat.util.net.SocketProcessorBase.run(SocketProcessorBase.java:49)
	at java.util.concurrent.ThreadPoolExecutor.runWorker(ThreadPoolExecutor.java:1149)
	at java.util.concurrent.ThreadPoolExecutor$Worker.run(ThreadPoolExecutor.java:624)
	at org.apache.tomcat.util.threads.TaskThread$WrappingRunnable.run(TaskThread.java:61)
	at java.lang.Thread.run(Thread.java:748)
2022-07-25 18:07:39.938 [http-nio-29011-exec-9] ERROR com.alibaba.druid.pool.DruidAbstractDataSource - discard long time none received connection. , jdbcUrl : jdbc:mysql://192.168.1.11:13307/ocss?serverTimezone=UTC&useUnicode=true&characterEncoding=utf-8&useSSL=true&serverTimezone=GMT%2B8, jdbcUrl : jdbc:mysql://192.168.1.11:13307/ocss?serverTimezone=UTC&useUnicode=true&characterEncoding=utf-8&useSSL=true&serverTimezone=GMT%2B8, lastPacketReceivedIdleMillis : 98167
2022-07-25 18:07:40.062 [http-nio-29011-exec-9] ERROR com.alibaba.druid.pool.DruidAbstractDataSource - discard long time none received connection. , jdbcUrl : jdbc:mysql://192.168.1.11:13307/ocss?serverTimezone=UTC&useUnicode=true&characterEncoding=utf-8&useSSL=true&serverTimezone=GMT%2B8, jdbcUrl : jdbc:mysql://192.168.1.11:13307/ocss?serverTimezone=UTC&useUnicode=true&characterEncoding=utf-8&useSSL=true&serverTimezone=GMT%2B8, lastPacketReceivedIdleMillis : 99154
2022-07-25 18:07:40.180 [http-nio-29011-exec-9] ERROR com.alibaba.druid.pool.DruidAbstractDataSource - discard long time none received connection. , jdbcUrl : jdbc:mysql://192.168.1.11:13307/ocss?serverTimezone=UTC&useUnicode=true&characterEncoding=utf-8&useSSL=true&serverTimezone=GMT%2B8, jdbcUrl : jdbc:mysql://192.168.1.11:13307/ocss?serverTimezone=UTC&useUnicode=true&characterEncoding=utf-8&useSSL=true&serverTimezone=GMT%2B8, lastPacketReceivedIdleMillis : 100189
2022-07-25 18:07:40.260 [http-nio-29011-exec-9] ERROR com.alibaba.druid.pool.DruidAbstractDataSource - discard long time none received connection. , jdbcUrl : jdbc:mysql://192.168.1.11:13307/ocss?serverTimezone=UTC&useUnicode=true&characterEncoding=utf-8&useSSL=true&serverTimezone=GMT%2B8, jdbcUrl : jdbc:mysql://192.168.1.11:13307/ocss?serverTimezone=UTC&useUnicode=true&characterEncoding=utf-8&useSSL=true&serverTimezone=GMT%2B8, lastPacketReceivedIdleMillis : 101164
2022-07-25 18:07:40.334 [http-nio-29011-exec-9] ERROR com.alibaba.druid.pool.DruidAbstractDataSource - discard long time none received connection. , jdbcUrl : jdbc:mysql://192.168.1.11:13307/ocss?serverTimezone=UTC&useUnicode=true&characterEncoding=utf-8&useSSL=true&serverTimezone=GMT%2B8, jdbcUrl : jdbc:mysql://192.168.1.11:13307/ocss?serverTimezone=UTC&useUnicode=true&characterEncoding=utf-8&useSSL=true&serverTimezone=GMT%2B8, lastPacketReceivedIdleMillis : 102121
2022-07-25 18:09:05.847 [http-nio-29011-exec-1] ERROR com.alibaba.druid.pool.DruidAbstractDataSource - discard long time none received connection. , jdbcUrl : jdbc:mysql://192.168.1.11:13307/ocss?serverTimezone=UTC&useUnicode=true&characterEncoding=utf-8&useSSL=true&serverTimezone=GMT%2B8, jdbcUrl : jdbc:mysql://192.168.1.11:13307/ocss?serverTimezone=UTC&useUnicode=true&characterEncoding=utf-8&useSSL=true&serverTimezone=GMT%2B8, lastPacketReceivedIdleMillis : 84318
2022-07-25 18:11:18.031 [http-nio-29011-exec-6] ERROR com.alibaba.druid.pool.DruidAbstractDataSource - discard long time none received connection. , jdbcUrl : jdbc:mysql://192.168.1.11:13307/ocss?serverTimezone=UTC&useUnicode=true&characterEncoding=utf-8&useSSL=true&serverTimezone=GMT%2B8, jdbcUrl : jdbc:mysql://192.168.1.11:13307/ocss?serverTimezone=UTC&useUnicode=true&characterEncoding=utf-8&useSSL=true&serverTimezone=GMT%2B8, lastPacketReceivedIdleMillis : 130908
2022-07-25 18:13:10.782 [http-nio-29011-exec-8] ERROR com.alibaba.druid.pool.DruidAbstractDataSource - discard long time none received connection. , jdbcUrl : jdbc:mysql://192.168.1.11:13307/ocss?serverTimezone=UTC&useUnicode=true&characterEncoding=utf-8&useSSL=true&serverTimezone=GMT%2B8, jdbcUrl : jdbc:mysql://192.168.1.11:13307/ocss?serverTimezone=UTC&useUnicode=true&characterEncoding=utf-8&useSSL=true&serverTimezone=GMT%2B8, lastPacketReceivedIdleMillis : 85607
2022-07-25 18:14:57.960 [http-nio-29011-exec-10] ERROR com.alibaba.druid.pool.DruidAbstractDataSource - discard long time none received connection. , jdbcUrl : jdbc:mysql://192.168.1.11:13307/ocss?serverTimezone=UTC&useUnicode=true&characterEncoding=utf-8&useSSL=true&serverTimezone=GMT%2B8, jdbcUrl : jdbc:mysql://192.168.1.11:13307/ocss?serverTimezone=UTC&useUnicode=true&characterEncoding=utf-8&useSSL=true&serverTimezone=GMT%2B8, lastPacketReceivedIdleMillis : 105884
