2023-01-31 12:58:05.821 [main] INFO  c.a.n.client.config.impl.LocalConfigInfoProcessor - LOCAL_SNAPSHOT_PATH:C:\Users\huach\nacos\config
2023-01-31 12:58:05.926 [main] INFO  com.alibaba.nacos.client.config.impl.Limiter - limitTime:5.0
2023-01-31 12:58:06.202 [main] INFO  com.alibaba.nacos.client.config.utils.JVMUtil - isMultiInstance:false
2023-01-31 12:58:07.264 [main] INFO  o.s.c.b.c.PropertySourceBootstrapConfiguration - Located property source: [BootstrapPropertySource {name='bootstrapProperties-cs-service-provider-lhc.properties,DEFAULT_GROUP'}, BootstrapPropertySource {name='bootstrapProperties-cs-service-provider-lhc,DEFAULT_GROUP'}, BootstrapPropertySource {name='bootstrapProperties-rabbitmq.properties,DEFAULT_GROUP'}, BootstrapPropertySource {name='bootstrapProperties-app-cs.properties,DEFAULT_GROUP'}, BootstrapPropertySource {name='bootstrapProperties-redis.properties,DEFAULT_GROUP'}, BootstrapPropertySource {name='bootstrapProperties-mysql.properties,DEFAULT_GROUP'}]
2023-01-31 12:58:07.292 [main] INFO  com.bairh.cs.provider.CsProviderApplication - No active profile set, falling back to default profiles: default
2023-01-31 12:58:13.038 [main] INFO  o.s.d.r.config.RepositoryConfigurationDelegate - Multiple Spring Data modules found, entering strict repository configuration mode!
2023-01-31 12:58:13.095 [main] INFO  o.s.d.r.config.RepositoryConfigurationDelegate - Bootstrapping Spring Data repositories in DEFAULT mode.
2023-01-31 12:58:14.754 [main] INFO  o.s.d.r.config.RepositoryConfigurationDelegate - Finished Spring Data repository scanning in 428ms. Found 0 repository interfaces.
2023-01-31 12:58:18.818 [main] INFO  o.springframework.cloud.context.scope.GenericScope - BeanFactory id=d83406a6-851a-39ff-8d10-2afae51638a2
2023-01-31 12:58:20.184 [main] INFO  o.s.c.s.PostProcessorRegistrationDelegate$BeanPostProcessorChecker - Bean 'org.springframework.transaction.annotation.ProxyTransactionManagementConfiguration' of type [org.springframework.transaction.annotation.ProxyTransactionManagementConfiguration] is not eligible for getting processed by all BeanPostProcessors (for example: not eligible for auto-proxying)
2023-01-31 12:58:21.767 [main] INFO  o.s.boot.web.embedded.tomcat.TomcatWebServer - Tomcat initialized with port(s): 24001 (http)
2023-01-31 12:58:21.796 [main] INFO  org.apache.coyote.http11.Http11NioProtocol - Initializing ProtocolHandler ["http-nio-24001"]
2023-01-31 12:58:21.798 [main] INFO  org.apache.catalina.core.StandardService - Starting service [Tomcat]
2023-01-31 12:58:21.798 [main] INFO  org.apache.catalina.core.StandardEngine - Starting Servlet engine: [Apache Tomcat/9.0.27]
2023-01-31 12:58:22.368 [main] INFO  o.a.c.c.C.[Tomcat].[localhost].[/cs-web] - Initializing Spring embedded WebApplicationContext
2023-01-31 12:58:22.368 [main] INFO  org.springframework.web.context.ContextLoader - Root WebApplicationContext: initialization completed in 14986 ms
2023-01-31 12:58:24.247 [main] INFO  o.s.boot.web.servlet.RegistrationBean - Servlet statViewServlet was not registered (possibly already registered?)
2023-01-31 12:58:29.660 [main] INFO  com.alibaba.druid.pool.DruidDataSource - {dataSource-1} inited
2023-01-31 12:58:37.613 [main] INFO  io.lettuce.core.EpollProvider - Starting without optional epoll library
2023-01-31 12:58:37.617 [main] INFO  io.lettuce.core.KqueueProvider - Starting without optional kqueue library
2023-01-31 12:58:39.413 [main] INFO  com.netflix.config.sources.URLConfigurationSource - To enable URLs as dynamic configuration sources, define System property archaius.configurationSource.additionalUrls or make config.properties available on classpath.
2023-01-31 12:58:39.421 [main] INFO  com.netflix.config.sources.URLConfigurationSource - To enable URLs as dynamic configuration sources, define System property archaius.configurationSource.additionalUrls or make config.properties available on classpath.
2023-01-31 12:58:39.595 [main] INFO  o.s.scheduling.concurrent.ThreadPoolTaskExecutor - Initializing ExecutorService 'applicationTaskExecutor'
2023-01-31 12:58:40.850 [main] INFO  o.s.scheduling.concurrent.ThreadPoolTaskScheduler - Initializing ExecutorService 'Nacso-Watch-Task-Scheduler'
2023-01-31 12:58:40.858 [main] INFO  com.alibaba.nacos.client.naming - initializer namespace from System Property :null
2023-01-31 12:58:40.859 [main] INFO  com.alibaba.nacos.client.naming - initializer namespace from System Environment :null
2023-01-31 12:58:40.860 [main] INFO  com.alibaba.nacos.client.naming - initializer namespace from System Property :null
2023-01-31 12:58:42.502 [main] INFO  s.d.s.web.plugins.DocumentationPluginsBootstrapper - Context refreshed
2023-01-31 12:58:42.523 [main] INFO  s.d.s.web.plugins.DocumentationPluginsBootstrapper - Found 1 custom documentation plugin(s)
2023-01-31 12:58:42.544 [main] INFO  s.d.spring.web.scanners.ApiListingReferenceScanner - Scanning for api listing references
2023-01-31 12:58:42.920 [main] INFO  s.d.s.w.r.operation.CachingOperationNameGenerator - Generating unique operation named: detailUsingGET_1
2023-01-31 12:58:42.978 [main] INFO  s.d.s.w.r.operation.CachingOperationNameGenerator - Generating unique operation named: updateUsingPOST_1
2023-01-31 12:58:42.982 [main] INFO  s.d.s.w.r.operation.CachingOperationNameGenerator - Generating unique operation named: updateProjectUsingPOST_1
2023-01-31 12:58:43.074 [main] INFO  s.d.s.w.r.operation.CachingOperationNameGenerator - Generating unique operation named: detailUsingGET_2
2023-01-31 12:58:43.087 [main] INFO  s.d.s.w.r.operation.CachingOperationNameGenerator - Generating unique operation named: getListUsingPOST_1
2023-01-31 12:58:43.092 [main] INFO  s.d.s.w.r.operation.CachingOperationNameGenerator - Generating unique operation named: insertUsingPOST_1
2023-01-31 12:58:43.128 [main] INFO  s.d.s.w.r.operation.CachingOperationNameGenerator - Generating unique operation named: auditAccOrderUsingPOST_1
2023-01-31 12:58:43.131 [main] INFO  s.d.s.w.r.operation.CachingOperationNameGenerator - Generating unique operation named: auditAccOrderDetailUsingPOST_1
2023-01-31 12:58:43.137 [main] INFO  s.d.s.w.r.operation.CachingOperationNameGenerator - Generating unique operation named: createUsingPOST_1
2023-01-31 12:58:43.140 [main] INFO  s.d.s.w.r.operation.CachingOperationNameGenerator - Generating unique operation named: detailUsingGET_3
2023-01-31 12:58:43.157 [main] INFO  s.d.s.w.r.operation.CachingOperationNameGenerator - Generating unique operation named: selectForListPageUsingPOST_1
2023-01-31 12:58:43.305 [main] INFO  s.d.s.w.r.operation.CachingOperationNameGenerator - Generating unique operation named: detailUsingGET_4
2023-01-31 12:58:43.568 [main] INFO  s.d.s.w.r.operation.CachingOperationNameGenerator - Generating unique operation named: getListUsingPOST_2
2023-01-31 12:58:43.598 [main] INFO  s.d.s.w.r.operation.CachingOperationNameGenerator - Generating unique operation named: updateByIdsSelectiveByDeleteUsingPOST_1
2023-01-31 12:58:43.723 [main] INFO  s.d.s.w.r.operation.CachingOperationNameGenerator - Generating unique operation named: deleteUsingPOST_1
2023-01-31 12:58:43.728 [main] INFO  s.d.s.w.r.operation.CachingOperationNameGenerator - Generating unique operation named: detailUsingGET_5
2023-01-31 12:58:43.749 [main] INFO  s.d.s.w.r.operation.CachingOperationNameGenerator - Generating unique operation named: getListUsingPOST_3
2023-01-31 12:58:43.765 [main] INFO  s.d.s.w.r.operation.CachingOperationNameGenerator - Generating unique operation named: getListUsingPOST_4
2023-01-31 12:58:43.777 [main] INFO  s.d.s.w.r.operation.CachingOperationNameGenerator - Generating unique operation named: insertUsingPOST_2
2023-01-31 12:58:43.781 [main] INFO  s.d.s.w.r.operation.CachingOperationNameGenerator - Generating unique operation named: insertUsingPOST_3
2023-01-31 12:58:43.788 [main] INFO  s.d.s.w.r.operation.CachingOperationNameGenerator - Generating unique operation named: updateUsingPOST_2
2023-01-31 12:58:43.805 [main] INFO  s.d.s.w.r.operation.CachingOperationNameGenerator - Generating unique operation named: selectForListPageUsingPOST_2
2023-01-31 12:58:43.833 [main] INFO  s.d.s.w.r.operation.CachingOperationNameGenerator - Generating unique operation named: deleteUsingPOST_2
2023-01-31 12:58:43.846 [main] INFO  s.d.s.w.r.operation.CachingOperationNameGenerator - Generating unique operation named: detailUsingGET_6
2023-01-31 12:58:43.850 [main] INFO  s.d.s.w.r.operation.CachingOperationNameGenerator - Generating unique operation named: insertUsingPOST_4
2023-01-31 12:58:43.857 [main] INFO  s.d.s.w.r.operation.CachingOperationNameGenerator - Generating unique operation named: updateUsingPOST_3
2023-01-31 12:58:44.138 [main] INFO  s.d.s.w.r.operation.CachingOperationNameGenerator - Generating unique operation named: createUsingPOST_2
2023-01-31 12:58:44.147 [main] INFO  s.d.s.w.r.operation.CachingOperationNameGenerator - Generating unique operation named: deleteUsingPOST_3
2023-01-31 12:58:44.247 [main] INFO  s.d.s.w.r.operation.CachingOperationNameGenerator - Generating unique operation named: updateUsingPOST_4
2023-01-31 12:58:44.258 [main] INFO  s.d.s.w.r.operation.CachingOperationNameGenerator - Generating unique operation named: updateUsingPOST_5
2023-01-31 12:58:44.263 [main] INFO  s.d.s.w.r.operation.CachingOperationNameGenerator - Generating unique operation named: getDetailsUsingGET_1
2023-01-31 12:58:44.292 [main] INFO  s.d.s.w.r.operation.CachingOperationNameGenerator - Generating unique operation named: deleteUsingPOST_4
2023-01-31 12:58:44.306 [main] INFO  s.d.s.w.r.operation.CachingOperationNameGenerator - Generating unique operation named: insertOrUpdateUsingPOST_1
2023-01-31 12:58:44.311 [main] INFO  s.d.s.w.r.operation.CachingOperationNameGenerator - Generating unique operation named: listUsingPOST_1
2023-01-31 12:58:44.315 [main] INFO  s.d.s.w.r.operation.CachingOperationNameGenerator - Generating unique operation named: saveUsingPOST_1
2023-01-31 12:58:44.326 [main] INFO  s.d.s.w.r.operation.CachingOperationNameGenerator - Generating unique operation named: deleteUsingPOST_5
2023-01-31 12:58:44.328 [main] INFO  s.d.s.w.r.operation.CachingOperationNameGenerator - Generating unique operation named: detailUsingGET_7
2023-01-31 12:58:44.338 [main] INFO  s.d.s.w.r.operation.CachingOperationNameGenerator - Generating unique operation named: getListUsingPOST_5
2023-01-31 12:58:44.340 [main] INFO  s.d.s.w.r.operation.CachingOperationNameGenerator - Generating unique operation named: insertUsingPOST_5
2023-01-31 12:58:44.357 [main] INFO  s.d.s.w.r.operation.CachingOperationNameGenerator - Generating unique operation named: updateUsingPOST_6
2023-01-31 12:58:44.374 [main] INFO  s.d.s.w.r.operation.CachingOperationNameGenerator - Generating unique operation named: deleteUsingPOST_6
2023-01-31 12:58:44.383 [main] INFO  s.d.s.w.r.operation.CachingOperationNameGenerator - Generating unique operation named: detailUsingGET_8
2023-01-31 12:58:44.397 [main] INFO  s.d.s.w.r.operation.CachingOperationNameGenerator - Generating unique operation named: getListUsingPOST_6
2023-01-31 12:58:44.399 [main] INFO  s.d.s.w.r.operation.CachingOperationNameGenerator - Generating unique operation named: insertUsingPOST_6
2023-01-31 12:58:44.402 [main] INFO  s.d.s.w.r.operation.CachingOperationNameGenerator - Generating unique operation named: updateUsingPOST_7
2023-01-31 12:58:44.420 [main] INFO  s.d.s.w.r.operation.CachingOperationNameGenerator - Generating unique operation named: deleteUsingPOST_7
2023-01-31 12:58:44.422 [main] INFO  s.d.s.w.r.operation.CachingOperationNameGenerator - Generating unique operation named: detailUsingGET_9
2023-01-31 12:58:44.438 [main] INFO  s.d.s.w.r.operation.CachingOperationNameGenerator - Generating unique operation named: getListUsingPOST_7
2023-01-31 12:58:44.441 [main] INFO  s.d.s.w.r.operation.CachingOperationNameGenerator - Generating unique operation named: insertUsingPOST_7
2023-01-31 12:58:44.443 [main] INFO  s.d.s.w.r.operation.CachingOperationNameGenerator - Generating unique operation named: updateUsingPOST_8
2023-01-31 12:58:44.457 [main] INFO  s.d.s.w.r.operation.CachingOperationNameGenerator - Generating unique operation named: deleteUsingPOST_8
2023-01-31 12:58:44.469 [main] INFO  s.d.s.w.r.operation.CachingOperationNameGenerator - Generating unique operation named: deleteUsingPOST_9
2023-01-31 12:58:44.475 [main] INFO  s.d.s.w.r.operation.CachingOperationNameGenerator - Generating unique operation named: detailUsingGET_10
2023-01-31 12:58:44.487 [main] INFO  s.d.s.w.r.operation.CachingOperationNameGenerator - Generating unique operation named: getListUsingPOST_8
2023-01-31 12:58:44.496 [main] INFO  s.d.s.w.r.operation.CachingOperationNameGenerator - Generating unique operation named: getListUsingPOST_9
2023-01-31 12:58:44.500 [main] INFO  s.d.s.w.r.operation.CachingOperationNameGenerator - Generating unique operation named: insertUsingPOST_8
2023-01-31 12:58:44.514 [main] INFO  s.d.s.w.r.operation.CachingOperationNameGenerator - Generating unique operation named: insertUsingPOST_9
2023-01-31 12:58:44.518 [main] INFO  s.d.s.w.r.operation.CachingOperationNameGenerator - Generating unique operation named: listAppUsingPOST_1
2023-01-31 12:58:44.538 [main] INFO  s.d.s.w.r.operation.CachingOperationNameGenerator - Generating unique operation named: updateUsingPOST_9
2023-01-31 12:58:44.542 [main] INFO  s.d.s.w.r.operation.CachingOperationNameGenerator - Generating unique operation named: updateUsingPOST_10
2023-01-31 12:58:44.546 [main] INFO  s.d.s.w.r.operation.CachingOperationNameGenerator - Generating unique operation named: detailUsingGET_11
2023-01-31 12:58:44.585 [main] INFO  s.d.s.w.r.operation.CachingOperationNameGenerator - Generating unique operation named: getDetailsUsingGET_2
2023-01-31 12:58:44.625 [main] INFO  s.d.s.w.r.operation.CachingOperationNameGenerator - Generating unique operation named: readUsingPOST_1
2023-01-31 12:58:44.657 [main] INFO  s.d.s.w.r.operation.CachingOperationNameGenerator - Generating unique operation named: detailUsingGET_12
2023-01-31 12:58:44.676 [main] INFO  s.d.s.w.r.operation.CachingOperationNameGenerator - Generating unique operation named: getListUsingPOST_10
2023-01-31 12:58:44.682 [main] INFO  s.d.s.w.r.operation.CachingOperationNameGenerator - Generating unique operation named: insertUsingPOST_10
2023-01-31 12:58:44.686 [main] INFO  s.d.s.w.r.operation.CachingOperationNameGenerator - Generating unique operation named: updateUsingPOST_11
2023-01-31 12:58:44.713 [main] INFO  s.d.s.w.r.operation.CachingOperationNameGenerator - Generating unique operation named: getListUsingPOST_11
2023-01-31 12:58:44.872 [main] INFO  s.d.s.w.r.operation.CachingOperationNameGenerator - Generating unique operation named: detailUsingGET_13
2023-01-31 12:58:44.970 [main] INFO  s.d.s.w.r.operation.CachingOperationNameGenerator - Generating unique operation named: listUsingPOST_2
2023-01-31 12:58:45.039 [main] INFO  s.d.s.w.r.operation.CachingOperationNameGenerator - Generating unique operation named: pcProjectListUsingGET_1
2023-01-31 12:58:45.872 [main] INFO  s.d.s.w.r.operation.CachingOperationNameGenerator - Generating unique operation named: getDetailHaveOtherInfoUsingGET_1
2023-01-31 12:58:46.570 [main] INFO  s.d.s.w.r.operation.CachingOperationNameGenerator - Generating unique operation named: cancelOrderByWechatUsingPOST_1
2023-01-31 12:58:46.687 [main] INFO  s.d.s.w.r.operation.CachingOperationNameGenerator - Generating unique operation named: getOrderDetailListUsingPOST_1
2023-01-31 12:58:46.747 [main] INFO  s.d.s.w.r.operation.CachingOperationNameGenerator - Generating unique operation named: selectByIdUsingGET_1
2023-01-31 12:58:46.789 [main] INFO  s.d.s.w.r.operation.CachingOperationNameGenerator - Generating unique operation named: updateByPrimaryKeySelectiveUsingPOST_1
2023-01-31 12:58:46.850 [main] INFO  s.d.s.w.r.operation.CachingOperationNameGenerator - Generating unique operation named: getRecordListByOrderUsingPOST_1
2023-01-31 12:58:46.864 [main] INFO  s.d.s.w.r.operation.CachingOperationNameGenerator - Generating unique operation named: addOrderEvaluateUsingPOST_1
2023-01-31 12:58:46.884 [main] INFO  s.d.s.w.r.operation.CachingOperationNameGenerator - Generating unique operation named: importExcelUsingPOST_1
2023-01-31 12:58:46.908 [main] INFO  s.d.s.w.r.operation.CachingOperationNameGenerator - Generating unique operation named: getListByConditionUsingPOST_1
2023-01-31 12:58:46.911 [main] INFO  s.d.s.w.r.operation.CachingOperationNameGenerator - Generating unique operation named: deleteUsingPOST_10
2023-01-31 12:58:46.914 [main] INFO  s.d.s.w.r.operation.CachingOperationNameGenerator - Generating unique operation named: detailUsingGET_14
2023-01-31 12:58:46.929 [main] INFO  s.d.s.w.r.operation.CachingOperationNameGenerator - Generating unique operation named: getListUsingPOST_12
2023-01-31 12:58:46.932 [main] INFO  s.d.s.w.r.operation.CachingOperationNameGenerator - Generating unique operation named: insertUsingPOST_11
2023-01-31 12:58:46.936 [main] INFO  s.d.s.w.r.operation.CachingOperationNameGenerator - Generating unique operation named: listTreeUsingGET_1
2023-01-31 12:58:46.938 [main] INFO  s.d.s.w.r.operation.CachingOperationNameGenerator - Generating unique operation named: updateUsingPOST_12
2023-01-31 12:58:46.963 [main] INFO  s.d.s.w.r.operation.CachingOperationNameGenerator - Generating unique operation named: listUsingPOST_3
2023-01-31 12:58:46.981 [main] INFO  s.d.s.w.r.operation.CachingOperationNameGenerator - Generating unique operation named: deleteUsingPOST_11
2023-01-31 12:58:46.985 [main] INFO  s.d.s.w.r.operation.CachingOperationNameGenerator - Generating unique operation named: detailUsingGET_15
2023-01-31 12:58:47.012 [main] INFO  s.d.s.w.r.operation.CachingOperationNameGenerator - Generating unique operation named: getListByConditionUsingPOST_2
2023-01-31 12:58:47.016 [main] INFO  s.d.s.w.r.operation.CachingOperationNameGenerator - Generating unique operation named: insertUsingPOST_12
2023-01-31 12:58:47.019 [main] INFO  s.d.s.w.r.operation.CachingOperationNameGenerator - Generating unique operation named: updateUsingPOST_13
2023-01-31 12:58:47.033 [main] INFO  s.d.s.w.r.operation.CachingOperationNameGenerator - Generating unique operation named: addUsingPOST_1
2023-01-31 12:58:47.037 [main] INFO  s.d.s.w.r.operation.CachingOperationNameGenerator - Generating unique operation named: pageUsingPOST_1
2023-01-31 12:58:47.039 [main] INFO  s.d.s.w.r.operation.CachingOperationNameGenerator - Generating unique operation named: removeUsingPOST_1
2023-01-31 12:58:47.042 [main] INFO  s.d.s.w.r.operation.CachingOperationNameGenerator - Generating unique operation named: updateUsingPOST_14
2023-01-31 12:58:47.054 [main] INFO  s.d.s.w.r.operation.CachingOperationNameGenerator - Generating unique operation named: auditUsingPOST_1
2023-01-31 12:58:47.057 [main] INFO  s.d.s.w.r.operation.CachingOperationNameGenerator - Generating unique operation named: downloadPartsBomExcelUsingGET_1
2023-01-31 12:58:47.070 [main] INFO  s.d.s.w.r.operation.CachingOperationNameGenerator - Generating unique operation named: getBomListUsingGET_1
2023-01-31 12:58:47.098 [main] INFO  s.d.s.w.r.operation.CachingOperationNameGenerator - Generating unique operation named: insertOrUpdateUsingPOST_2
2023-01-31 12:58:47.117 [main] INFO  s.d.s.w.r.operation.CachingOperationNameGenerator - Generating unique operation named: detailUsingGET_16
2023-01-31 12:58:47.141 [main] INFO  s.d.s.w.r.operation.CachingOperationNameGenerator - Generating unique operation named: selectForListPageUsingPOST_3
2023-01-31 12:58:47.152 [main] INFO  s.d.s.w.r.operation.CachingOperationNameGenerator - Generating unique operation named: createUsingPOST_3
2023-01-31 12:58:47.154 [main] INFO  s.d.s.w.r.operation.CachingOperationNameGenerator - Generating unique operation named: deleteUsingPOST_12
2023-01-31 12:58:47.164 [main] INFO  s.d.s.w.r.operation.CachingOperationNameGenerator - Generating unique operation named: getListUsingPOST_13
2023-01-31 12:58:47.166 [main] INFO  s.d.s.w.r.operation.CachingOperationNameGenerator - Generating unique operation named: updateUsingPOST_15
2023-01-31 12:58:47.221 [main] INFO  s.d.s.w.r.operation.CachingOperationNameGenerator - Generating unique operation named: detailUsingGET_17
2023-01-31 12:58:47.226 [main] INFO  s.d.s.w.r.operation.CachingOperationNameGenerator - Generating unique operation named: listUsingPOST_4
2023-01-31 12:58:47.244 [main] INFO  s.d.s.w.r.operation.CachingOperationNameGenerator - Generating unique operation named: listUsingPOST_5
2023-01-31 12:58:47.259 [main] INFO  s.d.s.w.r.operation.CachingOperationNameGenerator - Generating unique operation named: createUsingPOST_4
2023-01-31 12:58:47.261 [main] INFO  s.d.s.w.r.operation.CachingOperationNameGenerator - Generating unique operation named: deleteUsingPOST_13
2023-01-31 12:58:47.267 [main] INFO  s.d.s.w.r.operation.CachingOperationNameGenerator - Generating unique operation named: getDetailsUsingGET_3
2023-01-31 12:58:47.274 [main] INFO  s.d.s.w.r.operation.CachingOperationNameGenerator - Generating unique operation named: listPcUsingPOST_1
2023-01-31 12:58:47.276 [main] INFO  s.d.s.w.r.operation.CachingOperationNameGenerator - Generating unique operation named: updateUsingPOST_16
2023-01-31 12:58:47.371 [main] INFO  s.d.s.w.r.operation.CachingOperationNameGenerator - Generating unique operation named: deleteUsingPOST_14
2023-01-31 12:58:47.377 [main] INFO  s.d.s.w.r.operation.CachingOperationNameGenerator - Generating unique operation named: detailUsingGET_18
2023-01-31 12:58:47.434 [main] INFO  s.d.s.w.r.operation.CachingOperationNameGenerator - Generating unique operation named: getListUsingPOST_14
2023-01-31 12:58:47.453 [main] INFO  s.d.s.w.r.operation.CachingOperationNameGenerator - Generating unique operation named: insertUsingPOST_13
2023-01-31 12:58:47.587 [main] INFO  s.d.s.w.r.operation.CachingOperationNameGenerator - Generating unique operation named: updateUsingPOST_17
2023-01-31 12:58:47.718 [main] INFO  s.d.s.w.r.operation.CachingOperationNameGenerator - Generating unique operation named: createUsingPOST_5
2023-01-31 12:58:47.722 [main] INFO  s.d.s.w.r.operation.CachingOperationNameGenerator - Generating unique operation named: deleteUsingPOST_15
2023-01-31 12:58:47.745 [main] INFO  s.d.s.w.r.operation.CachingOperationNameGenerator - Generating unique operation named: listAppUsingPOST_2
2023-01-31 12:58:47.754 [main] INFO  s.d.s.w.r.operation.CachingOperationNameGenerator - Generating unique operation named: listPcUsingPOST_2
2023-01-31 12:58:47.757 [main] INFO  s.d.s.w.r.operation.CachingOperationNameGenerator - Generating unique operation named: downloadUsingGET_1
2023-01-31 12:58:47.799 [main] INFO  s.d.s.w.r.operation.CachingOperationNameGenerator - Generating unique operation named: detailUsingGET_19
2023-01-31 12:58:47.809 [main] INFO  s.d.s.w.r.operation.CachingOperationNameGenerator - Generating unique operation named: insertUsingPOST_14
2023-01-31 12:58:47.811 [main] INFO  s.d.s.w.r.operation.CachingOperationNameGenerator - Generating unique operation named: updateUsingPOST_18
2023-01-31 12:58:47.820 [main] INFO  s.d.s.w.r.operation.CachingOperationNameGenerator - Generating unique operation named: detailUsingGET_20
2023-01-31 12:58:47.823 [main] INFO  s.d.s.w.r.operation.CachingOperationNameGenerator - Generating unique operation named: deleteUsingPOST_16
2023-01-31 12:58:47.830 [main] INFO  s.d.s.w.r.operation.CachingOperationNameGenerator - Generating unique operation named: detailUsingGET_21
2023-01-31 12:58:47.836 [main] INFO  s.d.s.w.r.operation.CachingOperationNameGenerator - Generating unique operation named: insertUsingPOST_15
2023-01-31 12:58:47.838 [main] INFO  s.d.s.w.r.operation.CachingOperationNameGenerator - Generating unique operation named: listUsingPOST_6
2023-01-31 12:58:47.845 [main] INFO  s.d.s.w.r.operation.CachingOperationNameGenerator - Generating unique operation named: deleteUsingPOST_17
2023-01-31 12:58:47.859 [main] INFO  s.d.s.w.r.operation.CachingOperationNameGenerator - Generating unique operation named: detailUsingGET_22
2023-01-31 12:58:47.872 [main] INFO  s.d.s.w.r.operation.CachingOperationNameGenerator - Generating unique operation named: insertUsingPOST_16
2023-01-31 12:58:47.875 [main] INFO  s.d.s.w.r.operation.CachingOperationNameGenerator - Generating unique operation named: listUsingGET_1
2023-01-31 12:58:47.877 [main] INFO  s.d.s.w.r.operation.CachingOperationNameGenerator - Generating unique operation named: listUsingGET_2
2023-01-31 12:58:47.882 [main] INFO  s.d.s.w.r.operation.CachingOperationNameGenerator - Generating unique operation named: modifyUsingPOST_1
2023-01-31 12:58:47.971 [main] INFO  s.d.s.w.r.operation.CachingOperationNameGenerator - Generating unique operation named: auditUsingPOST_2
2023-01-31 12:58:48.048 [main] INFO  s.d.s.w.r.operation.CachingOperationNameGenerator - Generating unique operation named: deleteUsingPOST_18
2023-01-31 12:58:48.110 [main] INFO  s.d.s.w.r.operation.CachingOperationNameGenerator - Generating unique operation named: detailUsingGET_23
2023-01-31 12:58:48.130 [main] INFO  s.d.s.w.r.operation.CachingOperationNameGenerator - Generating unique operation named: pageListUsingPOST_1
2023-01-31 12:58:48.134 [main] INFO  s.d.s.w.r.operation.CachingOperationNameGenerator - Generating unique operation named: retrievePwdUsingPOST_1
2023-01-31 12:58:48.175 [main] INFO  s.d.s.w.r.operation.CachingOperationNameGenerator - Generating unique operation named: getColumnDetailValueStrUsingGET_1
2023-01-31 12:58:48.195 [main] INFO  s.d.s.w.r.operation.CachingOperationNameGenerator - Generating unique operation named: listUsingPOST_7
2023-01-31 12:58:48.205 [main] INFO  s.d.s.w.r.operation.CachingOperationNameGenerator - Generating unique operation named: detailUsingGET_24
2023-01-31 12:58:48.227 [main] INFO  s.d.s.w.r.operation.CachingOperationNameGenerator - Generating unique operation named: childListUsingGET_1
2023-01-31 12:58:48.236 [main] INFO  s.d.s.w.r.operation.CachingOperationNameGenerator - Generating unique operation named: deleteUsingPOST_19
2023-01-31 12:58:48.239 [main] INFO  s.d.s.w.r.operation.CachingOperationNameGenerator - Generating unique operation named: detailUsingGET_25
2023-01-31 12:58:48.241 [main] INFO  s.d.s.w.r.operation.CachingOperationNameGenerator - Generating unique operation named: insertUsingPOST_17
2023-01-31 12:58:48.243 [main] INFO  s.d.s.w.r.operation.CachingOperationNameGenerator - Generating unique operation named: pageListUsingPOST_2
2023-01-31 12:58:48.250 [main] INFO  s.d.s.w.r.operation.CachingOperationNameGenerator - Generating unique operation named: updateUsingPOST_19
2023-01-31 12:58:48.254 [main] INFO  s.d.s.w.r.operation.CachingOperationNameGenerator - Generating unique operation named: deleteUsingPOST_20
2023-01-31 12:58:48.262 [main] INFO  s.d.s.w.r.operation.CachingOperationNameGenerator - Generating unique operation named: detailUsingGET_26
2023-01-31 12:58:48.278 [main] INFO  s.d.s.w.r.operation.CachingOperationNameGenerator - Generating unique operation named: insertUsingPOST_18
2023-01-31 12:58:48.281 [main] INFO  s.d.s.w.r.operation.CachingOperationNameGenerator - Generating unique operation named: listUsingPOST_8
2023-01-31 12:58:48.292 [main] INFO  s.d.s.w.r.operation.CachingOperationNameGenerator - Generating unique operation named: modifyUsingPOST_2
2023-01-31 12:58:48.295 [main] INFO  s.d.s.w.r.operation.CachingOperationNameGenerator - Generating unique operation named: treeUsingGET_1
2023-01-31 12:58:48.315 [main] INFO  s.d.s.w.r.operation.CachingOperationNameGenerator - Generating unique operation named: getAllAreaUsingGET_1
2023-01-31 12:58:48.318 [main] INFO  s.d.s.w.r.operation.CachingOperationNameGenerator - Generating unique operation named: getProvinceUsingGET_1
2023-01-31 12:58:48.320 [main] INFO  s.d.s.w.r.operation.CachingOperationNameGenerator - Generating unique operation named: insertOrUpdateUsingPOST_3
2023-01-31 12:58:48.322 [main] INFO  s.d.s.w.r.operation.CachingOperationNameGenerator - Generating unique operation named: selectByIdUsingGET_2
2023-01-31 12:58:48.326 [main] INFO  s.d.s.w.r.operation.CachingOperationNameGenerator - Generating unique operation named: treeUsingGET_2
2023-01-31 12:58:48.328 [main] INFO  s.d.s.w.r.operation.CachingOperationNameGenerator - Generating unique operation named: detailUsingGET_27
2023-01-31 12:58:48.341 [main] INFO  s.d.s.w.r.operation.CachingOperationNameGenerator - Generating unique operation named: getListUsingPOST_15
2023-01-31 12:58:48.343 [main] INFO  s.d.s.w.r.operation.CachingOperationNameGenerator - Generating unique operation named: insertUsingPOST_19
2023-01-31 12:58:48.345 [main] INFO  s.d.s.w.r.operation.CachingOperationNameGenerator - Generating unique operation named: updateUsingPOST_20
2023-01-31 12:58:48.348 [main] INFO  s.d.s.w.r.operation.CachingOperationNameGenerator - Generating unique operation named: detailUsingGET_28
2023-01-31 12:58:48.356 [main] INFO  s.d.s.w.r.operation.CachingOperationNameGenerator - Generating unique operation named: selectForListPageUsingPOST_4
2023-01-31 12:58:48.365 [main] INFO  s.d.s.w.r.operation.CachingOperationNameGenerator - Generating unique operation named: listUsingPOST_9
2023-01-31 12:58:48.367 [main] INFO  s.d.s.w.r.operation.CachingOperationNameGenerator - Generating unique operation named: productListUsingPOST_1
2023-01-31 12:58:48.369 [main] INFO  s.d.s.w.r.operation.CachingOperationNameGenerator - Generating unique operation named: saveUsingPOST_2
2023-01-31 12:58:48.385 [main] INFO  s.d.s.w.r.operation.CachingOperationNameGenerator - Generating unique operation named: selectByConditionUsingPOST_1
2023-01-31 12:58:48.387 [main] INFO  s.d.s.w.r.operation.CachingOperationNameGenerator - Generating unique operation named: updateByPrimaryKeySelectiveUsingPOST_2
2023-01-31 12:58:48.419 [main] INFO  s.d.s.w.r.operation.CachingOperationNameGenerator - Generating unique operation named: createUsingPOST_6
2023-01-31 12:58:48.424 [main] INFO  s.d.s.w.r.operation.CachingOperationNameGenerator - Generating unique operation named: deleteUsingPOST_21
2023-01-31 12:58:48.455 [main] INFO  s.d.s.w.r.operation.CachingOperationNameGenerator - Generating unique operation named: getDetailsUsingGET_4
2023-01-31 12:58:48.464 [main] INFO  s.d.s.w.r.operation.CachingOperationNameGenerator - Generating unique operation named: listAppUsingPOST_3
2023-01-31 12:58:48.470 [main] INFO  s.d.s.w.r.operation.CachingOperationNameGenerator - Generating unique operation named: listPcUsingPOST_3
2023-01-31 12:58:48.477 [main] INFO  s.d.s.w.r.operation.CachingOperationNameGenerator - Generating unique operation named: updateUsingPOST_21
2023-01-31 12:58:48.482 [main] INFO  s.d.s.w.r.operation.CachingOperationNameGenerator - Generating unique operation named: getDetailsUsingGET_5
2023-01-31 12:58:48.496 [main] INFO  s.d.s.w.r.operation.CachingOperationNameGenerator - Generating unique operation named: downloadTemplateUsingGET_1
2023-01-31 12:58:48.549 [main] INFO  s.d.s.w.r.operation.CachingOperationNameGenerator - Generating unique operation named: auditUsingPOST_3
2023-01-31 12:58:48.551 [main] INFO  s.d.s.w.r.operation.CachingOperationNameGenerator - Generating unique operation named: downloadUsingGET_2
2023-01-31 12:58:48.611 [main] INFO  s.d.s.w.r.operation.CachingOperationNameGenerator - Generating unique operation named: pageListUsingPOST_3
2023-01-31 12:58:48.628 [main] INFO  s.d.s.w.r.operation.CachingOperationNameGenerator - Generating unique operation named: childListUsingGET_2
2023-01-31 12:58:48.638 [main] INFO  s.d.s.w.r.operation.CachingOperationNameGenerator - Generating unique operation named: deleteUsingPOST_22
2023-01-31 12:58:48.641 [main] INFO  s.d.s.w.r.operation.CachingOperationNameGenerator - Generating unique operation named: detailUsingGET_29
2023-01-31 12:58:48.646 [main] INFO  s.d.s.w.r.operation.CachingOperationNameGenerator - Generating unique operation named: insertUsingPOST_20
2023-01-31 12:58:48.656 [main] INFO  s.d.s.w.r.operation.CachingOperationNameGenerator - Generating unique operation named: pageListUsingPOST_4
2023-01-31 12:58:48.661 [main] INFO  s.d.s.w.r.operation.CachingOperationNameGenerator - Generating unique operation named: treeUsingGET_3
2023-01-31 12:58:48.664 [main] INFO  s.d.s.w.r.operation.CachingOperationNameGenerator - Generating unique operation named: updateUsingPOST_22
2023-01-31 12:58:48.692 [main] INFO  s.d.s.w.r.operation.CachingOperationNameGenerator - Generating unique operation named: productListUsingPOST_2
2023-01-31 12:58:49.365 [main] INFO  o.s.s.a.ScheduledAnnotationBeanPostProcessor - No TaskScheduler/ScheduledExecutorService bean found for scheduled processing
2023-01-31 12:58:49.374 [main] INFO  org.apache.coyote.http11.Http11NioProtocol - Starting ProtocolHandler ["http-nio-24001"]
2023-01-31 12:58:49.397 [main] INFO  o.s.boot.web.embedded.tomcat.TomcatWebServer - Tomcat started on port(s): 24001 (http) with context path '/cs-web'
2023-01-31 12:58:49.401 [main] INFO  com.alibaba.nacos.client.naming - [BEAT] adding beat: {"cluster":"DEFAULT","ip":"192.168.2.3","metadata":{"preserved.register.source":"SPRING_CLOUD"},"period":5000,"port":24001,"scheduled":false,"serviceName":"DEFAULT_GROUP@@cs-service-provider-lhc","stopped":false,"weight":1.0} to beat map.
2023-01-31 12:58:49.475 [main] INFO  com.alibaba.nacos.client.naming - [REGISTER-SERVICE] 6c1230e4-aef6-4d65-b7e0-1fac133250cd registering service DEFAULT_GROUP@@cs-service-provider-lhc with instance: {"clusterName":"DEFAULT","enabled":true,"ephemeral":true,"healthy":true,"instanceHeartBeatInterval":5000,"instanceHeartBeatTimeOut":15000,"ip":"192.168.2.3","ipDeleteTimeout":30000,"metadata":{"preserved.register.source":"SPRING_CLOUD"},"port":24001,"weight":1.0}
2023-01-31 12:58:49.684 [main] INFO  c.a.cloud.nacos.registry.NacosServiceRegistry - nacos registry, DEFAULT_GROUP cs-service-provider-lhc 192.168.2.3:24001 register finished
2023-01-31 12:58:50.670 [main] INFO  com.bairh.cs.provider.CsProviderApplication - Started CsProviderApplication in 50.574 seconds (JVM running for 55.407)
2023-01-31 12:58:50.676 [main] INFO  com.alibaba.nacos.client.config.impl.ClientWorker - [fixed-192.168.1.20_32474-6c1230e4-aef6-4d65-b7e0-1fac133250cd] [subscribe] cs-service-provider-lhc+DEFAULT_GROUP+6c1230e4-aef6-4d65-b7e0-1fac133250cd
2023-01-31 12:58:50.677 [main] INFO  com.alibaba.nacos.client.config.impl.CacheData - [fixed-192.168.1.20_32474-6c1230e4-aef6-4d65-b7e0-1fac133250cd] [add-listener] ok, tenant=6c1230e4-aef6-4d65-b7e0-1fac133250cd, dataId=cs-service-provider-lhc, group=DEFAULT_GROUP, cnt=1
2023-01-31 12:58:50.677 [main] INFO  com.alibaba.nacos.client.config.impl.ClientWorker - [fixed-192.168.1.20_32474-6c1230e4-aef6-4d65-b7e0-1fac133250cd] [subscribe] cs-service-provider-lhc.properties+DEFAULT_GROUP+6c1230e4-aef6-4d65-b7e0-1fac133250cd
2023-01-31 12:58:50.677 [main] INFO  com.alibaba.nacos.client.config.impl.CacheData - [fixed-192.168.1.20_32474-6c1230e4-aef6-4d65-b7e0-1fac133250cd] [add-listener] ok, tenant=6c1230e4-aef6-4d65-b7e0-1fac133250cd, dataId=cs-service-provider-lhc.properties, group=DEFAULT_GROUP, cnt=1
2023-01-31 12:58:50.678 [main] INFO  com.alibaba.nacos.client.config.impl.ClientWorker - [fixed-192.168.1.20_32474-6c1230e4-aef6-4d65-b7e0-1fac133250cd] [subscribe] rabbitmq.properties+DEFAULT_GROUP+6c1230e4-aef6-4d65-b7e0-1fac133250cd
2023-01-31 12:58:50.678 [main] INFO  com.alibaba.nacos.client.config.impl.CacheData - [fixed-192.168.1.20_32474-6c1230e4-aef6-4d65-b7e0-1fac133250cd] [add-listener] ok, tenant=6c1230e4-aef6-4d65-b7e0-1fac133250cd, dataId=rabbitmq.properties, group=DEFAULT_GROUP, cnt=1
2023-01-31 12:58:50.679 [main] INFO  com.alibaba.nacos.client.config.impl.ClientWorker - [fixed-192.168.1.20_32474-6c1230e4-aef6-4d65-b7e0-1fac133250cd] [subscribe] mysql.properties+DEFAULT_GROUP+6c1230e4-aef6-4d65-b7e0-1fac133250cd
2023-01-31 12:58:50.679 [main] INFO  com.alibaba.nacos.client.config.impl.CacheData - [fixed-192.168.1.20_32474-6c1230e4-aef6-4d65-b7e0-1fac133250cd] [add-listener] ok, tenant=6c1230e4-aef6-4d65-b7e0-1fac133250cd, dataId=mysql.properties, group=DEFAULT_GROUP, cnt=1
2023-01-31 12:58:50.680 [main] INFO  com.alibaba.nacos.client.config.impl.ClientWorker - [fixed-192.168.1.20_32474-6c1230e4-aef6-4d65-b7e0-1fac133250cd] [subscribe] redis.properties+DEFAULT_GROUP+6c1230e4-aef6-4d65-b7e0-1fac133250cd
2023-01-31 12:58:50.680 [main] INFO  com.alibaba.nacos.client.config.impl.CacheData - [fixed-192.168.1.20_32474-6c1230e4-aef6-4d65-b7e0-1fac133250cd] [add-listener] ok, tenant=6c1230e4-aef6-4d65-b7e0-1fac133250cd, dataId=redis.properties, group=DEFAULT_GROUP, cnt=1
2023-01-31 12:58:50.681 [main] INFO  com.alibaba.nacos.client.config.impl.ClientWorker - [fixed-192.168.1.20_32474-6c1230e4-aef6-4d65-b7e0-1fac133250cd] [subscribe] app-cs.properties+DEFAULT_GROUP+6c1230e4-aef6-4d65-b7e0-1fac133250cd
2023-01-31 12:58:50.681 [main] INFO  com.alibaba.nacos.client.config.impl.CacheData - [fixed-192.168.1.20_32474-6c1230e4-aef6-4d65-b7e0-1fac133250cd] [add-listener] ok, tenant=6c1230e4-aef6-4d65-b7e0-1fac133250cd, dataId=app-cs.properties, group=DEFAULT_GROUP, cnt=1
2023-01-31 18:55:05.917 [SpringContextShutdownHook] INFO  c.a.cloud.nacos.registry.NacosServiceRegistry - De-registering from Nacos Server now...
2023-01-31 18:55:05.944 [SpringContextShutdownHook] INFO  com.alibaba.nacos.client.naming - [BEAT] removing beat: DEFAULT_GROUP@@cs-service-provider-lhc:192.168.2.3:24001 from beat map.
2023-01-31 18:55:05.949 [SpringContextShutdownHook] INFO  com.alibaba.nacos.client.naming - [DEREGISTER-SERVICE] 6c1230e4-aef6-4d65-b7e0-1fac133250cd deregistering service DEFAULT_GROUP@@cs-service-provider-lhc with instance: {"clusterName":"DEFAULT","enabled":true,"ephemeral":true,"healthy":true,"instanceHeartBeatInterval":5000,"instanceHeartBeatTimeOut":15000,"instanceIdGenerator":"simple","ip":"192.168.2.3","ipDeleteTimeout":30000,"metadata":{},"port":24001,"weight":1.0}
2023-01-31 18:55:06.184 [SpringContextShutdownHook] INFO  c.a.cloud.nacos.registry.NacosServiceRegistry - De-registration finished.
2023-01-31 18:55:06.214 [SpringContextShutdownHook] INFO  o.s.scheduling.concurrent.ThreadPoolTaskExecutor - Shutting down ExecutorService 'applicationTaskExecutor'
2023-01-31 18:55:06.360 [SpringContextShutdownHook] INFO  com.alibaba.druid.pool.DruidDataSource - {dataSource-1} closing ...
2023-01-31 18:55:06.452 [SpringContextShutdownHook] INFO  com.alibaba.druid.pool.DruidDataSource - {dataSource-1} closed
