2023-01-30 13:46:35.792 [main] INFO  c.a.n.client.config.impl.LocalConfigInfoProcessor - LOCAL_SNAPSHOT_PATH:C:\Users\huach\nacos\config
2023-01-30 13:46:35.878 [main] INFO  com.alibaba.nacos.client.config.impl.Limiter - limitTime:5.0
2023-01-30 13:46:36.111 [main] INFO  com.alibaba.nacos.client.config.utils.JVMUtil - isMultiInstance:false
2023-01-30 13:46:37.200 [main] INFO  o.s.c.b.c.PropertySourceBootstrapConfiguration - Located property source: [BootstrapPropertySource {name='bootstrapProperties-cs-service-provider-lhc.properties,DEFAULT_GROUP'}, BootstrapPropertySource {name='bootstrapProperties-cs-service-provider-lhc,DEFAULT_GROUP'}, BootstrapPropertySource {name='bootstrapProperties-rabbitmq.properties,DEFAULT_GROUP'}, BootstrapPropertySource {name='bootstrapProperties-app-cs.properties,DEFAULT_GROUP'}, BootstrapPropertySource {name='bootstrapProperties-redis.properties,DEFAULT_GROUP'}, BootstrapPropertySource {name='bootstrapProperties-mysql.properties,DEFAULT_GROUP'}]
2023-01-30 13:46:37.212 [main] INFO  com.bairh.cs.provider.CsProviderApplication - No active profile set, falling back to default profiles: default
2023-01-30 13:46:39.776 [main] INFO  o.s.d.r.config.RepositoryConfigurationDelegate - Multiple Spring Data modules found, entering strict repository configuration mode!
2023-01-30 13:46:39.783 [main] INFO  o.s.d.r.config.RepositoryConfigurationDelegate - Bootstrapping Spring Data repositories in DEFAULT mode.
2023-01-30 13:46:40.108 [main] INFO  o.s.d.r.config.RepositoryConfigurationDelegate - Finished Spring Data repository scanning in 129ms. Found 0 repository interfaces.
2023-01-30 13:46:40.877 [main] INFO  o.springframework.cloud.context.scope.GenericScope - BeanFactory id=d83406a6-851a-39ff-8d10-2afae51638a2
2023-01-30 13:46:41.508 [main] INFO  o.s.c.s.PostProcessorRegistrationDelegate$BeanPostProcessorChecker - Bean 'org.springframework.transaction.annotation.ProxyTransactionManagementConfiguration' of type [org.springframework.transaction.annotation.ProxyTransactionManagementConfiguration] is not eligible for getting processed by all BeanPostProcessors (for example: not eligible for auto-proxying)
2023-01-30 13:46:42.393 [main] INFO  o.s.boot.web.embedded.tomcat.TomcatWebServer - Tomcat initialized with port(s): 24001 (http)
2023-01-30 13:46:42.411 [main] INFO  org.apache.coyote.http11.Http11NioProtocol - Initializing ProtocolHandler ["http-nio-24001"]
2023-01-30 13:46:42.413 [main] INFO  org.apache.catalina.core.StandardService - Starting service [Tomcat]
2023-01-30 13:46:42.413 [main] INFO  org.apache.catalina.core.StandardEngine - Starting Servlet engine: [Apache Tomcat/9.0.27]
2023-01-30 13:46:42.731 [main] INFO  o.a.c.c.C.[Tomcat].[localhost].[/cs-web] - Initializing Spring embedded WebApplicationContext
2023-01-30 13:46:42.731 [main] INFO  org.springframework.web.context.ContextLoader - Root WebApplicationContext: initialization completed in 5470 ms
2023-01-30 13:46:43.509 [main] INFO  o.s.boot.web.servlet.RegistrationBean - Servlet statViewServlet was not registered (possibly already registered?)
2023-01-30 13:46:47.328 [main] INFO  com.alibaba.druid.pool.DruidDataSource - {dataSource-1} inited
2023-01-30 13:46:57.160 [main] INFO  io.lettuce.core.EpollProvider - Starting without optional epoll library
2023-01-30 13:46:57.174 [main] INFO  io.lettuce.core.KqueueProvider - Starting without optional kqueue library
2023-01-30 13:46:59.656 [main] INFO  com.netflix.config.sources.URLConfigurationSource - To enable URLs as dynamic configuration sources, define System property archaius.configurationSource.additionalUrls or make config.properties available on classpath.
2023-01-30 13:46:59.668 [main] INFO  com.netflix.config.sources.URLConfigurationSource - To enable URLs as dynamic configuration sources, define System property archaius.configurationSource.additionalUrls or make config.properties available on classpath.
2023-01-30 13:46:59.981 [main] INFO  o.s.scheduling.concurrent.ThreadPoolTaskExecutor - Initializing ExecutorService 'applicationTaskExecutor'
2023-01-30 13:47:02.044 [main] INFO  o.s.scheduling.concurrent.ThreadPoolTaskScheduler - Initializing ExecutorService 'Nacso-Watch-Task-Scheduler'
2023-01-30 13:47:02.054 [main] INFO  com.alibaba.nacos.client.naming - initializer namespace from System Property :null
2023-01-30 13:47:02.055 [main] INFO  com.alibaba.nacos.client.naming - initializer namespace from System Environment :null
2023-01-30 13:47:02.055 [main] INFO  com.alibaba.nacos.client.naming - initializer namespace from System Property :null
2023-01-30 13:47:04.294 [main] INFO  s.d.s.web.plugins.DocumentationPluginsBootstrapper - Context refreshed
2023-01-30 13:47:04.320 [main] INFO  s.d.s.web.plugins.DocumentationPluginsBootstrapper - Found 1 custom documentation plugin(s)
2023-01-30 13:47:04.343 [main] INFO  s.d.spring.web.scanners.ApiListingReferenceScanner - Scanning for api listing references
2023-01-30 13:47:04.928 [main] INFO  s.d.s.w.r.operation.CachingOperationNameGenerator - Generating unique operation named: detailUsingGET_1
2023-01-30 13:47:04.983 [main] INFO  s.d.s.w.r.operation.CachingOperationNameGenerator - Generating unique operation named: updateUsingPOST_1
2023-01-30 13:47:04.990 [main] INFO  s.d.s.w.r.operation.CachingOperationNameGenerator - Generating unique operation named: updateProjectUsingPOST_1
2023-01-30 13:47:05.074 [main] INFO  s.d.s.w.r.operation.CachingOperationNameGenerator - Generating unique operation named: detailUsingGET_2
2023-01-30 13:47:05.092 [main] INFO  s.d.s.w.r.operation.CachingOperationNameGenerator - Generating unique operation named: getListUsingPOST_1
2023-01-30 13:47:05.099 [main] INFO  s.d.s.w.r.operation.CachingOperationNameGenerator - Generating unique operation named: insertUsingPOST_1
2023-01-30 13:47:05.147 [main] INFO  s.d.s.w.r.operation.CachingOperationNameGenerator - Generating unique operation named: auditAccOrderUsingPOST_1
2023-01-30 13:47:05.150 [main] INFO  s.d.s.w.r.operation.CachingOperationNameGenerator - Generating unique operation named: auditAccOrderDetailUsingPOST_1
2023-01-30 13:47:05.156 [main] INFO  s.d.s.w.r.operation.CachingOperationNameGenerator - Generating unique operation named: createUsingPOST_1
2023-01-30 13:47:05.159 [main] INFO  s.d.s.w.r.operation.CachingOperationNameGenerator - Generating unique operation named: detailUsingGET_3
2023-01-30 13:47:05.182 [main] INFO  s.d.s.w.r.operation.CachingOperationNameGenerator - Generating unique operation named: selectForListPageUsingPOST_1
2023-01-30 13:47:05.355 [main] INFO  s.d.s.w.r.operation.CachingOperationNameGenerator - Generating unique operation named: detailUsingGET_4
2023-01-30 13:47:05.654 [main] INFO  s.d.s.w.r.operation.CachingOperationNameGenerator - Generating unique operation named: getListUsingPOST_2
2023-01-30 13:47:05.688 [main] INFO  s.d.s.w.r.operation.CachingOperationNameGenerator - Generating unique operation named: updateByIdsSelectiveByDeleteUsingPOST_1
2023-01-30 13:47:05.811 [main] INFO  s.d.s.w.r.operation.CachingOperationNameGenerator - Generating unique operation named: deleteUsingPOST_1
2023-01-30 13:47:05.815 [main] INFO  s.d.s.w.r.operation.CachingOperationNameGenerator - Generating unique operation named: detailUsingGET_5
2023-01-30 13:47:05.837 [main] INFO  s.d.s.w.r.operation.CachingOperationNameGenerator - Generating unique operation named: getListUsingPOST_3
2023-01-30 13:47:05.852 [main] INFO  s.d.s.w.r.operation.CachingOperationNameGenerator - Generating unique operation named: getListUsingPOST_4
2023-01-30 13:47:05.862 [main] INFO  s.d.s.w.r.operation.CachingOperationNameGenerator - Generating unique operation named: insertUsingPOST_2
2023-01-30 13:47:05.865 [main] INFO  s.d.s.w.r.operation.CachingOperationNameGenerator - Generating unique operation named: insertUsingPOST_3
2023-01-30 13:47:05.872 [main] INFO  s.d.s.w.r.operation.CachingOperationNameGenerator - Generating unique operation named: updateUsingPOST_2
2023-01-30 13:47:05.888 [main] INFO  s.d.s.w.r.operation.CachingOperationNameGenerator - Generating unique operation named: selectForListPageUsingPOST_2
2023-01-30 13:47:05.915 [main] INFO  s.d.s.w.r.operation.CachingOperationNameGenerator - Generating unique operation named: deleteUsingPOST_2
2023-01-30 13:47:05.926 [main] INFO  s.d.s.w.r.operation.CachingOperationNameGenerator - Generating unique operation named: detailUsingGET_6
2023-01-30 13:47:05.929 [main] INFO  s.d.s.w.r.operation.CachingOperationNameGenerator - Generating unique operation named: insertUsingPOST_4
2023-01-30 13:47:05.934 [main] INFO  s.d.s.w.r.operation.CachingOperationNameGenerator - Generating unique operation named: updateUsingPOST_3
2023-01-30 13:47:06.201 [main] INFO  s.d.s.w.r.operation.CachingOperationNameGenerator - Generating unique operation named: createUsingPOST_2
2023-01-30 13:47:06.218 [main] INFO  s.d.s.w.r.operation.CachingOperationNameGenerator - Generating unique operation named: deleteUsingPOST_3
2023-01-30 13:47:06.307 [main] INFO  s.d.s.w.r.operation.CachingOperationNameGenerator - Generating unique operation named: updateUsingPOST_4
2023-01-30 13:47:06.314 [main] INFO  s.d.s.w.r.operation.CachingOperationNameGenerator - Generating unique operation named: updateUsingPOST_5
2023-01-30 13:47:06.318 [main] INFO  s.d.s.w.r.operation.CachingOperationNameGenerator - Generating unique operation named: getDetailsUsingGET_1
2023-01-30 13:47:06.348 [main] INFO  s.d.s.w.r.operation.CachingOperationNameGenerator - Generating unique operation named: deleteUsingPOST_4
2023-01-30 13:47:06.362 [main] INFO  s.d.s.w.r.operation.CachingOperationNameGenerator - Generating unique operation named: insertOrUpdateUsingPOST_1
2023-01-30 13:47:06.367 [main] INFO  s.d.s.w.r.operation.CachingOperationNameGenerator - Generating unique operation named: listUsingPOST_1
2023-01-30 13:47:06.371 [main] INFO  s.d.s.w.r.operation.CachingOperationNameGenerator - Generating unique operation named: saveUsingPOST_1
2023-01-30 13:47:06.383 [main] INFO  s.d.s.w.r.operation.CachingOperationNameGenerator - Generating unique operation named: deleteUsingPOST_5
2023-01-30 13:47:06.387 [main] INFO  s.d.s.w.r.operation.CachingOperationNameGenerator - Generating unique operation named: detailUsingGET_7
2023-01-30 13:47:06.402 [main] INFO  s.d.s.w.r.operation.CachingOperationNameGenerator - Generating unique operation named: getListUsingPOST_5
2023-01-30 13:47:06.405 [main] INFO  s.d.s.w.r.operation.CachingOperationNameGenerator - Generating unique operation named: insertUsingPOST_5
2023-01-30 13:47:06.420 [main] INFO  s.d.s.w.r.operation.CachingOperationNameGenerator - Generating unique operation named: updateUsingPOST_6
2023-01-30 13:47:06.438 [main] INFO  s.d.s.w.r.operation.CachingOperationNameGenerator - Generating unique operation named: deleteUsingPOST_6
2023-01-30 13:47:06.440 [main] INFO  s.d.s.w.r.operation.CachingOperationNameGenerator - Generating unique operation named: detailUsingGET_8
2023-01-30 13:47:06.451 [main] INFO  s.d.s.w.r.operation.CachingOperationNameGenerator - Generating unique operation named: getListUsingPOST_6
2023-01-30 13:47:06.454 [main] INFO  s.d.s.w.r.operation.CachingOperationNameGenerator - Generating unique operation named: insertUsingPOST_6
2023-01-30 13:47:06.458 [main] INFO  s.d.s.w.r.operation.CachingOperationNameGenerator - Generating unique operation named: updateUsingPOST_7
2023-01-30 13:47:06.482 [main] INFO  s.d.s.w.r.operation.CachingOperationNameGenerator - Generating unique operation named: deleteUsingPOST_7
2023-01-30 13:47:06.485 [main] INFO  s.d.s.w.r.operation.CachingOperationNameGenerator - Generating unique operation named: detailUsingGET_9
2023-01-30 13:47:06.502 [main] INFO  s.d.s.w.r.operation.CachingOperationNameGenerator - Generating unique operation named: getListUsingPOST_7
2023-01-30 13:47:06.504 [main] INFO  s.d.s.w.r.operation.CachingOperationNameGenerator - Generating unique operation named: insertUsingPOST_7
2023-01-30 13:47:06.507 [main] INFO  s.d.s.w.r.operation.CachingOperationNameGenerator - Generating unique operation named: updateUsingPOST_8
2023-01-30 13:47:06.524 [main] INFO  s.d.s.w.r.operation.CachingOperationNameGenerator - Generating unique operation named: deleteUsingPOST_8
2023-01-30 13:47:06.540 [main] INFO  s.d.s.w.r.operation.CachingOperationNameGenerator - Generating unique operation named: deleteUsingPOST_9
2023-01-30 13:47:06.545 [main] INFO  s.d.s.w.r.operation.CachingOperationNameGenerator - Generating unique operation named: detailUsingGET_10
2023-01-30 13:47:06.556 [main] INFO  s.d.s.w.r.operation.CachingOperationNameGenerator - Generating unique operation named: getListUsingPOST_8
2023-01-30 13:47:06.567 [main] INFO  s.d.s.w.r.operation.CachingOperationNameGenerator - Generating unique operation named: getListUsingPOST_9
2023-01-30 13:47:06.571 [main] INFO  s.d.s.w.r.operation.CachingOperationNameGenerator - Generating unique operation named: insertUsingPOST_8
2023-01-30 13:47:06.586 [main] INFO  s.d.s.w.r.operation.CachingOperationNameGenerator - Generating unique operation named: insertUsingPOST_9
2023-01-30 13:47:06.589 [main] INFO  s.d.s.w.r.operation.CachingOperationNameGenerator - Generating unique operation named: listAppUsingPOST_1
2023-01-30 13:47:06.609 [main] INFO  s.d.s.w.r.operation.CachingOperationNameGenerator - Generating unique operation named: updateUsingPOST_9
2023-01-30 13:47:06.615 [main] INFO  s.d.s.w.r.operation.CachingOperationNameGenerator - Generating unique operation named: updateUsingPOST_10
2023-01-30 13:47:06.618 [main] INFO  s.d.s.w.r.operation.CachingOperationNameGenerator - Generating unique operation named: detailUsingGET_11
2023-01-30 13:47:06.684 [main] INFO  s.d.s.w.r.operation.CachingOperationNameGenerator - Generating unique operation named: getDetailsUsingGET_2
2023-01-30 13:47:06.733 [main] INFO  s.d.s.w.r.operation.CachingOperationNameGenerator - Generating unique operation named: readUsingPOST_1
2023-01-30 13:47:06.787 [main] INFO  s.d.s.w.r.operation.CachingOperationNameGenerator - Generating unique operation named: detailUsingGET_12
2023-01-30 13:47:06.817 [main] INFO  s.d.s.w.r.operation.CachingOperationNameGenerator - Generating unique operation named: getListUsingPOST_10
2023-01-30 13:47:06.825 [main] INFO  s.d.s.w.r.operation.CachingOperationNameGenerator - Generating unique operation named: insertUsingPOST_10
2023-01-30 13:47:06.829 [main] INFO  s.d.s.w.r.operation.CachingOperationNameGenerator - Generating unique operation named: updateUsingPOST_11
2023-01-30 13:47:06.869 [main] INFO  s.d.s.w.r.operation.CachingOperationNameGenerator - Generating unique operation named: getListUsingPOST_11
2023-01-30 13:47:07.814 [main] INFO  s.d.s.w.r.operation.CachingOperationNameGenerator - Generating unique operation named: detailUsingGET_13
2023-01-30 13:47:07.956 [main] INFO  s.d.s.w.r.operation.CachingOperationNameGenerator - Generating unique operation named: listUsingPOST_2
2023-01-30 13:47:08.048 [main] INFO  s.d.s.w.r.operation.CachingOperationNameGenerator - Generating unique operation named: pcProjectListUsingGET_1
2023-01-30 13:47:09.403 [main] INFO  s.d.s.w.r.operation.CachingOperationNameGenerator - Generating unique operation named: getDetailHaveOtherInfoUsingGET_1
2023-01-30 13:47:10.419 [main] INFO  s.d.s.w.r.operation.CachingOperationNameGenerator - Generating unique operation named: cancelOrderByWechatUsingPOST_1
2023-01-30 13:47:10.566 [main] INFO  s.d.s.w.r.operation.CachingOperationNameGenerator - Generating unique operation named: getOrderDetailListUsingPOST_1
2023-01-30 13:47:10.656 [main] INFO  s.d.s.w.r.operation.CachingOperationNameGenerator - Generating unique operation named: selectByIdUsingGET_1
2023-01-30 13:47:10.713 [main] INFO  s.d.s.w.r.operation.CachingOperationNameGenerator - Generating unique operation named: updateByPrimaryKeySelectiveUsingPOST_1
2023-01-30 13:47:10.833 [main] INFO  s.d.s.w.r.operation.CachingOperationNameGenerator - Generating unique operation named: getRecordListByOrderUsingPOST_1
2023-01-30 13:47:10.868 [main] INFO  s.d.s.w.r.operation.CachingOperationNameGenerator - Generating unique operation named: addOrderEvaluateUsingPOST_1
2023-01-30 13:47:10.918 [main] INFO  s.d.s.w.r.operation.CachingOperationNameGenerator - Generating unique operation named: importExcelUsingPOST_1
2023-01-30 13:47:10.993 [main] INFO  s.d.s.w.r.operation.CachingOperationNameGenerator - Generating unique operation named: getListByConditionUsingPOST_1
2023-01-30 13:47:11.002 [main] INFO  s.d.s.w.r.operation.CachingOperationNameGenerator - Generating unique operation named: deleteUsingPOST_10
2023-01-30 13:47:11.010 [main] INFO  s.d.s.w.r.operation.CachingOperationNameGenerator - Generating unique operation named: detailUsingGET_14
2023-01-30 13:47:11.089 [main] INFO  s.d.s.w.r.operation.CachingOperationNameGenerator - Generating unique operation named: getListUsingPOST_12
2023-01-30 13:47:11.096 [main] INFO  s.d.s.w.r.operation.CachingOperationNameGenerator - Generating unique operation named: insertUsingPOST_11
2023-01-30 13:47:11.114 [main] INFO  s.d.s.w.r.operation.CachingOperationNameGenerator - Generating unique operation named: listTreeUsingGET_1
2023-01-30 13:47:11.125 [main] INFO  s.d.s.w.r.operation.CachingOperationNameGenerator - Generating unique operation named: updateUsingPOST_12
2023-01-30 13:47:11.222 [main] INFO  s.d.s.w.r.operation.CachingOperationNameGenerator - Generating unique operation named: listUsingPOST_3
2023-01-30 13:47:11.283 [main] INFO  s.d.s.w.r.operation.CachingOperationNameGenerator - Generating unique operation named: deleteUsingPOST_11
2023-01-30 13:47:11.291 [main] INFO  s.d.s.w.r.operation.CachingOperationNameGenerator - Generating unique operation named: detailUsingGET_15
2023-01-30 13:47:11.537 [main] INFO  s.d.s.w.r.operation.CachingOperationNameGenerator - Generating unique operation named: getListByConditionUsingPOST_2
2023-01-30 13:47:11.600 [main] INFO  s.d.s.w.r.operation.CachingOperationNameGenerator - Generating unique operation named: insertUsingPOST_12
2023-01-30 13:47:11.609 [main] INFO  s.d.s.w.r.operation.CachingOperationNameGenerator - Generating unique operation named: updateUsingPOST_13
2023-01-30 13:47:11.650 [main] INFO  s.d.s.w.r.operation.CachingOperationNameGenerator - Generating unique operation named: addUsingPOST_1
2023-01-30 13:47:11.658 [main] INFO  s.d.s.w.r.operation.CachingOperationNameGenerator - Generating unique operation named: pageUsingPOST_1
2023-01-30 13:47:11.668 [main] INFO  s.d.s.w.r.operation.CachingOperationNameGenerator - Generating unique operation named: removeUsingPOST_1
2023-01-30 13:47:11.679 [main] INFO  s.d.s.w.r.operation.CachingOperationNameGenerator - Generating unique operation named: updateUsingPOST_14
2023-01-30 13:47:11.719 [main] INFO  s.d.s.w.r.operation.CachingOperationNameGenerator - Generating unique operation named: auditUsingPOST_1
2023-01-30 13:47:11.728 [main] INFO  s.d.s.w.r.operation.CachingOperationNameGenerator - Generating unique operation named: downloadPartsBomExcelUsingGET_1
2023-01-30 13:47:11.830 [main] INFO  s.d.s.w.r.operation.CachingOperationNameGenerator - Generating unique operation named: getBomListUsingGET_1
2023-01-30 13:47:11.945 [main] INFO  s.d.s.w.r.operation.CachingOperationNameGenerator - Generating unique operation named: insertOrUpdateUsingPOST_2
2023-01-30 13:47:12.018 [main] INFO  s.d.s.w.r.operation.CachingOperationNameGenerator - Generating unique operation named: detailUsingGET_16
2023-01-30 13:47:12.092 [main] INFO  s.d.s.w.r.operation.CachingOperationNameGenerator - Generating unique operation named: selectForListPageUsingPOST_3
2023-01-30 13:47:12.153 [main] INFO  s.d.s.w.r.operation.CachingOperationNameGenerator - Generating unique operation named: createUsingPOST_3
2023-01-30 13:47:12.156 [main] INFO  s.d.s.w.r.operation.CachingOperationNameGenerator - Generating unique operation named: deleteUsingPOST_12
2023-01-30 13:47:12.172 [main] INFO  s.d.s.w.r.operation.CachingOperationNameGenerator - Generating unique operation named: getListUsingPOST_13
2023-01-30 13:47:12.177 [main] INFO  s.d.s.w.r.operation.CachingOperationNameGenerator - Generating unique operation named: updateUsingPOST_15
2023-01-30 13:47:12.303 [main] INFO  s.d.s.w.r.operation.CachingOperationNameGenerator - Generating unique operation named: detailUsingGET_17
2023-01-30 13:47:12.320 [main] INFO  s.d.s.w.r.operation.CachingOperationNameGenerator - Generating unique operation named: listUsingPOST_4
2023-01-30 13:47:12.362 [main] INFO  s.d.s.w.r.operation.CachingOperationNameGenerator - Generating unique operation named: listUsingPOST_5
2023-01-30 13:47:12.405 [main] INFO  s.d.s.w.r.operation.CachingOperationNameGenerator - Generating unique operation named: createUsingPOST_4
2023-01-30 13:47:12.412 [main] INFO  s.d.s.w.r.operation.CachingOperationNameGenerator - Generating unique operation named: deleteUsingPOST_13
2023-01-30 13:47:12.425 [main] INFO  s.d.s.w.r.operation.CachingOperationNameGenerator - Generating unique operation named: getDetailsUsingGET_3
2023-01-30 13:47:12.437 [main] INFO  s.d.s.w.r.operation.CachingOperationNameGenerator - Generating unique operation named: listPcUsingPOST_1
2023-01-30 13:47:12.443 [main] INFO  s.d.s.w.r.operation.CachingOperationNameGenerator - Generating unique operation named: updateUsingPOST_16
2023-01-30 13:47:12.632 [main] INFO  s.d.s.w.r.operation.CachingOperationNameGenerator - Generating unique operation named: deleteUsingPOST_14
2023-01-30 13:47:12.640 [main] INFO  s.d.s.w.r.operation.CachingOperationNameGenerator - Generating unique operation named: detailUsingGET_18
2023-01-30 13:47:12.747 [main] INFO  s.d.s.w.r.operation.CachingOperationNameGenerator - Generating unique operation named: getListUsingPOST_14
2023-01-30 13:47:12.787 [main] INFO  s.d.s.w.r.operation.CachingOperationNameGenerator - Generating unique operation named: insertUsingPOST_13
2023-01-30 13:47:12.993 [main] INFO  s.d.s.w.r.operation.CachingOperationNameGenerator - Generating unique operation named: updateUsingPOST_17
2023-01-30 13:47:14.047 [main] INFO  s.d.s.w.r.operation.CachingOperationNameGenerator - Generating unique operation named: createUsingPOST_5
2023-01-30 13:47:14.057 [main] INFO  s.d.s.w.r.operation.CachingOperationNameGenerator - Generating unique operation named: deleteUsingPOST_15
2023-01-30 13:47:14.129 [main] INFO  s.d.s.w.r.operation.CachingOperationNameGenerator - Generating unique operation named: listAppUsingPOST_2
2023-01-30 13:47:14.180 [main] INFO  s.d.s.w.r.operation.CachingOperationNameGenerator - Generating unique operation named: listPcUsingPOST_2
2023-01-30 13:47:14.187 [main] INFO  s.d.s.w.r.operation.CachingOperationNameGenerator - Generating unique operation named: downloadUsingGET_1
2023-01-30 13:47:14.439 [main] INFO  s.d.s.w.r.operation.CachingOperationNameGenerator - Generating unique operation named: detailUsingGET_19
2023-01-30 13:47:14.552 [main] INFO  s.d.s.w.r.operation.CachingOperationNameGenerator - Generating unique operation named: insertUsingPOST_14
2023-01-30 13:47:14.557 [main] INFO  s.d.s.w.r.operation.CachingOperationNameGenerator - Generating unique operation named: updateUsingPOST_18
2023-01-30 13:47:14.677 [main] INFO  s.d.s.w.r.operation.CachingOperationNameGenerator - Generating unique operation named: detailUsingGET_20
2023-01-30 13:47:14.738 [main] INFO  s.d.s.w.r.operation.CachingOperationNameGenerator - Generating unique operation named: deleteUsingPOST_16
2023-01-30 13:47:14.822 [main] INFO  s.d.s.w.r.operation.CachingOperationNameGenerator - Generating unique operation named: detailUsingGET_21
2023-01-30 13:47:14.893 [main] INFO  s.d.s.w.r.operation.CachingOperationNameGenerator - Generating unique operation named: insertUsingPOST_15
2023-01-30 13:47:14.907 [main] INFO  s.d.s.w.r.operation.CachingOperationNameGenerator - Generating unique operation named: listUsingPOST_6
2023-01-30 13:47:14.924 [main] INFO  s.d.s.w.r.operation.CachingOperationNameGenerator - Generating unique operation named: deleteUsingPOST_17
2023-01-30 13:47:14.961 [main] INFO  s.d.s.w.r.operation.CachingOperationNameGenerator - Generating unique operation named: detailUsingGET_22
2023-01-30 13:47:14.981 [main] INFO  s.d.s.w.r.operation.CachingOperationNameGenerator - Generating unique operation named: insertUsingPOST_16
2023-01-30 13:47:14.995 [main] INFO  s.d.s.w.r.operation.CachingOperationNameGenerator - Generating unique operation named: listUsingGET_1
2023-01-30 13:47:15.000 [main] INFO  s.d.s.w.r.operation.CachingOperationNameGenerator - Generating unique operation named: listUsingGET_2
2023-01-30 13:47:15.008 [main] INFO  s.d.s.w.r.operation.CachingOperationNameGenerator - Generating unique operation named: modifyUsingPOST_1
2023-01-30 13:47:15.444 [main] INFO  s.d.s.w.r.operation.CachingOperationNameGenerator - Generating unique operation named: auditUsingPOST_2
2023-01-30 13:47:15.664 [main] INFO  s.d.s.w.r.operation.CachingOperationNameGenerator - Generating unique operation named: deleteUsingPOST_18
2023-01-30 13:47:15.900 [main] INFO  s.d.s.w.r.operation.CachingOperationNameGenerator - Generating unique operation named: detailUsingGET_23
2023-01-30 13:47:16.028 [main] INFO  s.d.s.w.r.operation.CachingOperationNameGenerator - Generating unique operation named: pageListUsingPOST_1
2023-01-30 13:47:16.036 [main] INFO  s.d.s.w.r.operation.CachingOperationNameGenerator - Generating unique operation named: retrievePwdUsingPOST_1
2023-01-30 13:47:16.308 [main] INFO  s.d.s.w.r.operation.CachingOperationNameGenerator - Generating unique operation named: getColumnDetailValueStrUsingGET_1
2023-01-30 13:47:16.389 [main] INFO  s.d.s.w.r.operation.CachingOperationNameGenerator - Generating unique operation named: listUsingPOST_7
2023-01-30 13:47:16.416 [main] INFO  s.d.s.w.r.operation.CachingOperationNameGenerator - Generating unique operation named: detailUsingGET_24
2023-01-30 13:47:16.461 [main] INFO  s.d.s.w.r.operation.CachingOperationNameGenerator - Generating unique operation named: childListUsingGET_1
2023-01-30 13:47:16.491 [main] INFO  s.d.s.w.r.operation.CachingOperationNameGenerator - Generating unique operation named: deleteUsingPOST_19
2023-01-30 13:47:16.506 [main] INFO  s.d.s.w.r.operation.CachingOperationNameGenerator - Generating unique operation named: detailUsingGET_25
2023-01-30 13:47:16.512 [main] INFO  s.d.s.w.r.operation.CachingOperationNameGenerator - Generating unique operation named: insertUsingPOST_17
2023-01-30 13:47:16.540 [main] INFO  s.d.s.w.r.operation.CachingOperationNameGenerator - Generating unique operation named: pageListUsingPOST_2
2023-01-30 13:47:16.565 [main] INFO  s.d.s.w.r.operation.CachingOperationNameGenerator - Generating unique operation named: updateUsingPOST_19
2023-01-30 13:47:16.588 [main] INFO  s.d.s.w.r.operation.CachingOperationNameGenerator - Generating unique operation named: deleteUsingPOST_20
2023-01-30 13:47:16.853 [main] INFO  s.d.s.w.r.operation.CachingOperationNameGenerator - Generating unique operation named: detailUsingGET_26
2023-01-30 13:47:16.992 [main] INFO  s.d.s.w.r.operation.CachingOperationNameGenerator - Generating unique operation named: insertUsingPOST_18
2023-01-30 13:47:16.999 [main] INFO  s.d.s.w.r.operation.CachingOperationNameGenerator - Generating unique operation named: listUsingPOST_8
2023-01-30 13:47:17.281 [main] INFO  s.d.s.w.r.operation.CachingOperationNameGenerator - Generating unique operation named: modifyUsingPOST_2
2023-01-30 13:47:17.293 [main] INFO  s.d.s.w.r.operation.CachingOperationNameGenerator - Generating unique operation named: treeUsingGET_1
2023-01-30 13:47:17.392 [main] INFO  s.d.s.w.r.operation.CachingOperationNameGenerator - Generating unique operation named: getAllAreaUsingGET_1
2023-01-30 13:47:17.398 [main] INFO  s.d.s.w.r.operation.CachingOperationNameGenerator - Generating unique operation named: getProvinceUsingGET_1
2023-01-30 13:47:17.404 [main] INFO  s.d.s.w.r.operation.CachingOperationNameGenerator - Generating unique operation named: insertOrUpdateUsingPOST_3
2023-01-30 13:47:17.422 [main] INFO  s.d.s.w.r.operation.CachingOperationNameGenerator - Generating unique operation named: selectByIdUsingGET_2
2023-01-30 13:47:17.432 [main] INFO  s.d.s.w.r.operation.CachingOperationNameGenerator - Generating unique operation named: treeUsingGET_2
2023-01-30 13:47:17.454 [main] INFO  s.d.s.w.r.operation.CachingOperationNameGenerator - Generating unique operation named: detailUsingGET_27
2023-01-30 13:47:17.496 [main] INFO  s.d.s.w.r.operation.CachingOperationNameGenerator - Generating unique operation named: getListUsingPOST_15
2023-01-30 13:47:17.502 [main] INFO  s.d.s.w.r.operation.CachingOperationNameGenerator - Generating unique operation named: insertUsingPOST_19
2023-01-30 13:47:17.515 [main] INFO  s.d.s.w.r.operation.CachingOperationNameGenerator - Generating unique operation named: updateUsingPOST_20
2023-01-30 13:47:17.524 [main] INFO  s.d.s.w.r.operation.CachingOperationNameGenerator - Generating unique operation named: detailUsingGET_28
2023-01-30 13:47:17.742 [main] INFO  s.d.s.w.r.operation.CachingOperationNameGenerator - Generating unique operation named: selectForListPageUsingPOST_4
2023-01-30 13:47:18.220 [main] INFO  s.d.s.w.r.operation.CachingOperationNameGenerator - Generating unique operation named: listUsingPOST_9
2023-01-30 13:47:18.224 [main] INFO  s.d.s.w.r.operation.CachingOperationNameGenerator - Generating unique operation named: productListUsingPOST_1
2023-01-30 13:47:18.228 [main] INFO  s.d.s.w.r.operation.CachingOperationNameGenerator - Generating unique operation named: saveUsingPOST_2
2023-01-30 13:47:18.265 [main] INFO  s.d.s.w.r.operation.CachingOperationNameGenerator - Generating unique operation named: selectByConditionUsingPOST_1
2023-01-30 13:47:18.269 [main] INFO  s.d.s.w.r.operation.CachingOperationNameGenerator - Generating unique operation named: updateByPrimaryKeySelectiveUsingPOST_2
2023-01-30 13:47:18.324 [main] INFO  s.d.s.w.r.operation.CachingOperationNameGenerator - Generating unique operation named: createUsingPOST_6
2023-01-30 13:47:18.330 [main] INFO  s.d.s.w.r.operation.CachingOperationNameGenerator - Generating unique operation named: deleteUsingPOST_21
2023-01-30 13:47:18.379 [main] INFO  s.d.s.w.r.operation.CachingOperationNameGenerator - Generating unique operation named: getDetailsUsingGET_4
2023-01-30 13:47:18.391 [main] INFO  s.d.s.w.r.operation.CachingOperationNameGenerator - Generating unique operation named: listAppUsingPOST_3
2023-01-30 13:47:18.397 [main] INFO  s.d.s.w.r.operation.CachingOperationNameGenerator - Generating unique operation named: listPcUsingPOST_3
2023-01-30 13:47:18.402 [main] INFO  s.d.s.w.r.operation.CachingOperationNameGenerator - Generating unique operation named: updateUsingPOST_21
2023-01-30 13:47:18.409 [main] INFO  s.d.s.w.r.operation.CachingOperationNameGenerator - Generating unique operation named: getDetailsUsingGET_5
2023-01-30 13:47:18.432 [main] INFO  s.d.s.w.r.operation.CachingOperationNameGenerator - Generating unique operation named: downloadTemplateUsingGET_1
2023-01-30 13:47:18.503 [main] INFO  s.d.s.w.r.operation.CachingOperationNameGenerator - Generating unique operation named: auditUsingPOST_3
2023-01-30 13:47:18.507 [main] INFO  s.d.s.w.r.operation.CachingOperationNameGenerator - Generating unique operation named: downloadUsingGET_2
2023-01-30 13:47:18.679 [main] INFO  s.d.s.w.r.operation.CachingOperationNameGenerator - Generating unique operation named: pageListUsingPOST_3
2023-01-30 13:47:18.706 [main] INFO  s.d.s.w.r.operation.CachingOperationNameGenerator - Generating unique operation named: childListUsingGET_2
2023-01-30 13:47:18.735 [main] INFO  s.d.s.w.r.operation.CachingOperationNameGenerator - Generating unique operation named: deleteUsingPOST_22
2023-01-30 13:47:18.740 [main] INFO  s.d.s.w.r.operation.CachingOperationNameGenerator - Generating unique operation named: detailUsingGET_29
2023-01-30 13:47:18.761 [main] INFO  s.d.s.w.r.operation.CachingOperationNameGenerator - Generating unique operation named: insertUsingPOST_20
2023-01-30 13:47:18.779 [main] INFO  s.d.s.w.r.operation.CachingOperationNameGenerator - Generating unique operation named: pageListUsingPOST_4
2023-01-30 13:47:18.788 [main] INFO  s.d.s.w.r.operation.CachingOperationNameGenerator - Generating unique operation named: treeUsingGET_3
2023-01-30 13:47:18.794 [main] INFO  s.d.s.w.r.operation.CachingOperationNameGenerator - Generating unique operation named: updateUsingPOST_22
2023-01-30 13:47:18.842 [main] INFO  s.d.s.w.r.operation.CachingOperationNameGenerator - Generating unique operation named: productListUsingPOST_2
2023-01-30 13:47:19.747 [main] INFO  o.s.s.a.ScheduledAnnotationBeanPostProcessor - No TaskScheduler/ScheduledExecutorService bean found for scheduled processing
2023-01-30 13:47:19.768 [main] INFO  org.apache.coyote.http11.Http11NioProtocol - Starting ProtocolHandler ["http-nio-24001"]
2023-01-30 13:47:19.812 [main] INFO  o.s.boot.web.embedded.tomcat.TomcatWebServer - Tomcat started on port(s): 24001 (http) with context path '/cs-web'
2023-01-30 13:47:19.820 [main] INFO  com.alibaba.nacos.client.naming - [BEAT] adding beat: {"cluster":"DEFAULT","ip":"192.168.2.3","metadata":{"preserved.register.source":"SPRING_CLOUD"},"period":5000,"port":24001,"scheduled":false,"serviceName":"DEFAULT_GROUP@@cs-service-provider-lhc","stopped":false,"weight":1.0} to beat map.
2023-01-30 13:47:19.941 [main] INFO  com.alibaba.nacos.client.naming - [REGISTER-SERVICE] 6c1230e4-aef6-4d65-b7e0-1fac133250cd registering service DEFAULT_GROUP@@cs-service-provider-lhc with instance: {"clusterName":"DEFAULT","enabled":true,"ephemeral":true,"healthy":true,"instanceHeartBeatInterval":5000,"instanceHeartBeatTimeOut":15000,"ip":"192.168.2.3","ipDeleteTimeout":30000,"metadata":{"preserved.register.source":"SPRING_CLOUD"},"port":24001,"weight":1.0}
2023-01-30 13:47:20.170 [main] INFO  c.a.cloud.nacos.registry.NacosServiceRegistry - nacos registry, DEFAULT_GROUP cs-service-provider-lhc 192.168.2.3:24001 register finished
2023-01-30 13:47:21.636 [main] INFO  com.bairh.cs.provider.CsProviderApplication - Started CsProviderApplication in 51.206 seconds (JVM running for 56.786)
2023-01-30 13:47:21.643 [main] INFO  com.alibaba.nacos.client.config.impl.ClientWorker - [fixed-192.168.1.20_32474-6c1230e4-aef6-4d65-b7e0-1fac133250cd] [subscribe] cs-service-provider-lhc+DEFAULT_GROUP+6c1230e4-aef6-4d65-b7e0-1fac133250cd
2023-01-30 13:47:21.644 [main] INFO  com.alibaba.nacos.client.config.impl.CacheData - [fixed-192.168.1.20_32474-6c1230e4-aef6-4d65-b7e0-1fac133250cd] [add-listener] ok, tenant=6c1230e4-aef6-4d65-b7e0-1fac133250cd, dataId=cs-service-provider-lhc, group=DEFAULT_GROUP, cnt=1
2023-01-30 13:47:21.644 [main] INFO  com.alibaba.nacos.client.config.impl.ClientWorker - [fixed-192.168.1.20_32474-6c1230e4-aef6-4d65-b7e0-1fac133250cd] [subscribe] cs-service-provider-lhc.properties+DEFAULT_GROUP+6c1230e4-aef6-4d65-b7e0-1fac133250cd
2023-01-30 13:47:21.645 [main] INFO  com.alibaba.nacos.client.config.impl.CacheData - [fixed-192.168.1.20_32474-6c1230e4-aef6-4d65-b7e0-1fac133250cd] [add-listener] ok, tenant=6c1230e4-aef6-4d65-b7e0-1fac133250cd, dataId=cs-service-provider-lhc.properties, group=DEFAULT_GROUP, cnt=1
2023-01-30 13:47:21.646 [main] INFO  com.alibaba.nacos.client.config.impl.ClientWorker - [fixed-192.168.1.20_32474-6c1230e4-aef6-4d65-b7e0-1fac133250cd] [subscribe] rabbitmq.properties+DEFAULT_GROUP+6c1230e4-aef6-4d65-b7e0-1fac133250cd
2023-01-30 13:47:21.646 [main] INFO  com.alibaba.nacos.client.config.impl.CacheData - [fixed-192.168.1.20_32474-6c1230e4-aef6-4d65-b7e0-1fac133250cd] [add-listener] ok, tenant=6c1230e4-aef6-4d65-b7e0-1fac133250cd, dataId=rabbitmq.properties, group=DEFAULT_GROUP, cnt=1
2023-01-30 13:47:21.647 [main] INFO  com.alibaba.nacos.client.config.impl.ClientWorker - [fixed-192.168.1.20_32474-6c1230e4-aef6-4d65-b7e0-1fac133250cd] [subscribe] mysql.properties+DEFAULT_GROUP+6c1230e4-aef6-4d65-b7e0-1fac133250cd
2023-01-30 13:47:21.647 [main] INFO  com.alibaba.nacos.client.config.impl.CacheData - [fixed-192.168.1.20_32474-6c1230e4-aef6-4d65-b7e0-1fac133250cd] [add-listener] ok, tenant=6c1230e4-aef6-4d65-b7e0-1fac133250cd, dataId=mysql.properties, group=DEFAULT_GROUP, cnt=1
2023-01-30 13:47:21.648 [main] INFO  com.alibaba.nacos.client.config.impl.ClientWorker - [fixed-192.168.1.20_32474-6c1230e4-aef6-4d65-b7e0-1fac133250cd] [subscribe] redis.properties+DEFAULT_GROUP+6c1230e4-aef6-4d65-b7e0-1fac133250cd
2023-01-30 13:47:21.648 [main] INFO  com.alibaba.nacos.client.config.impl.CacheData - [fixed-192.168.1.20_32474-6c1230e4-aef6-4d65-b7e0-1fac133250cd] [add-listener] ok, tenant=6c1230e4-aef6-4d65-b7e0-1fac133250cd, dataId=redis.properties, group=DEFAULT_GROUP, cnt=1
2023-01-30 13:47:21.649 [main] INFO  com.alibaba.nacos.client.config.impl.ClientWorker - [fixed-192.168.1.20_32474-6c1230e4-aef6-4d65-b7e0-1fac133250cd] [subscribe] app-cs.properties+DEFAULT_GROUP+6c1230e4-aef6-4d65-b7e0-1fac133250cd
2023-01-30 13:47:21.649 [main] INFO  com.alibaba.nacos.client.config.impl.CacheData - [fixed-192.168.1.20_32474-6c1230e4-aef6-4d65-b7e0-1fac133250cd] [add-listener] ok, tenant=6c1230e4-aef6-4d65-b7e0-1fac133250cd, dataId=app-cs.properties, group=DEFAULT_GROUP, cnt=1
2023-01-30 14:43:09.855 [SpringContextShutdownHook] INFO  c.a.cloud.nacos.registry.NacosServiceRegistry - De-registering from Nacos Server now...
2023-01-30 14:43:09.878 [SpringContextShutdownHook] INFO  com.alibaba.nacos.client.naming - [BEAT] removing beat: DEFAULT_GROUP@@cs-service-provider-lhc:192.168.2.3:24001 from beat map.
2023-01-30 14:43:09.879 [SpringContextShutdownHook] INFO  com.alibaba.nacos.client.naming - [DEREGISTER-SERVICE] 6c1230e4-aef6-4d65-b7e0-1fac133250cd deregistering service DEFAULT_GROUP@@cs-service-provider-lhc with instance: {"clusterName":"DEFAULT","enabled":true,"ephemeral":true,"healthy":true,"instanceHeartBeatInterval":5000,"instanceHeartBeatTimeOut":15000,"instanceIdGenerator":"simple","ip":"192.168.2.3","ipDeleteTimeout":30000,"metadata":{},"port":24001,"weight":1.0}
2023-01-30 14:43:10.102 [SpringContextShutdownHook] INFO  c.a.cloud.nacos.registry.NacosServiceRegistry - De-registration finished.
2023-01-30 14:43:10.109 [SpringContextShutdownHook] INFO  o.s.scheduling.concurrent.ThreadPoolTaskExecutor - Shutting down ExecutorService 'applicationTaskExecutor'
2023-01-30 14:43:10.234 [SpringContextShutdownHook] INFO  com.alibaba.druid.pool.DruidDataSource - {dataSource-1} closing ...
2023-01-30 14:43:10.304 [SpringContextShutdownHook] INFO  com.alibaba.druid.pool.DruidDataSource - {dataSource-1} closed
2023-01-30 14:43:32.999 [main] INFO  c.a.n.client.config.impl.LocalConfigInfoProcessor - LOCAL_SNAPSHOT_PATH:C:\Users\huach\nacos\config
2023-01-30 14:43:33.053 [main] INFO  com.alibaba.nacos.client.config.impl.Limiter - limitTime:5.0
2023-01-30 14:43:33.265 [main] INFO  com.alibaba.nacos.client.config.utils.JVMUtil - isMultiInstance:false
2023-01-30 14:43:34.274 [main] INFO  o.s.c.b.c.PropertySourceBootstrapConfiguration - Located property source: [BootstrapPropertySource {name='bootstrapProperties-cs-service-provider-lhc.properties,DEFAULT_GROUP'}, BootstrapPropertySource {name='bootstrapProperties-cs-service-provider-lhc,DEFAULT_GROUP'}, BootstrapPropertySource {name='bootstrapProperties-rabbitmq.properties,DEFAULT_GROUP'}, BootstrapPropertySource {name='bootstrapProperties-app-cs.properties,DEFAULT_GROUP'}, BootstrapPropertySource {name='bootstrapProperties-redis.properties,DEFAULT_GROUP'}, BootstrapPropertySource {name='bootstrapProperties-mysql.properties,DEFAULT_GROUP'}]
2023-01-30 14:43:34.280 [main] INFO  com.bairh.cs.provider.CsProviderApplication - No active profile set, falling back to default profiles: default
2023-01-30 14:43:35.960 [main] INFO  o.s.d.r.config.RepositoryConfigurationDelegate - Multiple Spring Data modules found, entering strict repository configuration mode!
2023-01-30 14:43:35.964 [main] INFO  o.s.d.r.config.RepositoryConfigurationDelegate - Bootstrapping Spring Data repositories in DEFAULT mode.
2023-01-30 14:43:36.126 [main] INFO  o.s.d.r.config.RepositoryConfigurationDelegate - Finished Spring Data repository scanning in 56ms. Found 0 repository interfaces.
2023-01-30 14:43:36.598 [main] INFO  o.springframework.cloud.context.scope.GenericScope - BeanFactory id=d83406a6-851a-39ff-8d10-2afae51638a2
2023-01-30 14:43:37.001 [main] INFO  o.s.c.s.PostProcessorRegistrationDelegate$BeanPostProcessorChecker - Bean 'org.springframework.transaction.annotation.ProxyTransactionManagementConfiguration' of type [org.springframework.transaction.annotation.ProxyTransactionManagementConfiguration] is not eligible for getting processed by all BeanPostProcessors (for example: not eligible for auto-proxying)
2023-01-30 14:43:37.633 [main] INFO  o.s.boot.web.embedded.tomcat.TomcatWebServer - Tomcat initialized with port(s): 24001 (http)
2023-01-30 14:43:37.648 [main] INFO  org.apache.coyote.http11.Http11NioProtocol - Initializing ProtocolHandler ["http-nio-24001"]
2023-01-30 14:43:37.649 [main] INFO  org.apache.catalina.core.StandardService - Starting service [Tomcat]
2023-01-30 14:43:37.649 [main] INFO  org.apache.catalina.core.StandardEngine - Starting Servlet engine: [Apache Tomcat/9.0.27]
2023-01-30 14:43:37.882 [main] INFO  o.a.c.c.C.[Tomcat].[localhost].[/cs-web] - Initializing Spring embedded WebApplicationContext
2023-01-30 14:43:37.882 [main] INFO  org.springframework.web.context.ContextLoader - Root WebApplicationContext: initialization completed in 3572 ms
2023-01-30 14:43:38.460 [main] INFO  o.s.boot.web.servlet.RegistrationBean - Servlet statViewServlet was not registered (possibly already registered?)
2023-01-30 14:43:41.900 [main] INFO  com.alibaba.druid.pool.DruidDataSource - {dataSource-1} inited
2023-01-30 14:43:49.833 [main] INFO  io.lettuce.core.EpollProvider - Starting without optional epoll library
2023-01-30 14:43:49.849 [main] INFO  io.lettuce.core.KqueueProvider - Starting without optional kqueue library
2023-01-30 14:43:52.576 [main] INFO  com.netflix.config.sources.URLConfigurationSource - To enable URLs as dynamic configuration sources, define System property archaius.configurationSource.additionalUrls or make config.properties available on classpath.
2023-01-30 14:43:52.584 [main] INFO  com.netflix.config.sources.URLConfigurationSource - To enable URLs as dynamic configuration sources, define System property archaius.configurationSource.additionalUrls or make config.properties available on classpath.
2023-01-30 14:43:53.006 [main] INFO  o.s.scheduling.concurrent.ThreadPoolTaskExecutor - Initializing ExecutorService 'applicationTaskExecutor'
2023-01-30 14:43:54.294 [main] INFO  o.s.scheduling.concurrent.ThreadPoolTaskScheduler - Initializing ExecutorService 'Nacso-Watch-Task-Scheduler'
2023-01-30 14:43:54.302 [main] INFO  com.alibaba.nacos.client.naming - initializer namespace from System Property :null
2023-01-30 14:43:54.303 [main] INFO  com.alibaba.nacos.client.naming - initializer namespace from System Environment :null
2023-01-30 14:43:54.304 [main] INFO  com.alibaba.nacos.client.naming - initializer namespace from System Property :null
2023-01-30 14:43:56.041 [main] INFO  s.d.s.web.plugins.DocumentationPluginsBootstrapper - Context refreshed
2023-01-30 14:43:56.065 [main] INFO  s.d.s.web.plugins.DocumentationPluginsBootstrapper - Found 1 custom documentation plugin(s)
2023-01-30 14:43:56.085 [main] INFO  s.d.spring.web.scanners.ApiListingReferenceScanner - Scanning for api listing references
2023-01-30 14:43:56.475 [main] INFO  s.d.s.w.r.operation.CachingOperationNameGenerator - Generating unique operation named: detailUsingGET_1
2023-01-30 14:43:56.523 [main] INFO  s.d.s.w.r.operation.CachingOperationNameGenerator - Generating unique operation named: updateUsingPOST_1
2023-01-30 14:43:56.528 [main] INFO  s.d.s.w.r.operation.CachingOperationNameGenerator - Generating unique operation named: updateProjectUsingPOST_1
2023-01-30 14:43:56.643 [main] INFO  s.d.s.w.r.operation.CachingOperationNameGenerator - Generating unique operation named: detailUsingGET_2
2023-01-30 14:43:56.656 [main] INFO  s.d.s.w.r.operation.CachingOperationNameGenerator - Generating unique operation named: getListUsingPOST_1
2023-01-30 14:43:56.661 [main] INFO  s.d.s.w.r.operation.CachingOperationNameGenerator - Generating unique operation named: insertUsingPOST_1
2023-01-30 14:43:56.699 [main] INFO  s.d.s.w.r.operation.CachingOperationNameGenerator - Generating unique operation named: auditAccOrderUsingPOST_1
2023-01-30 14:43:56.703 [main] INFO  s.d.s.w.r.operation.CachingOperationNameGenerator - Generating unique operation named: auditAccOrderDetailUsingPOST_1
2023-01-30 14:43:56.711 [main] INFO  s.d.s.w.r.operation.CachingOperationNameGenerator - Generating unique operation named: createUsingPOST_1
2023-01-30 14:43:56.716 [main] INFO  s.d.s.w.r.operation.CachingOperationNameGenerator - Generating unique operation named: detailUsingGET_3
2023-01-30 14:43:56.737 [main] INFO  s.d.s.w.r.operation.CachingOperationNameGenerator - Generating unique operation named: selectForListPageUsingPOST_1
2023-01-30 14:43:56.900 [main] INFO  s.d.s.w.r.operation.CachingOperationNameGenerator - Generating unique operation named: detailUsingGET_4
2023-01-30 14:43:57.171 [main] INFO  s.d.s.w.r.operation.CachingOperationNameGenerator - Generating unique operation named: getListUsingPOST_2
2023-01-30 14:43:57.205 [main] INFO  s.d.s.w.r.operation.CachingOperationNameGenerator - Generating unique operation named: updateByIdsSelectiveByDeleteUsingPOST_1
2023-01-30 14:43:57.325 [main] INFO  s.d.s.w.r.operation.CachingOperationNameGenerator - Generating unique operation named: deleteUsingPOST_1
2023-01-30 14:43:57.328 [main] INFO  s.d.s.w.r.operation.CachingOperationNameGenerator - Generating unique operation named: detailUsingGET_5
2023-01-30 14:43:57.347 [main] INFO  s.d.s.w.r.operation.CachingOperationNameGenerator - Generating unique operation named: getListUsingPOST_3
2023-01-30 14:43:57.369 [main] INFO  s.d.s.w.r.operation.CachingOperationNameGenerator - Generating unique operation named: getListUsingPOST_4
2023-01-30 14:43:57.379 [main] INFO  s.d.s.w.r.operation.CachingOperationNameGenerator - Generating unique operation named: insertUsingPOST_2
2023-01-30 14:43:57.383 [main] INFO  s.d.s.w.r.operation.CachingOperationNameGenerator - Generating unique operation named: insertUsingPOST_3
2023-01-30 14:43:57.391 [main] INFO  s.d.s.w.r.operation.CachingOperationNameGenerator - Generating unique operation named: updateUsingPOST_2
2023-01-30 14:43:57.413 [main] INFO  s.d.s.w.r.operation.CachingOperationNameGenerator - Generating unique operation named: selectForListPageUsingPOST_2
2023-01-30 14:43:57.443 [main] INFO  s.d.s.w.r.operation.CachingOperationNameGenerator - Generating unique operation named: deleteUsingPOST_2
2023-01-30 14:43:57.461 [main] INFO  s.d.s.w.r.operation.CachingOperationNameGenerator - Generating unique operation named: detailUsingGET_6
2023-01-30 14:43:57.466 [main] INFO  s.d.s.w.r.operation.CachingOperationNameGenerator - Generating unique operation named: insertUsingPOST_4
2023-01-30 14:43:57.474 [main] INFO  s.d.s.w.r.operation.CachingOperationNameGenerator - Generating unique operation named: updateUsingPOST_3
2023-01-30 14:43:57.863 [main] INFO  s.d.s.w.r.operation.CachingOperationNameGenerator - Generating unique operation named: createUsingPOST_2
2023-01-30 14:43:57.874 [main] INFO  s.d.s.w.r.operation.CachingOperationNameGenerator - Generating unique operation named: deleteUsingPOST_3
2023-01-30 14:43:57.979 [main] INFO  s.d.s.w.r.operation.CachingOperationNameGenerator - Generating unique operation named: updateUsingPOST_4
2023-01-30 14:43:57.985 [main] INFO  s.d.s.w.r.operation.CachingOperationNameGenerator - Generating unique operation named: updateUsingPOST_5
2023-01-30 14:43:57.991 [main] INFO  s.d.s.w.r.operation.CachingOperationNameGenerator - Generating unique operation named: getDetailsUsingGET_1
2023-01-30 14:43:58.019 [main] INFO  s.d.s.w.r.operation.CachingOperationNameGenerator - Generating unique operation named: deleteUsingPOST_4
2023-01-30 14:43:58.033 [main] INFO  s.d.s.w.r.operation.CachingOperationNameGenerator - Generating unique operation named: insertOrUpdateUsingPOST_1
2023-01-30 14:43:58.038 [main] INFO  s.d.s.w.r.operation.CachingOperationNameGenerator - Generating unique operation named: listUsingPOST_1
2023-01-30 14:43:58.043 [main] INFO  s.d.s.w.r.operation.CachingOperationNameGenerator - Generating unique operation named: saveUsingPOST_1
2023-01-30 14:43:58.056 [main] INFO  s.d.s.w.r.operation.CachingOperationNameGenerator - Generating unique operation named: deleteUsingPOST_5
2023-01-30 14:43:58.059 [main] INFO  s.d.s.w.r.operation.CachingOperationNameGenerator - Generating unique operation named: detailUsingGET_7
2023-01-30 14:43:58.069 [main] INFO  s.d.s.w.r.operation.CachingOperationNameGenerator - Generating unique operation named: getListUsingPOST_5
2023-01-30 14:43:58.072 [main] INFO  s.d.s.w.r.operation.CachingOperationNameGenerator - Generating unique operation named: insertUsingPOST_5
2023-01-30 14:43:58.093 [main] INFO  s.d.s.w.r.operation.CachingOperationNameGenerator - Generating unique operation named: updateUsingPOST_6
2023-01-30 14:43:58.111 [main] INFO  s.d.s.w.r.operation.CachingOperationNameGenerator - Generating unique operation named: deleteUsingPOST_6
2023-01-30 14:43:58.119 [main] INFO  s.d.s.w.r.operation.CachingOperationNameGenerator - Generating unique operation named: detailUsingGET_8
2023-01-30 14:43:58.144 [main] INFO  s.d.s.w.r.operation.CachingOperationNameGenerator - Generating unique operation named: getListUsingPOST_6
2023-01-30 14:43:58.148 [main] INFO  s.d.s.w.r.operation.CachingOperationNameGenerator - Generating unique operation named: insertUsingPOST_6
2023-01-30 14:43:58.150 [main] INFO  s.d.s.w.r.operation.CachingOperationNameGenerator - Generating unique operation named: updateUsingPOST_7
2023-01-30 14:43:58.175 [main] INFO  s.d.s.w.r.operation.CachingOperationNameGenerator - Generating unique operation named: deleteUsingPOST_7
2023-01-30 14:43:58.178 [main] INFO  s.d.s.w.r.operation.CachingOperationNameGenerator - Generating unique operation named: detailUsingGET_9
2023-01-30 14:43:58.194 [main] INFO  s.d.s.w.r.operation.CachingOperationNameGenerator - Generating unique operation named: getListUsingPOST_7
2023-01-30 14:43:58.199 [main] INFO  s.d.s.w.r.operation.CachingOperationNameGenerator - Generating unique operation named: insertUsingPOST_7
2023-01-30 14:43:58.204 [main] INFO  s.d.s.w.r.operation.CachingOperationNameGenerator - Generating unique operation named: updateUsingPOST_8
2023-01-30 14:43:58.238 [main] INFO  s.d.s.w.r.operation.CachingOperationNameGenerator - Generating unique operation named: deleteUsingPOST_8
2023-01-30 14:43:58.264 [main] INFO  s.d.s.w.r.operation.CachingOperationNameGenerator - Generating unique operation named: deleteUsingPOST_9
2023-01-30 14:43:58.275 [main] INFO  s.d.s.w.r.operation.CachingOperationNameGenerator - Generating unique operation named: detailUsingGET_10
2023-01-30 14:43:58.305 [main] INFO  s.d.s.w.r.operation.CachingOperationNameGenerator - Generating unique operation named: getListUsingPOST_8
2023-01-30 14:43:58.343 [main] INFO  s.d.s.w.r.operation.CachingOperationNameGenerator - Generating unique operation named: getListUsingPOST_9
2023-01-30 14:43:58.362 [main] INFO  s.d.s.w.r.operation.CachingOperationNameGenerator - Generating unique operation named: insertUsingPOST_8
2023-01-30 14:43:58.392 [main] INFO  s.d.s.w.r.operation.CachingOperationNameGenerator - Generating unique operation named: insertUsingPOST_9
2023-01-30 14:43:58.398 [main] INFO  s.d.s.w.r.operation.CachingOperationNameGenerator - Generating unique operation named: listAppUsingPOST_1
2023-01-30 14:43:58.423 [main] INFO  s.d.s.w.r.operation.CachingOperationNameGenerator - Generating unique operation named: updateUsingPOST_9
2023-01-30 14:43:58.429 [main] INFO  s.d.s.w.r.operation.CachingOperationNameGenerator - Generating unique operation named: updateUsingPOST_10
2023-01-30 14:43:58.433 [main] INFO  s.d.s.w.r.operation.CachingOperationNameGenerator - Generating unique operation named: detailUsingGET_11
2023-01-30 14:43:58.492 [main] INFO  s.d.s.w.r.operation.CachingOperationNameGenerator - Generating unique operation named: getDetailsUsingGET_2
2023-01-30 14:43:58.551 [main] INFO  s.d.s.w.r.operation.CachingOperationNameGenerator - Generating unique operation named: readUsingPOST_1
2023-01-30 14:43:58.603 [main] INFO  s.d.s.w.r.operation.CachingOperationNameGenerator - Generating unique operation named: detailUsingGET_12
2023-01-30 14:43:58.629 [main] INFO  s.d.s.w.r.operation.CachingOperationNameGenerator - Generating unique operation named: getListUsingPOST_10
2023-01-30 14:43:58.637 [main] INFO  s.d.s.w.r.operation.CachingOperationNameGenerator - Generating unique operation named: insertUsingPOST_10
2023-01-30 14:43:58.639 [main] INFO  s.d.s.w.r.operation.CachingOperationNameGenerator - Generating unique operation named: updateUsingPOST_11
2023-01-30 14:43:58.673 [main] INFO  s.d.s.w.r.operation.CachingOperationNameGenerator - Generating unique operation named: getListUsingPOST_11
2023-01-30 14:43:59.078 [main] INFO  s.d.s.w.r.operation.CachingOperationNameGenerator - Generating unique operation named: detailUsingGET_13
2023-01-30 14:43:59.616 [main] INFO  s.d.s.w.r.operation.CachingOperationNameGenerator - Generating unique operation named: listUsingPOST_2
2023-01-30 14:43:59.677 [main] INFO  s.d.s.w.r.operation.CachingOperationNameGenerator - Generating unique operation named: pcProjectListUsingGET_1
2023-01-30 14:44:01.157 [main] INFO  s.d.s.w.r.operation.CachingOperationNameGenerator - Generating unique operation named: getDetailHaveOtherInfoUsingGET_1
2023-01-30 14:44:01.804 [main] INFO  s.d.s.w.r.operation.CachingOperationNameGenerator - Generating unique operation named: cancelOrderByWechatUsingPOST_1
2023-01-30 14:44:01.921 [main] INFO  s.d.s.w.r.operation.CachingOperationNameGenerator - Generating unique operation named: getOrderDetailListUsingPOST_1
2023-01-30 14:44:01.982 [main] INFO  s.d.s.w.r.operation.CachingOperationNameGenerator - Generating unique operation named: selectByIdUsingGET_1
2023-01-30 14:44:02.025 [main] INFO  s.d.s.w.r.operation.CachingOperationNameGenerator - Generating unique operation named: updateByPrimaryKeySelectiveUsingPOST_1
2023-01-30 14:44:02.091 [main] INFO  s.d.s.w.r.operation.CachingOperationNameGenerator - Generating unique operation named: getRecordListByOrderUsingPOST_1
2023-01-30 14:44:02.104 [main] INFO  s.d.s.w.r.operation.CachingOperationNameGenerator - Generating unique operation named: addOrderEvaluateUsingPOST_1
2023-01-30 14:44:02.122 [main] INFO  s.d.s.w.r.operation.CachingOperationNameGenerator - Generating unique operation named: importExcelUsingPOST_1
2023-01-30 14:44:02.146 [main] INFO  s.d.s.w.r.operation.CachingOperationNameGenerator - Generating unique operation named: getListByConditionUsingPOST_1
2023-01-30 14:44:02.148 [main] INFO  s.d.s.w.r.operation.CachingOperationNameGenerator - Generating unique operation named: deleteUsingPOST_10
2023-01-30 14:44:02.151 [main] INFO  s.d.s.w.r.operation.CachingOperationNameGenerator - Generating unique operation named: detailUsingGET_14
2023-01-30 14:44:02.160 [main] INFO  s.d.s.w.r.operation.CachingOperationNameGenerator - Generating unique operation named: getListUsingPOST_12
2023-01-30 14:44:02.162 [main] INFO  s.d.s.w.r.operation.CachingOperationNameGenerator - Generating unique operation named: insertUsingPOST_11
2023-01-30 14:44:02.165 [main] INFO  s.d.s.w.r.operation.CachingOperationNameGenerator - Generating unique operation named: listTreeUsingGET_1
2023-01-30 14:44:02.167 [main] INFO  s.d.s.w.r.operation.CachingOperationNameGenerator - Generating unique operation named: updateUsingPOST_12
2023-01-30 14:44:02.192 [main] INFO  s.d.s.w.r.operation.CachingOperationNameGenerator - Generating unique operation named: listUsingPOST_3
2023-01-30 14:44:02.209 [main] INFO  s.d.s.w.r.operation.CachingOperationNameGenerator - Generating unique operation named: deleteUsingPOST_11
2023-01-30 14:44:02.212 [main] INFO  s.d.s.w.r.operation.CachingOperationNameGenerator - Generating unique operation named: detailUsingGET_15
2023-01-30 14:44:02.244 [main] INFO  s.d.s.w.r.operation.CachingOperationNameGenerator - Generating unique operation named: getListByConditionUsingPOST_2
2023-01-30 14:44:02.248 [main] INFO  s.d.s.w.r.operation.CachingOperationNameGenerator - Generating unique operation named: insertUsingPOST_12
2023-01-30 14:44:02.252 [main] INFO  s.d.s.w.r.operation.CachingOperationNameGenerator - Generating unique operation named: updateUsingPOST_13
2023-01-30 14:44:02.267 [main] INFO  s.d.s.w.r.operation.CachingOperationNameGenerator - Generating unique operation named: addUsingPOST_1
2023-01-30 14:44:02.271 [main] INFO  s.d.s.w.r.operation.CachingOperationNameGenerator - Generating unique operation named: pageUsingPOST_1
2023-01-30 14:44:02.276 [main] INFO  s.d.s.w.r.operation.CachingOperationNameGenerator - Generating unique operation named: removeUsingPOST_1
2023-01-30 14:44:02.278 [main] INFO  s.d.s.w.r.operation.CachingOperationNameGenerator - Generating unique operation named: updateUsingPOST_14
2023-01-30 14:44:02.292 [main] INFO  s.d.s.w.r.operation.CachingOperationNameGenerator - Generating unique operation named: auditUsingPOST_1
2023-01-30 14:44:02.298 [main] INFO  s.d.s.w.r.operation.CachingOperationNameGenerator - Generating unique operation named: downloadPartsBomExcelUsingGET_1
2023-01-30 14:44:02.320 [main] INFO  s.d.s.w.r.operation.CachingOperationNameGenerator - Generating unique operation named: getBomListUsingGET_1
2023-01-30 14:44:02.353 [main] INFO  s.d.s.w.r.operation.CachingOperationNameGenerator - Generating unique operation named: insertOrUpdateUsingPOST_2
2023-01-30 14:44:02.371 [main] INFO  s.d.s.w.r.operation.CachingOperationNameGenerator - Generating unique operation named: detailUsingGET_16
2023-01-30 14:44:02.395 [main] INFO  s.d.s.w.r.operation.CachingOperationNameGenerator - Generating unique operation named: selectForListPageUsingPOST_3
2023-01-30 14:44:02.406 [main] INFO  s.d.s.w.r.operation.CachingOperationNameGenerator - Generating unique operation named: createUsingPOST_3
2023-01-30 14:44:02.410 [main] INFO  s.d.s.w.r.operation.CachingOperationNameGenerator - Generating unique operation named: deleteUsingPOST_12
2023-01-30 14:44:02.420 [main] INFO  s.d.s.w.r.operation.CachingOperationNameGenerator - Generating unique operation named: getListUsingPOST_13
2023-01-30 14:44:02.422 [main] INFO  s.d.s.w.r.operation.CachingOperationNameGenerator - Generating unique operation named: updateUsingPOST_15
2023-01-30 14:44:02.479 [main] INFO  s.d.s.w.r.operation.CachingOperationNameGenerator - Generating unique operation named: detailUsingGET_17
2023-01-30 14:44:02.503 [main] INFO  s.d.s.w.r.operation.CachingOperationNameGenerator - Generating unique operation named: listUsingPOST_4
2023-01-30 14:44:02.525 [main] INFO  s.d.s.w.r.operation.CachingOperationNameGenerator - Generating unique operation named: listUsingPOST_5
2023-01-30 14:44:02.553 [main] INFO  s.d.s.w.r.operation.CachingOperationNameGenerator - Generating unique operation named: createUsingPOST_4
2023-01-30 14:44:02.556 [main] INFO  s.d.s.w.r.operation.CachingOperationNameGenerator - Generating unique operation named: deleteUsingPOST_13
2023-01-30 14:44:02.562 [main] INFO  s.d.s.w.r.operation.CachingOperationNameGenerator - Generating unique operation named: getDetailsUsingGET_3
2023-01-30 14:44:02.570 [main] INFO  s.d.s.w.r.operation.CachingOperationNameGenerator - Generating unique operation named: listPcUsingPOST_1
2023-01-30 14:44:02.572 [main] INFO  s.d.s.w.r.operation.CachingOperationNameGenerator - Generating unique operation named: updateUsingPOST_16
2023-01-30 14:44:02.668 [main] INFO  s.d.s.w.r.operation.CachingOperationNameGenerator - Generating unique operation named: deleteUsingPOST_14
2023-01-30 14:44:02.675 [main] INFO  s.d.s.w.r.operation.CachingOperationNameGenerator - Generating unique operation named: detailUsingGET_18
2023-01-30 14:44:02.737 [main] INFO  s.d.s.w.r.operation.CachingOperationNameGenerator - Generating unique operation named: getListUsingPOST_14
2023-01-30 14:44:02.752 [main] INFO  s.d.s.w.r.operation.CachingOperationNameGenerator - Generating unique operation named: insertUsingPOST_13
2023-01-30 14:44:02.872 [main] INFO  s.d.s.w.r.operation.CachingOperationNameGenerator - Generating unique operation named: updateUsingPOST_17
2023-01-30 14:44:03.009 [main] INFO  s.d.s.w.r.operation.CachingOperationNameGenerator - Generating unique operation named: createUsingPOST_5
2023-01-30 14:44:03.013 [main] INFO  s.d.s.w.r.operation.CachingOperationNameGenerator - Generating unique operation named: deleteUsingPOST_15
2023-01-30 14:44:03.031 [main] INFO  s.d.s.w.r.operation.CachingOperationNameGenerator - Generating unique operation named: listAppUsingPOST_2
2023-01-30 14:44:03.041 [main] INFO  s.d.s.w.r.operation.CachingOperationNameGenerator - Generating unique operation named: listPcUsingPOST_2
2023-01-30 14:44:03.044 [main] INFO  s.d.s.w.r.operation.CachingOperationNameGenerator - Generating unique operation named: downloadUsingGET_1
2023-01-30 14:44:03.086 [main] INFO  s.d.s.w.r.operation.CachingOperationNameGenerator - Generating unique operation named: detailUsingGET_19
2023-01-30 14:44:03.096 [main] INFO  s.d.s.w.r.operation.CachingOperationNameGenerator - Generating unique operation named: insertUsingPOST_14
2023-01-30 14:44:03.098 [main] INFO  s.d.s.w.r.operation.CachingOperationNameGenerator - Generating unique operation named: updateUsingPOST_18
2023-01-30 14:44:03.108 [main] INFO  s.d.s.w.r.operation.CachingOperationNameGenerator - Generating unique operation named: detailUsingGET_20
2023-01-30 14:44:03.111 [main] INFO  s.d.s.w.r.operation.CachingOperationNameGenerator - Generating unique operation named: deleteUsingPOST_16
2023-01-30 14:44:03.118 [main] INFO  s.d.s.w.r.operation.CachingOperationNameGenerator - Generating unique operation named: detailUsingGET_21
2023-01-30 14:44:03.125 [main] INFO  s.d.s.w.r.operation.CachingOperationNameGenerator - Generating unique operation named: insertUsingPOST_15
2023-01-30 14:44:03.127 [main] INFO  s.d.s.w.r.operation.CachingOperationNameGenerator - Generating unique operation named: listUsingPOST_6
2023-01-30 14:44:03.134 [main] INFO  s.d.s.w.r.operation.CachingOperationNameGenerator - Generating unique operation named: deleteUsingPOST_17
2023-01-30 14:44:03.144 [main] INFO  s.d.s.w.r.operation.CachingOperationNameGenerator - Generating unique operation named: detailUsingGET_22
2023-01-30 14:44:03.151 [main] INFO  s.d.s.w.r.operation.CachingOperationNameGenerator - Generating unique operation named: insertUsingPOST_16
2023-01-30 14:44:03.153 [main] INFO  s.d.s.w.r.operation.CachingOperationNameGenerator - Generating unique operation named: listUsingGET_1
2023-01-30 14:44:03.156 [main] INFO  s.d.s.w.r.operation.CachingOperationNameGenerator - Generating unique operation named: listUsingGET_2
2023-01-30 14:44:03.159 [main] INFO  s.d.s.w.r.operation.CachingOperationNameGenerator - Generating unique operation named: modifyUsingPOST_1
2023-01-30 14:44:03.227 [main] INFO  s.d.s.w.r.operation.CachingOperationNameGenerator - Generating unique operation named: auditUsingPOST_2
2023-01-30 14:44:03.296 [main] INFO  s.d.s.w.r.operation.CachingOperationNameGenerator - Generating unique operation named: deleteUsingPOST_18
2023-01-30 14:44:03.363 [main] INFO  s.d.s.w.r.operation.CachingOperationNameGenerator - Generating unique operation named: detailUsingGET_23
2023-01-30 14:44:03.383 [main] INFO  s.d.s.w.r.operation.CachingOperationNameGenerator - Generating unique operation named: pageListUsingPOST_1
2023-01-30 14:44:03.386 [main] INFO  s.d.s.w.r.operation.CachingOperationNameGenerator - Generating unique operation named: retrievePwdUsingPOST_1
2023-01-30 14:44:03.428 [main] INFO  s.d.s.w.r.operation.CachingOperationNameGenerator - Generating unique operation named: getColumnDetailValueStrUsingGET_1
2023-01-30 14:44:03.462 [main] INFO  s.d.s.w.r.operation.CachingOperationNameGenerator - Generating unique operation named: listUsingPOST_7
2023-01-30 14:44:03.471 [main] INFO  s.d.s.w.r.operation.CachingOperationNameGenerator - Generating unique operation named: detailUsingGET_24
2023-01-30 14:44:03.490 [main] INFO  s.d.s.w.r.operation.CachingOperationNameGenerator - Generating unique operation named: childListUsingGET_1
2023-01-30 14:44:03.498 [main] INFO  s.d.s.w.r.operation.CachingOperationNameGenerator - Generating unique operation named: deleteUsingPOST_19
2023-01-30 14:44:03.501 [main] INFO  s.d.s.w.r.operation.CachingOperationNameGenerator - Generating unique operation named: detailUsingGET_25
2023-01-30 14:44:03.503 [main] INFO  s.d.s.w.r.operation.CachingOperationNameGenerator - Generating unique operation named: insertUsingPOST_17
2023-01-30 14:44:03.505 [main] INFO  s.d.s.w.r.operation.CachingOperationNameGenerator - Generating unique operation named: pageListUsingPOST_2
2023-01-30 14:44:03.512 [main] INFO  s.d.s.w.r.operation.CachingOperationNameGenerator - Generating unique operation named: updateUsingPOST_19
2023-01-30 14:44:03.516 [main] INFO  s.d.s.w.r.operation.CachingOperationNameGenerator - Generating unique operation named: deleteUsingPOST_20
2023-01-30 14:44:03.524 [main] INFO  s.d.s.w.r.operation.CachingOperationNameGenerator - Generating unique operation named: detailUsingGET_26
2023-01-30 14:44:03.537 [main] INFO  s.d.s.w.r.operation.CachingOperationNameGenerator - Generating unique operation named: insertUsingPOST_18
2023-01-30 14:44:03.541 [main] INFO  s.d.s.w.r.operation.CachingOperationNameGenerator - Generating unique operation named: listUsingPOST_8
2023-01-30 14:44:03.551 [main] INFO  s.d.s.w.r.operation.CachingOperationNameGenerator - Generating unique operation named: modifyUsingPOST_2
2023-01-30 14:44:03.554 [main] INFO  s.d.s.w.r.operation.CachingOperationNameGenerator - Generating unique operation named: treeUsingGET_1
2023-01-30 14:44:03.574 [main] INFO  s.d.s.w.r.operation.CachingOperationNameGenerator - Generating unique operation named: getAllAreaUsingGET_1
2023-01-30 14:44:03.576 [main] INFO  s.d.s.w.r.operation.CachingOperationNameGenerator - Generating unique operation named: getProvinceUsingGET_1
2023-01-30 14:44:03.579 [main] INFO  s.d.s.w.r.operation.CachingOperationNameGenerator - Generating unique operation named: insertOrUpdateUsingPOST_3
2023-01-30 14:44:03.581 [main] INFO  s.d.s.w.r.operation.CachingOperationNameGenerator - Generating unique operation named: selectByIdUsingGET_2
2023-01-30 14:44:03.584 [main] INFO  s.d.s.w.r.operation.CachingOperationNameGenerator - Generating unique operation named: treeUsingGET_2
2023-01-30 14:44:03.587 [main] INFO  s.d.s.w.r.operation.CachingOperationNameGenerator - Generating unique operation named: detailUsingGET_27
2023-01-30 14:44:03.599 [main] INFO  s.d.s.w.r.operation.CachingOperationNameGenerator - Generating unique operation named: getListUsingPOST_15
2023-01-30 14:44:03.601 [main] INFO  s.d.s.w.r.operation.CachingOperationNameGenerator - Generating unique operation named: insertUsingPOST_19
2023-01-30 14:44:03.603 [main] INFO  s.d.s.w.r.operation.CachingOperationNameGenerator - Generating unique operation named: updateUsingPOST_20
2023-01-30 14:44:03.606 [main] INFO  s.d.s.w.r.operation.CachingOperationNameGenerator - Generating unique operation named: detailUsingGET_28
2023-01-30 14:44:03.621 [main] INFO  s.d.s.w.r.operation.CachingOperationNameGenerator - Generating unique operation named: selectForListPageUsingPOST_4
2023-01-30 14:44:03.630 [main] INFO  s.d.s.w.r.operation.CachingOperationNameGenerator - Generating unique operation named: listUsingPOST_9
2023-01-30 14:44:03.631 [main] INFO  s.d.s.w.r.operation.CachingOperationNameGenerator - Generating unique operation named: productListUsingPOST_1
2023-01-30 14:44:03.633 [main] INFO  s.d.s.w.r.operation.CachingOperationNameGenerator - Generating unique operation named: saveUsingPOST_2
2023-01-30 14:44:03.650 [main] INFO  s.d.s.w.r.operation.CachingOperationNameGenerator - Generating unique operation named: selectByConditionUsingPOST_1
2023-01-30 14:44:03.652 [main] INFO  s.d.s.w.r.operation.CachingOperationNameGenerator - Generating unique operation named: updateByPrimaryKeySelectiveUsingPOST_2
2023-01-30 14:44:03.684 [main] INFO  s.d.s.w.r.operation.CachingOperationNameGenerator - Generating unique operation named: createUsingPOST_6
2023-01-30 14:44:03.692 [main] INFO  s.d.s.w.r.operation.CachingOperationNameGenerator - Generating unique operation named: deleteUsingPOST_21
2023-01-30 14:44:03.733 [main] INFO  s.d.s.w.r.operation.CachingOperationNameGenerator - Generating unique operation named: getDetailsUsingGET_4
2023-01-30 14:44:03.744 [main] INFO  s.d.s.w.r.operation.CachingOperationNameGenerator - Generating unique operation named: listAppUsingPOST_3
2023-01-30 14:44:03.751 [main] INFO  s.d.s.w.r.operation.CachingOperationNameGenerator - Generating unique operation named: listPcUsingPOST_3
2023-01-30 14:44:03.760 [main] INFO  s.d.s.w.r.operation.CachingOperationNameGenerator - Generating unique operation named: updateUsingPOST_21
2023-01-30 14:44:03.767 [main] INFO  s.d.s.w.r.operation.CachingOperationNameGenerator - Generating unique operation named: getDetailsUsingGET_5
2023-01-30 14:44:03.786 [main] INFO  s.d.s.w.r.operation.CachingOperationNameGenerator - Generating unique operation named: downloadTemplateUsingGET_1
2023-01-30 14:44:03.844 [main] INFO  s.d.s.w.r.operation.CachingOperationNameGenerator - Generating unique operation named: auditUsingPOST_3
2023-01-30 14:44:03.846 [main] INFO  s.d.s.w.r.operation.CachingOperationNameGenerator - Generating unique operation named: downloadUsingGET_2
2023-01-30 14:44:03.940 [main] INFO  s.d.s.w.r.operation.CachingOperationNameGenerator - Generating unique operation named: pageListUsingPOST_3
2023-01-30 14:44:03.955 [main] INFO  s.d.s.w.r.operation.CachingOperationNameGenerator - Generating unique operation named: childListUsingGET_2
2023-01-30 14:44:03.972 [main] INFO  s.d.s.w.r.operation.CachingOperationNameGenerator - Generating unique operation named: deleteUsingPOST_22
2023-01-30 14:44:03.978 [main] INFO  s.d.s.w.r.operation.CachingOperationNameGenerator - Generating unique operation named: detailUsingGET_29
2023-01-30 14:44:03.986 [main] INFO  s.d.s.w.r.operation.CachingOperationNameGenerator - Generating unique operation named: insertUsingPOST_20
2023-01-30 14:44:04.007 [main] INFO  s.d.s.w.r.operation.CachingOperationNameGenerator - Generating unique operation named: pageListUsingPOST_4
2023-01-30 14:44:04.017 [main] INFO  s.d.s.w.r.operation.CachingOperationNameGenerator - Generating unique operation named: treeUsingGET_3
2023-01-30 14:44:04.022 [main] INFO  s.d.s.w.r.operation.CachingOperationNameGenerator - Generating unique operation named: updateUsingPOST_22
2023-01-30 14:44:04.057 [main] INFO  s.d.s.w.r.operation.CachingOperationNameGenerator - Generating unique operation named: productListUsingPOST_2
2023-01-30 14:44:04.853 [main] INFO  o.s.s.a.ScheduledAnnotationBeanPostProcessor - No TaskScheduler/ScheduledExecutorService bean found for scheduled processing
2023-01-30 14:44:04.863 [main] INFO  org.apache.coyote.http11.Http11NioProtocol - Starting ProtocolHandler ["http-nio-24001"]
2023-01-30 14:44:04.886 [main] INFO  o.s.boot.web.embedded.tomcat.TomcatWebServer - Tomcat started on port(s): 24001 (http) with context path '/cs-web'
2023-01-30 14:44:04.891 [main] INFO  com.alibaba.nacos.client.naming - [BEAT] adding beat: {"cluster":"DEFAULT","ip":"192.168.2.3","metadata":{"preserved.register.source":"SPRING_CLOUD"},"period":5000,"port":24001,"scheduled":false,"serviceName":"DEFAULT_GROUP@@cs-service-provider-lhc","stopped":false,"weight":1.0} to beat map.
2023-01-30 14:44:04.966 [main] INFO  com.alibaba.nacos.client.naming - [REGISTER-SERVICE] 6c1230e4-aef6-4d65-b7e0-1fac133250cd registering service DEFAULT_GROUP@@cs-service-provider-lhc with instance: {"clusterName":"DEFAULT","enabled":true,"ephemeral":true,"healthy":true,"instanceHeartBeatInterval":5000,"instanceHeartBeatTimeOut":15000,"ip":"192.168.2.3","ipDeleteTimeout":30000,"metadata":{"preserved.register.source":"SPRING_CLOUD"},"port":24001,"weight":1.0}
2023-01-30 14:44:05.189 [main] INFO  c.a.cloud.nacos.registry.NacosServiceRegistry - nacos registry, DEFAULT_GROUP cs-service-provider-lhc 192.168.2.3:24001 register finished
2023-01-30 14:44:06.380 [main] INFO  com.bairh.cs.provider.CsProviderApplication - Started CsProviderApplication in 37.931 seconds (JVM running for 40.773)
2023-01-30 14:44:06.386 [main] INFO  com.alibaba.nacos.client.config.impl.ClientWorker - [fixed-192.168.1.20_32474-6c1230e4-aef6-4d65-b7e0-1fac133250cd] [subscribe] cs-service-provider-lhc+DEFAULT_GROUP+6c1230e4-aef6-4d65-b7e0-1fac133250cd
2023-01-30 14:44:06.386 [main] INFO  com.alibaba.nacos.client.config.impl.CacheData - [fixed-192.168.1.20_32474-6c1230e4-aef6-4d65-b7e0-1fac133250cd] [add-listener] ok, tenant=6c1230e4-aef6-4d65-b7e0-1fac133250cd, dataId=cs-service-provider-lhc, group=DEFAULT_GROUP, cnt=1
2023-01-30 14:44:06.387 [main] INFO  com.alibaba.nacos.client.config.impl.ClientWorker - [fixed-192.168.1.20_32474-6c1230e4-aef6-4d65-b7e0-1fac133250cd] [subscribe] cs-service-provider-lhc.properties+DEFAULT_GROUP+6c1230e4-aef6-4d65-b7e0-1fac133250cd
2023-01-30 14:44:06.387 [main] INFO  com.alibaba.nacos.client.config.impl.CacheData - [fixed-192.168.1.20_32474-6c1230e4-aef6-4d65-b7e0-1fac133250cd] [add-listener] ok, tenant=6c1230e4-aef6-4d65-b7e0-1fac133250cd, dataId=cs-service-provider-lhc.properties, group=DEFAULT_GROUP, cnt=1
2023-01-30 14:44:06.388 [main] INFO  com.alibaba.nacos.client.config.impl.ClientWorker - [fixed-192.168.1.20_32474-6c1230e4-aef6-4d65-b7e0-1fac133250cd] [subscribe] rabbitmq.properties+DEFAULT_GROUP+6c1230e4-aef6-4d65-b7e0-1fac133250cd
2023-01-30 14:44:06.388 [main] INFO  com.alibaba.nacos.client.config.impl.CacheData - [fixed-192.168.1.20_32474-6c1230e4-aef6-4d65-b7e0-1fac133250cd] [add-listener] ok, tenant=6c1230e4-aef6-4d65-b7e0-1fac133250cd, dataId=rabbitmq.properties, group=DEFAULT_GROUP, cnt=1
2023-01-30 14:44:06.389 [main] INFO  com.alibaba.nacos.client.config.impl.ClientWorker - [fixed-192.168.1.20_32474-6c1230e4-aef6-4d65-b7e0-1fac133250cd] [subscribe] mysql.properties+DEFAULT_GROUP+6c1230e4-aef6-4d65-b7e0-1fac133250cd
2023-01-30 14:44:06.389 [main] INFO  com.alibaba.nacos.client.config.impl.CacheData - [fixed-192.168.1.20_32474-6c1230e4-aef6-4d65-b7e0-1fac133250cd] [add-listener] ok, tenant=6c1230e4-aef6-4d65-b7e0-1fac133250cd, dataId=mysql.properties, group=DEFAULT_GROUP, cnt=1
2023-01-30 14:44:06.390 [main] INFO  com.alibaba.nacos.client.config.impl.ClientWorker - [fixed-192.168.1.20_32474-6c1230e4-aef6-4d65-b7e0-1fac133250cd] [subscribe] redis.properties+DEFAULT_GROUP+6c1230e4-aef6-4d65-b7e0-1fac133250cd
2023-01-30 14:44:06.390 [main] INFO  com.alibaba.nacos.client.config.impl.CacheData - [fixed-192.168.1.20_32474-6c1230e4-aef6-4d65-b7e0-1fac133250cd] [add-listener] ok, tenant=6c1230e4-aef6-4d65-b7e0-1fac133250cd, dataId=redis.properties, group=DEFAULT_GROUP, cnt=1
2023-01-30 14:44:06.391 [main] INFO  com.alibaba.nacos.client.config.impl.ClientWorker - [fixed-192.168.1.20_32474-6c1230e4-aef6-4d65-b7e0-1fac133250cd] [subscribe] app-cs.properties+DEFAULT_GROUP+6c1230e4-aef6-4d65-b7e0-1fac133250cd
2023-01-30 14:44:06.391 [main] INFO  com.alibaba.nacos.client.config.impl.CacheData - [fixed-192.168.1.20_32474-6c1230e4-aef6-4d65-b7e0-1fac133250cd] [add-listener] ok, tenant=6c1230e4-aef6-4d65-b7e0-1fac133250cd, dataId=app-cs.properties, group=DEFAULT_GROUP, cnt=1
2023-01-30 16:18:47.817 [SpringContextShutdownHook] INFO  c.a.cloud.nacos.registry.NacosServiceRegistry - De-registering from Nacos Server now...
2023-01-30 16:18:47.842 [SpringContextShutdownHook] INFO  com.alibaba.nacos.client.naming - [BEAT] removing beat: DEFAULT_GROUP@@cs-service-provider-lhc:192.168.2.3:24001 from beat map.
2023-01-30 16:18:47.848 [SpringContextShutdownHook] INFO  com.alibaba.nacos.client.naming - [DEREGISTER-SERVICE] 6c1230e4-aef6-4d65-b7e0-1fac133250cd deregistering service DEFAULT_GROUP@@cs-service-provider-lhc with instance: {"clusterName":"DEFAULT","enabled":true,"ephemeral":true,"healthy":true,"instanceHeartBeatInterval":5000,"instanceHeartBeatTimeOut":15000,"instanceIdGenerator":"simple","ip":"192.168.2.3","ipDeleteTimeout":30000,"metadata":{},"port":24001,"weight":1.0}
2023-01-30 16:18:48.076 [SpringContextShutdownHook] INFO  c.a.cloud.nacos.registry.NacosServiceRegistry - De-registration finished.
2023-01-30 16:18:48.093 [SpringContextShutdownHook] INFO  o.s.scheduling.concurrent.ThreadPoolTaskExecutor - Shutting down ExecutorService 'applicationTaskExecutor'
2023-01-30 16:18:48.365 [SpringContextShutdownHook] INFO  com.alibaba.druid.pool.DruidDataSource - {dataSource-1} closing ...
2023-01-30 16:18:48.691 [SpringContextShutdownHook] INFO  com.alibaba.druid.pool.DruidDataSource - {dataSource-1} closed
